<?xml version="1.0" encoding="utf-8"?><testsuites name="pytest tests"><testsuite name="pytest" errors="0" failures="0" skipped="0" tests="14" time="0.233" timestamp="2026-09-13T22:49:04.569101+00:00" hostname="ai-test-harness-fc4ls-execute-pod"><testcase classname="tests.test_python_jose_cve_cve_2024_29370" name="test_PYSEC_2025_185_fix_pinning" time="0.004" /><testcase classname="tests.test_python_jose_cve_cve_2024_29370" name="test_PYSEC_2025_185_exposure" time="0.002" /><testcase classname="tests.test_python_jose_cve_cve_2024_33663" name="test_ghsa_6c5p_j8vq_pqhj_fix_pinning" time="0.014" /><testcase classname="tests.test_python_jose_cve_cve_2024_33663" name="test_ghsa_6c5p_j8vq_pqhj_exposure" time="0.002" /><testcase classname="tests.test_python_jose_cve_cve_2024_33664" name="test_ghsa_cjwg_qfpm_7377_fix_pinning" time="0.002" /><testcase classname="tests.test_python_jose_cve_cve_2024_33664" name="test_ghsa_cjwg_qfpm_7377_exposure" time="0.002" /><testcase classname="tests.test_python_jose_unit" name="test_jwt_encode_decode_roundtrip_hmac" time="0.014" /><testcase classname="tests.test_python_jose_unit" name="test_jwt_decode_wrong_key_raises_jwt_error" time="0.001" /><testcase classname="tests.test_python_jose_unit" name="test_jwt_decode_expired_raises_expired_signature_error" time="0.001" /><testcase classname="tests.test_python_jose_unit" name="test_jwt_decode_audience_mismatch_raises_jwt_claims_error" time="0.001" /><testcase classname="tests.test_python_jose_unit" name="test_jwt_get_unverified_header_returns_alg_and_typ" time="0.001" /><testcase classname="tests.test_python_jose_unit" name="test_jwt_get_unverified_claims_returns_claims_without_verification" time="0.001" /><testcase classname="tests.test_python_jose_unit" name="test_jws_sign_verify_roundtrip" time="0.001" /><testcase classname="tests.test_python_jose_unit" name="test_utils_base64url_roundtrip" time="0.001" /></testsuite></testsuites>