<?xml version="1.0" encoding="utf-8"?><testsuites name="pytest tests"><testsuite name="pytest" errors="0" failures="0" skipped="0" tests="4" time="1.719" timestamp="2026-09-15T20:08:14.155823+00:00" hostname="d0fa8d342cfa"><testcase classname="tests.test_frc_scheduler_server_unit" name="test_canonical_filename_encodes_shape" time="0.001" /><testcase classname="tests.test_frc_scheduler_server_unit" name="test_canonical_path_uses_base_dir" time="0.001" /><testcase classname="tests.test_frc_scheduler_server_unit" name="test_load_canonical_missing_returns_none" time="0.003" /><testcase classname="tests.test_frc_scheduler_server_unit" name="test_parse_csv_reads_rows" time="0.001" /></testsuite></testsuites>