<?xml version="1.0" encoding="utf-8"?>
<testsuites><testsuite name="go test" tests="1" failures="1" errors="0" skipped="0"><testcase classname="harnesstest" name="Test_GHSA_jpcw_4wr7_c3vq_fix_pinning" time="0.000"><failure message="kin_openapi_cve_cve_2026_73502_test.go:47: ValidateParameter panicked on content parameter without schema: runtime error: invalid memory address or nil pointer dereference">kin_openapi_cve_cve_2026_73502_test.go:47: ValidateParameter panicked on content parameter without schema: runtime error: invalid memory address or nil pointer dereference</failure></testcase></testsuite></testsuites>
