<?xml version="1.0" encoding="utf-8"?><testsuites name="pytest tests"><testsuite name="pytest" errors="1" failures="0" skipped="0" tests="7" time="1.061" timestamp="2026-09-13T23:59:52.781006+00:00" hostname="ai-test-harness-95xqh-execute-pod"><testcase classname="" name="tests.test_python_jose_unit" time="0.000"><error message="collection failure">ImportError while importing test module '/workspace/tmp/harness-pod-kyzww407/tests/test_python_jose_unit.py'.
Hint: make sure your test modules/packages have valid Python names.
Traceback:
/usr/local/lib/python3.12/importlib/__init__.py:90: in import_module
    return _bootstrap._gcd_import(name[level:], package, level)
           ^^^^^^^^^^^^^^^^^^^^^^^^^^^^^^^^^^^^^^^^^^^^^^^^^^^^
tests/test_python_jose_unit.py:5: in &lt;module&gt;
    from jose import jwt, jwe, jws, JWTError, JWSError, JWSSignatureError, ExpiredSignatureError
E   ImportError: cannot import name 'JWSSignatureError' from 'jose' (/workspace/tmp/harness-pod-kyzww407/venv/lib/python3.12/site-packages/jose/__init__.py)</error></testcase><testcase classname="tests.test_python_jose_cve_cve_2024_29370" name="test_PYSEC_2025_185_fix_pinning" time="0.005" /><testcase classname="tests.test_python_jose_cve_cve_2024_29370" name="test_PYSEC_2025_185_exposure" time="0.002" /><testcase classname="tests.test_python_jose_cve_cve_2024_33663" name="test_ghsa_6c5p_j8vq_pqhj_fix_pinning" time="0.001" /><testcase classname="tests.test_python_jose_cve_cve_2024_33663" name="test_ghsa_6c5p_j8vq_pqhj_exposure" time="0.001" /><testcase classname="tests.test_python_jose_cve_cve_2024_33664" name="test_ghsa_cjwg_qfpm_7377_fix_pinning" time="0.431" /><testcase classname="tests.test_python_jose_cve_cve_2024_33664" name="test_ghsa_cjwg_qfpm_7377_exposure" time="0.431" /></testsuite></testsuites>