{"meta": {"format": 3, "version": "7.16.0", "timestamp": "2026-09-12T06:51:08.072508", "branch_coverage": true, "show_contexts": false}, "files": {"venv/lib/python3.12/site-packages/jose/__init__.py": {"executed_lines": [1, 2, 3, 4, 7, 8, 9, 10], "summary": {"covered_lines": 8, "num_statements": 8, "percent_covered": 100.0, "percent_covered_display": "100", "missing_lines": 0, "excluded_lines": 0, "percent_statements_covered": 100.0, "percent_statements_covered_display": "100", "num_branches": 0, "num_partial_branches": 0, "covered_branches": 0, "missing_branches": 0, "percent_branches_covered": 100.0, "percent_branches_covered_display": "100"}, "missing_lines": [], "excluded_lines": [], "executed_branches": [], "missing_branches": [], "functions": {"": {"executed_lines": [1, 2, 3, 4, 7, 8, 9, 10], "summary": {"covered_lines": 8, "num_statements": 8, "percent_covered": 100.0, "percent_covered_display": "100", "missing_lines": 0, "excluded_lines": 0, "percent_statements_covered": 100.0, "percent_statements_covered_display": "100", "num_branches": 0, "num_partial_branches": 0, "covered_branches": 0, "missing_branches": 0, "percent_branches_covered": 100.0, "percent_branches_covered_display": "100"}, "missing_lines": [], "excluded_lines": [], "start_line": 1, "executed_branches": [], "missing_branches": []}}, "classes": {"": {"executed_lines": [1, 2, 3, 4, 7, 8, 9, 10], "summary": {"covered_lines": 8, "num_statements": 8, "percent_covered": 100.0, "percent_covered_display": "100", "missing_lines": 0, "excluded_lines": 0, "percent_statements_covered": 100.0, "percent_statements_covered_display": "100", "num_branches": 0, "num_partial_branches": 0, "covered_branches": 0, "missing_branches": 0, "percent_branches_covered": 100.0, "percent_branches_covered_display": "100"}, "missing_lines": [], "excluded_lines": [], "start_line": 1, "executed_branches": [], "missing_branches": []}}}, "venv/lib/python3.12/site-packages/jose/backends/__init__.py": {"executed_lines": [1, 2, 9, 10, 17, 18, 22, 23, 27, 28, 32], "summary": {"covered_lines": 11, "num_statements": 27, "percent_covered": 40.74074074074074, "percent_covered_display": "41", "missing_lines": 16, "excluded_lines": 0, "percent_statements_covered": 40.74074074074074, "percent_statements_covered_display": "41", "num_branches": 0, "num_partial_branches": 0, "covered_branches": 0, "missing_branches": 0, "percent_branches_covered": 100.0, "percent_branches_covered_display": "100"}, "missing_lines": [3, 4, 5, 6, 7, 11, 12, 13, 14, 15, 19, 20, 24, 25, 29, 30], "excluded_lines": [], "executed_branches": [], "missing_branches": [], "functions": {"": {"executed_lines": [1, 2, 9, 10, 17, 18, 22, 23, 27, 28, 32], "summary": {"covered_lines": 11, "num_statements": 27, "percent_covered": 40.74074074074074, "percent_covered_display": "41", "missing_lines": 16, "excluded_lines": 0, "percent_statements_covered": 40.74074074074074, "percent_statements_covered_display": "41", "num_branches": 0, "num_partial_branches": 0, "covered_branches": 0, "missing_branches": 0, "percent_branches_covered": 100.0, "percent_branches_covered_display": "100"}, "missing_lines": [3, 4, 5, 6, 7, 11, 12, 13, 14, 15, 19, 20, 24, 25, 29, 30], "excluded_lines": [], "start_line": 1, "executed_branches": [], "missing_branches": []}}, "classes": {"": {"executed_lines": [1, 2, 9, 10, 17, 18, 22, 23, 27, 28, 32], "summary": {"covered_lines": 11, "num_statements": 27, "percent_covered": 40.74074074074074, "percent_covered_display": "41", "missing_lines": 16, "excluded_lines": 0, "percent_statements_covered": 40.74074074074074, "percent_statements_covered_display": "41", "num_branches": 0, "num_partial_branches": 0, "covered_branches": 0, "missing_branches": 0, "percent_branches_covered": 100.0, "percent_branches_covered_display": "100"}, "missing_lines": [3, 4, 5, 6, 7, 11, 12, 13, 14, 15, 19, 20, 24, 25, 29, 30], "excluded_lines": [], "start_line": 1, "executed_branches": [], "missing_branches": []}}}, "venv/lib/python3.12/site-packages/jose/backends/_asn1.py": {"executed_lines": [], "summary": {"covered_lines": 0, "num_statements": 38, "percent_covered": 0.0, "percent_covered_display": "0", "missing_lines": 38, "excluded_lines": 0, "percent_statements_covered": 0.0, "percent_statements_covered_display": "0", "num_branches": 0, "num_partial_branches": 0, "covered_branches": 0, "missing_branches": 0, "percent_branches_covered": 100.0, "percent_branches_covered_display": "100"}, "missing_lines": [6, 7, 9, 12, 15, 20, 23, 30, 33, 38, 40, 42, 43, 44, 45, 47, 50, 52, 53, 55, 56, 57, 58, 60, 63, 65, 66, 68, 69, 70, 72, 75, 77, 79, 80, 81, 82, 84], "excluded_lines": [], "executed_branches": [], "missing_branches": [], "functions": {"rsa_private_key_pkcs8_to_pkcs1": {"executed_lines": [], "summary": {"covered_lines": 0, "num_statements": 6, "percent_covered": 0.0, "percent_covered_display": "0", "missing_lines": 6, "excluded_lines": 0, "percent_statements_covered": 0.0, "percent_statements_covered_display": "0", "num_branches": 0, "num_partial_branches": 0, "covered_branches": 0, "missing_branches": 0, "percent_branches_covered": 100.0, "percent_branches_covered_display": "100"}, "missing_lines": [40, 42, 43, 44, 45, 47], "excluded_lines": [], "start_line": 38, "executed_branches": [], "missing_branches": []}, "rsa_private_key_pkcs1_to_pkcs8": {"executed_lines": [], "summary": {"covered_lines": 0, "num_statements": 7, "percent_covered": 0.0, "percent_covered_display": "0", "missing_lines": 7, "excluded_lines": 0, "percent_statements_covered": 0.0, "percent_statements_covered_display": "0", "num_branches": 0, "num_partial_branches": 0, "covered_branches": 0, "missing_branches": 0, "percent_branches_covered": 100.0, "percent_branches_covered_display": "100"}, "missing_lines": [52, 53, 55, 56, 57, 58, 60], "excluded_lines": [], "start_line": 50, "executed_branches": [], "missing_branches": []}, "rsa_public_key_pkcs1_to_pkcs8": {"executed_lines": [], "summary": {"covered_lines": 0, "num_statements": 6, "percent_covered": 0.0, "percent_covered_display": "0", "missing_lines": 6, "excluded_lines": 0, "percent_statements_covered": 0.0, "percent_statements_covered_display": "0", "num_branches": 0, "num_partial_branches": 0, "covered_branches": 0, "missing_branches": 0, "percent_branches_covered": 100.0, "percent_branches_covered_display": "100"}, "missing_lines": [65, 66, 68, 69, 70, 72], "excluded_lines": [], "start_line": 63, "executed_branches": [], "missing_branches": []}, "rsa_public_key_pkcs8_to_pkcs1": {"executed_lines": [], "summary": {"covered_lines": 0, "num_statements": 6, "percent_covered": 0.0, "percent_covered_display": "0", "missing_lines": 6, "excluded_lines": 0, "percent_statements_covered": 0.0, "percent_statements_covered_display": "0", "num_branches": 0, "num_partial_branches": 0, "covered_branches": 0, "missing_branches": 0, "percent_branches_covered": 100.0, "percent_branches_covered_display": "100"}, "missing_lines": [77, 79, 80, 81, 82, 84], "excluded_lines": [], "start_line": 75, "executed_branches": [], "missing_branches": []}, "": {"executed_lines": [], "summary": {"covered_lines": 0, "num_statements": 13, "percent_covered": 0.0, "percent_covered_display": "0", "missing_lines": 13, "excluded_lines": 0, "percent_statements_covered": 0.0, "percent_statements_covered_display": "0", "num_branches": 0, "num_partial_branches": 0, "covered_branches": 0, "missing_branches": 0, "percent_branches_covered": 100.0, "percent_branches_covered_display": "100"}, "missing_lines": [6, 7, 9, 12, 15, 20, 23, 30, 33, 38, 50, 63, 75], "excluded_lines": [], "start_line": 1, "executed_branches": [], "missing_branches": []}}, "classes": {"RsaAlgorithmIdentifier": {"executed_lines": [], "summary": {"covered_lines": 0, "num_statements": 0, "percent_covered": 100.0, "percent_covered_display": "100", "missing_lines": 0, "excluded_lines": 0, "percent_statements_covered": 100.0, "percent_statements_covered_display": "100", "num_branches": 0, "num_partial_branches": 0, "covered_branches": 0, "missing_branches": 0, "percent_branches_covered": 100.0, "percent_branches_covered_display": "100"}, "missing_lines": [], "excluded_lines": [], "start_line": 12, "executed_branches": [], "missing_branches": []}, "PKCS8PrivateKey": {"executed_lines": [], "summary": {"covered_lines": 0, "num_statements": 0, "percent_covered": 100.0, "percent_covered_display": "100", "missing_lines": 0, "excluded_lines": 0, "percent_statements_covered": 100.0, "percent_statements_covered_display": "100", "num_branches": 0, "num_partial_branches": 0, "covered_branches": 0, "missing_branches": 0, "percent_branches_covered": 100.0, "percent_branches_covered_display": "100"}, "missing_lines": [], "excluded_lines": [], "start_line": 20, "executed_branches": [], "missing_branches": []}, "PublicKeyInfo": {"executed_lines": [], "summary": {"covered_lines": 0, "num_statements": 0, "percent_covered": 100.0, "percent_covered_display": "100", "missing_lines": 0, "excluded_lines": 0, "percent_statements_covered": 100.0, "percent_statements_covered_display": "100", "num_branches": 0, "num_partial_branches": 0, "covered_branches": 0, "missing_branches": 0, "percent_branches_covered": 100.0, "percent_branches_covered_display": "100"}, "missing_lines": [], "excluded_lines": [], "start_line": 30, "executed_branches": [], "missing_branches": []}, "": {"executed_lines": [], "summary": {"covered_lines": 0, "num_statements": 38, "percent_covered": 0.0, "percent_covered_display": "0", "missing_lines": 38, "excluded_lines": 0, "percent_statements_covered": 0.0, "percent_statements_covered_display": "0", "num_branches": 0, "num_partial_branches": 0, "covered_branches": 0, "missing_branches": 0, "percent_branches_covered": 100.0, "percent_branches_covered_display": "100"}, "missing_lines": [6, 7, 9, 12, 15, 20, 23, 30, 33, 38, 40, 42, 43, 44, 45, 47, 50, 52, 53, 55, 56, 57, 58, 60, 63, 65, 66, 68, 69, 70, 72, 75, 77, 79, 80, 81, 82, 84], "excluded_lines": [], "start_line": 1, "executed_branches": [], "missing_branches": []}}}, "venv/lib/python3.12/site-packages/jose/backends/base.py": {"executed_lines": [1, 4, 9, 12, 15, 18, 21, 24, 27, 40, 54, 66, 79, 80, 81, 82, 84, 85], "summary": {"covered_lines": 18, "num_statements": 28, "percent_covered": 64.28571428571429, "percent_covered_display": "64", "missing_lines": 10, "excluded_lines": 0, "percent_statements_covered": 64.28571428571429, "percent_statements_covered_display": "64", "num_branches": 0, "num_partial_branches": 0, "covered_branches": 0, "missing_branches": 0, "percent_branches_covered": 100.0, "percent_branches_covered_display": "100"}, "missing_lines": [10, 13, 16, 19, 22, 25, 38, 52, 64, 76], "excluded_lines": [], "executed_branches": [], "missing_branches": [], "functions": {"Key.__init__": {"executed_lines": [], "summary": {"covered_lines": 0, "num_statements": 1, "percent_covered": 0.0, "percent_covered_display": "0", "missing_lines": 1, "excluded_lines": 0, "percent_statements_covered": 0.0, "percent_statements_covered_display": "0", "num_branches": 0, "num_partial_branches": 0, "covered_branches": 0, "missing_branches": 0, "percent_branches_covered": 100.0, "percent_branches_covered_display": "100"}, "missing_lines": [10], "excluded_lines": [], "start_line": 9, "executed_branches": [], "missing_branches": []}, "Key.sign": {"executed_lines": [], "summary": {"covered_lines": 0, "num_statements": 1, "percent_covered": 0.0, "percent_covered_display": "0", "missing_lines": 1, "excluded_lines": 0, "percent_statements_covered": 0.0, "percent_statements_covered_display": "0", "num_branches": 0, "num_partial_branches": 0, "covered_branches": 0, "missing_branches": 0, "percent_branches_covered": 100.0, "percent_branches_covered_display": "100"}, "missing_lines": [13], "excluded_lines": [], "start_line": 12, "executed_branches": [], "missing_branches": []}, "Key.verify": {"executed_lines": [], "summary": {"covered_lines": 0, "num_statements": 1, "percent_covered": 0.0, "percent_covered_display": "0", "missing_lines": 1, "excluded_lines": 0, "percent_statements_covered": 0.0, "percent_statements_covered_display": "0", "num_branches": 0, "num_partial_branches": 0, "covered_branches": 0, "missing_branches": 0, "percent_branches_covered": 100.0, "percent_branches_covered_display": "100"}, "missing_lines": [16], "excluded_lines": [], "start_line": 15, "executed_branches": [], "missing_branches": []}, "Key.public_key": {"executed_lines": [], "summary": {"covered_lines": 0, "num_statements": 1, "percent_covered": 0.0, "percent_covered_display": "0", "missing_lines": 1, "excluded_lines": 0, "percent_statements_covered": 0.0, "percent_statements_covered_display": "0", "num_branches": 0, "num_partial_branches": 0, "covered_branches": 0, "missing_branches": 0, "percent_branches_covered": 100.0, "percent_branches_covered_display": "100"}, "missing_lines": [19], "excluded_lines": [], "start_line": 18, "executed_branches": [], "missing_branches": []}, "Key.to_pem": {"executed_lines": [], "summary": {"covered_lines": 0, "num_statements": 1, "percent_covered": 0.0, "percent_covered_display": "0", "missing_lines": 1, "excluded_lines": 0, "percent_statements_covered": 0.0, "percent_statements_covered_display": "0", "num_branches": 0, "num_partial_branches": 0, "covered_branches": 0, "missing_branches": 0, "percent_branches_covered": 100.0, "percent_branches_covered_display": "100"}, "missing_lines": [22], "excluded_lines": [], "start_line": 21, "executed_branches": [], "missing_branches": []}, "Key.to_dict": {"executed_lines": [], "summary": {"covered_lines": 0, "num_statements": 1, "percent_covered": 0.0, "percent_covered_display": "0", "missing_lines": 1, "excluded_lines": 0, "percent_statements_covered": 0.0, "percent_statements_covered_display": "0", "num_branches": 0, "num_partial_branches": 0, "covered_branches": 0, "missing_branches": 0, "percent_branches_covered": 100.0, "percent_branches_covered_display": "100"}, "missing_lines": [25], "excluded_lines": [], "start_line": 24, "executed_branches": [], "missing_branches": []}, "Key.encrypt": {"executed_lines": [], "summary": {"covered_lines": 0, "num_statements": 1, "percent_covered": 0.0, "percent_covered_display": "0", "missing_lines": 1, "excluded_lines": 0, "percent_statements_covered": 0.0, "percent_statements_covered_display": "0", "num_branches": 0, "num_partial_branches": 0, "covered_branches": 0, "missing_branches": 0, "percent_branches_covered": 100.0, "percent_branches_covered_display": "100"}, "missing_lines": [38], "excluded_lines": [], "start_line": 27, "executed_branches": [], "missing_branches": []}, "Key.decrypt": {"executed_lines": [], "summary": {"covered_lines": 0, "num_statements": 1, "percent_covered": 0.0, "percent_covered_display": "0", "missing_lines": 1, "excluded_lines": 0, "percent_statements_covered": 0.0, "percent_statements_covered_display": "0", "num_branches": 0, "num_partial_branches": 0, "covered_branches": 0, "missing_branches": 0, "percent_branches_covered": 100.0, "percent_branches_covered_display": "100"}, "missing_lines": [52], "excluded_lines": [], "start_line": 40, "executed_branches": [], "missing_branches": []}, "Key.wrap_key": {"executed_lines": [], "summary": {"covered_lines": 0, "num_statements": 1, "percent_covered": 0.0, "percent_covered_display": "0", "missing_lines": 1, "excluded_lines": 0, "percent_statements_covered": 0.0, "percent_statements_covered_display": "0", "num_branches": 0, "num_partial_branches": 0, "covered_branches": 0, "missing_branches": 0, "percent_branches_covered": 100.0, "percent_branches_covered_display": "100"}, "missing_lines": [64], "excluded_lines": [], "start_line": 54, "executed_branches": [], "missing_branches": []}, "Key.unwrap_key": {"executed_lines": [], "summary": {"covered_lines": 0, "num_statements": 1, "percent_covered": 0.0, "percent_covered_display": "0", "missing_lines": 1, "excluded_lines": 0, "percent_statements_covered": 0.0, "percent_statements_covered_display": "0", "num_branches": 0, "num_partial_branches": 0, "covered_branches": 0, "missing_branches": 0, "percent_branches_covered": 100.0, "percent_branches_covered_display": "100"}, "missing_lines": [76], "excluded_lines": [], "start_line": 66, "executed_branches": [], "missing_branches": []}, "DIRKey.__init__": {"executed_lines": [81, 82], "summary": {"covered_lines": 2, "num_statements": 2, "percent_covered": 100.0, "percent_covered_display": "100", "missing_lines": 0, "excluded_lines": 0, "percent_statements_covered": 100.0, "percent_statements_covered_display": "100", "num_branches": 0, "num_partial_branches": 0, "covered_branches": 0, "missing_branches": 0, "percent_branches_covered": 100.0, "percent_branches_covered_display": "100"}, "missing_lines": [], "excluded_lines": [], "start_line": 80, "executed_branches": [], "missing_branches": []}, "DIRKey.to_dict": {"executed_lines": [85], "summary": {"covered_lines": 1, "num_statements": 1, "percent_covered": 100.0, "percent_covered_display": "100", "missing_lines": 0, "excluded_lines": 0, "percent_statements_covered": 100.0, "percent_statements_covered_display": "100", "num_branches": 0, "num_partial_branches": 0, "covered_branches": 0, "missing_branches": 0, "percent_branches_covered": 100.0, "percent_branches_covered_display": "100"}, "missing_lines": [], "excluded_lines": [], "start_line": 84, "executed_branches": [], "missing_branches": []}, "": {"executed_lines": [1, 4, 9, 12, 15, 18, 21, 24, 27, 40, 54, 66, 79, 80, 84], "summary": {"covered_lines": 15, "num_statements": 15, "percent_covered": 100.0, "percent_covered_display": "100", "missing_lines": 0, "excluded_lines": 0, "percent_statements_covered": 100.0, "percent_statements_covered_display": "100", "num_branches": 0, "num_partial_branches": 0, "covered_branches": 0, "missing_branches": 0, "percent_branches_covered": 100.0, "percent_branches_covered_display": "100"}, "missing_lines": [], "excluded_lines": [], "start_line": 1, "executed_branches": [], "missing_branches": []}}, "classes": {"Key": {"executed_lines": [], "summary": {"covered_lines": 0, "num_statements": 10, "percent_covered": 0.0, "percent_covered_display": "0", "missing_lines": 10, "excluded_lines": 0, "percent_statements_covered": 0.0, "percent_statements_covered_display": "0", "num_branches": 0, "num_partial_branches": 0, "covered_branches": 0, "missing_branches": 0, "percent_branches_covered": 100.0, "percent_branches_covered_display": "100"}, "missing_lines": [10, 13, 16, 19, 22, 25, 38, 52, 64, 76], "excluded_lines": [], "start_line": 4, "executed_branches": [], "missing_branches": []}, "DIRKey": {"executed_lines": [81, 82, 85], "summary": {"covered_lines": 3, "num_statements": 3, "percent_covered": 100.0, "percent_covered_display": "100", "missing_lines": 0, "excluded_lines": 0, "percent_statements_covered": 100.0, "percent_statements_covered_display": "100", "num_branches": 0, "num_partial_branches": 0, "covered_branches": 0, "missing_branches": 0, "percent_branches_covered": 100.0, "percent_branches_covered_display": "100"}, "missing_lines": [], "excluded_lines": [], "start_line": 79, "executed_branches": [], "missing_branches": []}, "": {"executed_lines": [1, 4, 9, 12, 15, 18, 21, 24, 27, 40, 54, 66, 79, 80, 84], "summary": {"covered_lines": 15, "num_statements": 15, "percent_covered": 100.0, "percent_covered_display": "100", "missing_lines": 0, "excluded_lines": 0, "percent_statements_covered": 100.0, "percent_statements_covered_display": "100", "num_branches": 0, "num_partial_branches": 0, "covered_branches": 0, "missing_branches": 0, "percent_branches_covered": 100.0, "percent_branches_covered_display": "100"}, "missing_lines": [], "excluded_lines": [], "start_line": 1, "executed_branches": [], "missing_branches": []}}}, "venv/lib/python3.12/site-packages/jose/backends/cryptography_backend.py": {"executed_lines": [1, 2, 4, 5, 6, 7, 8, 9, 10, 11, 12, 13, 14, 15, 17, 18, 19, 28, 30, 33, 47, 48, 50, 51, 56, 57, 58, 59, 61, 62, 65, 70, 72, 74, 78, 82, 86, 87, 89, 93, 94, 95, 96, 97, 98, 99, 106, 131, 138, 144, 156, 165, 173, 176, 181, 194, 226, 227, 228, 229, 231, 232, 233, 235, 282, 323, 327, 334, 344, 347, 352, 374, 401, 409, 417, 418, 419, 420, 427, 428, 430, 432, 450, 452, 453, 455, 458, 459, 461, 463, 465, 467, 469, 472, 474, 478, 479, 480, 481, 482, 498, 499, 501, 502, 503, 504, 505, 506, 507, 509, 510, 511, 512, 524, 528, 533, 542, 548, 550, 551, 553, 554, 556, 560, 563, 566, 572, 574, 585, 592, 593, 594, 595, 596, 597, 599, 600, 601, 602, 603, 604, 605, 606, 607, 608, 609], "summary": {"covered_lines": 146, "num_statements": 368, "percent_covered": 35.95744680851064, "percent_covered_display": "36", "missing_lines": 222, "excluded_lines": 0, "percent_statements_covered": 39.67391304347826, "percent_statements_covered_display": "40", "num_branches": 102, "num_partial_branches": 19, "covered_branches": 23, "missing_branches": 79, "percent_branches_covered": 22.54901960784314, "percent_branches_covered_display": "23"}, "missing_lines": [52, 53, 63, 75, 76, 80, 83, 84, 101, 102, 104, 107, 108, 110, 111, 113, 114, 115, 121, 123, 124, 125, 127, 129, 136, 140, 141, 142, 146, 147, 148, 150, 151, 152, 153, 154, 157, 158, 162, 163, 166, 167, 168, 169, 170, 171, 174, 177, 178, 179, 182, 183, 186, 187, 192, 195, 196, 198, 200, 209, 211, 219, 220, 221, 223, 236, 237, 239, 244, 246, 252, 255, 256, 257, 259, 260, 261, 263, 264, 266, 267, 268, 269, 270, 272, 273, 274, 275, 276, 277, 278, 280, 283, 284, 286, 287, 288, 290, 291, 294, 296, 298, 300, 304, 306, 307, 308, 309, 310, 314, 315, 316, 317, 319, 321, 324, 325, 328, 329, 330, 331, 332, 335, 336, 338, 339, 340, 341, 342, 345, 348, 349, 350, 353, 354, 355, 356, 357, 359, 360, 361, 363, 364, 365, 366, 368, 370, 375, 376, 378, 380, 387, 388, 399, 402, 403, 404, 405, 407, 410, 411, 412, 413, 414, 454, 456, 462, 464, 466, 468, 470, 475, 476, 483, 484, 485, 486, 487, 488, 490, 491, 492, 493, 494, 495, 496, 497, 508, 513, 514, 516, 517, 518, 519, 520, 521, 522, 525, 526, 529, 530, 531, 534, 535, 536, 537, 538, 539, 552, 557, 558, 561, 564, 567, 575, 576, 578, 579, 580, 581, 583, 586], "excluded_lines": [], "executed_branches": [[47, 48], [47, 50], [62, 65], [74, 78], [78, 82], [82, 86], [86, 87], [86, 89], [89, 93], [453, 455], [455, 458], [461, 463], [463, 465], [465, 467], [467, 469], [469, 472], [506, 507], [507, 509], [551, 553], [556, 560], [560, 563], [563, 566], [566, 572]], "missing_branches": [[62, 63], [74, 75], [78, 80], [82, 83], [89, 104], [107, 108], [107, 110], [110, 111], [110, 113], [123, 124], [123, 129], [147, 148], [147, 150], [157, 158], [157, 162], [177, 178], [177, 179], [182, 183], [182, 187], [195, 196], [195, 198], [219, 220], [219, 223], [236, 237], [236, 239], [255, 256], [255, 259], [259, 260], [259, 263], [263, 264], [263, 266], [266, 267], [266, 280], [268, 269], [268, 272], [283, 284], [283, 286], [290, 291], [290, 294], [298, 300], [298, 314], [300, 304], [300, 306], [335, 336], [335, 338], [348, 349], [348, 350], [353, 354], [353, 363], [354, 355], [354, 356], [356, 357], [356, 359], [363, 364], [363, 365], [365, 366], [365, 368], [375, 376], [375, 378], [387, 388], [387, 399], [453, 454], [455, 456], [461, 462], [463, 464], [465, 466], [467, 468], [469, 470], [484, 485], [484, 490], [506, 516], [507, 508], [551, 552], [556, 557], [560, 561], [563, 564], [566, 567], [575, 576], [575, 578]], "functions": {"get_random_bytes": {"executed_lines": [47, 48, 50, 51], "summary": {"covered_lines": 4, "num_statements": 6, "percent_covered": 75.0, "percent_covered_display": "75", "missing_lines": 2, "excluded_lines": 0, "percent_statements_covered": 66.66666666666667, "percent_statements_covered_display": "67", "num_branches": 2, "num_partial_branches": 0, "covered_branches": 2, "missing_branches": 0, "percent_branches_covered": 100.0, "percent_branches_covered_display": "100"}, "missing_lines": [52, 53], "excluded_lines": [], "start_line": 33, "executed_branches": [[47, 48], [47, 50]], "missing_branches": []}, "CryptographyECKey.__init__": {"executed_lines": [62, 65, 70, 72, 74, 78, 82, 86, 87, 89, 93, 94, 95, 96, 97, 98, 99], "summary": {"covered_lines": 17, "num_statements": 26, "percent_covered": 63.1578947368421, "percent_covered_display": "63", "missing_lines": 9, "excluded_lines": 0, "percent_statements_covered": 65.38461538461539, "percent_statements_covered_display": "65", "num_branches": 12, "num_partial_branches": 5, "covered_branches": 7, "missing_branches": 5, "percent_branches_covered": 58.333333333333336, "percent_branches_covered_display": "58"}, "missing_lines": [63, 75, 76, 80, 83, 84, 101, 102, 104], "excluded_lines": [], "start_line": 61, "executed_branches": [[62, 65], [74, 78], [78, 82], [82, 86], [86, 87], [86, 89], [89, 93]], "missing_branches": [[62, 63], [74, 75], [78, 80], [82, 83], [89, 104]]}, "CryptographyECKey._process_jwk": {"executed_lines": [], "summary": {"covered_lines": 0, "num_statements": 13, "percent_covered": 0.0, "percent_covered_display": "0", "missing_lines": 13, "excluded_lines": 0, "percent_statements_covered": 0.0, "percent_statements_covered_display": "0", "num_branches": 6, "num_partial_branches": 0, "covered_branches": 0, "missing_branches": 6, "percent_branches_covered": 0.0, "percent_branches_covered_display": "0"}, "missing_lines": [107, 108, 110, 111, 113, 114, 115, 121, 123, 124, 125, 127, 129], "excluded_lines": [], "start_line": 106, "executed_branches": [], "missing_branches": [[107, 108], [107, 110], [110, 111], [110, 113], [123, 124], [123, 129]]}, "CryptographyECKey._sig_component_length": {"executed_lines": [], "summary": {"covered_lines": 0, "num_statements": 1, "percent_covered": 0.0, "percent_covered_display": "0", "missing_lines": 1, "excluded_lines": 0, "percent_statements_covered": 0.0, "percent_statements_covered_display": "0", "num_branches": 0, "num_partial_branches": 0, "covered_branches": 0, "missing_branches": 0, "percent_branches_covered": 100.0, "percent_branches_covered_display": "100"}, "missing_lines": [136], "excluded_lines": [], "start_line": 131, "executed_branches": [], "missing_branches": []}, "CryptographyECKey._der_to_raw": {"executed_lines": [], "summary": {"covered_lines": 0, "num_statements": 3, "percent_covered": 0.0, "percent_covered_display": "0", "missing_lines": 3, "excluded_lines": 0, "percent_statements_covered": 0.0, "percent_statements_covered_display": "0", "num_branches": 0, "num_partial_branches": 0, "covered_branches": 0, "missing_branches": 0, "percent_branches_covered": 100.0, "percent_branches_covered_display": "100"}, "missing_lines": [140, 141, 142], "excluded_lines": [], "start_line": 138, "executed_branches": [], "missing_branches": []}, "CryptographyECKey._raw_to_der": {"executed_lines": [], "summary": {"covered_lines": 0, "num_statements": 8, "percent_covered": 0.0, "percent_covered_display": "0", "missing_lines": 8, "excluded_lines": 0, "percent_statements_covered": 0.0, "percent_statements_covered_display": "0", "num_branches": 2, "num_partial_branches": 0, "covered_branches": 0, "missing_branches": 2, "percent_branches_covered": 0.0, "percent_branches_covered_display": "0"}, "missing_lines": [146, 147, 148, 150, 151, 152, 153, 154], "excluded_lines": [], "start_line": 144, "executed_branches": [], "missing_branches": [[147, 148], [147, 150]]}, "CryptographyECKey.sign": {"executed_lines": [], "summary": {"covered_lines": 0, "num_statements": 4, "percent_covered": 0.0, "percent_covered_display": "0", "missing_lines": 4, "excluded_lines": 0, "percent_statements_covered": 0.0, "percent_statements_covered_display": "0", "num_branches": 2, "num_partial_branches": 0, "covered_branches": 0, "missing_branches": 2, "percent_branches_covered": 0.0, "percent_branches_covered_display": "0"}, "missing_lines": [157, 158, 162, 163], "excluded_lines": [], "start_line": 156, "executed_branches": [], "missing_branches": [[157, 158], [157, 162]]}, "CryptographyECKey.verify": {"executed_lines": [], "summary": {"covered_lines": 0, "num_statements": 6, "percent_covered": 0.0, "percent_covered_display": "0", "missing_lines": 6, "excluded_lines": 0, "percent_statements_covered": 0.0, "percent_statements_covered_display": "0", "num_branches": 0, "num_partial_branches": 0, "covered_branches": 0, "missing_branches": 0, "percent_branches_covered": 100.0, "percent_branches_covered_display": "100"}, "missing_lines": [166, 167, 168, 169, 170, 171], "excluded_lines": [], "start_line": 165, "executed_branches": [], "missing_branches": []}, "CryptographyECKey.is_public": {"executed_lines": [], "summary": {"covered_lines": 0, "num_statements": 1, "percent_covered": 0.0, "percent_covered_display": "0", "missing_lines": 1, "excluded_lines": 0, "percent_statements_covered": 0.0, "percent_statements_covered_display": "0", "num_branches": 0, "num_partial_branches": 0, "covered_branches": 0, "missing_branches": 0, "percent_branches_covered": 100.0, "percent_branches_covered_display": "100"}, "missing_lines": [174], "excluded_lines": [], "start_line": 173, "executed_branches": [], "missing_branches": []}, "CryptographyECKey.public_key": {"executed_lines": [], "summary": {"covered_lines": 0, "num_statements": 3, "percent_covered": 0.0, "percent_covered_display": "0", "missing_lines": 3, "excluded_lines": 0, "percent_statements_covered": 0.0, "percent_statements_covered_display": "0", "num_branches": 2, "num_partial_branches": 0, "covered_branches": 0, "missing_branches": 2, "percent_branches_covered": 0.0, "percent_branches_covered_display": "0"}, "missing_lines": [177, 178, 179], "excluded_lines": [], "start_line": 176, "executed_branches": [], "missing_branches": [[177, 178], [177, 179]]}, "CryptographyECKey.to_pem": {"executed_lines": [], "summary": {"covered_lines": 0, "num_statements": 5, "percent_covered": 0.0, "percent_covered_display": "0", "missing_lines": 5, "excluded_lines": 0, "percent_statements_covered": 0.0, "percent_statements_covered_display": "0", "num_branches": 2, "num_partial_branches": 0, "covered_branches": 0, "missing_branches": 2, "percent_branches_covered": 0.0, "percent_branches_covered_display": "0"}, "missing_lines": [182, 183, 186, 187, 192], "excluded_lines": [], "start_line": 181, "executed_branches": [], "missing_branches": [[182, 183], [182, 187]]}, "CryptographyECKey.to_dict": {"executed_lines": [], "summary": {"covered_lines": 0, "num_statements": 10, "percent_covered": 0.0, "percent_covered_display": "0", "missing_lines": 10, "excluded_lines": 0, "percent_statements_covered": 0.0, "percent_statements_covered_display": "0", "num_branches": 4, "num_partial_branches": 0, "covered_branches": 0, "missing_branches": 4, "percent_branches_covered": 0.0, "percent_branches_covered_display": "0"}, "missing_lines": [195, 196, 198, 200, 209, 211, 219, 220, 221, 223], "excluded_lines": [], "start_line": 194, "executed_branches": [], "missing_branches": [[195, 196], [195, 198], [219, 220], [219, 223]]}, "CryptographyRSAKey.__init__": {"executed_lines": [], "summary": {"covered_lines": 0, "num_statements": 27, "percent_covered": 0.0, "percent_covered_display": "0", "missing_lines": 27, "excluded_lines": 0, "percent_statements_covered": 0.0, "percent_statements_covered_display": "0", "num_branches": 12, "num_partial_branches": 0, "covered_branches": 0, "missing_branches": 12, "percent_branches_covered": 0.0, "percent_branches_covered_display": "0"}, "missing_lines": [236, 237, 239, 244, 246, 252, 255, 256, 257, 259, 260, 261, 263, 264, 266, 267, 268, 269, 270, 272, 273, 274, 275, 276, 277, 278, 280], "excluded_lines": [], "start_line": 235, "executed_branches": [], "missing_branches": [[236, 237], [236, 239], [255, 256], [255, 259], [259, 260], [259, 263], [263, 264], [263, 266], [266, 267], [266, 280], [268, 269], [268, 272]]}, "CryptographyRSAKey._process_jwk": {"executed_lines": [], "summary": {"covered_lines": 0, "num_statements": 23, "percent_covered": 0.0, "percent_covered_display": "0", "missing_lines": 23, "excluded_lines": 0, "percent_statements_covered": 0.0, "percent_statements_covered_display": "0", "num_branches": 8, "num_partial_branches": 0, "covered_branches": 0, "missing_branches": 8, "percent_branches_covered": 0.0, "percent_branches_covered_display": "0"}, "missing_lines": [283, 284, 286, 287, 288, 290, 291, 294, 296, 298, 300, 304, 306, 307, 308, 309, 310, 314, 315, 316, 317, 319, 321], "excluded_lines": [], "start_line": 282, "executed_branches": [], "missing_branches": [[283, 284], [283, 286], [290, 291], [290, 294], [298, 300], [298, 314], [300, 304], [300, 306]]}, "CryptographyRSAKey._process_cert": {"executed_lines": [], "summary": {"covered_lines": 0, "num_statements": 2, "percent_covered": 0.0, "percent_covered_display": "0", "missing_lines": 2, "excluded_lines": 0, "percent_statements_covered": 0.0, "percent_statements_covered_display": "0", "num_branches": 0, "num_partial_branches": 0, "covered_branches": 0, "missing_branches": 0, "percent_branches_covered": 100.0, "percent_branches_covered_display": "100"}, "missing_lines": [324, 325], "excluded_lines": [], "start_line": 323, "executed_branches": [], "missing_branches": []}, "CryptographyRSAKey.sign": {"executed_lines": [], "summary": {"covered_lines": 0, "num_statements": 5, "percent_covered": 0.0, "percent_covered_display": "0", "missing_lines": 5, "excluded_lines": 0, "percent_statements_covered": 0.0, "percent_statements_covered_display": "0", "num_branches": 0, "num_partial_branches": 0, "covered_branches": 0, "missing_branches": 0, "percent_branches_covered": 100.0, "percent_branches_covered_display": "100"}, "missing_lines": [328, 329, 330, 331, 332], "excluded_lines": [], "start_line": 327, "executed_branches": [], "missing_branches": []}, "CryptographyRSAKey.verify": {"executed_lines": [], "summary": {"covered_lines": 0, "num_statements": 7, "percent_covered": 0.0, "percent_covered_display": "0", "missing_lines": 7, "excluded_lines": 0, "percent_statements_covered": 0.0, "percent_statements_covered_display": "0", "num_branches": 2, "num_partial_branches": 0, "covered_branches": 0, "missing_branches": 2, "percent_branches_covered": 0.0, "percent_branches_covered_display": "0"}, "missing_lines": [335, 336, 338, 339, 340, 341, 342], "excluded_lines": [], "start_line": 334, "executed_branches": [], "missing_branches": [[335, 336], [335, 338]]}, "CryptographyRSAKey.is_public": {"executed_lines": [], "summary": {"covered_lines": 0, "num_statements": 1, "percent_covered": 0.0, "percent_covered_display": "0", "missing_lines": 1, "excluded_lines": 0, "percent_statements_covered": 0.0, "percent_statements_covered_display": "0", "num_branches": 0, "num_partial_branches": 0, "covered_branches": 0, "missing_branches": 0, "percent_branches_covered": 100.0, "percent_branches_covered_display": "100"}, "missing_lines": [345], "excluded_lines": [], "start_line": 344, "executed_branches": [], "missing_branches": []}, "CryptographyRSAKey.public_key": {"executed_lines": [], "summary": {"covered_lines": 0, "num_statements": 3, "percent_covered": 0.0, "percent_covered_display": "0", "missing_lines": 3, "excluded_lines": 0, "percent_statements_covered": 0.0, "percent_statements_covered_display": "0", "num_branches": 2, "num_partial_branches": 0, "covered_branches": 0, "missing_branches": 2, "percent_branches_covered": 0.0, "percent_branches_covered_display": "0"}, "missing_lines": [348, 349, 350], "excluded_lines": [], "start_line": 347, "executed_branches": [], "missing_branches": [[348, 349], [348, 350]]}, "CryptographyRSAKey.to_pem": {"executed_lines": [], "summary": {"covered_lines": 0, "num_statements": 14, "percent_covered": 0.0, "percent_covered_display": "0", "missing_lines": 14, "excluded_lines": 0, "percent_statements_covered": 0.0, "percent_statements_covered_display": "0", "num_branches": 10, "num_partial_branches": 0, "covered_branches": 0, "missing_branches": 10, "percent_branches_covered": 0.0, "percent_branches_covered_display": "0"}, "missing_lines": [353, 354, 355, 356, 357, 359, 360, 361, 363, 364, 365, 366, 368, 370], "excluded_lines": [], "start_line": 352, "executed_branches": [], "missing_branches": [[353, 354], [353, 363], [354, 355], [354, 356], [356, 357], [356, 359], [363, 364], [363, 365], [365, 366], [365, 368]]}, "CryptographyRSAKey.to_dict": {"executed_lines": [], "summary": {"covered_lines": 0, "num_statements": 7, "percent_covered": 0.0, "percent_covered_display": "0", "missing_lines": 7, "excluded_lines": 0, "percent_statements_covered": 0.0, "percent_statements_covered_display": "0", "num_branches": 4, "num_partial_branches": 0, "covered_branches": 0, "missing_branches": 4, "percent_branches_covered": 0.0, "percent_branches_covered_display": "0"}, "missing_lines": [375, 376, 378, 380, 387, 388, 399], "excluded_lines": [], "start_line": 374, "executed_branches": [], "missing_branches": [[375, 376], [375, 378], [387, 388], [387, 399]]}, "CryptographyRSAKey.wrap_key": {"executed_lines": [], "summary": {"covered_lines": 0, "num_statements": 5, "percent_covered": 0.0, "percent_covered_display": "0", "missing_lines": 5, "excluded_lines": 0, "percent_statements_covered": 0.0, "percent_statements_covered_display": "0", "num_branches": 0, "num_partial_branches": 0, "covered_branches": 0, "missing_branches": 0, "percent_branches_covered": 100.0, "percent_branches_covered_display": "100"}, "missing_lines": [402, 403, 404, 405, 407], "excluded_lines": [], "start_line": 401, "executed_branches": [], "missing_branches": []}, "CryptographyRSAKey.unwrap_key": {"executed_lines": [], "summary": {"covered_lines": 0, "num_statements": 5, "percent_covered": 0.0, "percent_covered_display": "0", "missing_lines": 5, "excluded_lines": 0, "percent_statements_covered": 0.0, "percent_statements_covered_display": "0", "num_branches": 0, "num_partial_branches": 0, "covered_branches": 0, "missing_branches": 0, "percent_branches_covered": 100.0, "percent_branches_covered_display": "100"}, "missing_lines": [410, 411, 412, 413, 414], "excluded_lines": [], "start_line": 409, "executed_branches": [], "missing_branches": []}, "CryptographyAESKey.__init__": {"executed_lines": [453, 455, 458, 459, 461, 463, 465, 467, 469, 472], "summary": {"covered_lines": 10, "num_statements": 17, "percent_covered": 54.83870967741935, "percent_covered_display": "55", "missing_lines": 7, "excluded_lines": 0, "percent_statements_covered": 58.8235294117647, "percent_statements_covered_display": "59", "num_branches": 14, "num_partial_branches": 7, "covered_branches": 7, "missing_branches": 7, "percent_branches_covered": 50.0, "percent_branches_covered_display": "50"}, "missing_lines": [454, 456, 462, 464, 466, 468, 470], "excluded_lines": [], "start_line": 452, "executed_branches": [[453, 455], [455, 458], [461, 463], [463, 465], [465, 467], [467, 469], [469, 472]], "missing_branches": [[453, 454], [455, 456], [461, 462], [463, 464], [465, 466], [467, 468], [469, 470]]}, "CryptographyAESKey.to_dict": {"executed_lines": [], "summary": {"covered_lines": 0, "num_statements": 2, "percent_covered": 0.0, "percent_covered_display": "0", "missing_lines": 2, "excluded_lines": 0, "percent_statements_covered": 0.0, "percent_statements_covered_display": "0", "num_branches": 0, "num_partial_branches": 0, "covered_branches": 0, "missing_branches": 0, "percent_branches_covered": 100.0, "percent_branches_covered_display": "100"}, "missing_lines": [475, 476], "excluded_lines": [], "start_line": 474, "executed_branches": [], "missing_branches": []}, "CryptographyAESKey.encrypt": {"executed_lines": [479, 480, 481, 482, 498, 499], "summary": {"covered_lines": 6, "num_statements": 20, "percent_covered": 27.272727272727273, "percent_covered_display": "27", "missing_lines": 14, "excluded_lines": 0, "percent_statements_covered": 30.0, "percent_statements_covered_display": "30", "num_branches": 2, "num_partial_branches": 0, "covered_branches": 0, "missing_branches": 2, "percent_branches_covered": 0.0, "percent_branches_covered_display": "0"}, "missing_lines": [483, 484, 485, 486, 487, 488, 490, 491, 492, 493, 494, 495, 496, 497], "excluded_lines": [], "start_line": 478, "executed_branches": [], "missing_branches": [[484, 485], [484, 490]]}, "CryptographyAESKey.decrypt": {"executed_lines": [502, 503, 504, 505, 506, 507, 509, 510, 511, 512, 524], "summary": {"covered_lines": 11, "num_statements": 23, "percent_covered": 48.148148148148145, "percent_covered_display": "48", "missing_lines": 12, "excluded_lines": 0, "percent_statements_covered": 47.82608695652174, "percent_statements_covered_display": "48", "num_branches": 4, "num_partial_branches": 2, "covered_branches": 2, "missing_branches": 2, "percent_branches_covered": 50.0, "percent_branches_covered_display": "50"}, "missing_lines": [508, 513, 514, 516, 517, 518, 519, 520, 521, 522, 525, 526], "excluded_lines": [], "start_line": 501, "executed_branches": [[506, 507], [507, 509]], "missing_branches": [[506, 516], [507, 508]]}, "CryptographyAESKey.wrap_key": {"executed_lines": [], "summary": {"covered_lines": 0, "num_statements": 3, "percent_covered": 0.0, "percent_covered_display": "0", "missing_lines": 3, "excluded_lines": 0, "percent_statements_covered": 0.0, "percent_statements_covered_display": "0", "num_branches": 0, "num_partial_branches": 0, "covered_branches": 0, "missing_branches": 0, "percent_branches_covered": 100.0, "percent_branches_covered_display": "100"}, "missing_lines": [529, 530, 531], "excluded_lines": [], "start_line": 528, "executed_branches": [], "missing_branches": []}, "CryptographyAESKey.unwrap_key": {"executed_lines": [], "summary": {"covered_lines": 0, "num_statements": 6, "percent_covered": 0.0, "percent_covered_display": "0", "missing_lines": 6, "excluded_lines": 0, "percent_statements_covered": 0.0, "percent_statements_covered_display": "0", "num_branches": 0, "num_partial_branches": 0, "covered_branches": 0, "missing_branches": 0, "percent_branches_covered": 100.0, "percent_branches_covered_display": "100"}, "missing_lines": [534, 535, 536, 537, 538, 539], "excluded_lines": [], "start_line": 533, "executed_branches": [], "missing_branches": []}, "CryptographyHMACKey.__init__": {"executed_lines": [551, 553, 554, 556, 560, 563, 566, 572], "summary": {"covered_lines": 8, "num_statements": 14, "percent_covered": 54.166666666666664, "percent_covered_display": "54", "missing_lines": 6, "excluded_lines": 0, "percent_statements_covered": 57.142857142857146, "percent_statements_covered_display": "57", "num_branches": 10, "num_partial_branches": 5, "covered_branches": 5, "missing_branches": 5, "percent_branches_covered": 50.0, "percent_branches_covered_display": "50"}, "missing_lines": [552, 557, 558, 561, 564, 567], "excluded_lines": [], "start_line": 550, "executed_branches": [[551, 553], [556, 560], [560, 563], [563, 566], [566, 572]], "missing_branches": [[551, 552], [556, 557], [560, 561], [563, 564], [566, 567]]}, "CryptographyHMACKey._process_jwk": {"executed_lines": [], "summary": {"covered_lines": 0, "num_statements": 7, "percent_covered": 0.0, "percent_covered_display": "0", "missing_lines": 7, "excluded_lines": 0, "percent_statements_covered": 0.0, "percent_statements_covered_display": "0", "num_branches": 2, "num_partial_branches": 0, "covered_branches": 0, "missing_branches": 2, "percent_branches_covered": 0.0, "percent_branches_covered_display": "0"}, "missing_lines": [575, 576, 578, 579, 580, 581, 583], "excluded_lines": [], "start_line": 574, "executed_branches": [], "missing_branches": [[575, 576], [575, 578]]}, "CryptographyHMACKey.to_dict": {"executed_lines": [], "summary": {"covered_lines": 0, "num_statements": 1, "percent_covered": 0.0, "percent_covered_display": "0", "missing_lines": 1, "excluded_lines": 0, "percent_statements_covered": 0.0, "percent_statements_covered_display": "0", "num_branches": 0, "num_partial_branches": 0, "covered_branches": 0, "missing_branches": 0, "percent_branches_covered": 100.0, "percent_branches_covered_display": "100"}, "missing_lines": [586], "excluded_lines": [], "start_line": 585, "executed_branches": [], "missing_branches": []}, "CryptographyHMACKey.sign": {"executed_lines": [593, 594, 595, 596, 597], "summary": {"covered_lines": 5, "num_statements": 5, "percent_covered": 100.0, "percent_covered_display": "100", "missing_lines": 0, "excluded_lines": 0, "percent_statements_covered": 100.0, "percent_statements_covered_display": "100", "num_branches": 0, "num_partial_branches": 0, "covered_branches": 0, "missing_branches": 0, "percent_branches_covered": 100.0, "percent_branches_covered_display": "100"}, "missing_lines": [], "excluded_lines": [], "start_line": 592, "executed_branches": [], "missing_branches": []}, "CryptographyHMACKey.verify": {"executed_lines": [600, 601, 602, 603, 604, 605, 606, 607, 608, 609], "summary": {"covered_lines": 10, "num_statements": 10, "percent_covered": 100.0, "percent_covered_display": "100", "missing_lines": 0, "excluded_lines": 0, "percent_statements_covered": 100.0, "percent_statements_covered_display": "100", "num_branches": 0, "num_partial_branches": 0, "covered_branches": 0, "missing_branches": 0, "percent_branches_covered": 100.0, "percent_branches_covered_display": "100"}, "missing_lines": [], "excluded_lines": [], "start_line": 599, "executed_branches": [], "missing_branches": []}, "": {"executed_lines": [1, 2, 4, 5, 6, 7, 8, 9, 10, 11, 12, 13, 14, 15, 17, 18, 19, 28, 30, 33, 56, 57, 58, 59, 61, 106, 131, 138, 144, 156, 165, 173, 176, 181, 194, 226, 227, 228, 229, 231, 232, 233, 235, 282, 323, 327, 334, 344, 347, 352, 374, 401, 409, 417, 418, 419, 420, 427, 428, 430, 432, 450, 452, 474, 478, 501, 528, 533, 542, 548, 550, 574, 585, 592, 599], "summary": {"covered_lines": 75, "num_statements": 75, "percent_covered": 100.0, "percent_covered_display": "100", "missing_lines": 0, "excluded_lines": 0, "percent_statements_covered": 100.0, "percent_statements_covered_display": "100", "num_branches": 0, "num_partial_branches": 0, "covered_branches": 0, "missing_branches": 0, "percent_branches_covered": 100.0, "percent_branches_covered_display": "100"}, "missing_lines": [], "excluded_lines": [], "start_line": 1, "executed_branches": [], "missing_branches": []}}, "classes": {"CryptographyECKey": {"executed_lines": [62, 65, 70, 72, 74, 78, 82, 86, 87, 89, 93, 94, 95, 96, 97, 98, 99], "summary": {"covered_lines": 17, "num_statements": 80, "percent_covered": 21.818181818181817, "percent_covered_display": "22", "missing_lines": 63, "excluded_lines": 0, "percent_statements_covered": 21.25, "percent_statements_covered_display": "21", "num_branches": 30, "num_partial_branches": 5, "covered_branches": 7, "missing_branches": 23, "percent_branches_covered": 23.333333333333332, "percent_branches_covered_display": "23"}, "missing_lines": [63, 75, 76, 80, 83, 84, 101, 102, 104, 107, 108, 110, 111, 113, 114, 115, 121, 123, 124, 125, 127, 129, 136, 140, 141, 142, 146, 147, 148, 150, 151, 152, 153, 154, 157, 158, 162, 163, 166, 167, 168, 169, 170, 171, 174, 177, 178, 179, 182, 183, 186, 187, 192, 195, 196, 198, 200, 209, 211, 219, 220, 221, 223], "excluded_lines": [], "start_line": 56, "executed_branches": [[62, 65], [74, 78], [78, 82], [82, 86], [86, 87], [86, 89], [89, 93]], "missing_branches": [[62, 63], [74, 75], [78, 80], [82, 83], [89, 104], [107, 108], [107, 110], [110, 111], [110, 113], [123, 124], [123, 129], [147, 148], [147, 150], [157, 158], [157, 162], [177, 178], [177, 179], [182, 183], [182, 187], [195, 196], [195, 198], [219, 220], [219, 223]]}, "CryptographyRSAKey": {"executed_lines": [], "summary": {"covered_lines": 0, "num_statements": 99, "percent_covered": 0.0, "percent_covered_display": "0", "missing_lines": 99, "excluded_lines": 0, "percent_statements_covered": 0.0, "percent_statements_covered_display": "0", "num_branches": 38, "num_partial_branches": 0, "covered_branches": 0, "missing_branches": 38, "percent_branches_covered": 0.0, "percent_branches_covered_display": "0"}, "missing_lines": [236, 237, 239, 244, 246, 252, 255, 256, 257, 259, 260, 261, 263, 264, 266, 267, 268, 269, 270, 272, 273, 274, 275, 276, 277, 278, 280, 283, 284, 286, 287, 288, 290, 291, 294, 296, 298, 300, 304, 306, 307, 308, 309, 310, 314, 315, 316, 317, 319, 321, 324, 325, 328, 329, 330, 331, 332, 335, 336, 338, 339, 340, 341, 342, 345, 348, 349, 350, 353, 354, 355, 356, 357, 359, 360, 361, 363, 364, 365, 366, 368, 370, 375, 376, 378, 380, 387, 388, 399, 402, 403, 404, 405, 407, 410, 411, 412, 413, 414], "excluded_lines": [], "start_line": 226, "executed_branches": [], "missing_branches": [[236, 237], [236, 239], [255, 256], [255, 259], [259, 260], [259, 263], [263, 264], [263, 266], [266, 267], [266, 280], [268, 269], [268, 272], [283, 284], [283, 286], [290, 291], [290, 294], [298, 300], [298, 314], [300, 304], [300, 306], [335, 336], [335, 338], [348, 349], [348, 350], [353, 354], [353, 363], [354, 355], [354, 356], [356, 357], [356, 359], [363, 364], [363, 365], [365, 366], [365, 368], [375, 376], [375, 378], [387, 388], [387, 399]]}, "CryptographyAESKey": {"executed_lines": [453, 455, 458, 459, 461, 463, 465, 467, 469, 472, 479, 480, 481, 482, 498, 499, 502, 503, 504, 505, 506, 507, 509, 510, 511, 512, 524], "summary": {"covered_lines": 27, "num_statements": 71, "percent_covered": 39.56043956043956, "percent_covered_display": "40", "missing_lines": 44, "excluded_lines": 0, "percent_statements_covered": 38.028169014084504, "percent_statements_covered_display": "38", "num_branches": 20, "num_partial_branches": 9, "covered_branches": 9, "missing_branches": 11, "percent_branches_covered": 45.0, "percent_branches_covered_display": "45"}, "missing_lines": [454, 456, 462, 464, 466, 468, 470, 475, 476, 483, 484, 485, 486, 487, 488, 490, 491, 492, 493, 494, 495, 496, 497, 508, 513, 514, 516, 517, 518, 519, 520, 521, 522, 525, 526, 529, 530, 531, 534, 535, 536, 537, 538, 539], "excluded_lines": [], "start_line": 417, "executed_branches": [[453, 455], [455, 458], [461, 463], [463, 465], [465, 467], [467, 469], [469, 472], [506, 507], [507, 509]], "missing_branches": [[453, 454], [455, 456], [461, 462], [463, 464], [465, 466], [467, 468], [469, 470], [484, 485], [484, 490], [506, 516], [507, 508]]}, "CryptographyHMACKey": {"executed_lines": [551, 553, 554, 556, 560, 563, 566, 572, 593, 594, 595, 596, 597, 600, 601, 602, 603, 604, 605, 606, 607, 608, 609], "summary": {"covered_lines": 23, "num_statements": 37, "percent_covered": 57.142857142857146, "percent_covered_display": "57", "missing_lines": 14, "excluded_lines": 0, "percent_statements_covered": 62.16216216216216, "percent_statements_covered_display": "62", "num_branches": 12, "num_partial_branches": 5, "covered_branches": 5, "missing_branches": 7, "percent_branches_covered": 41.666666666666664, "percent_branches_covered_display": "42"}, "missing_lines": [552, 557, 558, 561, 564, 567, 575, 576, 578, 579, 580, 581, 583, 586], "excluded_lines": [], "start_line": 542, "executed_branches": [[551, 553], [556, 560], [560, 563], [563, 566], [566, 572]], "missing_branches": [[551, 552], [556, 557], [560, 561], [563, 564], [566, 567], [575, 576], [575, 578]]}, "": {"executed_lines": [1, 2, 4, 5, 6, 7, 8, 9, 10, 11, 12, 13, 14, 15, 17, 18, 19, 28, 30, 33, 47, 48, 50, 51, 56, 57, 58, 59, 61, 106, 131, 138, 144, 156, 165, 173, 176, 181, 194, 226, 227, 228, 229, 231, 232, 233, 235, 282, 323, 327, 334, 344, 347, 352, 374, 401, 409, 417, 418, 419, 420, 427, 428, 430, 432, 450, 452, 474, 478, 501, 528, 533, 542, 548, 550, 574, 585, 592, 599], "summary": {"covered_lines": 79, "num_statements": 81, "percent_covered": 97.59036144578313, "percent_covered_display": "98", "missing_lines": 2, "excluded_lines": 0, "percent_statements_covered": 97.53086419753086, "percent_statements_covered_display": "98", "num_branches": 2, "num_partial_branches": 0, "covered_branches": 2, "missing_branches": 0, "percent_branches_covered": 100.0, "percent_branches_covered_display": "100"}, "missing_lines": [52, 53], "excluded_lines": [], "start_line": 1, "executed_branches": [[47, 48], [47, 50]], "missing_branches": []}}}, "venv/lib/python3.12/site-packages/jose/backends/ecdsa_backend.py": {"executed_lines": [], "summary": {"covered_lines": 0, "num_statements": 80, "percent_covered": 0.0, "percent_covered_display": "0", "missing_lines": 80, "excluded_lines": 0, "percent_statements_covered": 0.0, "percent_statements_covered_display": "0", "num_branches": 30, "num_partial_branches": 0, "covered_branches": 0, "missing_branches": 30, "percent_branches_covered": 0.0, "percent_branches_covered_display": "0"}, "missing_lines": [1, 3, 5, 6, 7, 8, 11, 21, 22, 23, 25, 30, 36, 37, 38, 40, 45, 47, 49, 50, 51, 53, 54, 55, 57, 58, 60, 64, 65, 66, 67, 68, 69, 71, 72, 74, 76, 77, 78, 80, 81, 83, 86, 87, 89, 90, 92, 93, 95, 96, 98, 99, 103, 104, 105, 108, 109, 111, 112, 114, 115, 116, 117, 119, 120, 122, 123, 124, 126, 127, 128, 129, 130, 131, 132, 137, 139, 147, 148, 150], "excluded_lines": [], "executed_branches": [], "missing_branches": [[37, 38], [37, 40], [49, 50], [49, 53], [53, 54], [53, 57], [57, 58], [57, 60], [60, 64], [60, 74], [77, 78], [77, 80], [80, 81], [80, 83], [83, 86], [83, 89], [92, 93], [92, 95], [115, 116], [115, 117], [123, 124], [123, 126], [128, 129], [128, 131], [129, 128], [129, 130], [131, 132], [131, 137], [147, 148], [147, 150]], "functions": {"ECDSAECKey.__init__": {"executed_lines": [], "summary": {"covered_lines": 0, "num_statements": 23, "percent_covered": 0.0, "percent_covered_display": "0", "missing_lines": 23, "excluded_lines": 0, "percent_statements_covered": 0.0, "percent_statements_covered_display": "0", "num_branches": 10, "num_partial_branches": 0, "covered_branches": 0, "missing_branches": 10, "percent_branches_covered": 0.0, "percent_branches_covered_display": "0"}, "missing_lines": [37, 38, 40, 45, 47, 49, 50, 51, 53, 54, 55, 57, 58, 60, 64, 65, 66, 67, 68, 69, 71, 72, 74], "excluded_lines": [], "start_line": 36, "executed_branches": [], "missing_branches": [[37, 38], [37, 40], [49, 50], [49, 53], [53, 54], [53, 57], [57, 58], [57, 60], [60, 64], [60, 74]]}, "ECDSAECKey._process_jwk": {"executed_lines": [], "summary": {"covered_lines": 0, "num_statements": 13, "percent_covered": 0.0, "percent_covered_display": "0", "missing_lines": 13, "excluded_lines": 0, "percent_statements_covered": 0.0, "percent_statements_covered_display": "0", "num_branches": 8, "num_partial_branches": 0, "covered_branches": 0, "missing_branches": 8, "percent_branches_covered": 0.0, "percent_branches_covered_display": "0"}, "missing_lines": [77, 78, 80, 81, 83, 86, 87, 89, 90, 92, 93, 95, 96], "excluded_lines": [], "start_line": 76, "executed_branches": [], "missing_branches": [[77, 78], [77, 80], [80, 81], [80, 83], [83, 86], [83, 89], [92, 93], [92, 95]]}, "ECDSAECKey.sign": {"executed_lines": [], "summary": {"covered_lines": 0, "num_statements": 1, "percent_covered": 0.0, "percent_covered_display": "0", "missing_lines": 1, "excluded_lines": 0, "percent_statements_covered": 0.0, "percent_statements_covered_display": "0", "num_branches": 0, "num_partial_branches": 0, "covered_branches": 0, "missing_branches": 0, "percent_branches_covered": 100.0, "percent_branches_covered_display": "100"}, "missing_lines": [99], "excluded_lines": [], "start_line": 98, "executed_branches": [], "missing_branches": []}, "ECDSAECKey.verify": {"executed_lines": [], "summary": {"covered_lines": 0, "num_statements": 4, "percent_covered": 0.0, "percent_covered_display": "0", "missing_lines": 4, "excluded_lines": 0, "percent_statements_covered": 0.0, "percent_statements_covered_display": "0", "num_branches": 0, "num_partial_branches": 0, "covered_branches": 0, "missing_branches": 0, "percent_branches_covered": 100.0, "percent_branches_covered_display": "100"}, "missing_lines": [104, 105, 108, 109], "excluded_lines": [], "start_line": 103, "executed_branches": [], "missing_branches": []}, "ECDSAECKey.is_public": {"executed_lines": [], "summary": {"covered_lines": 0, "num_statements": 1, "percent_covered": 0.0, "percent_covered_display": "0", "missing_lines": 1, "excluded_lines": 0, "percent_statements_covered": 0.0, "percent_statements_covered_display": "0", "num_branches": 0, "num_partial_branches": 0, "covered_branches": 0, "missing_branches": 0, "percent_branches_covered": 100.0, "percent_branches_covered_display": "100"}, "missing_lines": [112], "excluded_lines": [], "start_line": 111, "executed_branches": [], "missing_branches": []}, "ECDSAECKey.public_key": {"executed_lines": [], "summary": {"covered_lines": 0, "num_statements": 3, "percent_covered": 0.0, "percent_covered_display": "0", "missing_lines": 3, "excluded_lines": 0, "percent_statements_covered": 0.0, "percent_statements_covered_display": "0", "num_branches": 2, "num_partial_branches": 0, "covered_branches": 0, "missing_branches": 2, "percent_branches_covered": 0.0, "percent_branches_covered_display": "0"}, "missing_lines": [115, 116, 117], "excluded_lines": [], "start_line": 114, "executed_branches": [], "missing_branches": [[115, 116], [115, 117]]}, "ECDSAECKey.to_pem": {"executed_lines": [], "summary": {"covered_lines": 0, "num_statements": 1, "percent_covered": 0.0, "percent_covered_display": "0", "missing_lines": 1, "excluded_lines": 0, "percent_statements_covered": 0.0, "percent_statements_covered_display": "0", "num_branches": 0, "num_partial_branches": 0, "covered_branches": 0, "missing_branches": 0, "percent_branches_covered": 100.0, "percent_branches_covered_display": "100"}, "missing_lines": [120], "excluded_lines": [], "start_line": 119, "executed_branches": [], "missing_branches": []}, "ECDSAECKey.to_dict": {"executed_lines": [], "summary": {"covered_lines": 0, "num_statements": 14, "percent_covered": 0.0, "percent_covered_display": "0", "missing_lines": 14, "excluded_lines": 0, "percent_statements_covered": 0.0, "percent_statements_covered_display": "0", "num_branches": 10, "num_partial_branches": 0, "covered_branches": 0, "missing_branches": 10, "percent_branches_covered": 0.0, "percent_branches_covered_display": "0"}, "missing_lines": [123, 124, 126, 127, 128, 129, 130, 131, 132, 137, 139, 147, 148, 150], "excluded_lines": [], "start_line": 122, "executed_branches": [], "missing_branches": [[123, 124], [123, 126], [128, 129], [128, 131], [129, 128], [129, 130], [131, 132], [131, 137], [147, 148], [147, 150]]}, "": {"executed_lines": [], "summary": {"covered_lines": 0, "num_statements": 20, "percent_covered": 0.0, "percent_covered_display": "0", "missing_lines": 20, "excluded_lines": 0, "percent_statements_covered": 0.0, "percent_statements_covered_display": "0", "num_branches": 0, "num_partial_branches": 0, "covered_branches": 0, "missing_branches": 0, "percent_branches_covered": 100.0, "percent_branches_covered_display": "100"}, "missing_lines": [1, 3, 5, 6, 7, 8, 11, 21, 22, 23, 25, 30, 36, 76, 98, 103, 111, 114, 119, 122], "excluded_lines": [], "start_line": 1, "executed_branches": [], "missing_branches": []}}, "classes": {"ECDSAECKey": {"executed_lines": [], "summary": {"covered_lines": 0, "num_statements": 60, "percent_covered": 0.0, "percent_covered_display": "0", "missing_lines": 60, "excluded_lines": 0, "percent_statements_covered": 0.0, "percent_statements_covered_display": "0", "num_branches": 30, "num_partial_branches": 0, "covered_branches": 0, "missing_branches": 30, "percent_branches_covered": 0.0, "percent_branches_covered_display": "0"}, "missing_lines": [37, 38, 40, 45, 47, 49, 50, 51, 53, 54, 55, 57, 58, 60, 64, 65, 66, 67, 68, 69, 71, 72, 74, 77, 78, 80, 81, 83, 86, 87, 89, 90, 92, 93, 95, 96, 99, 104, 105, 108, 109, 112, 115, 116, 117, 120, 123, 124, 126, 127, 128, 129, 130, 131, 132, 137, 139, 147, 148, 150], "excluded_lines": [], "start_line": 11, "executed_branches": [], "missing_branches": [[37, 38], [37, 40], [49, 50], [49, 53], [53, 54], [53, 57], [57, 58], [57, 60], [60, 64], [60, 74], [77, 78], [77, 80], [80, 81], [80, 83], [83, 86], [83, 89], [92, 93], [92, 95], [115, 116], [115, 117], [123, 124], [123, 126], [128, 129], [128, 131], [129, 128], [129, 130], [131, 132], [131, 137], [147, 148], [147, 150]]}, "": {"executed_lines": [], "summary": {"covered_lines": 0, "num_statements": 20, "percent_covered": 0.0, "percent_covered_display": "0", "missing_lines": 20, "excluded_lines": 0, "percent_statements_covered": 0.0, "percent_statements_covered_display": "0", "num_branches": 0, "num_partial_branches": 0, "covered_branches": 0, "missing_branches": 0, "percent_branches_covered": 100.0, "percent_branches_covered_display": "100"}, "missing_lines": [1, 3, 5, 6, 7, 8, 11, 21, 22, 23, 25, 30, 36, 76, 98, 103, 111, 114, 119, 122], "excluded_lines": [], "start_line": 1, "executed_branches": [], "missing_branches": []}}}, "venv/lib/python3.12/site-packages/jose/backends/native.py": {"executed_lines": [], "summary": {"covered_lines": 0, "num_statements": 40, "percent_covered": 0.0, "percent_covered_display": "0", "missing_lines": 40, "excluded_lines": 0, "percent_statements_covered": 0.0, "percent_statements_covered_display": "0", "num_branches": 12, "num_partial_branches": 0, "covered_branches": 0, "missing_branches": 12, "percent_branches_covered": 0.0, "percent_branches_covered_display": "0"}, "missing_lines": [1, 2, 3, 5, 6, 7, 8, 11, 12, 15, 21, 23, 24, 25, 26, 27, 29, 30, 31, 33, 34, 36, 37, 39, 40, 45, 47, 48, 49, 51, 52, 53, 54, 56, 58, 59, 61, 62, 64, 65], "excluded_lines": [], "executed_branches": [], "missing_branches": [[24, 25], [24, 26], [29, 30], [29, 33], [33, 34], [33, 36], [36, 37], [36, 39], [39, 40], [39, 45], [48, 49], [48, 51]], "functions": {"get_random_bytes": {"executed_lines": [], "summary": {"covered_lines": 0, "num_statements": 1, "percent_covered": 0.0, "percent_covered_display": "0", "missing_lines": 1, "excluded_lines": 0, "percent_statements_covered": 0.0, "percent_statements_covered_display": "0", "num_branches": 0, "num_partial_branches": 0, "covered_branches": 0, "missing_branches": 0, "percent_branches_covered": 100.0, "percent_branches_covered_display": "100"}, "missing_lines": [12], "excluded_lines": [], "start_line": 11, "executed_branches": [], "missing_branches": []}, "HMACKey.__init__": {"executed_lines": [], "summary": {"covered_lines": 0, "num_statements": 14, "percent_covered": 0.0, "percent_covered_display": "0", "missing_lines": 14, "excluded_lines": 0, "percent_statements_covered": 0.0, "percent_statements_covered_display": "0", "num_branches": 10, "num_partial_branches": 0, "covered_branches": 0, "missing_branches": 10, "percent_branches_covered": 0.0, "percent_branches_covered_display": "0"}, "missing_lines": [24, 25, 26, 27, 29, 30, 31, 33, 34, 36, 37, 39, 40, 45], "excluded_lines": [], "start_line": 23, "executed_branches": [], "missing_branches": [[24, 25], [24, 26], [29, 30], [29, 33], [33, 34], [33, 36], [36, 37], [36, 39], [39, 40], [39, 45]]}, "HMACKey._process_jwk": {"executed_lines": [], "summary": {"covered_lines": 0, "num_statements": 7, "percent_covered": 0.0, "percent_covered_display": "0", "missing_lines": 7, "excluded_lines": 0, "percent_statements_covered": 0.0, "percent_statements_covered_display": "0", "num_branches": 2, "num_partial_branches": 0, "covered_branches": 0, "missing_branches": 2, "percent_branches_covered": 0.0, "percent_branches_covered_display": "0"}, "missing_lines": [48, 49, 51, 52, 53, 54, 56], "excluded_lines": [], "start_line": 47, "executed_branches": [], "missing_branches": [[48, 49], [48, 51]]}, "HMACKey.sign": {"executed_lines": [], "summary": {"covered_lines": 0, "num_statements": 1, "percent_covered": 0.0, "percent_covered_display": "0", "missing_lines": 1, "excluded_lines": 0, "percent_statements_covered": 0.0, "percent_statements_covered_display": "0", "num_branches": 0, "num_partial_branches": 0, "covered_branches": 0, "missing_branches": 0, "percent_branches_covered": 100.0, "percent_branches_covered_display": "100"}, "missing_lines": [59], "excluded_lines": [], "start_line": 58, "executed_branches": [], "missing_branches": []}, "HMACKey.verify": {"executed_lines": [], "summary": {"covered_lines": 0, "num_statements": 1, "percent_covered": 0.0, "percent_covered_display": "0", "missing_lines": 1, "excluded_lines": 0, "percent_statements_covered": 0.0, "percent_statements_covered_display": "0", "num_branches": 0, "num_partial_branches": 0, "covered_branches": 0, "missing_branches": 0, "percent_branches_covered": 100.0, "percent_branches_covered_display": "100"}, "missing_lines": [62], "excluded_lines": [], "start_line": 61, "executed_branches": [], "missing_branches": []}, "HMACKey.to_dict": {"executed_lines": [], "summary": {"covered_lines": 0, "num_statements": 1, "percent_covered": 0.0, "percent_covered_display": "0", "missing_lines": 1, "excluded_lines": 0, "percent_statements_covered": 0.0, "percent_statements_covered_display": "0", "num_branches": 0, "num_partial_branches": 0, "covered_branches": 0, "missing_branches": 0, "percent_branches_covered": 100.0, "percent_branches_covered_display": "100"}, "missing_lines": [65], "excluded_lines": [], "start_line": 64, "executed_branches": [], "missing_branches": []}, "": {"executed_lines": [], "summary": {"covered_lines": 0, "num_statements": 15, "percent_covered": 0.0, "percent_covered_display": "0", "missing_lines": 15, "excluded_lines": 0, "percent_statements_covered": 0.0, "percent_statements_covered_display": "0", "num_branches": 0, "num_partial_branches": 0, "covered_branches": 0, "missing_branches": 0, "percent_branches_covered": 100.0, "percent_branches_covered_display": "100"}, "missing_lines": [1, 2, 3, 5, 6, 7, 8, 11, 15, 21, 23, 47, 58, 61, 64], "excluded_lines": [], "start_line": 1, "executed_branches": [], "missing_branches": []}}, "classes": {"HMACKey": {"executed_lines": [], "summary": {"covered_lines": 0, "num_statements": 24, "percent_covered": 0.0, "percent_covered_display": "0", "missing_lines": 24, "excluded_lines": 0, "percent_statements_covered": 0.0, "percent_statements_covered_display": "0", "num_branches": 12, "num_partial_branches": 0, "covered_branches": 0, "missing_branches": 12, "percent_branches_covered": 0.0, "percent_branches_covered_display": "0"}, "missing_lines": [24, 25, 26, 27, 29, 30, 31, 33, 34, 36, 37, 39, 40, 45, 48, 49, 51, 52, 53, 54, 56, 59, 62, 65], "excluded_lines": [], "start_line": 15, "executed_branches": [], "missing_branches": [[24, 25], [24, 26], [29, 30], [29, 33], [33, 34], [33, 36], [36, 37], [36, 39], [39, 40], [39, 45], [48, 49], [48, 51]]}, "": {"executed_lines": [], "summary": {"covered_lines": 0, "num_statements": 16, "percent_covered": 0.0, "percent_covered_display": "0", "missing_lines": 16, "excluded_lines": 0, "percent_statements_covered": 0.0, "percent_statements_covered_display": "0", "num_branches": 0, "num_partial_branches": 0, "covered_branches": 0, "missing_branches": 0, "percent_branches_covered": 100.0, "percent_branches_covered_display": "100"}, "missing_lines": [1, 2, 3, 5, 6, 7, 8, 11, 12, 15, 21, 23, 47, 58, 61, 64], "excluded_lines": [], "start_line": 1, "executed_branches": [], "missing_branches": []}}}, "venv/lib/python3.12/site-packages/jose/backends/rsa_backend.py": {"executed_lines": [], "summary": {"covered_lines": 0, "num_statements": 160, "percent_covered": 0.0, "percent_covered_display": "0", "missing_lines": 160, "excluded_lines": 0, "percent_statements_covered": 0.0, "percent_statements_covered_display": "0", "num_branches": 54, "num_partial_branches": 0, "covered_branches": 0, "missing_branches": 54, "percent_branches_covered": 0.0, "percent_branches_covered_display": "0"}, "missing_lines": [1, 2, 4, 5, 6, 7, 9, 14, 15, 16, 17, 19, 21, 30, 31, 38, 44, 45, 46, 52, 55, 61, 64, 65, 66, 72, 73, 74, 75, 77, 78, 80, 83, 84, 85, 86, 88, 89, 90, 92, 93, 94, 95, 98, 99, 100, 103, 114, 115, 117, 120, 121, 122, 123, 125, 126, 127, 129, 130, 132, 137, 139, 140, 141, 143, 144, 145, 147, 148, 150, 151, 152, 153, 154, 155, 156, 157, 158, 159, 160, 161, 162, 163, 164, 168, 169, 170, 171, 172, 173, 175, 176, 177, 179, 180, 182, 183, 185, 186, 188, 190, 194, 196, 197, 198, 200, 201, 203, 204, 206, 207, 208, 209, 210, 211, 212, 213, 215, 216, 218, 219, 220, 221, 223, 224, 225, 226, 227, 228, 229, 230, 232, 234, 235, 236, 237, 238, 239, 240, 242, 243, 245, 246, 247, 249, 251, 258, 259, 270, 272, 273, 274, 275, 276, 278, 279, 280, 281, 282, 283], "excluded_lines": [], "executed_branches": [], "missing_branches": [[44, 45], [44, 46], [65, 66], [65, 72], [74, 75], [74, 89], [77, 78], [77, 88], [80, 83], [80, 86], [89, 90], [89, 92], [114, 115], [114, 117], [126, 127], [126, 129], [129, 130], [129, 132], [139, 140], [139, 143], [143, 144], [143, 147], [147, 148], [147, 150], [150, 151], [150, 173], [176, 177], [176, 179], [182, 183], [182, 185], [188, 190], [188, 200], [190, 194], [190, 196], [207, 208], [207, 209], [219, 220], [219, 221], [224, 225], [224, 234], [226, 227], [226, 229], [229, 230], [229, 232], [234, 235], [234, 238], [238, 239], [238, 242], [246, 247], [246, 249], [258, 259], [258, 270], [273, 274], [273, 275]], "functions": {"_gcd": {"executed_lines": [], "summary": {"covered_lines": 0, "num_statements": 3, "percent_covered": 0.0, "percent_covered_display": "0", "missing_lines": 3, "excluded_lines": 0, "percent_statements_covered": 0.0, "percent_statements_covered_display": "0", "num_branches": 2, "num_partial_branches": 0, "covered_branches": 0, "missing_branches": 2, "percent_branches_covered": 0.0, "percent_branches_covered_display": "0"}, "missing_lines": [44, 45, 46], "excluded_lines": [], "start_line": 38, "executed_branches": [], "missing_branches": [[44, 45], [44, 46]]}, "_rsa_recover_prime_factors": {"executed_lines": [], "summary": {"covered_lines": 0, "num_statements": 22, "percent_covered": 0.0, "percent_covered_display": "0", "missing_lines": 22, "excluded_lines": 0, "percent_statements_covered": 0.0, "percent_statements_covered_display": "0", "num_branches": 10, "num_partial_branches": 0, "covered_branches": 0, "missing_branches": 10, "percent_branches_covered": 0.0, "percent_branches_covered_display": "0"}, "missing_lines": [61, 64, 65, 66, 72, 73, 74, 75, 77, 78, 80, 83, 84, 85, 86, 88, 89, 90, 92, 93, 94, 95], "excluded_lines": [], "start_line": 55, "executed_branches": [], "missing_branches": [[65, 66], [65, 72], [74, 75], [74, 89], [77, 78], [77, 88], [80, 83], [80, 86], [89, 90], [89, 92]]}, "pem_to_spki": {"executed_lines": [], "summary": {"covered_lines": 0, "num_statements": 2, "percent_covered": 0.0, "percent_covered_display": "0", "missing_lines": 2, "excluded_lines": 0, "percent_statements_covered": 0.0, "percent_statements_covered_display": "0", "num_branches": 0, "num_partial_branches": 0, "covered_branches": 0, "missing_branches": 0, "percent_branches_covered": 100.0, "percent_branches_covered_display": "100"}, "missing_lines": [99, 100], "excluded_lines": [], "start_line": 98, "executed_branches": [], "missing_branches": []}, "_legacy_private_key_pkcs8_to_pkcs1": {"executed_lines": [], "summary": {"covered_lines": 0, "num_statements": 3, "percent_covered": 0.0, "percent_covered_display": "0", "missing_lines": 3, "excluded_lines": 0, "percent_statements_covered": 0.0, "percent_statements_covered_display": "0", "num_branches": 2, "num_partial_branches": 0, "covered_branches": 0, "missing_branches": 2, "percent_branches_covered": 0.0, "percent_branches_covered_display": "0"}, "missing_lines": [114, 115, 117], "excluded_lines": [], "start_line": 103, "executed_branches": [], "missing_branches": [[114, 115], [114, 117]]}, "RSAKey.__init__": {"executed_lines": [], "summary": {"covered_lines": 0, "num_statements": 35, "percent_covered": 0.0, "percent_covered_display": "0", "missing_lines": 35, "excluded_lines": 0, "percent_statements_covered": 0.0, "percent_statements_covered_display": "0", "num_branches": 12, "num_partial_branches": 0, "covered_branches": 0, "missing_branches": 12, "percent_branches_covered": 0.0, "percent_branches_covered_display": "0"}, "missing_lines": [126, 127, 129, 130, 132, 137, 139, 140, 141, 143, 144, 145, 147, 148, 150, 151, 152, 153, 154, 155, 156, 157, 158, 159, 160, 161, 162, 163, 164, 168, 169, 170, 171, 172, 173], "excluded_lines": [], "start_line": 125, "executed_branches": [], "missing_branches": [[126, 127], [126, 129], [129, 130], [129, 132], [139, 140], [139, 143], [143, 144], [143, 147], [147, 148], [147, 150], [150, 151], [150, 173]]}, "RSAKey._process_jwk": {"executed_lines": [], "summary": {"covered_lines": 0, "num_statements": 16, "percent_covered": 0.0, "percent_covered_display": "0", "missing_lines": 16, "excluded_lines": 0, "percent_statements_covered": 0.0, "percent_statements_covered_display": "0", "num_branches": 8, "num_partial_branches": 0, "covered_branches": 0, "missing_branches": 8, "percent_branches_covered": 0.0, "percent_branches_covered_display": "0"}, "missing_lines": [176, 177, 179, 180, 182, 183, 185, 186, 188, 190, 194, 196, 197, 198, 200, 201], "excluded_lines": [], "start_line": 175, "executed_branches": [], "missing_branches": [[176, 177], [176, 179], [182, 183], [182, 185], [188, 190], [188, 200], [190, 194], [190, 196]]}, "RSAKey.sign": {"executed_lines": [], "summary": {"covered_lines": 0, "num_statements": 1, "percent_covered": 0.0, "percent_covered_display": "0", "missing_lines": 1, "excluded_lines": 0, "percent_statements_covered": 0.0, "percent_statements_covered_display": "0", "num_branches": 0, "num_partial_branches": 0, "covered_branches": 0, "missing_branches": 0, "percent_branches_covered": 100.0, "percent_branches_covered_display": "100"}, "missing_lines": [204], "excluded_lines": [], "start_line": 203, "executed_branches": [], "missing_branches": []}, "RSAKey.verify": {"executed_lines": [], "summary": {"covered_lines": 0, "num_statements": 7, "percent_covered": 0.0, "percent_covered_display": "0", "missing_lines": 7, "excluded_lines": 0, "percent_statements_covered": 0.0, "percent_statements_covered_display": "0", "num_branches": 2, "num_partial_branches": 0, "covered_branches": 0, "missing_branches": 2, "percent_branches_covered": 0.0, "percent_branches_covered_display": "0"}, "missing_lines": [207, 208, 209, 210, 211, 212, 213], "excluded_lines": [], "start_line": 206, "executed_branches": [], "missing_branches": [[207, 208], [207, 209]]}, "RSAKey.is_public": {"executed_lines": [], "summary": {"covered_lines": 0, "num_statements": 1, "percent_covered": 0.0, "percent_covered_display": "0", "missing_lines": 1, "excluded_lines": 0, "percent_statements_covered": 0.0, "percent_statements_covered_display": "0", "num_branches": 0, "num_partial_branches": 0, "covered_branches": 0, "missing_branches": 0, "percent_branches_covered": 100.0, "percent_branches_covered_display": "100"}, "missing_lines": [216], "excluded_lines": [], "start_line": 215, "executed_branches": [], "missing_branches": []}, "RSAKey.public_key": {"executed_lines": [], "summary": {"covered_lines": 0, "num_statements": 3, "percent_covered": 0.0, "percent_covered_display": "0", "missing_lines": 3, "excluded_lines": 0, "percent_statements_covered": 0.0, "percent_statements_covered_display": "0", "num_branches": 2, "num_partial_branches": 0, "covered_branches": 0, "missing_branches": 2, "percent_branches_covered": 0.0, "percent_branches_covered_display": "0"}, "missing_lines": [219, 220, 221], "excluded_lines": [], "start_line": 218, "executed_branches": [], "missing_branches": [[219, 220], [219, 221]]}, "RSAKey.to_pem": {"executed_lines": [], "summary": {"covered_lines": 0, "num_statements": 17, "percent_covered": 0.0, "percent_covered_display": "0", "missing_lines": 17, "excluded_lines": 0, "percent_statements_covered": 0.0, "percent_statements_covered_display": "0", "num_branches": 10, "num_partial_branches": 0, "covered_branches": 0, "missing_branches": 10, "percent_branches_covered": 0.0, "percent_branches_covered_display": "0"}, "missing_lines": [224, 225, 226, 227, 228, 229, 230, 232, 234, 235, 236, 237, 238, 239, 240, 242, 243], "excluded_lines": [], "start_line": 223, "executed_branches": [], "missing_branches": [[224, 225], [224, 234], [226, 227], [226, 229], [229, 230], [229, 232], [234, 235], [234, 238], [238, 239], [238, 242]]}, "RSAKey.to_dict": {"executed_lines": [], "summary": {"covered_lines": 0, "num_statements": 7, "percent_covered": 0.0, "percent_covered_display": "0", "missing_lines": 7, "excluded_lines": 0, "percent_statements_covered": 0.0, "percent_statements_covered_display": "0", "num_branches": 4, "num_partial_branches": 0, "covered_branches": 0, "missing_branches": 4, "percent_branches_covered": 0.0, "percent_branches_covered_display": "0"}, "missing_lines": [246, 247, 249, 251, 258, 259, 270], "excluded_lines": [], "start_line": 245, "executed_branches": [], "missing_branches": [[246, 247], [246, 249], [258, 259], [258, 270]]}, "RSAKey.wrap_key": {"executed_lines": [], "summary": {"covered_lines": 0, "num_statements": 4, "percent_covered": 0.0, "percent_covered_display": "0", "missing_lines": 4, "excluded_lines": 0, "percent_statements_covered": 0.0, "percent_statements_covered_display": "0", "num_branches": 2, "num_partial_branches": 0, "covered_branches": 0, "missing_branches": 2, "percent_branches_covered": 0.0, "percent_branches_covered_display": "0"}, "missing_lines": [273, 274, 275, 276], "excluded_lines": [], "start_line": 272, "executed_branches": [], "missing_branches": [[273, 274], [273, 275]]}, "RSAKey.unwrap_key": {"executed_lines": [], "summary": {"covered_lines": 0, "num_statements": 5, "percent_covered": 0.0, "percent_covered_display": "0", "missing_lines": 5, "excluded_lines": 0, "percent_statements_covered": 0.0, "percent_statements_covered_display": "0", "num_branches": 0, "num_partial_branches": 0, "covered_branches": 0, "missing_branches": 0, "percent_branches_covered": 100.0, "percent_branches_covered_display": "100"}, "missing_lines": [279, 280, 281, 282, 283], "excluded_lines": [], "start_line": 278, "executed_branches": [], "missing_branches": []}, "": {"executed_lines": [], "summary": {"covered_lines": 0, "num_statements": 34, "percent_covered": 0.0, "percent_covered_display": "0", "missing_lines": 34, "excluded_lines": 0, "percent_statements_covered": 0.0, "percent_statements_covered_display": "0", "num_branches": 0, "num_partial_branches": 0, "covered_branches": 0, "missing_branches": 0, "percent_branches_covered": 100.0, "percent_branches_covered_display": "100"}, "missing_lines": [1, 2, 4, 5, 6, 7, 9, 14, 15, 16, 17, 19, 21, 30, 31, 38, 52, 55, 98, 103, 120, 121, 122, 123, 125, 175, 203, 206, 215, 218, 223, 245, 272, 278], "excluded_lines": [], "start_line": 1, "executed_branches": [], "missing_branches": []}}, "classes": {"RSAKey": {"executed_lines": [], "summary": {"covered_lines": 0, "num_statements": 96, "percent_covered": 0.0, "percent_covered_display": "0", "missing_lines": 96, "excluded_lines": 0, "percent_statements_covered": 0.0, "percent_statements_covered_display": "0", "num_branches": 40, "num_partial_branches": 0, "covered_branches": 0, "missing_branches": 40, "percent_branches_covered": 0.0, "percent_branches_covered_display": "0"}, "missing_lines": [126, 127, 129, 130, 132, 137, 139, 140, 141, 143, 144, 145, 147, 148, 150, 151, 152, 153, 154, 155, 156, 157, 158, 159, 160, 161, 162, 163, 164, 168, 169, 170, 171, 172, 173, 176, 177, 179, 180, 182, 183, 185, 186, 188, 190, 194, 196, 197, 198, 200, 201, 204, 207, 208, 209, 210, 211, 212, 213, 216, 219, 220, 221, 224, 225, 226, 227, 228, 229, 230, 232, 234, 235, 236, 237, 238, 239, 240, 242, 243, 246, 247, 249, 251, 258, 259, 270, 273, 274, 275, 276, 279, 280, 281, 282, 283], "excluded_lines": [], "start_line": 120, "executed_branches": [], "missing_branches": [[126, 127], [126, 129], [129, 130], [129, 132], [139, 140], [139, 143], [143, 144], [143, 147], [147, 148], [147, 150], [150, 151], [150, 173], [176, 177], [176, 179], [182, 183], [182, 185], [188, 190], [188, 200], [190, 194], [190, 196], [207, 208], [207, 209], [219, 220], [219, 221], [224, 225], [224, 234], [226, 227], [226, 229], [229, 230], [229, 232], [234, 235], [234, 238], [238, 239], [238, 242], [246, 247], [246, 249], [258, 259], [258, 270], [273,
[...]
ent_statements_covered": 0.0, "percent_statements_covered_display": "0", "num_branches": 0, "num_partial_branches": 0, "covered_branches": 0, "missing_branches": 0, "percent_branches_covered": 100.0, "percent_branches_covered_display": "100"}, "missing_lines": [217], "excluded_lines": [], "start_line": 202, "executed_branches": [], "missing_branches": []}, "get_unverified_claims": {"executed_lines": [232, 233, 237, 238, 242, 245], "summary": {"covered_lines": 6, "num_statements": 11, "percent_covered": 53.84615384615385, "percent_covered_display": "54", "missing_lines": 5, "excluded_lines": 0, "percent_statements_covered": 54.54545454545455, "percent_statements_covered_display": "55", "num_branches": 2, "num_partial_branches": 1, "covered_branches": 1, "missing_branches": 1, "percent_branches_covered": 50.0, "percent_branches_covered_display": "50"}, "missing_lines": [234, 235, 239, 240, 243], "excluded_lines": [], "start_line": 220, "executed_branches": [[242, 245]], "missing_branches": [[242, 243]]}, "_validate_iat": {"executed_lines": [260, 261, 263, 264], "summary": {"covered_lines": 4, "num_statements": 6, "percent_covered": 75.0, "percent_covered_display": "75", "missing_lines": 2, "excluded_lines": 0, "percent_statements_covered": 66.66666666666667, "percent_statements_covered_display": "67", "num_branches": 2, "num_partial_branches": 0, "covered_branches": 2, "missing_branches": 0, "percent_branches_covered": 100.0, "percent_branches_covered_display": "100"}, "missing_lines": [265, 266], "excluded_lines": [], "start_line": 248, "executed_branches": [[260, 261], [260, 263]], "missing_branches": []}, "_validate_nbf": {"executed_lines": [285, 286], "summary": {"covered_lines": 2, "num_statements": 9, "percent_covered": 23.076923076923077, "percent_covered_display": "23", "missing_lines": 7, "excluded_lines": 0, "percent_statements_covered": 22.22222222222222, "percent_statements_covered_display": "22", "num_branches": 4, "num_partial_branches": 1, "covered_branches": 1, "missing_branches": 3, "percent_branches_covered": 25.0, "percent_branches_covered_display": "25"}, "missing_lines": [288, 289, 290, 291, 293, 295, 296], "excluded_lines": [], "start_line": 269, "executed_branches": [[285, 286]], "missing_branches": [[285, 288], [295, -269], [295, 296]]}, "_validate_exp": {"executed_lines": [315, 316, 318, 319, 323, 325, 326], "summary": {"covered_lines": 7, "num_statements": 9, "percent_covered": 76.92307692307692, "percent_covered_display": "77", "missing_lines": 2, "excluded_lines": 0, "percent_statements_covered": 77.77777777777777, "percent_statements_covered_display": "78", "num_branches": 4, "num_partial_branches": 1, "covered_branches": 3, "missing_branches": 1, "percent_branches_covered": 75.0, "percent_branches_covered_display": "75"}, "missing_lines": [320, 321], "excluded_lines": [], "start_line": 299, "executed_branches": [[315, 316], [315, 318], [325, 326]], "missing_branches": [[325, -299]]}, "_validate_aud": {"executed_lines": [349, 352], "summary": {"covered_lines": 2, "num_statements": 11, "percent_covered": 14.285714285714286, "percent_covered_display": "14", "missing_lines": 9, "excluded_lines": 0, "percent_statements_covered": 18.181818181818183, "percent_statements_covered_display": "18", "num_branches": 10, "num_partial_branches": 1, "covered_branches": 1, "missing_branches": 9, "percent_branches_covered": 10.0, "percent_branches_covered_display": "10"}, "missing_lines": [354, 355, 356, 357, 358, 359, 360, 361, 362], "excluded_lines": [], "start_line": 329, "executed_branches": [[349, 352]], "missing_branches": [[349, 354], [355, 356], [355, 357], [357, 358], [357, 359], [359, 360], [359, 361], [361, -329], [361, 362]]}, "_validate_iss": {"executed_lines": [379], "summary": {"covered_lines": 1, "num_statements": 5, "percent_covered": 18.181818181818183, "percent_covered_display": "18", "missing_lines": 4, "excluded_lines": 0, "percent_statements_covered": 20.0, "percent_statements_covered_display": "20", "num_branches": 6, "num_partial_branches": 1, "covered_branches": 1, "missing_branches": 5, "percent_branches_covered": 16.666666666666668, "percent_branches_covered_display": "17"}, "missing_lines": [380, 381, 382, 383], "excluded_lines": [], "start_line": 365, "executed_branches": [[379, -365]], "missing_branches": [[379, 380], [380, 381], [380, 382], [382, -365], [382, 383]]}, "_validate_sub": {"executed_lines": [402, 405, 408], "summary": {"covered_lines": 3, "num_statements": 7, "percent_covered": 40.0, "percent_covered_display": "40", "missing_lines": 4, "excluded_lines": 0, "percent_statements_covered": 42.857142857142854, "percent_statements_covered_display": "43", "num_branches": 8, "num_partial_branches": 3, "covered_branches": 3, "missing_branches": 5, "percent_branches_covered": 37.5, "percent_branches_covered_display": "38"}, "missing_lines": [403, 406, 409, 410], "excluded_lines": [], "start_line": 386, "executed_branches": [[402, 405], [405, 408], [408, -386]], "missing_branches": [[402, 403], [405, 406], [408, 409], [409, -386], [409, 410]]}, "_validate_jti": {"executed_lines": [428, 429], "summary": {"covered_lines": 2, "num_statements": 4, "percent_covered": 37.5, "percent_covered_display": "38", "missing_lines": 2, "excluded_lines": 0, "percent_statements_covered": 50.0, "percent_statements_covered_display": "50", "num_branches": 4, "num_partial_branches": 1, "covered_branches": 1, "missing_branches": 3, "percent_branches_covered": 25.0, "percent_branches_covered_display": "25"}, "missing_lines": [431, 432], "excluded_lines": [], "start_line": 413, "executed_branches": [[428, 429]], "missing_branches": [[428, 431], [431, -413], [431, 432]]}, "_validate_at_hash": {"executed_lines": [453, 454], "summary": {"covered_lines": 2, "num_statements": 12, "percent_covered": 16.666666666666668, "percent_covered_display": "17", "missing_lines": 10, "excluded_lines": 0, "percent_statements_covered": 16.666666666666668, "percent_statements_covered_display": "17", "num_branches": 6, "num_partial_branches": 1, "covered_branches": 1, "missing_branches": 5, "percent_branches_covered": 16.666666666666668, "percent_branches_covered_display": "17"}, "missing_lines": [456, 457, 458, 460, 461, 462, 463, 464, 466, 467], "excluded_lines": [], "start_line": 435, "executed_branches": [[453, 454]], "missing_branches": [[453, 456], [456, 457], [456, 460], [466, -435], [466, 467]]}, "_validate_claims": {"executed_lines": [471, 473, 475, 476, 482, 485, 486, 488, 489, 491, 492, 494, 495, 497, 498, 500, 501, 503, 504, 506, 507], "summary": {"covered_lines": 21, "num_statements": 26, "percent_covered": 64.0, "percent_covered_display": "64", "missing_lines": 5, "excluded_lines": 0, "percent_statements_covered": 80.76923076923077, "percent_statements_covered_display": "81", "num_branches": 24, "num_partial_branches": 11, "covered_branches": 11, "missing_branches": 13, "percent_branches_covered": 45.833333333333336, "percent_branches_covered_display": "46"}, "missing_lines": [474, 477, 478, 480, 483], "excluded_lines": [], "start_line": 470, "executed_branches": [[473, 475], [476, 482], [482, 485], [485, 486], [488, 489], [491, 492], [494, 495], [497, 498], [500, 501], [503, 504], [506, 507]], "missing_branches": [[473, 474], [476, 477], [477, 478], [477, 480], [482, 483], [485, 488], [488, 491], [491, 494], [494, 497], [497, 500], [500, 503], [503, 506], [506, -470]]}, "": {"executed_lines": [1, 2, 4, 5, 9, 10, 12, 19, 21, 22, 23, 26, 68, 182, 202, 220, 248, 269, 299, 329, 365, 386, 413, 435, 470], "summary": {"covered_lines": 25, "num_statements": 31, "percent_covered": 80.64516129032258, "percent_covered_display": "81", "missing_lines": 6, "excluded_lines": 0, "percent_statements_covered": 80.64516129032258, "percent_statements_covered_display": "81", "num_branches": 0, "num_partial_branches": 0, "covered_branches": 0, "missing_branches": 0, "percent_branches_covered": 100.0, "percent_branches_covered_display": "100"}, "missing_lines": [6, 7, 13, 14, 16, 17], "excluded_lines": [], "start_line": 1, "executed_branches": [], "missing_branches": []}}, "classes": {"": {"executed_lines": [1, 2, 4, 5, 9, 10, 12, 19, 21, 22, 23, 26, 57, 59, 62, 65, 68, 127, 148, 151, 153, 154, 155, 156, 159, 161, 162, 166, 169, 179, 182, 194, 195, 199, 202, 220, 232, 233, 237, 238, 242, 245, 248, 260, 261, 263, 264, 269, 285, 286, 299, 315, 316, 318, 319, 323, 325, 326, 329, 349, 352, 365, 379, 386, 402, 405, 408, 413, 428, 429, 435, 453, 454, 470, 471, 473, 475, 476, 482, 485, 486, 488, 489, 491, 492, 494, 495, 497, 498, 500, 501, 503, 504, 506, 507], "summary": {"covered_lines": 95, "num_statements": 160, "percent_covered": 52.5, "percent_covered_display": "52", "missing_lines": 65, "excluded_lines": 0, "percent_statements_covered": 59.375, "percent_statements_covered_display": "59", "num_branches": 80, "num_partial_branches": 25, "covered_branches": 31, "missing_branches": 49, "percent_branches_covered": 38.75, "percent_branches_covered_display": "39"}, "missing_lines": [6, 7, 13, 14, 16, 17, 60, 63, 149, 163, 164, 167, 196, 197, 217, 234, 235, 239, 240, 243, 265, 266, 288, 289, 290, 291, 293, 295, 296, 320, 321, 354, 355, 356, 357, 358, 359, 360, 361, 362, 380, 381, 382, 383, 403, 406, 409, 410, 431, 432, 456, 457, 458, 460, 461, 462, 463, 464, 466, 467, 474, 477, 478, 480, 483], "excluded_lines": [], "start_line": 1, "executed_branches": [[57, 59], [57, 62], [59, 57], [62, 65], [148, 151], [166, 169], [242, 245], [260, 261], [260, 263], [285, 286], [315, 316], [315, 318], [325, 326], [349, 352], [379, -365], [402, 405], [405, 408], [408, -386], [428, 429], [453, 454], [473, 475], [476, 482], [482, 485], [485, 486], [488, 489], [491, 492], [494, 495], [497, 498], [500, 501], [503, 504], [506, 507]], "missing_branches": [[59, 60], [62, 63], [148, 149], [166, 167], [242, 243], [285, 288], [295, -269], [295, 296], [325, -299], [349, 354], [355, 356], [355, 357], [357, 358], [357, 359], [359, 360], [359, 361], [361, -329], [361, 362], [379, 380], [380, 381], [380, 382], [382, -365], [382, 383], [402, 403], [405, 406], [408, 409], [409, -386], [409, 410], [428, 431], [431, -413], [431, 432], [453, 456], [456, 457], [456, 460], [466, -435], [466, 467], [473, 474], [476, 477], [477, 478], [477, 480], [482, 483], [485, 488], [488, 491], [491, 494], [494, 497], [497, 500], [500, 503], [503, 506], [506, -470]]}}}, "venv/lib/python3.12/site-packages/jose/utils.py": {"executed_lines": [1, 2, 3, 7, 8, 10, 26, 30, 34, 43, 66, 73, 75, 76, 78, 81, 88, 91, 101, 104, 105, 106, 107, 115, 133, 138, 139, 145, 146, 147, 157, 158, 160, 161, 165], "summary": {"covered_lines": 35, "num_statements": 62, "percent_covered": 53.84615384615385, "percent_covered_display": "54", "missing_lines": 27, "excluded_lines": 0, "percent_statements_covered": 56.45161290322581, "percent_statements_covered_display": "56", "num_branches": 16, "num_partial_branches": 3, "covered_branches": 7, "missing_branches": 9, "percent_branches_covered": 43.75, "percent_branches_covered_display": "44"}, "missing_lines": [11, 13, 14, 16, 17, 18, 19, 21, 22, 23, 27, 31, 35, 36, 39, 40, 59, 60, 61, 62, 63, 98, 108, 159, 162, 163, 164], "excluded_lines": [], "executed_branches": [[75, 76], [75, 78], [104, 105], [104, 106], [106, 107], [158, 160], [161, 165]], "missing_branches": [[18, 19], [18, 21], [35, 36], [35, 39], [106, 108], [158, 159], [161, 162], [163, 164], [163, 165]], "functions": {"long_to_bytes": {"executed_lines": [], "summary": {"covered_lines": 0, "num_statements": 1, "percent_covered": 0.0, "percent_covered_display": "0", "missing_lines": 1, "excluded_lines": 0, "percent_statements_covered": 0.0, "percent_statements_covered_display": "0", "num_branches": 0, "num_partial_branches": 0, "covered_branches": 0, "missing_branches": 0, "percent_branches_covered": 100.0, "percent_branches_covered_display": "100"}, "missing_lines": [11], "excluded_lines": [], "start_line": 10, "executed_branches": [], "missing_branches": []}, "long_to_base64": {"executed_lines": [], "summary": {"covered_lines": 0, "num_statements": 1, "percent_covered": 0.0, "percent_covered_display": "0", "missing_lines": 1, "excluded_lines": 0, "percent_statements_covered": 0.0, "percent_statements_covered_display": "0", "num_branches": 0, "num_partial_branches": 0, "covered_branches": 0, "missing_branches": 0, "percent_branches_covered": 100.0, "percent_branches_covered_display": "100"}, "missing_lines": [27], "excluded_lines": [], "start_line": 26, "executed_branches": [], "missing_branches": []}, "int_arr_to_long": {"executed_lines": [], "summary": {"covered_lines": 0, "num_statements": 1, "percent_covered": 0.0, "percent_covered_display": "0", "missing_lines": 1, "excluded_lines": 0, "percent_statements_covered": 0.0, "percent_statements_covered_display": "0", "num_branches": 0, "num_partial_branches": 0, "covered_branches": 0, "missing_branches": 0, "percent_branches_covered": 100.0, "percent_branches_covered_display": "100"}, "missing_lines": [31], "excluded_lines": [], "start_line": 30, "executed_branches": [], "missing_branches": []}, "base64_to_long": {"executed_lines": [], "summary": {"covered_lines": 0, "num_statements": 4, "percent_covered": 0.0, "percent_covered_display": "0", "missing_lines": 4, "excluded_lines": 0, "percent_statements_covered": 0.0, "percent_statements_covered_display": "0", "num_branches": 2, "num_partial_branches": 0, "covered_branches": 0, "missing_branches": 2, "percent_branches_covered": 0.0, "percent_branches_covered_display": "0"}, "missing_lines": [35, 36, 39, 40], "excluded_lines": [], "start_line": 34, "executed_branches": [], "missing_branches": [[35, 36], [35, 39]]}, "calculate_at_hash": {"executed_lines": [], "summary": {"covered_lines": 0, "num_statements": 5, "percent_covered": 0.0, "percent_covered_display": "0", "missing_lines": 5, "excluded_lines": 0, "percent_statements_covered": 0.0, "percent_statements_covered_display": "0", "num_branches": 0, "num_partial_branches": 0, "covered_branches": 0, "missing_branches": 0, "percent_branches_covered": 100.0, "percent_branches_covered_display": "100"}, "missing_lines": [59, 60, 61, 62, 63], "excluded_lines": [], "start_line": 43, "executed_branches": [], "missing_branches": []}, "base64url_decode": {"executed_lines": [73, 75, 76, 78], "summary": {"covered_lines": 4, "num_statements": 4, "percent_covered": 100.0, "percent_covered_display": "100", "missing_lines": 0, "excluded_lines": 0, "percent_statements_covered": 100.0, "percent_statements_covered_display": "100", "num_branches": 2, "num_partial_branches": 0, "covered_branches": 2, "missing_branches": 0, "percent_branches_covered": 100.0, "percent_branches_covered_display": "100"}, "missing_lines": [], "excluded_lines": [], "start_line": 66, "executed_branches": [[75, 76], [75, 78]], "missing_branches": []}, "base64url_encode": {"executed_lines": [88], "summary": {"covered_lines": 1, "num_statements": 1, "percent_covered": 100.0, "percent_covered_display": "100", "missing_lines": 0, "excluded_lines": 0, "percent_statements_covered": 100.0, "percent_statements_covered_display": "100", "num_branches": 0, "num_partial_branches": 0, "covered_branches": 0, "missing_branches": 0, "percent_branches_covered": 100.0, "percent_branches_covered_display": "100"}, "missing_lines": [], "excluded_lines": [], "start_line": 81, "executed_branches": [], "missing_branches": []}, "timedelta_total_seconds": {"executed_lines": [], "summary": {"covered_lines": 0, "num_statements": 1, "percent_covered": 0.0, "percent_covered_display": "0", "missing_lines": 1, "excluded_lines": 0, "percent_statements_covered": 0.0, "percent_statements_covered_display": "0", "num_branches": 0, "num_partial_branches": 0, "covered_branches": 0, "missing_branches": 0, "percent_branches_covered": 100.0, "percent_branches_covered_display": "100"}, "missing_lines": [98], "excluded_lines": [], "start_line": 91, "executed_branches": [], "missing_branches": []}, "ensure_binary": {"executed_lines": [104, 105, 106, 107], "summary": {"covered_lines": 4, "num_statements": 5, "percent_covered": 77.77777777777777, "percent_covered_display": "78", "missing_lines": 1, "excluded_lines": 0, "percent_statements_covered": 80.0, "percent_statements_covered_display": "80", "num_branches": 4, "num_partial_branches": 1, "covered_branches": 3, "missing_branches": 1, "percent_branches_covered": 75.0, "percent_branches_covered_display": "75"}, "missing_lines": [108], "excluded_lines": [], "start_line": 101, "executed_branches": [[104, 105], [104, 106], [106, 107]], "missing_branches": [[106, 108]]}, "is_pem_format": {"executed_lines": [139], "summary": {"covered_lines": 1, "num_statements": 1, "percent_covered": 100.0, "percent_covered_display": "100", "missing_lines": 0, "excluded_lines": 0, "percent_statements_covered": 100.0, "percent_statements_covered_display": "100", "num_branches": 0, "num_partial_branches": 0, "covered_branches": 0, "missing_branches": 0, "percent_branches_covered": 100.0, "percent_branches_covered_display": "100"}, "missing_lines": [], "excluded_lines": [], "start_line": 138, "executed_branches": [], "missing_branches": []}, "is_ssh_key": {"executed_lines": [158, 160, 161, 165], "summary": {"covered_lines": 4, "num_statements": 8, "percent_covered": 42.857142857142854, "percent_covered_display": "43", "missing_lines": 4, "excluded_lines": 0, "percent_statements_covered": 50.0, "percent_statements_covered_display": "50", "num_branches": 6, "num_partial_branches": 2, "covered_branches": 2, "missing_branches": 4, "percent_branches_covered": 33.333333333333336, "percent_branches_covered_display": "33"}, "missing_lines": [159, 162, 163, 164], "excluded_lines": [], "start_line": 157, "executed_branches": [[158, 160], [161, 165]], "missing_branches": [[158, 159], [161, 162], [163, 164], [163, 165]]}, "": {"executed_lines": [1, 2, 3, 7, 8, 10, 26, 30, 34, 43, 66, 81, 91, 101, 115, 133, 138, 145, 146, 147, 157], "summary": {"covered_lines": 21, "num_statements": 30, "percent_covered": 65.625, "percent_covered_display": "66", "missing_lines": 9, "excluded_lines": 0, "percent_statements_covered": 70.0, "percent_statements_covered_display": "70", "num_branches": 2, "num_partial_branches": 0, "covered_branches": 0, "missing_branches": 2, "percent_branches_covered": 0.0, "percent_branches_covered_display": "0"}, "missing_lines": [13, 14, 16, 17, 18, 19, 21, 22, 23], "excluded_lines": [], "start_line": 1, "executed_branches": [], "missing_branches": [[18, 19], [18, 21]]}}, "classes": {"": {"executed_lines": [1, 2, 3, 7, 8, 10, 26, 30, 34, 43, 66, 73, 75, 76, 78, 81, 88, 91, 101, 104, 105, 106, 107, 115, 133, 138, 139, 145, 146, 147, 157, 158, 160, 161, 165], "summary": {"covered_lines": 35, "num_statements": 62, "percent_covered": 53.84615384615385, "percent_covered_display": "54", "missing_lines": 27, "excluded_lines": 0, "percent_statements_covered": 56.45161290322581, "percent_statements_covered_display": "56", "num_branches": 16, "num_partial_branches": 3, "covered_branches": 7, "missing_branches": 9, "percent_branches_covered": 43.75, "percent_branches_covered_display": "44"}, "missing_lines": [11, 13, 14, 16, 17, 18, 19, 21, 22, 23, 27, 31, 35, 36, 39, 40, 59, 60, 61, 62, 63, 98, 108, 159, 162, 163, 164], "excluded_lines": [], "start_line": 1, "executed_branches": [[75, 76], [75, 78], [104, 105], [104, 106], [106, 107], [158, 160], [161, 165]], "missing_branches": [[18, 19], [18, 21], [35, 36], [35, 39], [106, 108], [158, 159], [161, 162], [163, 164], [163, 165]]}}}}, "totals": {"covered_lines": 640, "num_statements": 1453, "percent_covered": 40.58981233243968, "percent_covered_display": "41", "missing_lines": 813, "excluded_lines": 0, "percent_statements_covered": 44.046799724707505, "percent_statements_covered_display": "44", "num_branches": 412, "num_partial_branches": 91, "covered_branches": 117, "missing_branches": 295, "percent_branches_covered": 28.398058252427184, "percent_branches_covered_display": "28"}}