<?xml version="1.0" encoding="utf-8"?><testsuites name="pytest tests"><testsuite name="pytest" errors="0" failures="2" skipped="0" tests="11" time="0.405" timestamp="2026-09-12T06:51:07.200016+00:00" hostname="f30b7d73d846"><testcase classname="tests.test_python_jose_cve_cve_2024_29370" name="test_pysec_2025_185_fix_pinning" time="0.001"><failure message="jose.exceptions.JWEError: module 'lib' has no attribute 'RAND_bytes'">self = &lt;jose.backends.cryptography_backend.CryptographyAESKey object at 0x7feda560ec60&gt;
plain_text = b'x\x9c\xcbH\xcd\xc9\xc9W(\xcf/\xcaI\xc9\xa0=\x13\x00r\xd9+\x99'
aad = b'eyJhbGciOiJkaXIiLCJlbmMiOiJBMTI4R0NNIiwiemlwIjoiREVGIn0'

    def encrypt(self, plain_text, aad=None):
        plain_text = ensure_binary(plain_text)
        try:
            iv_byte_length = self.IV_BYTE_LENGTH_MODE_MAP.get(self._mode.name, algorithms.AES.block_size)
&gt;           iv = get_random_bytes(iv_byte_length)
                 ^^^^^^^^^^^^^^^^^^^^^^^^^^^^^^^^

venv/lib/python3.12/site-packages/jose/backends/cryptography_backend.py:482: 
_ _ _ _ _ _ _ _ _ _ _ _ _ _ _ _ _ _ _ _ _ _ _ _ _ _ _ _ _ _ _ _ _ _ _ _ _ _ _ _ 

num_bytes = 12

    def get_random_bytes(num_bytes):
        """
        Get random bytes
    
        Currently, Cryptography returns OS random bytes. If you want OpenSSL
        generated random bytes, you'll have to switch the RAND engine after
        initializing the OpenSSL backend
        Args:
            num_bytes (int): Number of random bytes to generate and return
        Returns:
            bytes: Random bytes
        """
        global _binding
    
        if _binding is None:
            _binding = Binding()
    
        buf = _binding.ffi.new("char[]", num_bytes)
&gt;       _binding.lib.RAND_bytes(buf, num_bytes)
        ^^^^^^^^^^^^^^^^^^^^^^^
E       AttributeError: module 'lib' has no attribute 'RAND_bytes'. Did you mean: 'RAND_status'?

venv/lib/python3.12/site-packages/jose/backends/cryptography_backend.py:51: AttributeError

During handling of the above exception, another exception occurred:

    def test_pysec_2025_185_fix_pinning():
        """jwe.decrypt must reject a JWE string longer than the size limit (JWEError)."""
&gt;       token = _make_token()
                ^^^^^^^^^^^^^

tests/test_python_jose_cve_cve_2024_29370.py:22: 
_ _ _ _ _ _ _ _ _ _ _ _ _ _ _ _ _ _ _ _ _ _ _ _ _ _ _ _ _ _ _ _ _ _ _ _ _ _ _ _ 
tests/test_python_jose_cve_cve_2024_29370.py:17: in _make_token
    return jwe.encrypt(plaintext, KEY, algorithm="dir", encryption="A128GCM", zip="DEF")
           ^^^^^^^^^^^^^^^^^^^^^^^^^^^^^^^^^^^^^^^^^^^^^^^^^^^^^^^^^^^^^^^^^^^^^^^^^^^^^
venv/lib/python3.12/site-packages/jose/jwe.py:54: in encrypt
    enc_cek, iv, cipher_text, auth_tag = _encrypt_and_auth(key, algorithm, encryption, zip, plaintext, encoded_header)
                                         ^^^^^^^^^^^^^^^^^^^^^^^^^^^^^^^^^^^^^^^^^^^^^^^^^^^^^^^^^^^^^^^^^^^^^^^^^^^^^
venv/lib/python3.12/site-packages/jose/jwe.py:399: in _encrypt_and_auth
    iv, ciphertext, auth_tag = encryption_key.encrypt(plaintext, aad)
                               ^^^^^^^^^^^^^^^^^^^^^^^^^^^^^^^^^^^^^^
_ _ _ _ _ _ _ _ _ _ _ _ _ _ _ _ _ _ _ _ _ _ _ _ _ _ _ _ _ _ _ _ _ _ _ _ _ _ _ _ 

self = &lt;jose.backends.cryptography_backend.CryptographyAESKey object at 0x7feda560ec60&gt;
plain_text = b'x\x9c\xcbH\xcd\xc9\xc9W(\xcf/\xcaI\xc9\xa0=\x13\x00r\xd9+\x99'
aad = b'eyJhbGciOiJkaXIiLCJlbmMiOiJBMTI4R0NNIiwiemlwIjoiREVGIn0'

    def encrypt(self, plain_text, aad=None):
        plain_text = ensure_binary(plain_text)
        try:
            iv_byte_length = self.IV_BYTE_LENGTH_MODE_MAP.get(self._mode.name, algorithms.AES.block_size)
            iv = get_random_bytes(iv_byte_length)
            mode = self._mode(iv)
            if mode.name == "GCM":
                cipher = aead.AESGCM(self._key)
                cipher_text_and_tag = cipher.encrypt(iv, plain_text, aad)
                cipher_text = cipher_text_and_tag[: len(cipher_text_and_tag) - 16]
                auth_tag = cipher_text_and_tag[-16:]
            else:
                cipher = Cipher(algorithms.AES(self._key), mode, backend=default_backend())
                encryptor = cipher.encryptor()
                padder = PKCS7(algorithms.AES.block_size).padder()
                padded_data = padder.update(plain_text)
                padded_data += padder.finalize()
                cipher_text = encryptor.update(padded_data) + encryptor.finalize()
                auth_tag = None
            return iv, cipher_text, auth_tag
        except Exception as e:
&gt;           raise JWEError(e)
E           jose.exceptions.JWEError: module 'lib' has no attribute 'RAND_bytes'

venv/lib/python3.12/site-packages/jose/backends/cryptography_backend.py:499: JWEError</failure></testcase><testcase classname="tests.test_python_jose_cve_cve_2024_29370" name="test_pysec_2025_185_exposure" time="0.001"><failure message="jose.exceptions.JWEError: module 'lib' has no attribute 'RAND_bytes'">self = &lt;jose.backends.cryptography_backend.CryptographyAESKey object at 0x7feda560e8d0&gt;
plain_text = b'x\x9c\xcbH\xcd\xc9\xc9W(\xcf/\xcaI\xc9\xa0=\x13\x00r\xd9+\x99'
aad = b'eyJhbGciOiJkaXIiLCJlbmMiOiJBMTI4R0NNIiwiemlwIjoiREVGIn0'

    def encrypt(self, plain_text, aad=None):
        plain_text = ensure_binary(plain_text)
        try:
            iv_byte_length = self.IV_BYTE_LENGTH_MODE_MAP.get(self._mode.name, algorithms.AES.block_size)
&gt;           iv = get_random_bytes(iv_byte_length)
                 ^^^^^^^^^^^^^^^^^^^^^^^^^^^^^^^^

venv/lib/python3.12/site-packages/jose/backends/cryptography_backend.py:482: 
_ _ _ _ _ _ _ _ _ _ _ _ _ _ _ _ _ _ _ _ _ _ _ _ _ _ _ _ _ _ _ _ _ _ _ _ _ _ _ _ 

num_bytes = 12

    def get_random_bytes(num_bytes):
        """
        Get random bytes
    
        Currently, Cryptography returns OS random bytes. If you want OpenSSL
        generated random bytes, you'll have to switch the RAND engine after
        initializing the OpenSSL backend
        Args:
            num_bytes (int): Number of random bytes to generate and return
        Returns:
            bytes: Random bytes
        """
        global _binding
    
        if _binding is None:
            _binding = Binding()
    
        buf = _binding.ffi.new("char[]", num_bytes)
&gt;       _binding.lib.RAND_bytes(buf, num_bytes)
        ^^^^^^^^^^^^^^^^^^^^^^^
E       AttributeError: module 'lib' has no attribute 'RAND_bytes'. Did you mean: 'RAND_status'?

venv/lib/python3.12/site-packages/jose/backends/cryptography_backend.py:51: AttributeError

During handling of the above exception, another exception occurred:

    def test_pysec_2025_185_exposure():
        """Same oversized-token trigger as an application would pass to jwe.decrypt."""
&gt;       token = _make_token()
                ^^^^^^^^^^^^^

tests/test_python_jose_cve_cve_2024_29370.py:35: 
_ _ _ _ _ _ _ _ _ _ _ _ _ _ _ _ _ _ _ _ _ _ _ _ _ _ _ _ _ _ _ _ _ _ _ _ _ _ _ _ 
tests/test_python_jose_cve_cve_2024_29370.py:17: in _make_token
    return jwe.encrypt(plaintext, KEY, algorithm="dir", encryption="A128GCM", zip="DEF")
           ^^^^^^^^^^^^^^^^^^^^^^^^^^^^^^^^^^^^^^^^^^^^^^^^^^^^^^^^^^^^^^^^^^^^^^^^^^^^^
venv/lib/python3.12/site-packages/jose/jwe.py:54: in encrypt
    enc_cek, iv, cipher_text, auth_tag = _encrypt_and_auth(key, algorithm, encryption, zip, plaintext, encoded_header)
                                         ^^^^^^^^^^^^^^^^^^^^^^^^^^^^^^^^^^^^^^^^^^^^^^^^^^^^^^^^^^^^^^^^^^^^^^^^^^^^^
venv/lib/python3.12/site-packages/jose/jwe.py:399: in _encrypt_and_auth
    iv, ciphertext, auth_tag = encryption_key.encrypt(plaintext, aad)
                               ^^^^^^^^^^^^^^^^^^^^^^^^^^^^^^^^^^^^^^
_ _ _ _ _ _ _ _ _ _ _ _ _ _ _ _ _ _ _ _ _ _ _ _ _ _ _ _ _ _ _ _ _ _ _ _ _ _ _ _ 

self = &lt;jose.backends.cryptography_backend.CryptographyAESKey object at 0x7feda560e8d0&gt;
plain_text = b'x\x9c\xcbH\xcd\xc9\xc9W(\xcf/\xcaI\xc9\xa0=\x13\x00r\xd9+\x99'
aad = b'eyJhbGciOiJkaXIiLCJlbmMiOiJBMTI4R0NNIiwiemlwIjoiREVGIn0'

    def encrypt(self, plain_text, aad=None):
        plain_text = ensure_binary(plain_text)
        try:
            iv_byte_length = self.IV_BYTE_LENGTH_MODE_MAP.get(self._mode.name, algorithms.AES.block_size)
            iv = get_random_bytes(iv_byte_length)
            mode = self._mode(iv)
            if mode.name == "GCM":
                cipher = aead.AESGCM(self._key)
                cipher_text_and_tag = cipher.encrypt(iv, plain_text, aad)
                cipher_text = cipher_text_and_tag[: len(cipher_text_and_tag) - 16]
                auth_tag = cipher_text_and_tag[-16:]
            else:
                cipher = Cipher(algorithms.AES(self._key), mode, backend=default_backend())
                encryptor = cipher.encryptor()
                padder = PKCS7(algorithms.AES.block_size).padder()
                padded_data = padder.update(plain_text)
                padded_data += padder.finalize()
                cipher_text = encryptor.update(padded_data) + encryptor.finalize()
                auth_tag = None
            return iv, cipher_text, auth_tag
        except Exception as e:
&gt;           raise JWEError(e)
E           jose.exceptions.JWEError: module 'lib' has no attribute 'RAND_bytes'

venv/lib/python3.12/site-packages/jose/backends/cryptography_backend.py:499: JWEError</failure></testcase><testcase classname="tests.test_python_jose_cve_cve_2024_33663" name="test_ghsa_6c5p_j8vq_pqhj_fix_pinning" time="0.003" /><testcase classname="tests.test_python_jose_cve_cve_2024_33663" name="test_ghsa_6c5p_j8vq_pqhj_exposure" time="0.001" /><testcase classname="tests.test_python_jose_cve_cve_2024_33664" name="test_ghsa_cjwg_qfpm_7377_fix_pinning" time="0.003" /><testcase classname="tests.test_python_jose_cve_cve_2024_33664" name="test_ghsa_cjwg_qfpm_7377_exposure" time="0.002" /><testcase classname="tests.test_python_jose_unit" name="test_jwt_encode_decode_roundtrip" time="0.001" /><testcase classname="tests.test_python_jose_unit" name="test_jwt_decode_wrong_key_raises_jwterror" time="0.001" /><testcase classname="tests.test_python_jose_unit" name="test_jwt_get_unverified_header" time="0.001" /><testcase classname="tests.test_python_jose_unit" name="test_jwt_get_unverified_claims" time="0.001" /><testcase classname="tests.test_python_jose_unit" name="test_jwt_decode_expired_raises_expiredsignatureerror" time="0.001" /></testsuite></testsuites>