<?xml version="1.0" encoding="utf-8"?>
<testsuites><testsuite name="go test" tests="4" failures="0" errors="4" skipped="0"><testcase classname="harnesstest" name="Test_GHSA_jpcw_4wr7_c3vq_fix_pinning" time="0.000"><error message="did not compile: ./kin_openapi_cve_cve_2026_73502_test.go:65:27: undefined: openapi3filter.NewRouter; ./kin_openapi_cve_cve_2026_73502_test.go:66:34: undefined: openapi3filter.Route">did not compile: ./kin_openapi_cve_cve_2026_73502_test.go:65:27: undefined: openapi3filter.NewRouter; ./kin_openapi_cve_cve_2026_73502_test.go:66:34: undefined: openapi3filter.Route</error></testcase><testcase classname="harnesstest" name="Test_GHSA_jpcw_4wr7_c3vq_exposure" time="0.000"><error message="did not compile: ./kin_openapi_cve_cve_2026_73502_test.go:65:27: undefined: openapi3filter.NewRouter; ./kin_openapi_cve_cve_2026_73502_test.go:66:34: undefined: openapi3filter.Route">did not compile: ./kin_openapi_cve_cve_2026_73502_test.go:65:27: undefined: openapi3filter.NewRouter; ./kin_openapi_cve_cve_2026_73502_test.go:66:34: undefined: openapi3filter.Route</error></testcase><testcase classname="harnesstest" name="Test_GHSA_xhj3_7xw9_vr34_fix_pinning" time="0.000"><error message="did not compile: ./kin_openapi_cve_cve_2026_77354_test.go:35:17: cannot use true (untyped bool constant) as *bool value in struct literal; ./kin_openapi_cve_cve_2026_77354_test.go:65:3: unknown field Parameters in struct literal of type openapi3filter.RequestValidationInput; ./kin_openapi_cve_cve_20">did not compile: ./kin_openapi_cve_cve_2026_77354_test.go:35:17: cannot use true (untyped bool constant) as *bool value in struct literal; ./kin_openapi_cve_cve_2026_77354_test.go:65:3: unknown field Parameters in struct literal of type openapi3filter.RequestValidationInput; ./kin_openapi_cve_cve_2026_77354_test.go:95:17: cannot use true (untyped bool constant) as *bool value in struct literal; ./kin_openapi_cve_cve_2026_77354_test.go:125:3: unknown field Parameters in struct literal of type openapi3filter.RequestValidationInput</error></testcase><testcase classname="harnesstest" name="Test_GHSA_xhj3_7xw9_vr34_exposure" time="0.000"><error message="did not compile: ./kin_openapi_cve_cve_2026_77354_test.go:35:17: cannot use true (untyped bool constant) as *bool value in struct literal; ./kin_openapi_cve_cve_2026_77354_test.go:65:3: unknown field Parameters in struct literal of type openapi3filter.RequestValidationInput; ./kin_openapi_cve_cve_20">did not compile: ./kin_openapi_cve_cve_2026_77354_test.go:35:17: cannot use true (untyped bool constant) as *bool value in struct literal; ./kin_openapi_cve_cve_2026_77354_test.go:65:3: unknown field Parameters in struct literal of type openapi3filter.RequestValidationInput; ./kin_openapi_cve_cve_2026_77354_test.go:95:17: cannot use true (untyped bool constant) as *bool value in struct literal; ./kin_openapi_cve_cve_2026_77354_test.go:125:3: unknown field Parameters in struct literal of type openapi3filter.RequestValidationInput</error></testcase></testsuite></testsuites>
