mode: set
github.com/getkin/kin-openapi/openapi3/callback.go:17.55,19.27 2 0
github.com/getkin/kin-openapi/openapi3/callback.go:19.27,21.3 1 0
github.com/getkin/kin-openapi/openapi3/callback.go:22.2,22.17 1 0
github.com/getkin/kin-openapi/openapi3/callback.go:29.68,30.34 1 0
github.com/getkin/kin-openapi/openapi3/callback.go:30.34,31.42 1 0
github.com/getkin/kin-openapi/openapi3/callback.go:31.42,33.4 1 0
github.com/getkin/kin-openapi/openapi3/callback.go:38.89,41.38 2 0
github.com/getkin/kin-openapi/openapi3/callback.go:41.38,43.41 2 0
github.com/getkin/kin-openapi/openapi3/callback.go:43.41,45.4 1 0
github.com/getkin/kin-openapi/openapi3/callback.go:48.2,48.70 1 0
github.com/getkin/kin-openapi/openapi3/callback.go:52.68,55.2 2 0
github.com/getkin/kin-openapi/openapi3/components.go:39.33,41.2 1 0
github.com/getkin/kin-openapi/openapi3/components.go:44.60,46.16 2 0
github.com/getkin/kin-openapi/openapi3/components.go:46.16,48.3 1 0
github.com/getkin/kin-openapi/openapi3/components.go:49.2,49.24 1 0
github.com/getkin/kin-openapi/openapi3/components.go:53.57,56.42 3 0
github.com/getkin/kin-openapi/openapi3/components.go:56.42,58.3 1 0
github.com/getkin/kin-openapi/openapi3/components.go:59.2,59.45 1 0
github.com/getkin/kin-openapi/openapi3/components.go:59.45,61.3 1 0
github.com/getkin/kin-openapi/openapi3/components.go:62.2,62.42 1 0
github.com/getkin/kin-openapi/openapi3/components.go:62.42,64.3 1 0
github.com/getkin/kin-openapi/openapi3/components.go:65.2,65.48 1 0
github.com/getkin/kin-openapi/openapi3/components.go:65.48,67.3 1 0
github.com/getkin/kin-openapi/openapi3/components.go:68.2,68.44 1 0
github.com/getkin/kin-openapi/openapi3/components.go:68.44,70.3 1 0
github.com/getkin/kin-openapi/openapi3/components.go:71.2,71.50 1 0
github.com/getkin/kin-openapi/openapi3/components.go:71.50,73.3 1 0
github.com/getkin/kin-openapi/openapi3/components.go:74.2,74.43 1 0
github.com/getkin/kin-openapi/openapi3/components.go:74.43,76.3 1 0
github.com/getkin/kin-openapi/openapi3/components.go:77.2,77.40 1 0
github.com/getkin/kin-openapi/openapi3/components.go:77.40,79.3 1 0
github.com/getkin/kin-openapi/openapi3/components.go:80.2,80.44 1 0
github.com/getkin/kin-openapi/openapi3/components.go:80.44,82.3 1 0
github.com/getkin/kin-openapi/openapi3/components.go:83.2,83.15 1 0
github.com/getkin/kin-openapi/openapi3/components.go:87.64,90.49 3 1
github.com/getkin/kin-openapi/openapi3/components.go:90.49,92.3 1 0
github.com/getkin/kin-openapi/openapi3/components.go:93.2,103.28 11 1
github.com/getkin/kin-openapi/openapi3/components.go:103.28,105.3 1 1
github.com/getkin/kin-openapi/openapi3/components.go:106.2,107.12 2 1
github.com/getkin/kin-openapi/openapi3/components.go:111.93,115.89 3 1
github.com/getkin/kin-openapi/openapi3/components.go:115.89,116.27 1 1
github.com/getkin/kin-openapi/openapi3/components.go:116.27,117.52 1 1
github.com/getkin/kin-openapi/openapi3/components.go:117.52,118.101 1 0
github.com/getkin/kin-openapi/openapi3/components.go:118.101,120.6 1 0
github.com/getkin/kin-openapi/openapi3/components.go:126.5,126.13 1 0
github.com/getkin/kin-openapi/openapi3/components.go:128.4,128.32 1 1
github.com/getkin/kin-openapi/openapi3/components.go:128.32,128.103 1 0
github.com/getkin/kin-openapi/openapi3/components.go:129.4,129.60 1 1
github.com/getkin/kin-openapi/openapi3/components.go:129.60,131.5 1 0
github.com/getkin/kin-openapi/openapi3/components.go:133.3,133.13 1 1
github.com/getkin/kin-openapi/openapi3/components.go:136.2,136.91 1 1
github.com/getkin/kin-openapi/openapi3/components.go:136.91,138.3 1 0
github.com/getkin/kin-openapi/openapi3/components.go:138.17,140.3 1 0
github.com/getkin/kin-openapi/openapi3/components.go:142.2,142.97 1 1
github.com/getkin/kin-openapi/openapi3/components.go:142.97,144.3 1 0
github.com/getkin/kin-openapi/openapi3/components.go:144.17,146.3 1 0
github.com/getkin/kin-openapi/openapi3/components.go:148.2,148.103 1 1
github.com/getkin/kin-openapi/openapi3/components.go:148.103,150.3 1 0
github.com/getkin/kin-openapi/openapi3/components.go:150.17,152.3 1 0
github.com/getkin/kin-openapi/openapi3/components.go:154.2,154.95 1 1
github.com/getkin/kin-openapi/openapi3/components.go:154.95,156.3 1 0
github.com/getkin/kin-openapi/openapi3/components.go:156.17,158.3 1 0
github.com/getkin/kin-openapi/openapi3/components.go:160.2,160.91 1 1
github.com/getkin/kin-openapi/openapi3/components.go:160.91,162.3 1 0
github.com/getkin/kin-openapi/openapi3/components.go:162.17,164.3 1 0
github.com/getkin/kin-openapi/openapi3/components.go:166.2,166.108 1 1
github.com/getkin/kin-openapi/openapi3/components.go:166.108,168.3 1 1
github.com/getkin/kin-openapi/openapi3/components.go:168.17,170.3 1 0
github.com/getkin/kin-openapi/openapi3/components.go:172.2,172.93 1 1
github.com/getkin/kin-openapi/openapi3/components.go:172.93,174.3 1 0
github.com/getkin/kin-openapi/openapi3/components.go:174.17,176.3 1 0
github.com/getkin/kin-openapi/openapi3/components.go:178.2,178.87 1 1
github.com/getkin/kin-openapi/openapi3/components.go:178.87,180.3 1 0
github.com/getkin/kin-openapi/openapi3/components.go:180.17,182.3 1 0
github.com/getkin/kin-openapi/openapi3/components.go:184.2,184.95 1 1
github.com/getkin/kin-openapi/openapi3/components.go:184.95,186.3 1 0
github.com/getkin/kin-openapi/openapi3/components.go:186.17,188.3 1 0
github.com/getkin/kin-openapi/openapi3/components.go:190.2,190.87 1 1
github.com/getkin/kin-openapi/openapi3/components.go:196.56,197.40 1 0
github.com/getkin/kin-openapi/openapi3/components.go:197.40,199.3 1 0
github.com/getkin/kin-openapi/openapi3/components.go:199.8,199.36 1 0
github.com/getkin/kin-openapi/openapi3/components.go:199.36,201.3 1 0
github.com/getkin/kin-openapi/openapi3/components.go:201.8,203.3 1 0
github.com/getkin/kin-openapi/openapi3/components.go:209.62,210.40 1 0
github.com/getkin/kin-openapi/openapi3/components.go:210.40,212.3 1 0
github.com/getkin/kin-openapi/openapi3/components.go:212.8,212.36 1 0
github.com/getkin/kin-openapi/openapi3/components.go:212.36,214.3 1 0
github.com/getkin/kin-openapi/openapi3/components.go:214.8,216.3 1 0
github.com/getkin/kin-openapi/openapi3/components.go:222.56,223.40 1 0
github.com/getkin/kin-openapi/openapi3/components.go:223.40,225.3 1 0
github.com/getkin/kin-openapi/openapi3/components.go:225.8,225.36 1 0
github.com/getkin/kin-openapi/openapi3/components.go:225.36,227.3 1 0
github.com/getkin/kin-openapi/openapi3/components.go:227.8,229.3 1 0
github.com/getkin/kin-openapi/openapi3/components.go:235.62,236.40 1 0
github.com/getkin/kin-openapi/openapi3/components.go:236.40,238.3 1 0
github.com/getkin/kin-openapi/openapi3/components.go:238.8,238.36 1 0
github.com/getkin/kin-openapi/openapi3/components.go:238.36,240.3 1 0
github.com/getkin/kin-openapi/openapi3/components.go:240.8,242.3 1 0
github.com/getkin/kin-openapi/openapi3/components.go:248.63,249.40 1 0
github.com/getkin/kin-openapi/openapi3/components.go:249.40,251.3 1 0
github.com/getkin/kin-openapi/openapi3/components.go:251.8,251.36 1 0
github.com/getkin/kin-openapi/openapi3/components.go:251.36,253.3 1 0
github.com/getkin/kin-openapi/openapi3/components.go:253.8,255.3 1 0
github.com/getkin/kin-openapi/openapi3/components.go:261.64,262.40 1 0
github.com/getkin/kin-openapi/openapi3/components.go:262.40,264.3 1 0
github.com/getkin/kin-openapi/openapi3/components.go:264.8,264.36 1 0
github.com/getkin/kin-openapi/openapi3/components.go:264.36,266.3 1 0
github.com/getkin/kin-openapi/openapi3/components.go:266.8,268.3 1 0
github.com/getkin/kin-openapi/openapi3/components.go:274.57,275.40 1 0
github.com/getkin/kin-openapi/openapi3/components.go:275.40,277.3 1 0
github.com/getkin/kin-openapi/openapi3/components.go:277.8,277.36 1 0
github.com/getkin/kin-openapi/openapi3/components.go:277.36,279.3 1 0
github.com/getkin/kin-openapi/openapi3/components.go:279.8,281.3 1 0
github.com/getkin/kin-openapi/openapi3/components.go:287.54,288.40 1 0
github.com/getkin/kin-openapi/openapi3/components.go:288.40,290.3 1 0
github.com/getkin/kin-openapi/openapi3/components.go:290.8,290.36 1 0
github.com/getkin/kin-openapi/openapi3/components.go:290.36,292.3 1 0
github.com/getkin/kin-openapi/openapi3/components.go:292.8,294.3 1 0
github.com/getkin/kin-openapi/openapi3/components.go:300.58,301.40 1 0
github.com/getkin/kin-openapi/openapi3/components.go:301.40,303.3 1 0
github.com/getkin/kin-openapi/openapi3/components.go:303.8,303.36 1 0
github.com/getkin/kin-openapi/openapi3/components.go:303.36,305.3 1 0
github.com/getkin/kin-openapi/openapi3/components.go:305.8,307.3 1 0
github.com/getkin/kin-openapi/openapi3/contact.go:21.54,23.16 2 0
github.com/getkin/kin-openapi/openapi3/contact.go:23.16,25.3 1 0
github.com/getkin/kin-openapi/openapi3/contact.go:26.2,26.24 1 0
github.com/getkin/kin-openapi/openapi3/contact.go:30.51,33.32 3 0
github.com/getkin/kin-openapi/openapi3/contact.go:33.32,35.3 1 0
github.com/getkin/kin-openapi/openapi3/contact.go:36.2,36.31 1 0
github.com/getkin/kin-openapi/openapi3/contact.go:36.31,38.3 1 0
github.com/getkin/kin-openapi/openapi3/contact.go:39.2,39.33 1 0
github.com/getkin/kin-openapi/openapi3/contact.go:39.33,41.3 1 0
github.com/getkin/kin-openapi/openapi3/contact.go:42.2,42.15 1 0
github.com/getkin/kin-openapi/openapi3/contact.go:46.58,49.49 3 0
github.com/getkin/kin-openapi/openapi3/contact.go:49.49,51.3 1 0
github.com/getkin/kin-openapi/openapi3/contact.go:52.2,57.28 5 0
github.com/getkin/kin-openapi/openapi3/contact.go:57.28,59.3 1 0
github.com/getkin/kin-openapi/openapi3/contact.go:60.2,61.12 2 0
github.com/getkin/kin-openapi/openapi3/contact.go:65.87,69.2 2 0
github.com/getkin/kin-openapi/openapi3/content.go:11.27,13.2 1 0
github.com/getkin/kin-openapi/openapi3/content.go:15.70,16.24 1 0
github.com/getkin/kin-openapi/openapi3/content.go:16.24,20.3 1 0
github.com/getkin/kin-openapi/openapi3/content.go:21.2,22.37 2 0
github.com/getkin/kin-openapi/openapi3/content.go:22.37,24.3 1 0
github.com/getkin/kin-openapi/openapi3/content.go:25.2,25.16 1 0
github.com/getkin/kin-openapi/openapi3/content.go:28.76,29.24 1 0
github.com/getkin/kin-openapi/openapi3/content.go:29.24,33.3 1 0
github.com/getkin/kin-openapi/openapi3/content.go:34.2,35.37 2 0
github.com/getkin/kin-openapi/openapi3/content.go:35.37,37.3 1 0
github.com/getkin/kin-openapi/openapi3/content.go:38.2,38.16 1 0
github.com/getkin/kin-openapi/openapi3/content.go:41.55,45.2 1 0
github.com/getkin/kin-openapi/openapi3/content.go:46.61,50.2 1 0
github.com/getkin/kin-openapi/openapi3/content.go:52.59,56.2 1 0
github.com/getkin/kin-openapi/openapi3/content.go:58.65,62.2 1 0
github.com/getkin/kin-openapi/openapi3/content.go:64.52,68.16 1 0
github.com/getkin/kin-openapi/openapi3/content.go:68.16,70.3 1 0
github.com/getkin/kin-openapi/openapi3/content.go:73.2,73.34 1 0
github.com/getkin/kin-openapi/openapi3/content.go:73.34,75.3 1 0
github.com/getkin/kin-openapi/openapi3/content.go:79.2,80.11 2 0
github.com/getkin/kin-openapi/openapi3/content.go:80.11,84.3 1 0
github.com/getkin/kin-openapi/openapi3/content.go:85.2,86.34 2 0
github.com/getkin/kin-openapi/openapi3/content.go:86.34,88.3 1 0
github.com/getkin/kin-openapi/openapi3/content.go:91.2,92.11 2 0
github.com/getkin/kin-openapi/openapi3/content.go:92.11,97.3 1 0
github.com/getkin/kin-openapi/openapi3/content.go:98.2,99.34 2 0
github.com/getkin/kin-openapi/openapi3/content.go:99.34,101.3 1 0
github.com/getkin/kin-openapi/openapi3/content.go:104.2,104.23 1 0
github.com/getkin/kin-openapi/openapi3/content.go:108.86,111.44 2 0
github.com/getkin/kin-openapi/openapi3/content.go:111.44,112.50 1 0
github.com/getkin/kin-openapi/openapi3/content.go:112.50,114.4 1 0
github.com/getkin/kin-openapi/openapi3/content.go:116.2,116.12 1 0
github.com/getkin/kin-openapi/openapi3/content.go:120.64,123.2 2 0
github.com/getkin/kin-openapi/openapi3/discriminator.go:24.56,27.2 2 0
github.com/getkin/kin-openapi/openapi3/discriminator.go:29.52,31.2 1 0
github.com/getkin/kin-openapi/openapi3/discriminator.go:34.66,36.16 2 0
github.com/getkin/kin-openapi/openapi3/discriminator.go:36.16,38.3 1 0
github.com/getkin/kin-openapi/openapi3/discriminator.go:39.2,39.24 1 0
github.com/getkin/kin-openapi/openapi3/discriminator.go:43.63,47.45 4 0
github.com/getkin/kin-openapi/openapi3/discriminator.go:47.45,49.3 1 0
github.com/getkin/kin-openapi/openapi3/discriminator.go:50.2,50.15 1 0
github.com/getkin/kin-openapi/openapi3/discriminator.go:54.70,57.49 3 0
github.com/getkin/kin-openapi/openapi3/discriminator.go:57.49,59.3 1 0
github.com/getkin/kin-openapi/openapi3/discriminator.go:60.2,64.28 4 0
github.com/getkin/kin-openapi/openapi3/discriminator.go:64.28,66.3 1 0
github.com/getkin/kin-openapi/openapi3/discriminator.go:67.2,68.12 2 0
github.com/getkin/kin-openapi/openapi3/discriminator.go:72.99,76.2 2 0
github.com/getkin/kin-openapi/openapi3/encoding.go:22.30,24.2 1 0
github.com/getkin/kin-openapi/openapi3/encoding.go:30.68,33.2 2 0
github.com/getkin/kin-openapi/openapi3/encoding.go:35.77,39.2 1 0
github.com/getkin/kin-openapi/openapi3/encoding.go:41.80,43.20 2 0
github.com/getkin/kin-openapi/openapi3/encoding.go:43.20,46.3 2 0
github.com/getkin/kin-openapi/openapi3/encoding.go:47.2,48.17 2 0
github.com/getkin/kin-openapi/openapi3/encoding.go:52.56,54.16 2 0
github.com/getkin/kin-openapi/openapi3/encoding.go:54.16,56.3 1 0
github.com/getkin/kin-openapi/openapi3/encoding.go:57.2,57.24 1 0
github.com/getkin/kin-openapi/openapi3/encoding.go:61.53,64.40 3 0
github.com/getkin/kin-openapi/openapi3/encoding.go:64.40,66.3 1 0
github.com/getkin/kin-openapi/openapi3/encoding.go:67.2,67.40 1 0
github.com/getkin/kin-openapi/openapi3/encoding.go:67.40,69.3 1 0
github.com/getkin/kin-openapi/openapi3/encoding.go:70.2,70.34 1 0
github.com/getkin/kin-openapi/openapi3/encoding.go:70.34,72.3 1 0
github.com/getkin/kin-openapi/openapi3/encoding.go:73.2,73.37 1 0
github.com/getkin/kin-openapi/openapi3/encoding.go:73.37,75.3 1 0
github.com/getkin/kin-openapi/openapi3/encoding.go:76.2,76.36 1 0
github.com/getkin/kin-openapi/openapi3/encoding.go:76.36,78.3 1 0
github.com/getkin/kin-openapi/openapi3/encoding.go:79.2,79.15 1 0
github.com/getkin/kin-openapi/openapi3/encoding.go:83.60,86.49 3 0
github.com/getkin/kin-openapi/openapi3/encoding.go:86.49,88.3 1 0
github.com/getkin/kin-openapi/openapi3/encoding.go:89.2,96.28 7 0
github.com/getkin/kin-openapi/openapi3/encoding.go:96.28,98.3 1 0
github.com/getkin/kin-openapi/openapi3/encoding.go:99.2,100.12 2 0
github.com/getkin/kin-openapi/openapi3/encoding.go:105.70,107.21 2 0
github.com/getkin/kin-openapi/openapi3/encoding.go:107.21,108.27 1 0
github.com/getkin/kin-openapi/openapi3/encoding.go:108.27,110.4 1 0
github.com/getkin/kin-openapi/openapi3/encoding.go:111.3,111.30 1 0
github.com/getkin/kin-openapi/openapi3/encoding.go:111.30,113.4 1 0
github.com/getkin/kin-openapi/openapi3/encoding.go:115.2,115.11 1 0
github.com/getkin/kin-openapi/openapi3/encoding.go:119.89,122.21 2 0
github.com/getkin/kin-openapi/openapi3/encoding.go:122.21,124.3 1 0
github.com/getkin/kin-openapi/openapi3/encoding.go:126.2,126.53 1 0
github.com/getkin/kin-openapi/openapi3/encoding.go:126.53,128.47 2 0
github.com/getkin/kin-openapi/openapi3/encoding.go:128.47,130.4 1 0
github.com/getkin/kin-openapi/openapi3/encoding.go:131.3,131.41 1 0
github.com/getkin/kin-openapi/openapi3/encoding.go:131.41,133.4 1 0
github.com/getkin/kin-openapi/openapi3/encoding.go:137.2,138.9 2 0
github.com/getkin/kin-openapi/openapi3/encoding.go:145.53,145.53 0 0
github.com/getkin/kin-openapi/openapi3/encoding.go:146.10,147.92 1 0
github.com/getkin/kin-openapi/openapi3/encoding.go:150.2,150.70 1 0
github.com/getkin/kin-openapi/openapi3/error_collector.go:26.57,28.2 1 1
github.com/getkin/kin-openapi/openapi3/error_collector.go:30.46,31.16 1 1
github.com/getkin/kin-openapi/openapi3/error_collector.go:31.16,33.3 1 1
github.com/getkin/kin-openapi/openapi3/error_collector.go:34.2,34.14 1 0
github.com/getkin/kin-openapi/openapi3/error_collector.go:34.14,36.3 1 0
github.com/getkin/kin-openapi/openapi3/error_collector.go:37.2,37.36 1 0
github.com/getkin/kin-openapi/openapi3/error_collector.go:37.36,38.26 1 0
github.com/getkin/kin-openapi/openapi3/error_collector.go:38.26,39.34 1 0
github.com/getkin/kin-openapi/openapi3/error_collector.go:39.34,41.5 1 0
github.com/getkin/kin-openapi/openapi3/error_collector.go:43.3,43.13 1 0
github.com/getkin/kin-openapi/openapi3/error_collector.go:45.2,46.12 2 0
github.com/getkin/kin-openapi/openapi3/error_collector.go:49.77,50.16 1 1
github.com/getkin/kin-openapi/openapi3/error_collector.go:50.16,52.3 1 1
github.com/getkin/kin-openapi/openapi3/error_collector.go:53.2,53.14 1 0
github.com/getkin/kin-openapi/openapi3/error_collector.go:53.14,55.3 1 0
github.com/getkin/kin-openapi/openapi3/error_collector.go:56.2,56.36 1 0
github.com/getkin/kin-openapi/openapi3/error_collector.go:56.36,57.26 1 0
github.com/getkin/kin-openapi/openapi3/error_collector.go:57.26,58.47 1 0
github.com/getkin/kin-openapi/openapi3/error_collector.go:58.47,60.5 1 0
github.com/getkin/kin-openapi/openapi3/error_collector.go:62.3,62.13 1 0
github.com/getkin/kin-openapi/openapi3/error_collector.go:64.2,64.26 1 0
github.com/getkin/kin-openapi/openapi3/error_collector.go:67.39,68.21 1 1
github.com/getkin/kin-openapi/openapi3/error_collector.go:68.21,70.3 1 0
github.com/getkin/kin-openapi/openapi3/error_collector.go:71.2,71.12 1 1
github.com/getkin/kin-openapi/openapi3/error_collector.go:77.50,78.32 1 1
github.com/getkin/kin-openapi/openapi3/error_collector.go:78.32,80.3 1 0
github.com/getkin/kin-openapi/openapi3/error_collector.go:81.2,81.19 1 1
github.com/getkin/kin-openapi/openapi3/errors.go:12.37,14.2 1 0
github.com/getkin/kin-openapi/openapi3/errors.go:16.49,18.25 2 0
github.com/getkin/kin-openapi/openapi3/errors.go:18.25,20.23 2 0
github.com/getkin/kin-openapi/openapi3/errors.go:20.23,22.4 1 0
github.com/getkin/kin-openapi/openapi3/errors.go:24.2,24.22 1 0
github.com/getkin/kin-openapi/openapi3/errors.go:29.44,30.38 1 0
github.com/getkin/kin-openapi/openapi3/errors.go:30.38,32.3 1 0
github.com/getkin/kin-openapi/openapi3/errors.go:33.2,33.23 1 0
github.com/getkin/kin-openapi/openapi3/errors.go:33.23,34.27 1 0
github.com/getkin/kin-openapi/openapi3/errors.go:34.27,36.4 1 0
github.com/getkin/kin-openapi/openapi3/errors.go:38.2,38.14 1 0
github.com/getkin/kin-openapi/openapi3/errors.go:42.42,43.23 1 0
github.com/getkin/kin-openapi/openapi3/errors.go:43.23,44.27 1 0
github.com/getkin/kin-openapi/openapi3/errors.go:44.27,46.4 1 0
github.com/getkin/kin-openapi/openapi3/errors.go:48.2,48.14 1 0
github.com/getkin/kin-openapi/openapi3/errors.go:53.46,55.2 1 0
github.com/getkin/kin-openapi/openapi3/errors.go:57.46,59.2 1 0
github.com/getkin/kin-openapi/openapi3/errors.go:63.46,65.2 1 0
github.com/getkin/kin-openapi/openapi3/errors.go:67.46,69.2 1 0
github.com/getkin/kin-openapi/openapi3/example.go:21.37,23.2 1 0
github.com/getkin/kin-openapi/openapi3/example.go:26.54,28.16 2 0
github.com/getkin/kin-openapi/openapi3/example.go:28.16,30.3 1 0
github.com/getkin/kin-openapi/openapi3/example.go:31.2,31.24 1 0
github.com/getkin/kin-openapi/openapi3/example.go:35.51,38.35 3 0
github.com/getkin/kin-openapi/openapi3/example.go:38.35,40.3 1 0
github.com/getkin/kin-openapi/openapi3/example.go:41.2,41.39 1 0
github.com/getkin/kin-openapi/openapi3/example.go:41.39,43.3 1 0
github.com/getkin/kin-openapi/openapi3/example.go:44.2,44.34 1 0
github.com/getkin/kin-openapi/openapi3/example.go:44.34,46.3 1 0
github.com/getkin/kin-openapi/openapi3/example.go:47.2,47.41 1 0
github.com/getkin/kin-openapi/openapi3/example.go:47.41,49.3 1 0
github.com/getkin/kin-openapi/openapi3/example.go:50.2,50.15 1 0
github.com/getkin/kin-openapi/openapi3/example.go:54.58,57.49 3 0
github.com/getkin/kin-openapi/openapi3/example.go:57.49,59.3 1 0
github.com/getkin/kin-openapi/openapi3/example.go:60.2,65.28 6 0
github.com/getkin/kin-openapi/openapi3/example.go:65.28,67.3 1 0
github.com/getkin/kin-openapi/openapi3/example.go:68.2,69.12 2 0
github.com/getkin/kin-openapi/openapi3/example.go:73.87,76.57 2 0
github.com/getkin/kin-openapi/openapi3/example.go:76.57,78.3 1 0
github.com/getkin/kin-openapi/openapi3/example.go:79.2,79.57 1 0
github.com/getkin/kin-openapi/openapi3/example.go:79.57,81.3 1 0
github.com/getkin/kin-openapi/openapi3/example.go:83.2,83.68 1 0
github.com/getkin/kin-openapi/openapi3/example.go:87.66,90.2 2 0
github.com/getkin/kin-openapi/openapi3/example_validation.go:5.81,9.32 3 0
github.com/getkin/kin-openapi/openapi3/example_validation.go:9.32,11.3 1 0
github.com/getkin/kin-openapi/openapi3/example_validation.go:11.8,11.39 1 0
github.com/getkin/kin-openapi/openapi3/example_validation.go:11.39,13.3 1 0
github.com/getkin/kin-openapi/openapi3/example_validation.go:15.2,15.40 1 0
github.com/getkin/kin-openapi/openapi3/example_validation.go:15.40,17.3 1 0
github.com/getkin/kin-openapi/openapi3/example_validation.go:19.2,19.41 1 0
github.com/getkin/kin-openapi/openapi3/extension.go:15.95,19.47 3 1
github.com/getkin/kin-openapi/openapi3/extension.go:19.47,20.33 1 0
github.com/getkin/kin-openapi/openapi3/extension.go:20.33,21.12 1 0
github.com/getkin/kin-openapi/openapi3/extension.go:23.3,23.21 1 0
github.com/getkin/kin-openapi/openapi3/extension.go:23.21,24.31 1 0
github.com/getkin/kin-openapi/openapi3/extension.go:24.31,25.13 1 0
github.com/getkin/kin-openapi/openapi3/extension.go:28.3,28.33 1 0
github.com/getkin/kin-openapi/openapi3/extension.go:31.2,31.24 1 1
github.com/getkin/kin-openapi/openapi3/extension.go:31.24,33.3 1 0
github.com/getkin/kin-openapi/openapi3/extension.go:35.2,35.12 1 1
github.com/getkin/kin-openapi/openapi3/external_docs.go:21.53,23.16 2 0
github.com/getkin/kin-openapi/openapi3/external_docs.go:23.16,25.3 1 0
github.com/getkin/kin-openapi/openapi3/external_docs.go:26.2,26.24 1 0
github.com/getkin/kin-openapi/openapi3/external_docs.go:30.50,33.33 3 0
github.com/getkin/kin-openapi/openapi3/external_docs.go:33.33,35.3 1 0
github.com/getkin/kin-openapi/openapi3/external_docs.go:36.2,36.25 1 0
github.com/getkin/kin-openapi/openapi3/external_docs.go:36.25,38.3 1 0
github.com/getkin/kin-openapi/openapi3/external_docs.go:39.2,39.15 1 0
github.com/getkin/kin-openapi/openapi3/external_docs.go:43.57,46.49 3 0
github.com/getkin/kin-openapi/openapi3/external_docs.go:46.49,48.3 1 0
github.com/getkin/kin-openapi/openapi3/external_docs.go:49.2,52.28 4 0
github.com/getkin/kin-openapi/openapi3/external_docs.go:52.28,54.3 1 0
github.com/getkin/kin-openapi/openapi3/external_docs.go:55.2,56.12 2 0
github.com/getkin/kin-openapi/openapi3/external_docs.go:60.86,64.17 3 0
github.com/getkin/kin-openapi/openapi3/external_docs.go:64.17,65.71 1 0
github.com/getkin/kin-openapi/openapi3/external_docs.go:65.71,67.4 1 0
github.com/getkin/kin-openapi/openapi3/external_docs.go:69.2,69.44 1 0
github.com/getkin/kin-openapi/openapi3/external_docs.go:69.44,70.78 1 0
github.com/getkin/kin-openapi/openapi3/external_docs.go:70.78,72.4 1 0
github.com/getkin/kin-openapi/openapi3/external_docs.go:75.2,75.69 1 0
github.com/getkin/kin-openapi/openapi3/header.go:18.60,20.2 1 0
github.com/getkin/kin-openapi/openapi3/header.go:23.52,25.2 1 0
github.com/getkin/kin-openapi/openapi3/header.go:28.56,30.2 1 0
github.com/getkin/kin-openapi/openapi3/header.go:33.49,35.2 1 0
github.com/getkin/kin-openapi/openapi3/header.go:38.75,40.17 2 0
github.com/getkin/kin-openapi/openapi3/header.go:40.17,42.3 1 0
github.com/getkin/kin-openapi/openapi3/header.go:43.2,44.27 2 0
github.com/getkin/kin-openapi/openapi3/header.go:44.27,46.3 1 0
github.com/getkin/kin-openapi/openapi3/header.go:47.2,47.66 1 0
github.com/getkin/kin-openapi/openapi3/header.go:51.85,54.23 2 0
github.com/getkin/kin-openapi/openapi3/header.go:54.23,56.3 1 0
github.com/getkin/kin-openapi/openapi3/header.go:57.2,57.21 1 0
github.com/getkin/kin-openapi/openapi3/header.go:57.21,59.3 1 0
github.com/getkin/kin-openapi/openapi3/header.go:62.2,63.16 2 0
github.com/getkin/kin-openapi/openapi3/header.go:63.16,65.3 1 0
github.com/getkin/kin-openapi/openapi3/header.go:66.2,68.63 1 0
github.com/getkin/kin-openapi/openapi3/header.go:68.63,71.3 2 0
github.com/getkin/kin-openapi/openapi3/header.go:73.2,73.58 1 0
github.com/getkin/kin-openapi/openapi3/header.go:73.58,76.3 1 0
github.com/getkin/kin-openapi/openapi3/header.go:77.2,77.44 1 0
github.com/getkin/kin-openapi/openapi3/header.go:77.44,78.46 1 0
github.com/getkin/kin-openapi/openapi3/header.go:78.46,80.4 1 0
github.com/getkin/kin-openapi/openapi3/header.go:83.2,83.47 1 0
github.com/getkin/kin-openapi/openapi3/header.go:83.47,84.23 1 0
github.com/getkin/kin-openapi/openapi3/header.go:84.23,87.4 1 0
github.com/getkin/kin-openapi/openapi3/header.go:89.3,89.47 1 0
github.com/getkin/kin-openapi/openapi3/header.go:89.47,91.4 1 0
github.com/getkin/kin-openapi/openapi3/header.go:93.2,93.12 1 0
github.com/getkin/kin-openapi/openapi3/header.go:97.64,100.2 2 0
github.com/getkin/kin-openapi/openapi3/helpers.go:27.45,28.41 1 1
github.com/getkin/kin-openapi/openapi3/helpers.go:28.41,30.3 1 1
github.com/getkin/kin-openapi/openapi3/helpers.go:31.2,31.115 1 0
github.com/getkin/kin-openapi/openapi3/helpers.go:35.29,37.2 1 0
github.com/getkin/kin-openapi/openapi3/helpers.go:42.41,44.2 1 0
github.com/getkin/kin-openapi/openapi3/helpers.go:49.32,51.2 1 0
github.com/getkin/kin-openapi/openapi3/helpers.go:56.35,58.2 1 0
github.com/getkin/kin-openapi/openapi3/helpers.go:63.38,65.2 1 0
github.com/getkin/kin-openapi/openapi3/helpers.go:68.53,70.19 2 1
github.com/getkin/kin-openapi/openapi3/helpers.go:70.19,72.3 1 1
github.com/getkin/kin-openapi/openapi3/helpers.go:73.2,74.12 2 1
github.com/getkin/kin-openapi/openapi3/helpers.go:78.35,79.14 1 1
github.com/getkin/kin-openapi/openapi3/helpers.go:79.14,81.3 1 0
github.com/getkin/kin-openapi/openapi3/helpers.go:83.2,84.11 2 1
github.com/getkin/kin-openapi/openapi3/helpers.go:104.66,105.28 1 0
github.com/getkin/kin-openapi/openapi3/helpers.go:105.28,107.3 1 0
github.com/getkin/kin-openapi/openapi3/helpers.go:109.2,112.28 3 0
github.com/getkin/kin-openapi/openapi3/helpers.go:112.28,114.3 1 0
github.com/getkin/kin-openapi/openapi3/helpers.go:117.2,117.34 1 0
github.com/getkin/kin-openapi/openapi3/helpers.go:123.60,124.58 1 0
github.com/getkin/kin-openapi/openapi3/helpers.go:124.58,126.3 1 0
github.com/getkin/kin-openapi/openapi3/helpers.go:128.2,132.44 3 0
github.com/getkin/kin-openapi/openapi3/helpers.go:135.55,137.21 2 0
github.com/getkin/kin-openapi/openapi3/helpers.go:137.21,139.3 1 0
github.com/getkin/kin-openapi/openapi3/helpers.go:140.2,140.21 1 0
github.com/getkin/kin-openapi/openapi3/helpers.go:140.21,142.3 1 0
github.com/getkin/kin-openapi/openapi3/helpers.go:144.2,144.35 1 0
github.com/getkin/kin-openapi/openapi3/helpers.go:187.81,188.41 1 0
github.com/getkin/kin-openapi/openapi3/helpers.go:188.41,190.3 1 0
github.com/getkin/kin-openapi/openapi3/helpers.go:194.2,194.107 1 0
github.com/getkin/kin-openapi/openapi3/helpers.go:194.107,196.39 1 0
github.com/getkin/kin-openapi/openapi3/helpers.go:196.39,200.4 2 0
github.com/getkin/kin-openapi/openapi3/helpers.go:204.2,204.27 1 0
github.com/getkin/kin-openapi/openapi3/helpers.go:204.27,206.3 1 0
github.com/getkin/kin-openapi/openapi3/helpers.go:208.2,209.16 2 0
github.com/getkin/kin-openapi/openapi3/helpers.go:209.16,210.13 1 0
github.com/getkin/kin-openapi/openapi3/helpers.go:213.2,218.43 3 0
github.com/getkin/kin-openapi/openapi3/helpers.go:218.43,222.35 3 0
github.com/getkin/kin-openapi/openapi3/helpers.go:222.35,226.4 2 0
github.com/getkin/kin-openapi/openapi3/helpers.go:227.8,229.3 1 0
github.com/getkin/kin-openapi/openapi3/helpers.go:233.2,233.50 1 0
github.com/getkin/kin-openapi/openapi3/helpers.go:233.50,236.47 2 0
github.com/getkin/kin-openapi/openapi3/helpers.go:236.47,237.12 1 0
github.com/getkin/kin-openapi/openapi3/helpers.go:241.3,241.36 1 0
github.com/getkin/kin-openapi/openapi3/helpers.go:241.36,242.12 1 0
github.com/getkin/kin-openapi/openapi3/helpers.go:246.3,246.70 1 0
github.com/getkin/kin-openapi/openapi3/helpers.go:249.2,249.18 1 0
github.com/getkin/kin-openapi/openapi3/helpers.go:253.42,255.2 1 0
github.com/getkin/kin-openapi/openapi3/helpers.go:258.65,260.2 1 0
github.com/getkin/kin-openapi/openapi3/helpers.go:263.48,265.2 1 0
github.com/getkin/kin-openapi/openapi3/helpers.go:268.41,270.2 1 0
github.com/getkin/kin-openapi/openapi3/helpers.go:273.38,275.2 1 0
github.com/getkin/kin-openapi/openapi3/info.go:26.48,28.16 2 0
github.com/getkin/kin-openapi/openapi3/info.go:28.16,30.3 1 0
github.com/getkin/kin-openapi/openapi3/info.go:31.2,31.24 1 0
github.com/getkin/kin-openapi/openapi3/info.go:35.46,36.17 1 0
github.com/getkin/kin-openapi/openapi3/info.go:36.17,38.3 1 0
github.com/getkin/kin-openapi/openapi3/info.go:39.2,42.32 4 0
github.com/getkin/kin-openapi/openapi3/info.go:42.32,44.3 1 0
github.com/getkin/kin-openapi/openapi3/info.go:45.2,45.36 1 0
github.com/getkin/kin-openapi/openapi3/info.go:45.36,47.3 1 0
github.com/getkin/kin-openapi/openapi3/info.go:48.2,48.39 1 0
github.com/getkin/kin-openapi/openapi3/info.go:48.39,50.3 1 0
github.com/getkin/kin-openapi/openapi3/info.go:51.2,51.33 1 0
github.com/getkin/kin-openapi/openapi3/info.go:51.33,53.3 1 0
github.com/getkin/kin-openapi/openapi3/info.go:54.2,54.33 1 0
github.com/getkin/kin-openapi/openapi3/info.go:54.33,56.3 1 0
github.com/getkin/kin-openapi/openapi3/info.go:57.2,58.15 2 0
github.com/getkin/kin-openapi/openapi3/info.go:62.52,65.49 3 1
github.com/getkin/kin-openapi/openapi3/info.go:65.49,67.3 1 0
github.com/getkin/kin-openapi/openapi3/info.go:68.2,76.28 9 1
github.com/getkin/kin-openapi/openapi3/info.go:76.28,78.3 1 1
github.com/getkin/kin-openapi/openapi3/info.go:79.2,80.12 2 1
github.com/getkin/kin-openapi/openapi3/info.go:84.81,88.73 3 1
github.com/getkin/kin-openapi/openapi3/info.go:88.73,89.76 1 0
github.com/getkin/kin-openapi/openapi3/info.go:89.76,91.4 1 0
github.com/getkin/kin-openapi/openapi3/info.go:94.2,94.45 1 1
github.com/getkin/kin-openapi/openapi3/info.go:94.45,95.56 1 0
github.com/getkin/kin-openapi/openapi3/info.go:95.56,97.4 1 0
github.com/getkin/kin-openapi/openapi3/info.go:100.2,100.45 1 1
github.com/getkin/kin-openapi/openapi3/info.go:100.45,101.56 1 0
github.com/getkin/kin-openapi/openapi3/info.go:101.56,103.4 1 0
github.com/getkin/kin-openapi/openapi3/info.go:106.2,106.24 1 1
github.com/getkin/kin-openapi/openapi3/info.go:106.24,107.70 1 0
github.com/getkin/kin-openapi/openapi3/info.go:107.70,109.4 1 0
github.com/getkin/kin-openapi/openapi3/info.go:112.2,112.22 1 1
github.com/getkin/kin-openapi/openapi3/info.go:112.22,113.68 1 0
github.com/getkin/kin-openapi/openapi3/info.go:113.68,115.4 1 0
github.com/getkin/kin-openapi/openapi3/info.go:118.2,118.75 1 1
github.com/getkin/kin-openapi/openapi3/internalize_refs.go:30.62,31.51 1 0
github.com/getkin/kin-openapi/openapi3/internalize_refs.go:31.51,32.47 1 0
github.com/getkin/kin-openapi/openapi3/internalize_refs.go:35.2,44.77 2 0
github.com/getkin/kin-openapi/openapi3/internalize_refs.go:44.77,50.3 4 0
github.com/getkin/kin-openapi/openapi3/internalize_refs.go:52.2,56.99 2 0
github.com/getkin/kin-openapi/openapi3/internalize_refs.go:56.99,58.3 1 0
github.com/getkin/kin-openapi/openapi3/internalize_refs.go:60.2,60.20 1 0
github.com/getkin/kin-openapi/openapi3/internalize_refs.go:60.20,62.49 1 0
github.com/getkin/kin-openapi/openapi3/internalize_refs.go:62.49,64.4 1 0
github.com/getkin/kin-openapi/openapi3/internalize_refs.go:67.3,67.73 1 0
github.com/getkin/kin-openapi/openapi3/internalize_refs.go:67.73,69.4 1 0
github.com/getkin/kin-openapi/openapi3/internalize_refs.go:72.3,72.21 1 0
github.com/getkin/kin-openapi/openapi3/internalize_refs.go:72.21,73.116 1 0
github.com/getkin/kin-openapi/openapi3/internalize_refs.go:73.116,74.63 1 0
github.com/getkin/kin-openapi/openapi3/internalize_refs.go:74.63,76.11 2 0
github.com/getkin/kin-openapi/openapi3/internalize_refs.go:82.2,85.20 2 0
github.com/getkin/kin-openapi/openapi3/internalize_refs.go:85.20,87.3 1 0
github.com/getkin/kin-openapi/openapi3/internalize_refs.go:89.2,89.25 1 0
github.com/getkin/kin-openapi/openapi3/internalize_refs.go:89.25,90.29 1 0
github.com/getkin/kin-openapi/openapi3/internalize_refs.go:90.29,92.4 1 0
github.com/getkin/kin-openapi/openapi3/internalize_refs.go:94.3,94.60 1 0
github.com/getkin/kin-openapi/openapi3/internalize_refs.go:98.2,100.25 2 0
github.com/getkin/kin-openapi/openapi3/internalize_refs.go:105.52,106.27 1 0
github.com/getkin/kin-openapi/openapi3/internalize_refs.go:106.27,108.3 1 0
github.com/getkin/kin-openapi/openapi3/internalize_refs.go:110.2,115.49 5 0
github.com/getkin/kin-openapi/openapi3/internalize_refs.go:115.49,118.23 2 0
github.com/getkin/kin-openapi/openapi3/internalize_refs.go:118.23,120.4 1 0
github.com/getkin/kin-openapi/openapi3/internalize_refs.go:122.3,122.20 1 0
github.com/getkin/kin-openapi/openapi3/internalize_refs.go:125.2,125.17 1 0
github.com/getkin/kin-openapi/openapi3/internalize_refs.go:128.60,130.2 1 0
github.com/getkin/kin-openapi/openapi3/internalize_refs.go:132.106,133.57 1 0
github.com/getkin/kin-openapi/openapi3/internalize_refs.go:133.57,135.3 1 0
github.com/getkin/kin-openapi/openapi3/internalize_refs.go:137.2,138.27 2 0
github.com/getkin/kin-openapi/openapi3/internalize_refs.go:138.27,139.48 1 0
github.com/getkin/kin-openapi/openapi3/internalize_refs.go:139.48,142.4 2 0
github.com/getkin/kin-openapi/openapi3/internalize_refs.go:145.2,145.27 1 0
github.com/getkin/kin-openapi/openapi3/internalize_refs.go:145.27,147.3 1 0
github.com/getkin/kin-openapi/openapi3/internalize_refs.go:148.2,148.35 1 0
github.com/getkin/kin-openapi/openapi3/internalize_refs.go:148.35,150.3 1 0
github.com/getkin/kin-openapi/openapi3/internalize_refs.go:151.2,153.13 3 0
github.com/getkin/kin-openapi/openapi3/internalize_refs.go:156.112,157.57 1 0
github.com/getkin/kin-openapi/openapi3/internalize_refs.go:157.57,159.3 1 0
github.com/getkin/kin-openapi/openapi3/internalize_refs.go:160.2,161.27 2 0
github.com/getkin/kin-openapi/openapi3/internalize_refs.go:161.27,162.51 1 0
github.com/getkin/kin-openapi/openapi3/internalize_refs.go:162.51,165.4 2 0
github.com/getkin/kin-openapi/openapi3/internalize_refs.go:168.2,168.27 1 0
github.com/getkin/kin-openapi/openapi3/internalize_refs.go:168.27,170.3 1 0
github.com/getkin/kin-openapi/openapi3/internalize_refs.go:171.2,171.38 1 0
github.com/getkin/kin-openapi/openapi3/internalize_refs.go:171.38,173.3 1 0
github.com/getkin/kin-openapi/openapi3/internalize_refs.go:174.2,176.13 3 0
github.com/getkin/kin-openapi/openapi3/internalize_refs.go:179.106,180.57 1 0
github.com/getkin/kin-openapi/openapi3/internalize_refs.go:180.57,182.3 1 0
github.com/getkin/kin-openapi/openapi3/internalize_refs.go:183.2,184.27 2 0
github.com/getkin/kin-openapi/openapi3/internalize_refs.go:184.27,185.48 1 0
github.com/getkin/kin-openapi/openapi3/internalize_refs.go:185.48,188.4 2 0
github.com/getkin/kin-openapi/openapi3/internalize_refs.go:191.2,191.27 1 0
github.com/getkin/kin-openapi/openapi3/internalize_refs.go:191.27,193.3 1 0
github.com/getkin/kin-openapi/openapi3/internalize_refs.go:194.2,194.35 1 0
github.com/getkin/kin-openapi/openapi3/internalize_refs.go:194.35,196.3 1 0
github.com/getkin/kin-openapi/openapi3/internalize_refs.go:197.2,199.13 3 0
github.com/getkin/kin-openapi/openapi3/internalize_refs.go:202.116,203.57 1 0
github.com/getkin/kin-openapi/openapi3/internalize_refs.go:203.57,205.3 1 0
github.com/getkin/kin-openapi/openapi3/internalize_refs.go:206.2,207.27 2 0
github.com/getkin/kin-openapi/openapi3/internalize_refs.go:207.27,208.54 1 0
github.com/getkin/kin-openapi/openapi3/internalize_refs.go:208.54,211.4 2 0
github.com/getkin/kin-openapi/openapi3/internalize_refs.go:214.2,214.27 1 0
github.com/getkin/kin-openapi/openapi3/internalize_refs.go:214.27,216.3 1 0
github.com/getkin/kin-openapi/openapi3/internalize_refs.go:217.2,217.41 1 0
github.com/getkin/kin-openapi/openapi3/internalize_refs.go:217.41,219.3 1 0
github.com/getkin/kin-openapi/openapi3/internalize_refs.go:220.2,222.13 3 0
github.com/getkin/kin-openapi/openapi3/internalize_refs.go:225.110,226.57 1 0
github.com/getkin/kin-openapi/openapi3/internalize_refs.go:226.57,228.3 1 0
github.com/getkin/kin-openapi/openapi3/internalize_refs.go:229.2,230.27 2 0
github.com/getkin/kin-openapi/openapi3/internalize_refs.go:230.27,231.50 1 0
github.com/getkin/kin-openapi/openapi3/internalize_refs.go:231.50,234.4 2 0
github.com/getkin/kin-openapi/openapi3/internalize_refs.go:237.2,237.27 1 0
github.com/getkin/kin-openapi/openapi3/internalize_refs.go:237.27,239.3 1 0
github.com/getkin/kin-openapi/openapi3/internalize_refs.go:240.2,240.37 1 0
github.com/getkin/kin-openapi/openapi3/internalize_refs.go:240.37,242.3 1 0
github.com/getkin/kin-openapi/openapi3/internalize_refs.go:243.2,245.13 3 0
github.com/getkin/kin-openapi/openapi3/internalize_refs.go:248.118,249.59 1 0
github.com/getkin/kin-openapi/openapi3/internalize_refs.go:249.59,251.3 1 0
github.com/getkin/kin-openapi/openapi3/internalize_refs.go:252.2,253.27 2 0
github.com/getkin/kin-openapi/openapi3/internalize_refs.go:253.27,254.56 1 0
github.com/getkin/kin-openapi/openapi3/internalize_refs.go:254.56,257.4 2 0
github.com/getkin/kin-openapi/openapi3/internalize_refs.go:260.2,260.27 1 0
github.com/getkin/kin-openapi/openapi3/internalize_refs.go:260.27,262.3 1 0
github.com/getkin/kin-openapi/openapi3/internalize_refs.go:263.2,263.43 1 0
github.com/getkin/kin-openapi/openapi3/internalize_refs.go:263.43,265.3 1 0
github.com/getkin/kin-openapi/openapi3/internalize_refs.go:266.2,267.49 2 0
github.com/getkin/kin-openapi/openapi3/internalize_refs.go:271.103,272.57 1 0
github.com/getkin/kin-openapi/openapi3/internalize_refs.go:272.57,274.3 1 0
github.com/getkin/kin-openapi/openapi3/internalize_refs.go:275.2,276.27 2 0
github.com/getkin/kin-openapi/openapi3/internalize_refs.go:276.27,277.49 1 0
github.com/getkin/kin-openapi/openapi3/internalize_refs.go:277.49,280.4 2 0
github.com/getkin/kin-openapi/openapi3/internalize_refs.go:283.2,283.27 1 0
github.com/getkin/kin-openapi/openapi3/internalize_refs.go:283.27,285.3 1 0
github.com/getkin/kin-openapi/openapi3/internalize_refs.go:286.2,286.36 1 0
github.com/getkin/kin-openapi/openapi3/internalize_refs.go:286.36,288.3 1 0
github.com/getkin/kin-openapi/openapi3/internalize_refs.go:289.2,290.41 2 0
github.com/getkin/kin-openapi/openapi3/internalize_refs.go:294.97,295.57 1 0
github.com/getkin/kin-openapi/openapi3/internalize_refs.go:295.57,297.3 1 0
github.com/getkin/kin-openapi/openapi3/internalize_refs.go:298.2,299.27 2 0
github.com/getkin/kin-openapi/openapi3/internalize_refs.go:299.27,300.46 1 0
github.com/getkin/kin-openapi/openapi3/internalize_refs.go:300.46,303.4 2 0
github.com/getkin/kin-openapi/openapi3/internalize_refs.go:306.2,306.27 1 0
github.com/getkin/kin-openapi/openapi3/internalize_refs.go:306.27,308.3 1 0
github.com/getkin/kin-openapi/openapi3/internalize_refs.go:309.2,309.33 1 0
github.com/getkin/kin-openapi/openapi3/internalize_refs.go:309.33,311.3 1 0
github.com/getkin/kin-openapi/openapi3/internalize_refs.go:312.2,313.38 2 0
github.com/getkin/kin-openapi/openapi3/internalize_refs.go:317.110,318.57 1 0
github.com/getkin/kin-openapi/openapi3/internalize_refs.go:318.57,320.3 1 0
github.com/getkin/kin-openapi/openapi3/internalize_refs.go:321.2,323.27 2 0
github.com/getkin/kin-openapi/openapi3/internalize_refs.go:323.27,325.3 1 0
github.com/getkin/kin-openapi/openapi3/internalize_refs.go:326.2,326.37 1 0
github.com/getkin/kin-openapi/openapi3/internalize_refs.go:326.37,328.3 1 0
github.com/getkin/kin-openapi/openapi3/internalize_refs.go:329.2,331.13 3 0
github.com/getkin/kin-openapi/openapi3/internalize_refs.go:334.94,335.40 1 0
github.com/getkin/kin-openapi/openapi3/internalize_refs.go:335.40,337.3 1 0
github.com/getkin/kin-openapi/openapi3/internalize_refs.go:339.2,339.63 1 0
github.com/getkin/kin-openapi/openapi3/internalize_refs.go:339.63,340.27 1 0
github.com/getkin/kin-openapi/openapi3/internalize_refs.go:340.27,342.17 2 0
github.com/getkin/kin-openapi/openapi3/internalize_refs.go:342.17,344.5 1 0
github.com/getkin/kin-openapi/openapi3/internalize_refs.go:350.2,350.28 1 0
github.com/getkin/kin-openapi/openapi3/internalize_refs.go:350.28,351.61 1 0
github.com/getkin/kin-openapi/openapi3/internalize_refs.go:351.61,357.4 5 0
github.com/getkin/kin-openapi/openapi3/internalize_refs.go:360.2,360.52 1 0
github.com/getkin/kin-openapi/openapi3/internalize_refs.go:360.52,363.16 3 0
github.com/getkin/kin-openapi/openapi3/internalize_refs.go:363.16,365.4 1 0
github.com/getkin/kin-openapi/openapi3/internalize_refs.go:367.2,367.82 1 0
github.com/getkin/kin-openapi/openapi3/internalize_refs.go:367.82,369.17 2 0
github.com/getkin/kin-openapi/openapi3/internalize_refs.go:369.17,371.4 1 0
github.com/getkin/kin-openapi/openapi3/internalize_refs.go:375.96,376.42 1 0
github.com/getkin/kin-openapi/openapi3/internalize_refs.go:376.42,379.35 3 0
github.com/getkin/kin-openapi/openapi3/internalize_refs.go:379.35,380.12 1 0
github.com/getkin/kin-openapi/openapi3/internalize_refs.go:382.3,382.89 1 0
github.com/getkin/kin-openapi/openapi3/internalize_refs.go:386.98,387.42 1 0
github.com/getkin/kin-openapi/openapi3/internalize_refs.go:387.42,390.3 2 0
github.com/getkin/kin-openapi/openapi3/internalize_refs.go:393.95,394.41 1 0
github.com/getkin/kin-openapi/openapi3/internalize_refs.go:394.41,397.30 3 0
github.com/getkin/kin-openapi/openapi3/internalize_refs.go:397.30,399.4 1 0
github.com/getkin/kin-openapi/openapi3/internalize_refs.go:400.3,401.59 2 0
github.com/getkin/kin-openapi/openapi3/internalize_refs.go:401.59,404.4 2 0
github.com/getkin/kin-openapi/openapi3/internalize_refs.go:408.92,409.42 1 0
github.com/getkin/kin-openapi/openapi3/internalize_refs.go:409.42,412.3 2 0
github.com/getkin/kin-openapi/openapi3/internalize_refs.go:415.101,417.28 2 0
github.com/getkin/kin-openapi/openapi3/internalize_refs.go:417.28,421.3 3 0
github.com/getkin/kin-openapi/openapi3/internalize_refs.go:424.101,426.2 1 0
github.com/getkin/kin-openapi/openapi3/internalize_refs.go:428.110,429.42 1 0
github.com/getkin/kin-openapi/openapi3/internalize_refs.go:429.42,432.3 2 0
github.com/getkin/kin-openapi/openapi3/internalize_refs.go:435.99,438.21 3 0
github.com/getkin/kin-openapi/openapi3/internalize_refs.go:438.21,440.3 1 0
github.com/getkin/kin-openapi/openapi3/internalize_refs.go:443.103,445.2 1 0
github.com/getkin/kin-openapi/openapi3/internalize_refs.go:447.110,448.45 1 0
github.com/getkin/kin-openapi/openapi3/internalize_refs.go:448.45,454.40 4 0
github.com/getkin/kin-openapi/openapi3/internalize_refs.go:454.40,456.26 2 0
github.com/getkin/kin-openapi/openapi3/internalize_refs.go:456.26,458.5 1 0
github.com/getkin/kin-openapi/openapi3/internalize_refs.go:461.3,462.54 2 0
github.com/getkin/kin-openapi/openapi3/internalize_refs.go:462.54,465.60 3 0
github.com/getkin/kin-openapi/openapi3/internalize_refs.go:465.60,467.5 1 0
github.com/getkin/kin-openapi/openapi3/internalize_refs.go:468.4,468.54 1 0
github.com/getkin/kin-openapi/openapi3/internalize_refs.go:468.54,471.24 3 0
github.com/getkin/kin-openapi/openapi3/internalize_refs.go:471.24,474.6 2 0
github.com/getkin/kin-openapi/openapi3/internalize_refs.go:476.4,477.40 2 0
github.com/getkin/kin-openapi/openapi3/internalize_refs.go:477.40,479.27 2 0
github.com/getkin/kin-openapi/openapi3/internalize_refs.go:479.27,481.6 1 0
github.com/getkin/kin-openapi/openapi3/internalize_refs.go:498.99,501.28 2 0
github.com/getkin/kin-openapi/openapi3/internalize_refs.go:501.28,503.3 1 0
github.com/getkin/kin-openapi/openapi3/internalize_refs.go:505.2,505.53 1 0
github.com/getkin/kin-openapi/openapi3/internalize_refs.go:505.53,506.59 1 0
github.com/getkin/kin-openapi/openapi3/internalize_refs.go:506.59,509.21 3 0
github.com/getkin/kin-openapi/openapi3/internalize_refs.go:509.21,512.5 2 0
github.com/getkin/kin-openapi/openapi3/internalize_refs.go:514.3,514.62 1 0
github.com/getkin/kin-openapi/openapi3/internalize_refs.go:514.62,517.34 3 0
github.com/getkin/kin-openapi/openapi3/internalize_refs.go:517.34,520.5 2 0
github.com/getkin/kin-openapi/openapi3/internalize_refs.go:522.3,523.65 2 0
github.com/getkin/kin-openapi/openapi3/internalize_refs.go:523.65,526.38 3 0
github.com/getkin/kin-openapi/openapi3/internalize_refs.go:526.38,529.5 2 0
github.com/getkin/kin-openapi/openapi3/internalize_refs.go:531.3,532.67 2 0
github.com/getkin/kin-openapi/openapi3/internalize_refs.go:532.67,535.4 2 0
github.com/getkin/kin-openapi/openapi3/internalize_refs.go:536.3,539.61 3 0
github.com/getkin/kin-openapi/openapi3/internalize_refs.go:539.61,542.36 3 0
github.com/getkin/kin-openapi/openapi3/internalize_refs.go:542.36,546.5 3 0
github.com/getkin/kin-openapi/openapi3/internalize_refs.go:550.2,550.57 1 0
github.com/getkin/kin-openapi/openapi3/license.go:25.54,27.16 2 0
github.com/getkin/kin-openapi/openapi3/license.go:27.16,29.3 1 0
github.com/getkin/kin-openapi/openapi3/license.go:30.2,30.24 1 0
github.com/getkin/kin-openapi/openapi3/license.go:34.51,38.31 4 0
github.com/getkin/kin-openapi/openapi3/license.go:38.31,40.3 1 0
github.com/getkin/kin-openapi/openapi3/license.go:41.2,41.38 1 0
github.com/getkin/kin-openapi/openapi3/license.go:41.38,43.3 1 0
github.com/getkin/kin-openapi/openapi3/license.go:44.2,44.15 1 0
github.com/getkin/kin-openapi/openapi3/license.go:48.58,51.49 3 0
github.com/getkin/kin-openapi/openapi3/license.go:51.49,53.3 1 0
github.com/getkin/kin-openapi/openapi3/license.go:54.2,58.28 5 0
github.com/getkin/kin-openapi/openapi3/license.go:58.28,60.3 1 0
github.com/getkin/kin-openapi/openapi3/license.go:61.2,62.12 2 0
github.com/getkin/kin-openapi/openapi3/license.go:66.87,70.79 3 0
github.com/getkin/kin-openapi/openapi3/license.go:70.79,71.85 1 0
github.com/getkin/kin-openapi/openapi3/license.go:71.85,73.4 1 0
github.com/getkin/kin-openapi/openapi3/license.go:76.2,76.24 1 0
github.com/getkin/kin-openapi/openapi3/license.go:76.24,77.73 1 0
github.com/getkin/kin-openapi/openapi3/license.go:77.73,79.4 1 0
github.com/getkin/kin-openapi/openapi3/license.go:82.2,82.51 1 0
github.com/getkin/kin-openapi/openapi3/license.go:82.51,83.83 1 0
github.com/getkin/kin-openapi/openapi3/license.go:83.83,85.4 1 0
github.com/getkin/kin-openapi/openapi3/license.go:88.2,88.81 1 0
github.com/getkin/kin-openapi/openapi3/link.go:24.48,26.16 2 0
github.com/getkin/kin-openapi/openapi3/link.go:26.16,28.3 1 0
github.com/getkin/kin-openapi/openapi3/link.go:29.2,29.24 1 0
github.com/getkin/kin-openapi/openapi3/link.go:33.45,37.37 3 0
github.com/getkin/kin-openapi/openapi3/link.go:37.37,39.3 1 0
github.com/getkin/kin-openapi/openapi3/link.go:40.2,40.36 1 0
github.com/getkin/kin-openapi/openapi3/link.go:40.36,42.3 1 0
github.com/getkin/kin-openapi/openapi3/link.go:43.2,43.36 1 0
github.com/getkin/kin-openapi/openapi3/link.go:43.36,45.3 1 0
github.com/getkin/kin-openapi/openapi3/link.go:46.2,46.39 1 0
github.com/getkin/kin-openapi/openapi3/link.go:46.39,48.3 1 0
github.com/getkin/kin-openapi/openapi3/link.go:49.2,49.32 1 0
github.com/getkin/kin-openapi/openapi3/link.go:49.32,51.3 1 0
github.com/getkin/kin-openapi/openapi3/link.go:52.2,52.37 1 0
github.com/getkin/kin-openapi/openapi3/link.go:52.37,54.3 1 0
github.com/getkin/kin-openapi/openapi3/link.go:56.2,56.15 1 0
github.com/getkin/kin-openapi/openapi3/link.go:60.52,63.49 3 0
github.com/getkin/kin-openapi/openapi3/link.go:63.49,65.3 1 0
github.com/getkin/kin-openapi/openapi3/link.go:66.2,74.28 8 0
github.com/getkin/kin-openapi/openapi3/link.go:74.28,76.3 1 0
github.com/getkin/kin-openapi/openapi3/link.go:77.2,78.12 2 0
github.com/getkin/kin-openapi/openapi3/link.go:82.81,85.55 2 0
github.com/getkin/kin-openapi/openapi3/link.go:85.55,87.3 1 0
github.com/getkin/kin-openapi/openapi3/link.go:88.2,88.55 1 0
github.com/getkin/kin-openapi/openapi3/link.go:88.55,90.3 1 0
github.com/getkin/kin-openapi/openapi3/link.go:92.2,92.62 1 0
github.com/getkin/kin-openapi/openapi3/link.go:96.60,99.2 2 0
github.com/getkin/kin-openapi/openapi3/loader.go:23.63,25.2 1 0
github.com/getkin/kin-openapi/openapi3/loader.go:62.26,67.2 1 1
github.com/getkin/kin-openapi/openapi3/loader.go:69.50,74.2 4 1
github.com/getkin/kin-openapi/openapi3/loader.go:77.66,80.2 2 1
github.com/getkin/kin-openapi/openapi3/loader.go:83.65,86.2 2 1
github.com/getkin/kin-openapi/openapi3/loader.go:88.74,90.16 2 1
github.com/getkin/kin-openapi/openapi3/loader.go:90.16,92.3 1 0
github.com/getkin/kin-openapi/openapi3/loader.go:93.2,93.60 1 1
github.com/getkin/kin-openapi/openapi3/loader.go:96.66,97.35 1 0
github.com/getkin/kin-openapi/openapi3/loader.go:97.35,99.3 1 0
github.com/getkin/kin-openapi/openapi3/loader.go:100.2,100.8 1 0
github.com/getkin/kin-openapi/openapi3/loader.go:103.110,107.35 1 0
github.com/getkin/kin-openapi/openapi3/loader.go:107.35,108.56 1 0
github.com/getkin/kin-openapi/openapi3/loader.go:108.56,110.4 1 0
github.com/getkin/kin-openapi/openapi3/loader.go:113.2,114.16 2 0
github.com/getkin/kin-openapi/openapi3/loader.go:114.16,116.3 1 0
github.com/getkin/kin-openapi/openapi3/loader.go:117.2,117.47 1 0
github.com/getkin/kin-openapi/openapi3/loader.go:117.47,119.3 1 0
github.com/getkin/kin-openapi/openapi3/loader.go:121.2,122.16 2 0
github.com/getkin/kin-openapi/openapi3/loader.go:122.16,124.3 1 0
github.com/getkin/kin-openapi/openapi3/loader.go:125.2,125.85 1 0
github.com/getkin/kin-openapi/openapi3/loader.go:125.85,127.3 1 0
github.com/getkin/kin-openapi/openapi3/loader.go:129.2,129.26 1 0
github.com/getkin/kin-openapi/openapi3/loader.go:132.66,133.43 1 1
github.com/getkin/kin-openapi/openapi3/loader.go:133.43,135.3 1 0
github.com/getkin/kin-openapi/openapi3/loader.go:136.2,136.45 1 1
github.com/getkin/kin-openapi/openapi3/loader.go:140.51,142.2 1 0
github.com/getkin/kin-openapi/openapi3/loader.go:145.70,146.19 1 0
github.com/getkin/kin-openapi/openapi3/loader.go:146.19,148.3 1 0
github.com/getkin/kin-openapi/openapi3/loader.go:150.2,151.16 2 0
github.com/getkin/kin-openapi/openapi3/loader.go:151.16,153.3 1 0
github.com/getkin/kin-openapi/openapi3/loader.go:154.2,154.34 1 0
github.com/getkin/kin-openapi/openapi3/loader.go:158.61,161.72 3 0
github.com/getkin/kin-openapi/openapi3/loader.go:161.72,163.3 1 0
github.com/getkin/kin-openapi/openapi3/loader.go:164.2,164.55 1 0
github.com/getkin/kin-openapi/openapi3/loader.go:164.55,166.3 1 0
github.com/getkin/kin-openapi/openapi3/loader.go:167.2,167.17 1 0
github.com/getkin/kin-openapi/openapi3/loader.go:172.88,175.2 2 0
github.com/getkin/kin-openapi/openapi3/loader.go:177.96,178.36 1 1
github.com/getkin/kin-openapi/openapi3/loader.go:178.36,181.3 2 1
github.com/getkin/kin-openapi/openapi3/loader.go:182.2,183.49 2 1
github.com/getkin/kin-openapi/openapi3/loader.go:183.49,185.3 1 0
github.com/getkin/kin-openapi/openapi3/loader.go:187.2,190.77 3 1
github.com/getkin/kin-openapi/openapi3/loader.go:190.77,192.3 1 0
github.com/getkin/kin-openapi/openapi3/loader.go:194.2,196.60 2 1
github.com/getkin/kin-openapi/openapi3/loader.go:196.60,198.3 1 0
github.com/getkin/kin-openapi/openapi3/loader.go:200.2,200.17 1 1
github.com/getkin/kin-openapi/openapi3/loader.go:204.76,205.27 1 1
github.com/getkin/kin-openapi/openapi3/loader.go:205.27,207.3 1 0
github.com/getkin/kin-openapi/openapi3/loader.go:209.2,209.39 1 1
github.com/getkin/kin-openapi/openapi3/loader.go:209.39,211.3 1 0
github.com/getkin/kin-openapi/openapi3/loader.go:213.2,213.53 1 1
github.com/getkin/kin-openapi/openapi3/loader.go:213.53,214.59 1 1
github.com/getkin/kin-openapi/openapi3/loader.go:214.59,216.75 2 0
github.com/getkin/kin-openapi/openapi3/loader.go:216.75,218.5 1 0
github.com/getkin/kin-openapi/openapi3/loader.go:220.3,220.62 1 1
github.com/getkin/kin-openapi/openapi3/loader.go:220.62,222.78 2 0
github.com/getkin/kin-openapi/openapi3/loader.go:222.78,224.5 1 0
github.com/getkin/kin-openapi/openapi3/loader.go:226.3,226.65 1 1
github.com/getkin/kin-openapi/openapi3/loader.go:226.65,228.80 2 0
github.com/getkin/kin-openapi/openapi3/loader.go:228.80,230.5 1 0
github.com/getkin/kin-openapi/openapi3/loader.go:232.3,232.61 1 1
github.com/getkin/kin-openapi/openapi3/loader.go:232.61,234.77 2 0
github.com/getkin/kin-openapi/openapi3/loader.go:234.77,236.5 1 0
github.com/getkin/kin-openapi/openapi3/loader.go:238.3,238.59 1 1
github.com/getkin/kin-openapi/openapi3/loader.go:238.59,240.87 2 0
github.com/getkin/kin-openapi/openapi3/loader.go:240.87,242.5 1 0
github.com/getkin/kin-openapi/openapi3/loader.go:244.3,244.67 1 1
github.com/getkin/kin-openapi/openapi3/loader.go:244.67,246.83 2 1
github.com/getkin/kin-openapi/openapi3/loader.go:246.83,248.5 1 0
github.com/getkin/kin-openapi/openapi3/loader.go:250.3,250.60 1 1
github.com/getkin/kin-openapi/openapi3/loader.go:250.60,252.76 2 0
github.com/getkin/kin-openapi/openapi3/loader.go:252.76,254.5 1 0
github.com/getkin/kin-openapi/openapi3/loader.go:256.3,256.61 1 1
github.com/getkin/kin-openapi/openapi3/loader.go:256.61,258.77 2 0
github.com/getkin/kin-openapi/openapi3/loader.go:258.77,260.5 1 0
github.com/getkin/kin-openapi/openapi3/loader.go:265.2,266.49 2 1
github.com/getkin/kin-openapi/openapi3/loader.go:266.49,268.22 2 1
github.com/getkin/kin-openapi/openapi3/loader.go:268.22,269.12 1 0
github.com/getkin/kin-openapi/openapi3/loader.go:271.3,271.75 1 1
github.com/getkin/kin-openapi/openapi3/loader.go:271.75,273.4 1 0
github.com/getkin/kin-openapi/openapi3/loader.go:276.2,276.52 1 1
github.com/getkin/kin-openapi/openapi3/loader.go:276.52,277.54 1 0
github.com/getkin/kin-openapi/openapi3/loader.go:277.54,278.76 1 0
github.com/getkin/kin-openapi/openapi3/loader.go:278.76,280.5 1 0
github.com/getkin/kin-openapi/openapi3/loader.go:284.2,284.8 1 1
github.com/getkin/kin-openapi/openapi3/loader.go:287.69,288.21 1 0
github.com/getkin/kin-openapi/openapi3/loader.go:288.21,290.3 1 0
github.com/getkin/kin-openapi/openapi3/loader.go:291.2,293.17 3 0
github.com/getkin/kin-openapi/openapi3/loader.go:296.87,297.28 1 0
github.com/getkin/kin-openapi/openapi3/loader.go:297.28,299.41 1 0
github.com/getkin/kin-openapi/openapi3/loader.go:299.41,301.4 1 0
github.com/getkin/kin-openapi/openapi3/loader.go:302.3,302.29 1 0
github.com/getkin/kin-openapi/openapi3/loader.go:302.29,304.4 1 0
github.com/getkin/kin-openapi/openapi3/loader.go:305.3,305.46 1 0
github.com/getkin/kin-openapi/openapi3/loader.go:307.2,307.22 1 0
github.com/getkin/kin-openapi/openapi3/loader.go:310.91,312.16 2 0
github.com/getkin/kin-openapi/openapi3/loader.go:312.16,314.3 1 0
github.com/getkin/kin-openapi/openapi3/loader.go:316.2,318.26 3 0
github.com/getkin/kin-openapi/openapi3/loader.go:321.83,322.32 1 0
github.com/getkin/kin-openapi/openapi3/loader.go:322.32,326.18 2 0
github.com/getkin/kin-openapi/openapi3/loader.go:326.18,328.4 1 0
github.com/getkin/kin-openapi/openapi3/loader.go:330.3,331.19 2 0
github.com/getkin/kin-openapi/openapi3/loader.go:335.2,335.35 1 0
github.com/getkin/kin-openapi/openapi3/loader.go:335.35,336.56 1 0
github.com/getkin/kin-openapi/openapi3/loader.go:336.56,338.4 1 0
github.com/getkin/kin-openapi/openapi3/loader.go:341.2,342.16 2 0
github.com/getkin/kin-openapi/openapi3/loader.go:342.16,344.3 1 0
github.com/getkin/kin-openapi/openapi3/loader.go:346.2,346.26 1 0
github.com/getkin/kin-openapi/openapi3/loader.go:349.42,351.2 1 0
github.com/getkin/kin-openapi/openapi3/loader.go:353.44,354.31 1 0
github.com/getkin/kin-openapi/openapi3/loader.go:354.31,357.3 2 0
github.com/getkin/kin-openapi/openapi3/loader.go:358.2,359.38 2 0
github.com/getkin/kin-openapi/openapi3/loader.go:362.57,363.18 1 0
github.com/getkin/kin-openapi/openapi3/loader.go:363.18,364.44 1 0
github.com/getkin/kin-openapi/openapi3/loader.go:364.44,366.4 1 0
github.com/getkin/kin-openapi/openapi3/loader.go:368.2,370.69 3 0
github.com/getkin/kin-openapi/openapi3/loader.go:373.75,374.42 1 0
github.com/getkin/kin-openapi/openapi3/loader.go:374.42,377.3 2 0
github.com/getkin/kin-openapi/openapi3/loader.go:378.2,378.13 1 0
github.com/getkin/kin-openapi/openapi3/loader.go:385.3,386.102 1 0
github.com/getkin/kin-openapi/openapi3/loader.go:386.102,388.3 1 0
github.com/getkin/kin-openapi/openapi3/loader.go:390.2,391.16 2 0
github.com/getkin/kin-openapi/openapi3/loader.go:391.16,393.3 1 0
github.com/getkin/kin-openapi/openapi3/loader.go:394.2,395.20 2 0
github.com/getkin/kin-openapi/openapi3/loader.go:395.20,397.3 1 0
github.com/getkin/kin-openapi/openapi3/loader.go:398.2,398.24 1 0
github.com/getkin/kin-openapi/openapi3/loader.go:398.24,400.3 1 0
github.com/getkin/kin-openapi/openapi3/loader.go:402.2,402.41 1 0
github.com/getkin/kin-openapi/openapi3/loader.go:402.41,403.61 1 0
github.com/getkin/kin-openapi/openapi3/loader.go:403.61,407.30 3 0
github.com/getkin/kin-openapi/openapi3/loader.go:410.12,411.23 1 0
github.com/getkin/kin-openapi/openapi3/loader.go:411.23,414.6 2 0
github.com/getkin/kin-openapi/openapi3/loader.go:417.20,418.43 1 0
github.com/getkin/kin-openapi/openapi3/loader.go:418.43,419.59 1 0
github.com/getkin/kin-openapi/openapi3/loader.go:419.59,421.7 1 0
github.com/getkin/kin-openapi/openapi3/loader.go:421.12,423.7 1 0
github.com/getkin/kin-openapi/openapi3/loader.go:424.6,424.22 1 0
github.com/getkin/kin-openapi/openapi3/loader.go:427.20,428.17 1 0
github.com/getkin/kin-openapi/openapi3/loader.go:429.19,430.17 1 0
github.com/getkin/kin-openapi/openapi3/loader.go:431.16,432.17 1 0
github.com/getkin/kin-openapi/openapi3/loader.go:435.4,435.18 1 0
github.com/getkin/kin-openapi/openapi3/loader.go:435.18,436.67 1 0
github.com/getkin/kin-openapi/openapi3/loader.go:436.67,439.6 2 0
github.com/getkin/kin-openapi/openapi3/loader.go:442.4,442.21 1 0
github.com/getkin/kin-openapi/openapi3/loader.go:442.21,444.5 1 0
github.com/getkin/kin-openapi/openapi3/loader.go:446.3,446.21 1 0
github.com/getkin/kin-openapi/openapi3/loader.go:448.2,449.51 2 0
github.com/getkin/kin-openapi/openapi3/loader.go:449.51,450.18 1 0
github.com/getkin/kin-openapi/openapi3/loader.go:450.18,452.4 1 0
github.com/getkin/kin-openapi/openapi3/loader.go:453.3,455.18 3 0
github.com/getkin/kin-openapi/openapi3/loader.go:455.18,457.4 1 0
github.com/getkin/kin-openapi/openapi3/loader.go:458.3,458.79 1 0
github.com/getkin/kin-openapi/openapi3/loader.go:458.79,460.4 1 0
github.com/getkin/kin-openapi/openapi3/loader.go:461.3,461.65 1 0
github.com/getkin/kin-openapi/openapi3/loader.go:461.65,463.4 1 0
github.com/getkin/kin-openapi/openapi3/loader.go:464.3,464.12 1 0
github.com/getkin/kin-openapi/openapi3/loader.go:467.2,467.33 1 0
github.com/getkin/kin-openapi/openapi3/loader.go:467.33,470.10 1 0
github.com/getkin/kin-openapi/openapi3/loader.go:470.10,474.22 2 0
github.com/getkin/kin-openapi/openapi3/loader.go:474.22,476.5 1 0
github.com/getkin/kin-openapi/openapi3/loader.go:477.4,479.25 2 0
github.com/getkin/kin-openapi/openapi3/loader.go:483.2,483.9 1 0
github.com/getkin/kin-openapi/openapi3/loader.go:484.58,488.42 3 0
github.com/getkin/kin-openapi/openapi3/loader.go:490.66,491.40 1 0
github.com/getkin/kin-openapi/openapi3/loader.go:491.40,493.18 2 0
github.com/getkin/kin-openapi/openapi3/loader.go:493.18,495.5 1 0
github.com/getkin/kin-openapi/openapi3/loader.go:496.4,496.53 1 0
github.com/getkin/kin-openapi/openapi3/loader.go:496.53,498.5 1 0
github.com/getkin/kin-openapi/openapi3/loader.go:500.4,501.14 2 0
github.com/getkin/kin-openapi/openapi3/loader.go:503.3,503.49 1 0
github.com/getkin/kin-openapi/openapi3/loader.go:503.49,505.4 1 0
github.com/getkin/kin-openapi/openapi3/loader.go:506.3,506.42 1 0
github.com/getkin/kin-openapi/openapi3/loader.go:508.10,509.92 1 0
github.com/getkin/kin-openapi/openapi3/loader.go:513.33,514.18 1 0
github.com/getkin/kin-openapi/openapi3/loader.go:515.17,516.27 1 0
github.com/getkin/kin-openapi/openapi3/loader.go:517.20,518.34 1 0
github.com/getkin/kin-openapi/openapi3/loader.go:519.19,520.33 1 0
github.com/getkin/kin-openapi/openapi3/loader.go:521.18,522.32 1 0
github.com/getkin/kin-openapi/openapi3/loader.go:523.16,524.30 1 0
github.com/getkin/kin-openapi/openapi3/loader.go:525.21,526.35 1 0
github.com/getkin/kin-openapi/openapi3/loader.go:527.17,528.27 1 0
github.com/getkin/kin-openapi/openapi3/loader.go:529.23,530.37 1 0
github.com/getkin/kin-openapi/openapi3/loader.go:531.20,532.34 1 0
github.com/getkin/kin-openapi/openapi3/loader.go:533.18,534.32 1 0
github.com/getkin/kin-openapi/openapi3/loader.go:535.26,536.40 1 0
github.com/getkin/kin-openapi/openapi3/loader.go:537.10,538.42 1 0
github.com/getkin/kin-openapi/openapi3/loader.go:542.64,543.70 1 0
github.com/getkin/kin-openapi/openapi3/loader.go:545.19,547.30 2 0
github.com/getkin/kin-openapi/openapi3/loader.go:547.30,549.4 1 0
github.com/getkin/kin-openapi/openapi3/loader.go:550.3,550.39 1 0
github.com/getkin/kin-openapi/openapi3/loader.go:552.21,554.17 2 0
github.com/getkin/kin-openapi/openapi3/loader.go:554.17,556.4 1 0
github.com/getkin/kin-openapi/openapi3/loader.go:557.3,558.38 2 0
github.com/getkin/kin-openapi/openapi3/loader.go:558.38,560.4 1 0
github.com/getkin/kin-openapi/openapi3/loader.go:561.3,561.43 1 0
github.com/getkin/kin-openapi/openapi3/loader.go:563.22,565.33 2 0
github.com/getkin/kin-openapi/openapi3/loader.go:565.33,567.70 2 0
github.com/getkin/kin-openapi/openapi3/loader.go:567.70,568.65 1 0
github.com/getkin/kin-openapi/openapi3/loader.go:568.65,569.30 1 0
github.com/getkin/kin-openapi/openapi3/loader.go:569.30,571.7 1 0
github.com/getkin/kin-openapi/openapi3/loader.go:577.3,577.51 1 0
github.com/getkin/kin-openapi/openapi3/loader.go:577.51,580.4 1 0
github.com/getkin/kin-openapi/openapi3/loader.go:581.3,581.16 1 0
github.com/getkin/kin-openapi/openapi3/loader.go:581.16,582.78 1 0
github.com/getkin/kin-openapi/openapi3/loader.go:582.78,584.45 2 0
github.com/getkin/kin-openapi/openapi3/loader.go:584.45,586.6 1 0
github.com/getkin/kin-openapi/openapi3/loader.go:589.3,589.65 1 0
github.com/getkin/kin-openapi/openapi3/loader.go:591.10,592.56 1 0
github.com/getkin/kin-openapi/openapi3/loader.go:596.110,597.32 1 0
github.com/getkin/kin-openapi/openapi3/loader.go:597.32,599.3 1 0
github.com/getkin/kin-openapi/openapi3/loader.go:601.2,602.16 2 0
github.com/getkin/kin-openapi/openapi3/loader.go:602.16,604.3 1 0
github.com/getkin/kin-openapi/openapi3/loader.go:606.2,606.69 1 0
github.com/getkin/kin-openapi/openapi3/loader.go:606.69,608.3 1 0
github.com/getkin/kin-openapi/openapi3/loader.go:610.2,610.41 1 0
github.com/getkin/kin-openapi/openapi3/loader.go:613.87,615.16 2 0
github.com/getkin/kin-openapi/openapi3/loader.go:615.16,617.3 1 0
github.com/getkin/kin-openapi/openapi3/loader.go:619.2,621.39 3 0
github.com/getkin/kin-openapi/openapi3/loader.go:637.105,638.25 1 0
github.com/getkin/kin-openapi/openapi3/loader.go:638.25,640.3 1 0
github.com/getkin/kin-openapi/openapi3/loader.go:642.2,642.37 1 0
github.com/getkin/kin-openapi/openapi3/loader.go:642.37,643.29 1 0
github.com/getkin/kin-openapi/openapi3/loader.go:643.29,645.4 1 0
github.com/getkin/kin-openapi/openapi3/loader.go:646.3,646.50 1 0
github.com/getkin/kin-openapi/openapi3/loader.go:646.50,650.4 3 0
github.com/getkin/kin-openapi/openapi3/loader.go:650.6,652.4 1 0
github.com/getkin/kin-openapi/openapi3/loader.go:653.3,654.30 2 0
github.com/getkin/kin-openapi/openapi3/loader.go:654.30,656.99 2 0
github.com/getkin/kin-openapi/openapi3/loader.go:656.99,658.5 1 0
github.com/getkin/kin-openapi/openapi3/loader.go:659.4,660.38 2 0
github.com/getkin/kin-openapi/openapi3/loader.go:661.9,664.18 3 0
github.com/getkin/kin-openapi/openapi3/loader.go:664.18,666.5 1 0
github.com/getkin/kin-openapi/openapi3/loader.go:667.4,667.81 1 0
github.com/getkin/kin-openapi/openapi3/loader.go:667.81,668.29 1 0
github.com/getkin/kin-openapi/openapi3/loader.go:668.29,670.6 1 0
github.com/getkin/kin-openapi/openapi3/loader.go:671.5,671.15 1 0
github.com/getkin/kin-openapi/openapi3/loader.go:673.4,674.44 2 0
github.com/getkin/kin-openapi/openapi3/loader.go:676.3,676.48 1 0
github.com/getkin/kin-openapi/openapi3/loader.go:678.2,679.18 2 0
github.com/getkin/kin-openapi/openapi3/loader.go:679.18,681.3 1 0
github.com/getkin/kin-openapi/openapi3/loader.go:683.2,683.43 1 0
github.com/getkin/kin-openapi/openapi3/loader.go:683.43,684.88 1 0
github.com/getkin/kin-openapi/openapi3/loader.go:684.88,686.4 1 0
github.com/getkin/kin-openapi/openapi3/loader.go:688.2,688.51 1 0
github.com/getkin/kin-openapi/openapi3/loader.go:688.51,689.88 1 0
github.com/getkin/kin-openapi/openapi3/loader.go:689.88,691.4 1 0
github.com/getkin/kin-openapi/openapi3/loader.go:693.2,693.12 1 0
github.com/getkin/kin-openapi/openapi3/loader.go:696.111,697.25 1 0
github.com/getkin/kin-openapi/openapi3/loader.go:697.25,699.3 1 0
github.com/getkin/kin-openapi/openapi3/loader.go:701.2,701.37 1 0
github.com/getkin/kin-openapi/openapi3/loader.go:701.37,702.29 1 0
github.com/getkin/kin-openapi/openapi3/loader.go:702.29,704.4 1 0
github.com/getkin/kin-openapi/openapi3/loader.go:705.3,705.50 1 0
github.com/getkin/kin-openapi/openapi3/loader.go:705.50,709.4 3 0
github.com/getkin/kin-openapi/openapi3/loader.go:709.6,711.4 1 0
github.com/getkin/kin-openapi/openapi3/loader.go:712.3,713.30 2 0
github.com/getkin/kin-openapi/openapi3/loader.go:713.30,715.98 2 0
github.com/getkin/kin-openapi/openapi3/loader.go:715.98,717.5 1 0
github.com/getkin/kin-openapi/openapi3/loader.go:718.4,719.38 2 0
github.com/getkin/kin-openapi/openapi3/loader.go:720.9,723.18 3 0
github.com/getkin/kin-openapi/openapi3/loader.go:723.18,725.5 1 0
github.com/getkin/kin-openapi/openapi3/loader.go:726.4,726.84 1 0
github.com/getkin/kin-openapi/openapi3/loader.go:726.84,727.32 1 0
github.com/getkin/kin-openapi/openapi3/loader.go:727.32,729.6 1 0
github.com/getkin/kin-openapi/openapi3/loader.go:730.5,730.15 1 0
github.com/getkin/kin-openapi/openapi3/loader.go:732.4,733.44 2 0
github.com/getkin/kin-openapi/openapi3/loader.go:735.3,735.48 1 0
github.com/getkin/kin-openapi/openapi3/loader.go:737.2,738.18 2 0
github.com/getkin/kin-openapi/openapi3/loader.go:738.18,740.3 1 0
github.com/getkin/kin-openapi/openapi3/loader.go:742.2,742.49 1 0
github.com/getkin/kin-openapi/openapi3/loader.go:742.49,744.3 1 0
github.com/getkin/kin-openapi/openapi3/loader.go:745.2,745.53 1 0
github.com/getkin/kin-openapi/openapi3/loader.go:745.53,747.50 2 0
github.com/getkin/kin-openapi/openapi3/loader.go:747.50,748.89 1 0
github.com/getkin/kin-openapi/openapi3/loader.go:748.89,750.5 1 0
github.com/getkin/kin-openapi/openapi3/loader.go:752.3,752.58 1 0
github.com/getkin/kin-openapi/openapi3/loader.go:752.58,753.95 1 0
github.com/getkin/kin-openapi/openapi3/loader.go:753.95,755.5 1 0
github.com/getkin/kin-openapi/openapi3/loader.go:758.2,758.43 1 0
github.com/getkin/kin-openapi/openapi3/loader.go:758.43,759.88 1 0
github.com/getkin/kin-openapi/openapi3/loader.go:759.88,761.4 1 0
github.com/getkin/kin-openapi/openapi3/loader.go:763.2,763.51 1 0
github.com/getkin/kin-openapi/openapi3/loader.go:763.51,764.88 1 0
github.com/getkin/kin-openapi/openapi3/loader.go:764.88,766.4 1 0
github.com/getkin/kin-openapi/openapi3/loader.go:768.2,768.12 1 0
github.com/getkin/kin-openapi/openapi3/loader.go:771.115,772.25 1 0
github.com/getkin/kin-openapi/openapi3/loader.go:772.25,774.3 1 0
github.com/getkin/kin-openapi/openapi3/loader.go:776.2,776.37 1 0
github.com/getkin/kin-openapi/openapi3/loader.go:776.37,777.29 1 0
github.com/getkin/kin-openapi/openapi3/loader.go:777.29,779.4 1 0
github.com/getkin/kin-openapi/openapi3/loader.go:780.3,780.50 1 0
github.com/getkin/kin-openapi/openapi3/loader.go:780.50,784.4 3 0
github.com/getkin/kin-openapi/openapi3/loader.go:784.6,786.4 1 0
github.com/getkin/kin-openapi/openapi3/loader.go:787.3,788.30 2 0
github.com/getkin/kin-openapi/openapi3/loader.go:788.30,790.104 2 0
github.com/getkin/kin-openapi/openapi3/loader.go:790.104,792.5 1 0
github.com/getkin/kin-openapi/openapi3/loader.go:793.4,794.38 2 0
github.com/getkin/kin-openapi/openapi3/loader.go:795.9,798.18 3 0
github.com/getkin/kin-openapi/openapi3/loader.go:798.18,800.5 1 0
github.com/getkin/kin-openapi/openapi3/loader.go:801.4,801.85 1 0
github.com/getkin/kin-openapi/openapi3/loader.go:801.85,802.34 1 0
github.com/getkin/kin-openapi/openapi3/loader.go:802.34,804.6 1 0
github.com/getkin/kin-openapi/openapi3/loader.go:805.5,805.15 1 0
github.com/getkin/kin-openapi/openapi3/loader.go:807.4,808.44 2 0
github.com/getkin/kin-openapi/openapi3/loader.go:810.3,810.48 1 0
github.com/getkin/kin-openapi/openapi3/loader.go:812.2,813.18 2 0
github.com/getkin/kin-openapi/openapi3/loader.go:813.18,815.3 1 0
github.com/getkin/kin-openapi/openapi3/loader.go:817.2,817.53 1 0
github.com/getkin/kin-openapi/openapi3/loader.go:817.53,819.25 2 0
github.com/getkin/kin-openapi/openapi3/loader.go:819.25,820.12 1 0
github.com/getkin/kin-openapi/openapi3/loader.go:822.3,822.61 1 0
github.com/getkin/kin-openapi/openapi3/loader.go:822.61,824.79 2 0
github.com/getkin/kin-openapi/openapi3/loader.go:824.79,826.5 1 0
github.com/getkin/kin-openapi/openapi3/loader.go:827.4,827.40 1 0
github.com/getkin/kin-openapi/openapi3/loader.go:829.3,829.50 1 0
github.com/getkin/kin-openapi/openapi3/loader.go:829.50,830.89 1 0
github.com/getkin/kin-openapi/openapi3/loader.go:830.89,832.5 1 0
github.com/getkin/kin-openapi/openapi3/loader.go:835.2,835.12 1 0
github.com/getkin/kin-openapi/openapi3/loader.go:838.109,839.25 1 1
github.com/getkin/kin-openapi/openapi3/loader.go:839.25,841.3 1 0
github.com/getkin/kin-openapi/openapi3/loader.go:843.2,843.37 1 1
github.com/getkin/kin-openapi/openapi3/loader.go:843.37,844.29 1 0
github.com/getkin/kin-openapi/openapi3/loader.go:844.29,846.4 1 0
github.com/getkin/kin-openapi/openapi3/loader.go:847.3,847.50 1 0
github.com/getkin/kin-openapi/openapi3/loader.go:847.50,851.4 3 0
github.com/getkin/kin-openapi/openapi3/loader.go:851.6,853.4 1 0
github.com/getkin/kin-openapi/openapi3/loader.go:854.3,855.30 2 0
github.com/getkin/kin-openapi/openapi3/loader.go:855.30,857.97 2 0
github.com/getkin/kin-openapi/openapi3/loader.go:857.97,859.5 1 0
github.com/getkin/kin-openapi/openapi3/loader.go:860.4,861.38 2 0
github.com/getkin/kin-openapi/openapi3/loader.go:862.9,865.18 3 0
github.com/getkin/kin-openapi/openapi3/loader.go:865.18,867.5 1 0
github.com/getkin/kin-openapi/openapi3/loader.go:868.4,868.83 1 0
github.com/getkin/kin-openapi/openapi3/loader.go:868.83,869.31 1 0
github.com/getkin/kin-openapi/openapi3/loader.go:869.31,871.6 1 0
github.com/getkin/kin-openapi/openapi3/loader.go:872.5,872.15 1 0
github.com/getkin/kin-openapi/openapi3/loader.go:874.4,875.44 2 0
github.com/getkin/kin-openapi/openapi3/loader.go:877.3,877.48 1 0
github.com/getkin/kin-openapi/openapi3/loader.go:879.2,880.18 2 1
github.com/getkin/kin-openapi/openapi3/loader.go:880.18,882.3 1 0
github.com/getkin/kin-openapi/openapi3/loader.go:884.2,884.53 1 1
github.com/getkin/kin-openapi/openapi3/loader.go:884.53,886.76 2 0
github.com/getkin/kin-openapi/openapi3/loader.go:886.76,888.4 1 0
github.com/getkin/kin-openapi/openapi3/loader.go:890.2,890.53 1 1
github.com/getkin/kin-openapi/openapi3/loader.go:890.53,892.25 2 0
github.com/getkin/kin-openapi/openapi3/loader.go:892.25,893.12 1 0
github.com/getkin/kin-openapi/openapi3/loader.go:895.3,895.61 1 0
github.com/getkin/kin-openapi/openapi3/loader.go:895.61,897.79 2 0
github.com/getkin/kin-openapi/openapi3/loader.go:897.79,899.5 1 0
github.com/getkin/kin-openapi/openapi3/loader.go:900.4,900.40 1 0
github.com/getkin/kin-openapi/openapi3/loader.go:902.3,902.50 1 0
github.com/getkin/kin-openapi/openapi3/loader.go:902.50,903.89 1 0
github.com/getkin/kin-openapi/openapi3/loader.go:903.89,905.5 1 0
github.com/getkin/kin-openapi/openapi3/loader.go:906.4,906.31 1 0
github.com/getkin/kin-openapi/openapi3/loader.go:909.2,909.51 1 1
github.com/getkin/kin-openapi/openapi3/loader.go:909.51,911.72 2 0
github.com/getkin/kin-openapi/openapi3/loader.go:911.72,913.4 1 0
github.com/getkin/kin-openapi/openapi3/loader.go:915.2,915.12 1 1
github.com/getkin/kin-openapi/openapi3/loader.go:918.123,919.25 1 0
github.com/getkin/kin-openapi/openapi3/loader.go:919.25,921.3 1 0
github.com/getkin/kin-openapi/openapi3/loader.go:923.2,923.37 1 0
github.com/getkin/kin-openapi/openapi3/loader.go:923.37,924.29 1 0
github.com/getkin/kin-openapi/openapi3/loader.go:924.29,926.4 1 0
github.com/getkin/kin-openapi/openapi3/loader.go:927.3,927.50 1 0
github.com/getkin/kin-openapi/openapi3/loader.go:927.50,931.4 3 0
github.com/getkin/kin-openapi/openapi3/loader.go:931.6,933.4 1 0
github.com/getkin/kin-openapi/openapi3/loader.go:934.3,935.30 2 0
github.com/getkin/kin-openapi/openapi3/loader.go:935.30,937.99 2 0
github.com/getkin/kin-openapi/openapi3/loader.go:937.99,939.5 1 0
github.com/getkin/kin-openapi/openapi3/loader.go:940.4,941.38 2 0
github.com/getkin/kin-openapi/openapi3/loader.go:942.9,945.18 3 0
github.com/getkin/kin-openapi/openapi3/loader.go:945.18,947.5 1 0
github.com/getkin/kin-openapi/openapi3/loader.go:948.4,948.90 1 0
github.com/getkin/kin-openapi/openapi3/loader.go:948.90,949.29 1 0
github.com/getkin/kin-openapi/openapi3/loader.go:949.29,951.6 1 0
github.com/getkin/kin-openapi/openapi3/loader.go:952.5,952.15 1 0
github.com/getkin/kin-openapi/openapi3/loader.go:954.4,955.44 2 0
github.com/getkin/kin-openapi/openapi3/loader.go:957.3,964.85 2 0
github.com/getkin/kin-openapi/openapi3/loader.go:964.85,969.4 3 0
github.com/getkin/kin-openapi/openapi3/loader.go:971.2,972.18 2 0
github.com/getkin/kin-openapi/openapi3/loader.go:972.18,974.3 1 0
github.com/getkin/kin-openapi/openapi3/loader.go:977.2,977.32 1 0
github.com/getkin/kin-openapi/openapi3/loader.go:977.32,978.80 1 0
github.com/getkin/kin-openapi/openapi3/loader.go:978.80,980.4 1 0
github.com/getkin/kin-openapi/openapi3/loader.go:982.2,982.56 1 0
github.com/getkin/kin-openapi/openapi3/loader.go:982.56,984.80 2 0
github.com/getkin/kin-openapi/openapi3/loader.go:984.80,986.4 1 0
github.com/getkin/kin-openapi/openapi3/loader.go:988.2,988.54 1 0
github.com/getkin/kin-openapi/openapi3/loader.go:988.54,989.80 1 0
github.com/getkin/kin-openapi/openapi3/loader.go:989.80,991.4 1 0
github.com/getkin/kin-openapi/openapi3/loader.go:993.2,993.30 1 0
github.com/getkin/kin-openapi/openapi3/loader.go:993.30,994.80 1 0
github.com/getkin/kin-openapi/openapi3/loader.go:994.80,996.4 1 0
github.com/getkin/kin-openapi/openapi3/loader.go:998.2,998.32 1 0
github.com/getkin/kin-openapi/openapi3/loader.go:998.32,999.80 1 0
github.com/getkin/kin-openapi/openapi3/loader.go:999.80,1001.4 1 0
github.com/getkin/kin-openapi/openapi3/loader.go:1003.2,1003.32 1 0
github.com/getkin/kin-openapi/openapi3/loader.go:1003.32,1004.80 1 0
github.com/getkin/kin-openapi/openapi3/loader.go:1004.80,1006.4 1 0
github.com/getkin/kin-openapi/openapi3/loader.go:1008.2,1008.32 1 0
github.com/getkin/kin-openapi/openapi3/loader.go:1008.32,1009.80 1 0
github.com/getkin/kin-openapi/openapi3/loader.go:1009.80,1011.4 1 0
github.com/getkin/kin-openapi/openapi3/loader.go:1018.2,1018.32 1 0
github.com/getkin/kin-openapi/openapi3/loader.go:1018.32,1019.65 1 0
github.com/getkin/kin-openapi/openapi3/loader.go:1019.65,1022.70 2 0
github.com/getkin/kin-openapi/openapi3/loader.go:1022.70,1023.97 1 0
github.com/getkin/kin-openapi/openapi3/loader.go:1023.97,1025.6 1 0
github.com/getkin/kin-openapi/openapi3/loader.go:1026.5,1026.39 1 0
github.com/getkin/kin-openapi/openapi3/loader.go:1032.2,1032.38 1 0
github.com/getkin/kin-openapi/openapi3/loader.go:1032.38,1033.80 1 0
github.com/getkin/kin-openapi/openapi3/loader.go:1033.80,1035.4 1 0
github.com/getkin/kin-openapi/openapi3/loader.go:1037.2,1037.35 1 0
github.com/getkin/kin-openapi/openapi3/loader.go:1037.35,1038.80 1 0
github.com/getkin/kin-openapi/openapi3/loader.go:1038.80,1040.4 1 0
github.com/getkin/kin-openapi/openapi3/loader.go:1042.2,1042.63 1 0
github.com/getkin/kin-openapi/openapi3/loader.go:1042.63,1044.80 2 0
github.com/getkin/kin-openapi/openapi3/loader.go:1044.80,1046.4 1 0
github.com/getkin/kin-openapi/openapi3/loader.go:1048.2,1048.62 1 0
github.com/getkin/kin-openapi/openapi3/loader.go:1048.62,1050.80 2 0
github.com/getkin/kin-openapi/openapi3/loader.go:1050.80,1052.4 1 0
github.com/getkin/kin-openapi/openapi3/loader.go:1054.2,1054.50 1 0
github.com/getkin/kin-openapi/openapi3/loader.go:1054.50,1056.80 2 0
github.com/getkin/kin-openapi/openapi3/loader.go:1056.80,1058.4 1 0
github.com/getkin/kin-openapi/openapi3/loader.go:1060.2,1060.40 1 0
github.com/getkin/kin-openapi/openapi3/loader.go:1060.40,1061.80 1 0
github.com/getkin/kin-openapi/openapi3/loader.go:1061.80,1063.4 1 0
github.com/getkin/kin-openapi/openapi3/loader.go:1065.2,1065.50 1 0
github.com/getkin/kin-openapi/openapi3/loader.go:1065.50,1066.80 1 0
github.com/getkin/kin-openapi/openapi3/loader.go:1066.80,1068.4 1 0
github.com/getkin/kin-openapi/openapi3/loader.go:1070.2,1070.55 1 0
github.com/getkin/kin-openapi/openapi3/loader.go:1070.55,1071.80 1 0
github.com/getkin/kin-openapi/openapi3/loader.go:1071.80,1073.4 1 0
github.com/getkin/kin-openapi/openapi3/loader.go:1075.2,1075.29 1 0
github.com/getkin/kin-openapi/openapi3/loader.go:1075.29,1076.80 1 0
github.com/getkin/kin-openapi/openapi3/loader.go:1076.80,1078.4 1 0
github.com/getkin/kin-openapi/openapi3/loader.go:1080.2,1080.31 1 0
github.com/getkin/kin-openapi/openapi3/loader.go:1080.31,1081.80 1 0
github.com/getkin/kin-openapi/openapi3/loader.go:1081.80,1083.4 1 0
github.com/getkin/kin-openapi/openapi3/loader.go:1085.2,1085.31 1 0
github.com/getkin/kin-openapi/openapi3/loader.go:1085.31,1086.80 1 0
github.com/getkin/kin-openapi/openapi3/loader.go:1086.80,1088.4 1 0
github.com/getkin/kin-openapi/openapi3/loader.go:1090.2,1090.40 1 0
github.com/getkin/kin-openapi/openapi3/loader.go:1090.40,1091.80 1 0
github.com/getkin/kin-openapi/openapi3/loader.go:1091.80,1093.4 1 0
github.com/getkin/kin-openapi/openapi3/loader.go:1096.2,1096.12 1 0
github.com/getkin/kin-openapi/openapi3/loader.go:1099.121,1100.25 1 1
github.com/getkin/kin-openapi/openapi3/loader.go:1100.25,1102.3 1 0
github.com/getkin/kin-openapi/openapi3/loader.go:1104.2,1104.37 1 1
github.com/getkin/kin-openapi/openapi3/loader.go:1104.37,1105.29 1 0
github.com/getkin/kin-openapi/openapi3/loader.go:1105.29,1107.4 1 0
github.com/getkin/kin-openapi/openapi3/loader.go:1108.3,1108.50 1 0
github.com/getkin/kin-openapi/openapi3/loader.go:1108.50,1112.4 3 0
github.com/getkin/kin-openapi/openapi3/loader.go:1112.6,1114.4 1 0
github.com/getkin/kin-openapi/openapi3/loader.go:1115.3,1116.30 2 0
github.com/getkin/kin-openapi/openapi3/loader.go:1116.30,1118.88 2 0
github.com/getkin/kin-openapi/openapi3/loader.go:1118.88,1120.5 1 0
github.com/getkin/kin-openapi/openapi3/loader.go:1121.4,1122.38 2 0
github.com/getkin/kin-openapi/openapi3/loader.go:1123.9,1126.18 3 0
github.com/getkin/kin-openapi/openapi3/loader.go:1126.18,1128.5 1 0
github.com/getkin/kin-openapi/openapi3/loader.go:1129.4,1129.89 1 0
github.com/getkin/kin-openapi/openapi3/loader.go:1129.89,1130.37 1 0
github.com/getkin/kin-openapi/openapi3/loader.go:1130.37,1132.6 1 0
github.com/getkin/kin-openapi/openapi3/loader.go:1133.5,1133.15 1 0
github.com/getkin/kin-openapi/openapi3/loader.go:1135.4,1136.44 2 0
github.com/getkin/kin-openapi/openapi3/loader.go:1138.3,1138.48 1 0
github.com/getkin/kin-openapi/openapi3/loader.go:1140.2,1140.12 1 1
github.com/getkin/kin-openapi/openapi3/loader.go:1143.107,1144.37 1 0
github.com/getkin/kin-openapi/openapi3/loader.go:1144.37,1145.29 1 0
github.com/getkin/kin-openapi/openapi3/loader.go:1145.29,1147.4 1 0
github.com/getkin/kin-openapi/openapi3/loader.go:1148.3,1148.50 1 0
github.com/getkin/kin-openapi/openapi3/loader.go:1148.50,1152.4 3 0
github.com/getkin/kin-openapi/openapi3/loader.go:1152.6,1154.4 1 0
github.com/getkin/kin-openapi/openapi3/loader.go:1155.3,1156.30 2 0
github.com/getkin/kin-openapi/openapi3/loader.go:1156.30,1158.89 2 0
github.com/getkin/kin-openapi/openapi3/loader.go:1158.89,1160.5 1 0
github.com/getkin/kin-openapi/openapi3/loader.go:1161.4,1162.38 2 0
github.com/getkin/kin-openapi/openapi3/loader.go:1163.9,1166.18 3 0
github.com/getkin/kin-openapi/openapi3/loader.go:1166.18,1168.5 1 0
github.com/getkin/kin-openapi/openapi3/loader.go:1169.4,1169.82 1 0
github.com/getkin/kin-openapi/openapi3/loader.go:1169.82,1170.30 1 0
github.com/getkin/kin-openapi/openapi3/loader.go:1170.30,1172.6 1 0
github.com/getkin/kin-openapi/openapi3/loader.go:1173.5,1173.15 1 0
[...]
github.com/getkin/kin-openapi/openapi3filter/validation_error.go:39.19,41.3 1 0
github.com/getkin/kin-openapi/openapi3filter/validation_error.go:42.2,44.18 3 0
github.com/getkin/kin-openapi/openapi3filter/validation_error.go:44.18,46.3 1 0
github.com/getkin/kin-openapi/openapi3filter/validation_error.go:47.2,49.16 3 0
github.com/getkin/kin-openapi/openapi3filter/validation_error.go:49.16,51.3 1 0
github.com/getkin/kin-openapi/openapi3filter/validation_error.go:52.2,54.19 3 0
github.com/getkin/kin-openapi/openapi3filter/validation_error.go:54.19,57.3 2 0
github.com/getkin/kin-openapi/openapi3filter/validation_error.go:58.2,58.20 1 0
github.com/getkin/kin-openapi/openapi3filter/validation_error.go:58.20,62.3 3 0
github.com/getkin/kin-openapi/openapi3filter/validation_error.go:63.2,63.21 1 0
github.com/getkin/kin-openapi/openapi3filter/validation_error.go:63.21,65.31 2 0
github.com/getkin/kin-openapi/openapi3filter/validation_error.go:65.31,68.4 2 0
github.com/getkin/kin-openapi/openapi3filter/validation_error.go:68.9,68.36 1 0
github.com/getkin/kin-openapi/openapi3filter/validation_error.go:68.36,71.4 2 0
github.com/getkin/kin-openapi/openapi3filter/validation_error.go:72.3,72.21 1 0
github.com/getkin/kin-openapi/openapi3filter/validation_error.go:75.2,75.18 1 0
github.com/getkin/kin-openapi/openapi3filter/validation_error.go:75.18,77.3 1 0
github.com/getkin/kin-openapi/openapi3filter/validation_error.go:78.2,78.19 1 0
github.com/getkin/kin-openapi/openapi3filter/validation_error.go:82.44,84.2 1 0
github.com/getkin/kin-openapi/openapi3filter/validation_error_encoder.go:19.98,21.2 1 0
github.com/getkin/kin-openapi/openapi3filter/validation_error_encoder.go:24.37,25.44 1 0
github.com/getkin/kin-openapi/openapi3filter/validation_error_encoder.go:25.44,27.3 1 0
github.com/getkin/kin-openapi/openapi3filter/validation_error_encoder.go:29.2,30.9 2 0
github.com/getkin/kin-openapi/openapi3filter/validation_error_encoder.go:30.9,32.3 1 0
github.com/getkin/kin-openapi/openapi3filter/validation_error_encoder.go:34.2,35.18 2 0
github.com/getkin/kin-openapi/openapi3filter/validation_error_encoder.go:35.18,37.3 1 0
github.com/getkin/kin-openapi/openapi3filter/validation_error_encoder.go:37.8,37.40 1 0
github.com/getkin/kin-openapi/openapi3filter/validation_error_encoder.go:37.40,39.3 1 0
github.com/getkin/kin-openapi/openapi3filter/validation_error_encoder.go:39.8,39.42 1 0
github.com/getkin/kin-openapi/openapi3filter/validation_error_encoder.go:39.42,41.3 1 0
github.com/getkin/kin-openapi/openapi3filter/validation_error_encoder.go:41.8,41.52 1 0
github.com/getkin/kin-openapi/openapi3filter/validation_error_encoder.go:41.52,43.3 1 0
github.com/getkin/kin-openapi/openapi3filter/validation_error_encoder.go:43.8,43.62 1 0
github.com/getkin/kin-openapi/openapi3filter/validation_error_encoder.go:43.62,45.3 1 0
github.com/getkin/kin-openapi/openapi3filter/validation_error_encoder.go:47.2,47.17 1 0
github.com/getkin/kin-openapi/openapi3filter/validation_error_encoder.go:47.17,49.3 1 0
github.com/getkin/kin-openapi/openapi3filter/validation_error_encoder.go:50.2,50.12 1 0
github.com/getkin/kin-openapi/openapi3filter/validation_error_encoder.go:53.64,55.54 2 0
github.com/getkin/kin-openapi/openapi3filter/validation_error_encoder.go:55.54,57.3 1 0
github.com/getkin/kin-openapi/openapi3filter/validation_error_encoder.go:58.2,58.59 1 0
github.com/getkin/kin-openapi/openapi3filter/validation_error_encoder.go:61.65,62.50 1 0
github.com/getkin/kin-openapi/openapi3filter/validation_error_encoder.go:62.50,63.40 1 0
github.com/getkin/kin-openapi/openapi3filter/validation_error_encoder.go:63.40,68.4 1 0
github.com/getkin/kin-openapi/openapi3filter/validation_error_encoder.go:69.3,72.4 1 0
github.com/getkin/kin-openapi/openapi3filter/validation_error_encoder.go:74.2,77.3 1 0
github.com/getkin/kin-openapi/openapi3filter/validation_error_encoder.go:80.66,81.55 1 0
github.com/getkin/kin-openapi/openapi3filter/validation_error_encoder.go:81.55,86.3 1 0
github.com/getkin/kin-openapi/openapi3filter/validation_error_encoder.go:87.2,90.3 1 0
github.com/getkin/kin-openapi/openapi3filter/validation_error_encoder.go:93.68,94.57 1 0
github.com/getkin/kin-openapi/openapi3filter/validation_error_encoder.go:94.57,99.3 1 0
github.com/getkin/kin-openapi/openapi3filter/validation_error_encoder.go:100.2,103.3 1 0
github.com/getkin/kin-openapi/openapi3filter/validation_error_encoder.go:106.80,108.90 1 0
github.com/getkin/kin-openapi/openapi3filter/validation_error_encoder.go:108.90,113.3 1 0
github.com/getkin/kin-openapi/openapi3filter/validation_error_encoder.go:113.8,113.68 1 0
github.com/getkin/kin-openapi/openapi3filter/validation_error_encoder.go:113.68,118.3 1 0
github.com/getkin/kin-openapi/openapi3filter/validation_error_encoder.go:118.8,118.40 1 0
github.com/getkin/kin-openapi/openapi3filter/validation_error_encoder.go:118.40,120.67 1 0
github.com/getkin/kin-openapi/openapi3filter/validation_error_encoder.go:120.67,126.4 1 0
github.com/getkin/kin-openapi/openapi3filter/validation_error_encoder.go:127.3,130.4 1 0
github.com/getkin/kin-openapi/openapi3filter/validation_error_encoder.go:132.2,132.12 1 0
github.com/getkin/kin-openapi/openapi3filter/validation_error_encoder.go:135.91,139.66 2 0
github.com/getkin/kin-openapi/openapi3filter/validation_error_encoder.go:139.66,141.3 1 0
github.com/getkin/kin-openapi/openapi3filter/validation_error_encoder.go:144.2,144.24 1 0
github.com/getkin/kin-openapi/openapi3filter/validation_error_encoder.go:144.24,146.3 1 0
github.com/getkin/kin-openapi/openapi3filter/validation_error_encoder.go:146.8,146.33 1 0
github.com/getkin/kin-openapi/openapi3filter/validation_error_encoder.go:146.33,148.3 1 0
github.com/getkin/kin-openapi/openapi3filter/validation_error_encoder.go:151.2,151.24 1 0
github.com/getkin/kin-openapi/openapi3filter/validation_error_encoder.go:151.24,155.3 1 0
github.com/getkin/kin-openapi/openapi3filter/validation_error_encoder.go:155.8,155.54 1 0
github.com/getkin/kin-openapi/openapi3filter/validation_error_encoder.go:155.54,157.3 1 0
github.com/getkin/kin-openapi/openapi3filter/validation_error_encoder.go:160.2,160.36 1 0
github.com/getkin/kin-openapi/openapi3filter/validation_error_encoder.go:160.36,162.45 2 0
github.com/getkin/kin-openapi/openapi3filter/validation_error_encoder.go:162.45,164.4 1 0
github.com/getkin/kin-openapi/openapi3filter/validation_error_encoder.go:165.3,173.33 3 0
github.com/getkin/kin-openapi/openapi3filter/validation_error_encoder.go:173.33,179.4 2 0
github.com/getkin/kin-openapi/openapi3filter/validation_error_encoder.go:181.2,181.13 1 0
github.com/getkin/kin-openapi/openapi3filter/validation_error_encoder.go:184.49,186.2 1 0
github.com/getkin/kin-openapi/openapi3filter/validation_handler.go:18.74,18.88 1 1
github.com/getkin/kin-openapi/openapi3filter/validation_handler.go:30.42,33.16 3 1
github.com/getkin/kin-openapi/openapi3filter/validation_handler.go:33.16,35.3 1 0
github.com/getkin/kin-openapi/openapi3filter/validation_handler.go:36.2,36.53 1 1
github.com/getkin/kin-openapi/openapi3filter/validation_handler.go:36.53,38.3 1 0
github.com/getkin/kin-openapi/openapi3filter/validation_handler.go:39.2,39.61 1 1
github.com/getkin/kin-openapi/openapi3filter/validation_handler.go:39.61,41.3 1 0
github.com/getkin/kin-openapi/openapi3filter/validation_handler.go:44.2,44.22 1 1
github.com/getkin/kin-openapi/openapi3filter/validation_handler.go:44.22,46.3 1 1
github.com/getkin/kin-openapi/openapi3filter/validation_handler.go:47.2,47.33 1 1
github.com/getkin/kin-openapi/openapi3filter/validation_handler.go:47.33,49.3 1 1
github.com/getkin/kin-openapi/openapi3filter/validation_handler.go:50.2,50.27 1 1
github.com/getkin/kin-openapi/openapi3filter/validation_handler.go:50.27,52.3 1 1
github.com/getkin/kin-openapi/openapi3filter/validation_handler.go:54.2,54.12 1 1
github.com/getkin/kin-openapi/openapi3filter/validation_handler.go:57.79,58.40 1 1
github.com/getkin/kin-openapi/openapi3filter/validation_handler.go:58.40,60.3 1 0
github.com/getkin/kin-openapi/openapi3filter/validation_handler.go:62.2,62.27 1 1
github.com/getkin/kin-openapi/openapi3filter/validation_handler.go:66.72,67.71 1 0
github.com/getkin/kin-openapi/openapi3filter/validation_handler.go:67.71,68.41 1 0
github.com/getkin/kin-openapi/openapi3filter/validation_handler.go:68.41,70.4 1 0
github.com/getkin/kin-openapi/openapi3filter/validation_handler.go:72.3,72.23 1 0
github.com/getkin/kin-openapi/openapi3filter/validation_handler.go:76.91,77.45 1 1
github.com/getkin/kin-openapi/openapi3filter/validation_handler.go:77.45,80.3 2 0
github.com/getkin/kin-openapi/openapi3filter/validation_handler.go:81.2,81.14 1 1
github.com/getkin/kin-openapi/openapi3filter/validation_handler.go:84.68,87.16 2 1
github.com/getkin/kin-openapi/openapi3filter/validation_handler.go:87.16,89.3 1 0
github.com/getkin/kin-openapi/openapi3filter/validation_handler.go:91.2,102.76 3 1
github.com/getkin/kin-openapi/openapi3filter/validation_handler.go:102.76,104.3 1 0
github.com/getkin/kin-openapi/openapi3filter/validation_handler.go:106.2,106.12 1 1
github.com/getkin/kin-openapi/openapi3filter/validation_kit.go:64.79,66.47 2 0
github.com/getkin/kin-openapi/openapi3filter/validation_kit.go:66.47,67.73 1 0
github.com/getkin/kin-openapi/openapi3filter/validation_kit.go:67.73,69.4 1 0
github.com/getkin/kin-openapi/openapi3filter/validation_kit.go:71.2,72.40 2 0
github.com/getkin/kin-openapi/openapi3filter/validation_kit.go:72.40,73.45 1 0
github.com/getkin/kin-openapi/openapi3filter/validation_kit.go:73.45,74.29 1 0
github.com/getkin/kin-openapi/openapi3filter/validation_kit.go:74.29,76.5 1 0
github.com/getkin/kin-openapi/openapi3filter/validation_kit.go:79.2,80.37 2 0
github.com/getkin/kin-openapi/openapi3filter/validation_kit.go:80.37,82.3 1 0
github.com/getkin/kin-openapi/openapi3filter/validation_kit.go:83.2,84.22 2 0
github.com/getkin/kin-openapi/routers/types.go:42.37,42.56 1 0
github.com/getkin/kin-openapi/routers/legacy/router.go:25.107,26.28 1 0
github.com/getkin/kin-openapi/routers/legacy/router.go:26.28,28.35 1 0
github.com/getkin/kin-openapi/routers/legacy/router.go:28.35,29.12 1 0
github.com/getkin/kin-openapi/routers/legacy/router.go:31.3,32.17 2 0
github.com/getkin/kin-openapi/routers/legacy/router.go:32.17,34.4 1 0
github.com/getkin/kin-openapi/routers/legacy/router.go:36.2,36.28 1 0
github.com/getkin/kin-openapi/routers/legacy/router.go:36.28,38.34 1 0
github.com/getkin/kin-openapi/routers/legacy/router.go:38.34,39.12 1 0
github.com/getkin/kin-openapi/routers/legacy/router.go:41.3,42.17 2 0
github.com/getkin/kin-openapi/routers/legacy/router.go:42.17,44.4 1 0
github.com/getkin/kin-openapi/routers/legacy/router.go:46.2,48.3 1 0
github.com/getkin/kin-openapi/routers/legacy/router.go:61.92,62.68 1 1
github.com/getkin/kin-openapi/routers/legacy/router.go:62.68,64.3 1 0
github.com/getkin/kin-openapi/routers/legacy/router.go:65.2,67.46 3 1
github.com/getkin/kin-openapi/routers/legacy/router.go:67.46,68.56 1 1
github.com/getkin/kin-openapi/routers/legacy/router.go:68.56,76.24 2 1
github.com/getkin/kin-openapi/routers/legacy/router.go:76.24,78.5 1 0
github.com/getkin/kin-openapi/routers/legacy/router.go:81.2,81.20 1 1
github.com/getkin/kin-openapi/routers/legacy/router.go:85.60,87.18 2 0
github.com/getkin/kin-openapi/routers/legacy/router.go:87.18,89.3 1 0
github.com/getkin/kin-openapi/routers/legacy/router.go:90.2,92.16 3 0
github.com/getkin/kin-openapi/routers/legacy/router.go:92.16,94.3 1 0
github.com/getkin/kin-openapi/routers/legacy/router.go:95.2,95.56 1 0
github.com/getkin/kin-openapi/routers/legacy/router.go:98.48,100.17 2 1
github.com/getkin/kin-openapi/routers/legacy/router.go:100.17,103.3 2 1
github.com/getkin/kin-openapi/routers/legacy/router.go:104.2,104.13 1 1
github.com/getkin/kin-openapi/routers/legacy/router.go:108.95,117.23 7 1
github.com/getkin/kin-openapi/routers/legacy/router.go:117.23,119.3 1 1
github.com/getkin/kin-openapi/routers/legacy/router.go:119.8,122.20 3 0
github.com/getkin/kin-openapi/routers/legacy/router.go:122.20,126.4 1 0
github.com/getkin/kin-openapi/routers/legacy/router.go:127.3,129.17 3 0
github.com/getkin/kin-openapi/routers/legacy/router.go:129.17,131.4 1 0
github.com/getkin/kin-openapi/routers/legacy/router.go:132.3,132.37 1 0
github.com/getkin/kin-openapi/routers/legacy/router.go:132.37,135.4 2 0
github.com/getkin/kin-openapi/routers/legacy/router.go:139.2,142.17 4 1
github.com/getkin/kin-openapi/routers/legacy/router.go:142.17,144.3 1 1
github.com/getkin/kin-openapi/routers/legacy/router.go:145.2,145.18 1 1
github.com/getkin/kin-openapi/routers/legacy/router.go:145.18,147.22 2 0
github.com/getkin/kin-openapi/routers/legacy/router.go:147.22,149.4 1 0
github.com/getkin/kin-openapi/routers/legacy/router.go:150.3,150.43 1 0
github.com/getkin/kin-openapi/routers/legacy/router.go:150.43,152.4 1 0
github.com/getkin/kin-openapi/routers/legacy/router.go:155.2,155.23 1 1
github.com/getkin/kin-openapi/routers/legacy/router.go:155.23,157.3 1 1
github.com/getkin/kin-openapi/routers/legacy/router.go:158.2,159.36 2 1
github.com/getkin/kin-openapi/routers/legacy/router.go:159.36,162.3 2 0
github.com/getkin/kin-openapi/routers/legacy/router.go:163.2,163.31 1 1
github.com/getkin/kin-openapi/routers/legacy/pathpattern/node.go:34.59,39.44 3 0
github.com/getkin/kin-openapi/routers/legacy/pathpattern/node.go:39.44,40.22 1 0
github.com/getkin/kin-openapi/routers/legacy/pathpattern/node.go:41.12,44.15 3 0
github.com/getkin/kin-openapi/routers/legacy/pathpattern/node.go:45.12,46.21 1 0
github.com/getkin/kin-openapi/routers/legacy/pathpattern/node.go:46.21,50.5 3 0
github.com/getkin/kin-openapi/routers/legacy/pathpattern/node.go:53.2,54.20 2 0
github.com/getkin/kin-openapi/routers/legacy/pathpattern/node.go:63.42,67.2 3 0
github.com/getkin/kin-openapi/routers/legacy/pathpattern/node.go:69.73,70.46 1 0
github.com/getkin/kin-openapi/routers/legacy/pathpattern/node.go:70.46,75.3 4 0
github.com/getkin/kin-openapi/routers/legacy/pathpattern/node.go:76.2,77.23 2 0
github.com/getkin/kin-openapi/routers/legacy/pathpattern/node.go:77.23,79.35 2 0
github.com/getkin/kin-openapi/routers/legacy/pathpattern/node.go:79.35,85.4 5 0
github.com/getkin/kin-openapi/routers/legacy/pathpattern/node.go:118.36,120.2 1 0
github.com/getkin/kin-openapi/routers/legacy/pathpattern/node.go:122.38,123.21 1 0
github.com/getkin/kin-openapi/routers/legacy/pathpattern/node.go:124.26,125.24 1 0
github.com/getkin/kin-openapi/routers/legacy/pathpattern/node.go:126.26,127.15 1 0
github.com/getkin/kin-openapi/routers/legacy/pathpattern/node.go:128.28,129.16 1 0
github.com/getkin/kin-openapi/routers/legacy/pathpattern/node.go:130.10,131.38 1 0
github.com/getkin/kin-openapi/routers/legacy/pathpattern/node.go:139.37,140.46 1 0
github.com/getkin/kin-openapi/routers/legacy/pathpattern/node.go:140.46,142.3 1 0
github.com/getkin/kin-openapi/routers/legacy/pathpattern/node.go:144.2,144.42 1 0
github.com/getkin/kin-openapi/routers/legacy/pathpattern/node.go:147.76,149.16 2 0
github.com/getkin/kin-openapi/routers/legacy/pathpattern/node.go:149.16,150.13 1 0
github.com/getkin/kin-openapi/routers/legacy/pathpattern/node.go:152.2,152.20 1 0
github.com/getkin/kin-openapi/routers/legacy/pathpattern/node.go:155.78,157.16 2 1
github.com/getkin/kin-openapi/routers/legacy/pathpattern/node.go:157.16,159.3 1 0
github.com/getkin/kin-openapi/routers/legacy/pathpattern/node.go:160.2,161.12 2 1
github.com/getkin/kin-openapi/routers/legacy/pathpattern/node.go:164.83,165.20 1 1
github.com/getkin/kin-openapi/routers/legacy/pathpattern/node.go:165.20,167.3 1 1
github.com/getkin/kin-openapi/routers/legacy/pathpattern/node.go:168.2,168.35 1 1
github.com/getkin/kin-openapi/routers/legacy/pathpattern/node.go:168.35,170.3 1 0
github.com/getkin/kin-openapi/routers/legacy/pathpattern/node.go:171.2,174.6 3 1
github.com/getkin/kin-openapi/routers/legacy/pathpattern/node.go:174.6,176.26 1 1
github.com/getkin/kin-openapi/routers/legacy/pathpattern/node.go:176.26,181.4 2 1
github.com/getkin/kin-openapi/routers/legacy/pathpattern/node.go:183.3,185.40 3 1
github.com/getkin/kin-openapi/routers/legacy/pathpattern/node.go:185.40,189.4 3 1
github.com/getkin/kin-openapi/routers/legacy/pathpattern/node.go:189.9,191.13 2 1
github.com/getkin/kin-openapi/routers/legacy/pathpattern/node.go:191.13,193.5 1 1
github.com/getkin/kin-openapi/routers/legacy/pathpattern/node.go:194.4,194.13 1 1
github.com/getkin/kin-openapi/routers/legacy/pathpattern/node.go:194.13,199.5 3 1
github.com/getkin/kin-openapi/routers/legacy/pathpattern/node.go:199.10,199.34 1 0
github.com/getkin/kin-openapi/routers/legacy/pathpattern/node.go:199.34,205.14 3 0
github.com/getkin/kin-openapi/routers/legacy/pathpattern/node.go:205.14,207.6 1 0
github.com/getkin/kin-openapi/routers/legacy/pathpattern/node.go:208.5,211.30 3 0
github.com/getkin/kin-openapi/routers/legacy/pathpattern/node.go:211.30,214.16 2 0
github.com/getkin/kin-openapi/routers/legacy/pathpattern/node.go:214.16,218.7 3 0
github.com/getkin/kin-openapi/routers/legacy/pathpattern/node.go:220.5,220.69 1 0
github.com/getkin/kin-openapi/routers/legacy/pathpattern/node.go:220.69,221.46 1 0
github.com/getkin/kin-openapi/routers/legacy/pathpattern/node.go:221.46,223.7 1 0
github.com/getkin/kin-openapi/routers/legacy/pathpattern/node.go:225.5,225.56 1 0
github.com/getkin/kin-openapi/routers/legacy/pathpattern/node.go:230.3,230.49 1 1
github.com/getkin/kin-openapi/routers/legacy/pathpattern/node.go:230.49,231.37 1 0
github.com/getkin/kin-openapi/routers/legacy/pathpattern/node.go:231.37,233.18 2 0
github.com/getkin/kin-openapi/routers/legacy/pathpattern/node.go:238.3,238.38 1 1
github.com/getkin/kin-openapi/routers/legacy/pathpattern/node.go:238.38,240.18 2 0
github.com/getkin/kin-openapi/routers/legacy/pathpattern/node.go:240.18,242.5 1 0
github.com/getkin/kin-openapi/routers/legacy/pathpattern/node.go:243.4,243.26 1 0
github.com/getkin/kin-openapi/routers/legacy/pathpattern/node.go:247.3,252.16 6 1
github.com/getkin/kin-openapi/routers/legacy/pathpattern/node.go:256.63,257.35 1 1
github.com/getkin/kin-openapi/routers/legacy/pathpattern/node.go:257.35,259.3 1 0
github.com/getkin/kin-openapi/routers/legacy/pathpattern/node.go:260.2,261.57 2 1
github.com/getkin/kin-openapi/routers/legacy/pathpattern/node.go:264.99,266.53 1 1
github.com/getkin/kin-openapi/routers/legacy/pathpattern/node.go:266.53,268.3 1 1
github.com/getkin/kin-openapi/routers/legacy/pathpattern/node.go:271.2,271.46 1 1
github.com/getkin/kin-openapi/routers/legacy/pathpattern/node.go:271.46,274.22 3 1
github.com/getkin/kin-openapi/routers/legacy/pathpattern/node.go:275.27,277.45 2 1
github.com/getkin/kin-openapi/routers/legacy/pathpattern/node.go:277.45,280.5 2 1
github.com/getkin/kin-openapi/routers/legacy/pathpattern/node.go:280.10,280.52 1 0
github.com/getkin/kin-openapi/routers/legacy/pathpattern/node.go:280.52,282.5 1 0
github.com/getkin/kin-openapi/routers/legacy/pathpattern/node.go:283.27,285.13 2 0
github.com/getkin/kin-openapi/routers/legacy/pathpattern/node.go:285.13,287.5 1 0
github.com/getkin/kin-openapi/routers/legacy/pathpattern/node.go:288.4,290.87 3 0
github.com/getkin/kin-openapi/routers/legacy/pathpattern/node.go:291.29,293.58 2 0
github.com/getkin/kin-openapi/routers/legacy/pathpattern/node.go:294.25,296.13 2 0
github.com/getkin/kin-openapi/routers/legacy/pathpattern/node.go:296.13,298.5 1 0
github.com/getkin/kin-openapi/routers/legacy/pathpattern/node.go:299.4,301.38 3 0
github.com/getkin/kin-openapi/routers/legacy/pathpattern/node.go:301.38,303.25 2 0
github.com/getkin/kin-openapi/routers/legacy/pathpattern/node.go:303.25,305.6 1 0
github.com/getkin/kin-openapi/routers/legacy/pathpattern/node.go:306.5,308.88 3 0
github.com/getkin/kin-openapi/routers/legacy/pathpattern/node.go:311.3,311.51 1 1
github.com/getkin/kin-openapi/routers/legacy/pathpattern/node.go:311.51,314.4 1 1
github.com/getkin/kin-openapi/routers/legacy/pathpattern/node.go:318.2,318.17 1 0
