<?xml version="1.0" encoding="utf-8"?><testsuites name="pytest tests"><testsuite name="pytest" errors="0" failures="6" skipped="0" tests="17" time="1.556" timestamp="2026-09-12T03:27:29.464163+00:00" hostname="bc438753d3ff"><testcase classname="tests.test_python_jose_cve_ghsa_6c5p_j8vq_pqhj" name="test_ghsa_6c5p_j8vq_pqhj_fix_pinning" time="0.002"><failure message="jose.exceptions.JWKError: Unable to load PEM file. See https://cryptography.io/en/latest/faq/#why-can-t-i-import-my-pem-file for more details. MalformedFraming">self = &lt;jose.backends.cryptography_backend.CryptographyECKey object at 0x7f1408b57650&gt;
key = b'ecdsa-sha2-nistp256 AAAAE2VjZHNhLXNoYTItbmlzdHAyNTYAAAAIbmlzdHAyNTYAAABBBEN/s8fJwsEeaVxVI/5bPlrOKqwPKwTCk4i/enhQh7bEStF9+6JfCjCy2mWdfQDbfkYKvsSSCSSKLbe1ZM4ujGM='
algorithm = 'ES256'
cryptography_backend = &lt;function default_backend at 0x7f1408a5aac0&gt;

    def __init__(self, key, algorithm, cryptography_backend=default_backend):
        if algorithm not in ALGORITHMS.EC:
            raise JWKError("hash_alg: %s is not a valid hash algorithm" % algorithm)
    
        self.hash_alg = {
            ALGORITHMS.ES256: self.SHA256,
            ALGORITHMS.ES384: self.SHA384,
            ALGORITHMS.ES512: self.SHA512,
        }.get(algorithm)
        self._algorithm = algorithm
    
        self.cryptography_backend = cryptography_backend
    
        if hasattr(key, "public_bytes") or hasattr(key, "private_bytes"):
            self.prepared_key = key
            return
    
        if hasattr(key, "to_pem"):
            # convert to PEM and let cryptography below load it as PEM
            key = key.to_pem().decode("utf-8")
    
        if isinstance(key, dict):
            self.prepared_key = self._process_jwk(key)
            return
    
        if isinstance(key, str):
            key = key.encode("utf-8")
    
        if isinstance(key, bytes):
            # Attempt to load key. We don't know if it's
            # a Public Key or a Private Key, so we try
            # the Public Key first.
            try:
                try:
&gt;                   key = load_pem_public_key(key, self.cryptography_backend())
                          ^^^^^^^^^^^^^^^^^^^^^^^^^^^^^^^^^^^^^^^^^^^^^^^^^^^^^
E                   ValueError: Unable to load PEM file. See https://cryptography.io/en/latest/faq/#why-can-t-i-import-my-pem-file for more details. MalformedFraming

venv/lib/python3.12/site-packages/jose/backends/cryptography_backend.py:95: ValueError

During handling of the above exception, another exception occurred:

self = &lt;jose.backends.cryptography_backend.CryptographyECKey object at 0x7f1408b57650&gt;
key = b'ecdsa-sha2-nistp256 AAAAE2VjZHNhLXNoYTItbmlzdHAyNTYAAAAIbmlzdHAyNTYAAABBBEN/s8fJwsEeaVxVI/5bPlrOKqwPKwTCk4i/enhQh7bEStF9+6JfCjCy2mWdfQDbfkYKvsSSCSSKLbe1ZM4ujGM='
algorithm = 'ES256'
cryptography_backend = &lt;function default_backend at 0x7f1408a5aac0&gt;

    def __init__(self, key, algorithm, cryptography_backend=default_backend):
        if algorithm not in ALGORITHMS.EC:
            raise JWKError("hash_alg: %s is not a valid hash algorithm" % algorithm)
    
        self.hash_alg = {
            ALGORITHMS.ES256: self.SHA256,
            ALGORITHMS.ES384: self.SHA384,
            ALGORITHMS.ES512: self.SHA512,
        }.get(algorithm)
        self._algorithm = algorithm
    
        self.cryptography_backend = cryptography_backend
    
        if hasattr(key, "public_bytes") or hasattr(key, "private_bytes"):
            self.prepared_key = key
            return
    
        if hasattr(key, "to_pem"):
            # convert to PEM and let cryptography below load it as PEM
            key = key.to_pem().decode("utf-8")
    
        if isinstance(key, dict):
            self.prepared_key = self._process_jwk(key)
            return
    
        if isinstance(key, str):
            key = key.encode("utf-8")
    
        if isinstance(key, bytes):
            # Attempt to load key. We don't know if it's
            # a Public Key or a Private Key, so we try
            # the Public Key first.
            try:
                try:
                    key = load_pem_public_key(key, self.cryptography_backend())
                except ValueError:
&gt;                   key = load_pem_private_key(key, password=None, backend=self.cryptography_backend())
                          ^^^^^^^^^^^^^^^^^^^^^^^^^^^^^^^^^^^^^^^^^^^^^^^^^^^^^^^^^^^^^^^^^^^^^^^^^^^^^
E                   ValueError: Unable to load PEM file. See https://cryptography.io/en/latest/faq/#why-can-t-i-import-my-pem-file for more details. MalformedFraming

venv/lib/python3.12/site-packages/jose/backends/cryptography_backend.py:97: ValueError

During handling of the above exception, another exception occurred:

    def test_ghsa_6c5p_j8vq_pqhj_fix_pinning():
        """Decoding a token with an OpenSSH ECDSA key must not succeed via algorithm confusion."""
&gt;       token, kid, key_obj = _make_token_with_ssh_key()
                              ^^^^^^^^^^^^^^^^^^^^^^^^^^

tests/test_python_jose_cve_ghsa_6c5p_j8vq_pqhj.py:37: 
_ _ _ _ _ _ _ _ _ _ _ _ _ _ _ _ _ _ _ _ _ _ _ _ _ _ _ _ _ _ _ _ _ _ _ _ _ _ _ _ 
tests/test_python_jose_cve_ghsa_6c5p_j8vq_pqhj.py:23: in _make_token_with_ssh_key
    key_obj = jwk.construct(_OPENSSH_PUB, algorithm=Algorithms.ES256)
              ^^^^^^^^^^^^^^^^^^^^^^^^^^^^^^^^^^^^^^^^^^^^^^^^^^^^^^^
venv/lib/python3.12/site-packages/jose/jwk.py:79: in construct
    return key_class(key_data, algorithm)
           ^^^^^^^^^^^^^^^^^^^^^^^^^^^^^^
_ _ _ _ _ _ _ _ _ _ _ _ _ _ _ _ _ _ _ _ _ _ _ _ _ _ _ _ _ _ _ _ _ _ _ _ _ _ _ _ 

self = &lt;jose.backends.cryptography_backend.CryptographyECKey object at 0x7f1408b57650&gt;
key = b'ecdsa-sha2-nistp256 AAAAE2VjZHNhLXNoYTItbmlzdHAyNTYAAAAIbmlzdHAyNTYAAABBBEN/s8fJwsEeaVxVI/5bPlrOKqwPKwTCk4i/enhQh7bEStF9+6JfCjCy2mWdfQDbfkYKvsSSCSSKLbe1ZM4ujGM='
algorithm = 'ES256'
cryptography_backend = &lt;function default_backend at 0x7f1408a5aac0&gt;

    def __init__(self, key, algorithm, cryptography_backend=default_backend):
        if algorithm not in ALGORITHMS.EC:
            raise JWKError("hash_alg: %s is not a valid hash algorithm" % algorithm)
    
        self.hash_alg = {
            ALGORITHMS.ES256: self.SHA256,
            ALGORITHMS.ES384: self.SHA384,
            ALGORITHMS.ES512: self.SHA512,
        }.get(algorithm)
        self._algorithm = algorithm
    
        self.cryptography_backend = cryptography_backend
    
        if hasattr(key, "public_bytes") or hasattr(key, "private_bytes"):
            self.prepared_key = key
            return
    
        if hasattr(key, "to_pem"):
            # convert to PEM and let cryptography below load it as PEM
            key = key.to_pem().decode("utf-8")
    
        if isinstance(key, dict):
            self.prepared_key = self._process_jwk(key)
            return
    
        if isinstance(key, str):
            key = key.encode("utf-8")
    
        if isinstance(key, bytes):
            # Attempt to load key. We don't know if it's
            # a Public Key or a Private Key, so we try
            # the Public Key first.
            try:
                try:
                    key = load_pem_public_key(key, self.cryptography_backend())
                except ValueError:
                    key = load_pem_private_key(key, password=None, backend=self.cryptography_backend())
            except Exception as e:
&gt;               raise JWKError(e)
E               jose.exceptions.JWKError: Unable to load PEM file. See https://cryptography.io/en/latest/faq/#why-can-t-i-import-my-pem-file for more details. MalformedFraming

venv/lib/python3.12/site-packages/jose/backends/cryptography_backend.py:99: JWKError</failure></testcase><testcase classname="tests.test_python_jose_cve_ghsa_6c5p_j8vq_pqhj" name="test_ghsa_6c5p_j8vq_pqhj_exposure" time="0.001"><failure message="jose.exceptions.JWKError: Unable to load PEM file. See https://cryptography.io/en/latest/faq/#why-can-t-i-import-my-pem-file for more details. MalformedFraming">self = &lt;jose.backends.cryptography_backend.CryptographyECKey object at 0x7f14089c76b0&gt;
key = b'ecdsa-sha2-nistp256 AAAAE2VjZHNhLXNoYTItbmlzdHAyNTYAAAAIbmlzdHAyNTYAAABBBEN/s8fJwsEeaVxVI/5bPlrOKqwPKwTCk4i/enhQh7bEStF9+6JfCjCy2mWdfQDbfkYKvsSSCSSKLbe1ZM4ujGM='
algorithm = 'ES256'
cryptography_backend = &lt;function default_backend at 0x7f1408a5aac0&gt;

    def __init__(self, key, algorithm, cryptography_backend=default_backend):
        if algorithm not in ALGORITHMS.EC:
            raise JWKError("hash_alg: %s is not a valid hash algorithm" % algorithm)
    
        self.hash_alg = {
            ALGORITHMS.ES256: self.SHA256,
            ALGORITHMS.ES384: self.SHA384,
            ALGORITHMS.ES512: self.SHA512,
        }.get(algorithm)
        self._algorithm = algorithm
    
        self.cryptography_backend = cryptography_backend
    
        if hasattr(key, "public_bytes") or hasattr(key, "private_bytes"):
            self.prepared_key = key
            return
    
        if hasattr(key, "to_pem"):
            # convert to PEM and let cryptography below load it as PEM
            key = key.to_pem().decode("utf-8")
    
        if isinstance(key, dict):
            self.prepared_key = self._process_jwk(key)
            return
    
        if isinstance(key, str):
            key = key.encode("utf-8")
    
        if isinstance(key, bytes):
            # Attempt to load key. We don't know if it's
            # a Public Key or a Private Key, so we try
            # the Public Key first.
            try:
                try:
&gt;                   key = load_pem_public_key(key, self.cryptography_backend())
                          ^^^^^^^^^^^^^^^^^^^^^^^^^^^^^^^^^^^^^^^^^^^^^^^^^^^^^
E                   ValueError: Unable to load PEM file. See https://cryptography.io/en/latest/faq/#why-can-t-i-import-my-pem-file for more details. MalformedFraming

venv/lib/python3.12/site-packages/jose/backends/cryptography_backend.py:95: ValueError

During handling of the above exception, another exception occurred:

self = &lt;jose.backends.cryptography_backend.CryptographyECKey object at 0x7f14089c76b0&gt;
key = b'ecdsa-sha2-nistp256 AAAAE2VjZHNhLXNoYTItbmlzdHAyNTYAAAAIbmlzdHAyNTYAAABBBEN/s8fJwsEeaVxVI/5bPlrOKqwPKwTCk4i/enhQh7bEStF9+6JfCjCy2mWdfQDbfkYKvsSSCSSKLbe1ZM4ujGM='
algorithm = 'ES256'
cryptography_backend = &lt;function default_backend at 0x7f1408a5aac0&gt;

    def __init__(self, key, algorithm, cryptography_backend=default_backend):
        if algorithm not in ALGORITHMS.EC:
            raise JWKError("hash_alg: %s is not a valid hash algorithm" % algorithm)
    
        self.hash_alg = {
            ALGORITHMS.ES256: self.SHA256,
            ALGORITHMS.ES384: self.SHA384,
            ALGORITHMS.ES512: self.SHA512,
        }.get(algorithm)
        self._algorithm = algorithm
    
        self.cryptography_backend = cryptography_backend
    
        if hasattr(key, "public_bytes") or hasattr(key, "private_bytes"):
            self.prepared_key = key
            return
    
        if hasattr(key, "to_pem"):
            # convert to PEM and let cryptography below load it as PEM
            key = key.to_pem().decode("utf-8")
    
        if isinstance(key, dict):
            self.prepared_key = self._process_jwk(key)
            return
    
        if isinstance(key, str):
            key = key.encode("utf-8")
    
        if isinstance(key, bytes):
            # Attempt to load key. We don't know if it's
            # a Public Key or a Private Key, so we try
            # the Public Key first.
            try:
                try:
                    key = load_pem_public_key(key, self.cryptography_backend())
                except ValueError:
&gt;                   key = load_pem_private_key(key, password=None, backend=self.cryptography_backend())
                          ^^^^^^^^^^^^^^^^^^^^^^^^^^^^^^^^^^^^^^^^^^^^^^^^^^^^^^^^^^^^^^^^^^^^^^^^^^^^^
E                   ValueError: Unable to load PEM file. See https://cryptography.io/en/latest/faq/#why-can-t-i-import-my-pem-file for more details. MalformedFraming

venv/lib/python3.12/site-packages/jose/backends/cryptography_backend.py:97: ValueError

During handling of the above exception, another exception occurred:

    def test_ghsa_6c5p_j8vq_pqhj_exposure():
        """Application call pattern: jwt.decode with algorithms list must reject OpenSSH ECDSA keys."""
&gt;       token, kid, key_obj = _make_token_with_ssh_key()
                              ^^^^^^^^^^^^^^^^^^^^^^^^^^

tests/test_python_jose_cve_ghsa_6c5p_j8vq_pqhj.py:47: 
_ _ _ _ _ _ _ _ _ _ _ _ _ _ _ _ _ _ _ _ _ _ _ _ _ _ _ _ _ _ _ _ _ _ _ _ _ _ _ _ 
tests/test_python_jose_cve_ghsa_6c5p_j8vq_pqhj.py:23: in _make_token_with_ssh_key
    key_obj = jwk.construct(_OPENSSH_PUB, algorithm=Algorithms.ES256)
              ^^^^^^^^^^^^^^^^^^^^^^^^^^^^^^^^^^^^^^^^^^^^^^^^^^^^^^^
venv/lib/python3.12/site-packages/jose/jwk.py:79: in construct
    return key_class(key_data, algorithm)
           ^^^^^^^^^^^^^^^^^^^^^^^^^^^^^^
_ _ _ _ _ _ _ _ _ _ _ _ _ _ _ _ _ _ _ _ _ _ _ _ _ _ _ _ _ _ _ _ _ _ _ _ _ _ _ _ 

self = &lt;jose.backends.cryptography_backend.CryptographyECKey object at 0x7f14089c76b0&gt;
key = b'ecdsa-sha2-nistp256 AAAAE2VjZHNhLXNoYTItbmlzdHAyNTYAAAAIbmlzdHAyNTYAAABBBEN/s8fJwsEeaVxVI/5bPlrOKqwPKwTCk4i/enhQh7bEStF9+6JfCjCy2mWdfQDbfkYKvsSSCSSKLbe1ZM4ujGM='
algorithm = 'ES256'
cryptography_backend = &lt;function default_backend at 0x7f1408a5aac0&gt;

    def __init__(self, key, algorithm, cryptography_backend=default_backend):
        if algorithm not in ALGORITHMS.EC:
            raise JWKError("hash_alg: %s is not a valid hash algorithm" % algorithm)
    
        self.hash_alg = {
            ALGORITHMS.ES256: self.SHA256,
            ALGORITHMS.ES384: self.SHA384,
            ALGORITHMS.ES512: self.SHA512,
        }.get(algorithm)
        self._algorithm = algorithm
    
        self.cryptography_backend = cryptography_backend
    
        if hasattr(key, "public_bytes") or hasattr(key, "private_bytes"):
            self.prepared_key = key
            return
    
        if hasattr(key, "to_pem"):
            # convert to PEM and let cryptography below load it as PEM
            key = key.to_pem().decode("utf-8")
    
        if isinstance(key, dict):
            self.prepared_key = self._process_jwk(key)
            return
    
        if isinstance(key, str):
            key = key.encode("utf-8")
    
        if isinstance(key, bytes):
            # Attempt to load key. We don't know if it's
            # a Public Key or a Private Key, so we try
            # the Public Key first.
            try:
                try:
                    key = load_pem_public_key(key, self.cryptography_backend())
                except ValueError:
                    key = load_pem_private_key(key, password=None, backend=self.cryptography_backend())
            except Exception as e:
&gt;               raise JWKError(e)
E               jose.exceptions.JWKError: Unable to load PEM file. See https://cryptography.io/en/latest/faq/#why-can-t-i-import-my-pem-file for more details. MalformedFraming

venv/lib/python3.12/site-packages/jose/backends/cryptography_backend.py:99: JWKError</failure></testcase><testcase classname="tests.test_python_jose_cve_ghsa_cjwg_qfpm_7377" name="test_ghsa_cjwg_qfpm_7377_fix_pinning" time="0.001"><failure message="jose.exceptions.JWEError: module 'lib' has no attribute 'RAND_bytes'">self = &lt;jose.backends.cryptography_backend.CryptographyAESKey object at 0x7f1408aa1550&gt;
plain_text = b'x\x9c\xed\xc11\x01\x00\x00\x00\xc2\xa0l\xeb_\xca\x1a\x1e@\x01\x00\x00\x00\x00\x00\x00\x00\x00\x00\x00\x00\x00\x00\x0...\x00\x00\x00\x00\x00\x00\x00\x00\x00\x00\x00\x00\x00\x00\x00\x00\x00\x00\x00\x00\x00\x00\x00\x00\x00\xaf\x06\xe2\x0c4n'
aad = b'eyJhbGciOiJkaXIiLCJlbmMiOiJBMjU2R0NNIiwiemlwIjoiREVGIn0'

    def encrypt(self, plain_text, aad=None):
        plain_text = ensure_binary(plain_text)
        try:
            iv_byte_length = self.IV_BYTE_LENGTH_MODE_MAP.get(self._mode.name, algorithms.AES.block_size)
&gt;           iv = get_random_bytes(iv_byte_length)
                 ^^^^^^^^^^^^^^^^^^^^^^^^^^^^^^^^

venv/lib/python3.12/site-packages/jose/backends/cryptography_backend.py:482: 
_ _ _ _ _ _ _ _ _ _ _ _ _ _ _ _ _ _ _ _ _ _ _ _ _ _ _ _ _ _ _ _ _ _ _ _ _ _ _ _ 

num_bytes = 12

    def get_random_bytes(num_bytes):
        """
        Get random bytes
    
        Currently, Cryptography returns OS random bytes. If you want OpenSSL
        generated random bytes, you'll have to switch the RAND engine after
        initializing the OpenSSL backend
        Args:
            num_bytes (int): Number of random bytes to generate and return
        Returns:
            bytes: Random bytes
        """
        global _binding
    
        if _binding is None:
            _binding = Binding()
    
        buf = _binding.ffi.new("char[]", num_bytes)
&gt;       _binding.lib.RAND_bytes(buf, num_bytes)
        ^^^^^^^^^^^^^^^^^^^^^^^
E       AttributeError: module 'lib' has no attribute 'RAND_bytes'. Did you mean: 'RAND_status'?

venv/lib/python3.12/site-packages/jose/backends/cryptography_backend.py:51: AttributeError

During handling of the above exception, another exception occurred:

    def test_ghsa_cjwg_qfpm_7377_fix_pinning():
        """Decoding a compressed JWE whose decompressed size exceeds the limit raises JWEError."""
&gt;       token, key = _make_compressed_jwe()
                     ^^^^^^^^^^^^^^^^^^^^^^

tests/test_python_jose_cve_ghsa_cjwg_qfpm_7377.py:20: 
_ _ _ _ _ _ _ _ _ _ _ _ _ _ _ _ _ _ _ _ _ _ _ _ _ _ _ _ _ _ _ _ _ _ _ _ _ _ _ _ 
tests/test_python_jose_cve_ghsa_cjwg_qfpm_7377.py:13: in _make_compressed_jwe
    return jwe.encrypt(plaintext, key, algorithm=constants.Algorithms.DIR,
venv/lib/python3.12/site-packages/jose/jwe.py:54: in encrypt
    enc_cek, iv, cipher_text, auth_tag = _encrypt_and_auth(key, algorithm, encryption, zip, plaintext, encoded_header)
                                         ^^^^^^^^^^^^^^^^^^^^^^^^^^^^^^^^^^^^^^^^^^^^^^^^^^^^^^^^^^^^^^^^^^^^^^^^^^^^^
venv/lib/python3.12/site-packages/jose/jwe.py:399: in _encrypt_and_auth
    iv, ciphertext, auth_tag = encryption_key.encrypt(plaintext, aad)
                               ^^^^^^^^^^^^^^^^^^^^^^^^^^^^^^^^^^^^^^
_ _ _ _ _ _ _ _ _ _ _ _ _ _ _ _ _ _ _ _ _ _ _ _ _ _ _ _ _ _ _ _ _ _ _ _ _ _ _ _ 

self = &lt;jose.backends.cryptography_backend.CryptographyAESKey object at 0x7f1408aa1550&gt;
plain_text = b'x\x9c\xed\xc11\x01\x00\x00\x00\xc2\xa0l\xeb_\xca\x1a\x1e@\x01\x00\x00\x00\x00\x00\x00\x00\x00\x00\x00\x00\x00\x00\x0...\x00\x00\x00\x00\x00\x00\x00\x00\x00\x00\x00\x00\x00\x00\x00\x00\x00\x00\x00\x00\x00\x00\x00\x00\x00\xaf\x06\xe2\x0c4n'
aad = b'eyJhbGciOiJkaXIiLCJlbmMiOiJBMjU2R0NNIiwiemlwIjoiREVGIn0'

    def encrypt(self, plain_text, aad=None):
        plain_text = ensure_binary(plain_text)
        try:
            iv_byte_length = self.IV_BYTE_LENGTH_MODE_MAP.get(self._mode.name, algorithms.AES.block_size)
            iv = get_random_bytes(iv_byte_length)
            mode = self._mode(iv)
            if mode.name == "GCM":
                cipher = aead.AESGCM(self._key)
                cipher_text_and_tag = cipher.encrypt(iv, plain_text, aad)
                cipher_text = cipher_text_and_tag[: len(cipher_text_and_tag) - 16]
                auth_tag = cipher_text_and_tag[-16:]
            else:
                cipher = Cipher(algorithms.AES(self._key), mode, backend=default_backend())
                encryptor = cipher.encryptor()
                padder = PKCS7(algorithms.AES.block_size).padder()
                padded_data = padder.update(plain_text)
                padded_data += padder.finalize()
                cipher_text = encryptor.update(padded_data) + encryptor.finalize()
                auth_tag = None
            return iv, cipher_text, auth_tag
        except Exception as e:
&gt;           raise JWEError(e)
E           jose.exceptions.JWEError: module 'lib' has no attribute 'RAND_bytes'

venv/lib/python3.12/site-packages/jose/backends/cryptography_backend.py:499: JWEError</failure></testcase><testcase classname="tests.test_python_jose_cve_ghsa_cjwg_qfpm_7377" name="test_ghsa_cjwg_qfpm_7377_exposure" time="0.001"><failure message="jose.exceptions.JWEError: module 'lib' has no attribute 'RAND_bytes'">self = &lt;jose.backends.cryptography_backend.CryptographyAESKey object at 0x7f1408aa24e0&gt;
plain_text = b'x\x9c\xed\xc11\x01\x00\x00\x00\xc2\xa0l\xeb_\xca\x1a\x1e@\x01\x00\x00\x00\x00\x00\x00\x00\x00\x00\x00\x00\x00\x00\x0...\x00\x00\x00\x00\x00\x00\x00\x00\x00\x00\x00\x00\x00\x00\x00\x00\x00\x00\x00\x00\x00\x00\x00\x00\x00\xaf\x06\xe2\x0c4n'
aad = b'eyJhbGciOiJkaXIiLCJlbmMiOiJBMjU2R0NNIiwiemlwIjoiREVGIn0'

    def encrypt(self, plain_text, aad=None):
        plain_text = ensure_binary(plain_text)
        try:
            iv_byte_length = self.IV_BYTE_LENGTH_MODE_MAP.get(self._mode.name, algorithms.AES.block_size)
&gt;           iv = get_random_bytes(iv_byte_length)
                 ^^^^^^^^^^^^^^^^^^^^^^^^^^^^^^^^

venv/lib/python3.12/site-packages/jose/backends/cryptography_backend.py:482: 
_ _ _ _ _ _ _ _ _ _ _ _ _ _ _ _ _ _ _ _ _ _ _ _ _ _ _ _ _ _ _ _ _ _ _ _ _ _ _ _ 

num_bytes = 12

    def get_random_bytes(num_bytes):
        """
        Get random bytes
    
        Currently, Cryptography returns OS random bytes. If you want OpenSSL
        generated random bytes, you'll have to switch the RAND engine after
        initializing the OpenSSL backend
        Args:
            num_bytes (int): Number of random bytes to generate and return
        Returns:
            bytes: Random bytes
        """
        global _binding
    
        if _binding is None:
            _binding = Binding()
    
        buf = _binding.ffi.new("char[]", num_bytes)
&gt;       _binding.lib.RAND_bytes(buf, num_bytes)
        ^^^^^^^^^^^^^^^^^^^^^^^
E       AttributeError: module 'lib' has no attribute 'RAND_bytes'. Did you mean: 'RAND_status'?

venv/lib/python3.12/site-packages/jose/backends/cryptography_backend.py:51: AttributeError

During handling of the above exception, another exception occurred:

    def test_ghsa_cjwg_qfpm_7377_exposure():
        """Application call pattern: jwe.decrypt on a compressed token raises JWEError, not a crash."""
&gt;       token, key = _make_compressed_jwe()
                     ^^^^^^^^^^^^^^^^^^^^^^

tests/test_python_jose_cve_ghsa_cjwg_qfpm_7377.py:27: 
_ _ _ _ _ _ _ _ _ _ _ _ _ _ _ _ _ _ _ _ _ _ _ _ _ _ _ _ _ _ _ _ _ _ _ _ _ _ _ _ 
tests/test_python_jose_cve_ghsa_cjwg_qfpm_7377.py:13: in _make_compressed_jwe
    return jwe.encrypt(plaintext, key, algorithm=constants.Algorithms.DIR,
venv/lib/python3.12/site-packages/jose/jwe.py:54: in encrypt
    enc_cek, iv, cipher_text, auth_tag = _encrypt_and_auth(key, algorithm, encryption, zip, plaintext, encoded_header)
                                         ^^^^^^^^^^^^^^^^^^^^^^^^^^^^^^^^^^^^^^^^^^^^^^^^^^^^^^^^^^^^^^^^^^^^^^^^^^^^^
venv/lib/python3.12/site-packages/jose/jwe.py:399: in _encrypt_and_auth
    iv, ciphertext, auth_tag = encryption_key.encrypt(plaintext, aad)
                               ^^^^^^^^^^^^^^^^^^^^^^^^^^^^^^^^^^^^^^
_ _ _ _ _ _ _ _ _ _ _ _ _ _ _ _ _ _ _ _ _ _ _ _ _ _ _ _ _ _ _ _ _ _ _ _ _ _ _ _ 

self = &lt;jose.backends.cryptography_backend.CryptographyAESKey object at 0x7f1408aa24e0&gt;
plain_text = b'x\x9c\xed\xc11\x01\x00\x00\x00\xc2\xa0l\xeb_\xca\x1a\x1e@\x01\x00\x00\x00\x00\x00\x00\x00\x00\x00\x00\x00\x00\x00\x0...\x00\x00\x00\x00\x00\x00\x00\x00\x00\x00\x00\x00\x00\x00\x00\x00\x00\x00\x00\x00\x00\x00\x00\x00\x00\xaf\x06\xe2\x0c4n'
aad = b'eyJhbGciOiJkaXIiLCJlbmMiOiJBMjU2R0NNIiwiemlwIjoiREVGIn0'

    def encrypt(self, plain_text, aad=None):
        plain_text = ensure_binary(plain_text)
        try:
            iv_byte_length = self.IV_BYTE_LENGTH_MODE_MAP.get(self._mode.name, algorithms.AES.block_size)
            iv = get_random_bytes(iv_byte_length)
            mode = self._mode(iv)
            if mode.name == "GCM":
                cipher = aead.AESGCM(self._key)
                cipher_text_and_tag = cipher.encrypt(iv, plain_text, aad)
                cipher_text = cipher_text_and_tag[: len(cipher_text_and_tag) - 16]
                auth_tag = cipher_text_and_tag[-16:]
            else:
                cipher = Cipher(algorithms.AES(self._key), mode, backend=default_backend())
                encryptor = cipher.encryptor()
                padder = PKCS7(algorithms.AES.block_size).padder()
                padded_data = padder.update(plain_text)
                padded_data += padder.finalize()
                cipher_text = encryptor.update(padded_data) + encryptor.finalize()
                auth_tag = None
            return iv, cipher_text, auth_tag
        except Exception as e:
&gt;           raise JWEError(e)
E           jose.exceptions.JWEError: module 'lib' has no attribute 'RAND_bytes'

venv/lib/python3.12/site-packages/jose/backends/cryptography_backend.py:499: JWEError</failure></testcase><testcase classname="tests.test_python_jose_cve_pysec_2024_232" name="test_pysec_2024_232_fix_pinning" time="0.002" /><testcase classname="tests.test_python_jose_cve_pysec_2024_232" name="test_pysec_2024_232_exposure" time="0.001" /><testcase classname="tests.test_python_jose_cve_pysec_2024_233" name="test_pysec_2024_233_fix_pinning" time="0.466" /><testcase classname="tests.test_python_jose_cve_pysec_2024_233" name="test_pysec_2024_233_exposure" time="0.463" /><testcase classname="tests.test_python_jose_cve_pysec_2025_185" name="test_pysec_2025_185_fix_pinning" time="0.001"><failure message="jose.exceptions.JWKError: Key must be 256 bit for alg A256GCM">def test_pysec_2025_185_fix_pinning():
        """Crafted JWE with high compression ratio should be rejected (fixed) not cause DoS (vulnerable)."""
        # Build a JWE with a highly compressible plaintext to trigger the decompression bomb
        plaintext = b"A" * 100000
        key = "secret"
&gt;       jwe_str = jwe.encrypt(plaintext, key, algorithm=Algorithms.DIR, encryption=Algorithms.A256GCM, zip=Algorithms.DEF)
                  ^^^^^^^^^^^^^^^^^^^^^^^^^^^^^^^^^^^^^^^^^^^^^^^^^^^^^^^^^^^^^^^^^^^^^^^^^^^^^^^^^^^^^^^^^^^^^^^^^^^^^^^^

tests/test_python_jose_cve_pysec_2025_185.py:16: 
_ _ _ _ _ _ _ _ _ _ _ _ _ _ _ _ _ _ _ _ _ _ _ _ _ _ _ _ _ _ _ _ _ _ _ _ _ _ _ _ 
venv/lib/python3.12/site-packages/jose/jwe.py:54: in encrypt
    enc_cek, iv, cipher_text, auth_tag = _encrypt_and_auth(key, algorithm, encryption, zip, plaintext, encoded_header)
                                         ^^^^^^^^^^^^^^^^^^^^^^^^^^^^^^^^^^^^^^^^^^^^^^^^^^^^^^^^^^^^^^^^^^^^^^^^^^^^^
venv/lib/python3.12/site-packages/jose/jwe.py:398: in _encrypt_and_auth
    encryption_key = jwk.construct(cek_bytes, enc)
                     ^^^^^^^^^^^^^^^^^^^^^^^^^^^^^
venv/lib/python3.12/site-packages/jose/jwk.py:79: in construct
    return key_class(key_data, algorithm)
           ^^^^^^^^^^^^^^^^^^^^^^^^^^^^^^
_ _ _ _ _ _ _ _ _ _ _ _ _ _ _ _ _ _ _ _ _ _ _ _ _ _ _ _ _ _ _ _ _ _ _ _ _ _ _ _ 

self = &lt;jose.backends.cryptography_backend.CryptographyAESKey object at 0x7f1408aa3920&gt;
key = b'secret', algorithm = 'A256GCM'

    def __init__(self, key, algorithm):
        if algorithm not in ALGORITHMS.AES:
            raise JWKError("%s is not a valid AES algorithm" % algorithm)
        if algorithm not in ALGORITHMS.SUPPORTED.union(ALGORITHMS.AES_PSEUDO):
            raise JWKError("%s is not a supported algorithm" % algorithm)
    
        self._algorithm = algorithm
        self._mode = self.MODES.get(self._algorithm)
    
        if algorithm in self.KEY_128 and len(key) != 16:
            raise JWKError(f"Key must be 128 bit for alg {algorithm}")
        elif algorithm in self.KEY_192 and len(key) != 24:
            raise JWKError(f"Key must be 192 bit for alg {algorithm}")
        elif algorithm in self.KEY_256 and len(key) != 32:
&gt;           raise JWKError(f"Key must be 256 bit for alg {algorithm}")
E           jose.exceptions.JWKError: Key must be 256 bit for alg A256GCM

venv/lib/python3.12/site-packages/jose/backends/cryptography_backend.py:466: JWKError</failure></testcase><testcase classname="tests.test_python_jose_cve_pysec_2025_185" name="test_pysec_2025_185_exposure" time="0.001"><failure message="jose.exceptions.JWKError: Key must be 256 bit for alg A256GCM">def test_pysec_2025_185_exposure():
        """Application call pattern: jwe.decrypt with crafted high-compression JWE token."""
        plaintext = b"B" * 100000
        key = "app_secret"
&gt;       jwe_str = jwe.encrypt(plaintext, key, algorithm=Algorithms.DIR, encryption=Algorithms.A256GCM, zip=Algorithms.DEF)
                  ^^^^^^^^^^^^^^^^^^^^^^^^^^^^^^^^^^^^^^^^^^^^^^^^^^^^^^^^^^^^^^^^^^^^^^^^^^^^^^^^^^^^^^^^^^^^^^^^^^^^^^^^

tests/test_python_jose_cve_pysec_2025_185.py:31: 
_ _ _ _ _ _ _ _ _ _ _ _ _ _ _ _ _ _ _ _ _ _ _ _ _ _ _ _ _ _ _ _ _ _ _ _ _ _ _ _ 
venv/lib/python3.12/site-packages/jose/jwe.py:54: in encrypt
    enc_cek, iv, cipher_text, auth_tag = _encrypt_and_auth(key, algorithm, encryption, zip, plaintext, encoded_header)
                                         ^^^^^^^^^^^^^^^^^^^^^^^^^^^^^^^^^^^^^^^^^^^^^^^^^^^^^^^^^^^^^^^^^^^^^^^^^^^^^
venv/lib/python3.12/site-packages/jose/jwe.py:398: in _encrypt_and_auth
    encryption_key = jwk.construct(cek_bytes, enc)
                     ^^^^^^^^^^^^^^^^^^^^^^^^^^^^^
venv/lib/python3.12/site-packages/jose/jwk.py:79: in construct
    return key_class(key_data, algorithm)
           ^^^^^^^^^^^^^^^^^^^^^^^^^^^^^^
_ _ _ _ _ _ _ _ _ _ _ _ _ _ _ _ _ _ _ _ _ _ _ _ _ _ _ _ _ _ _ _ _ _ _ _ _ _ _ _ 

self = &lt;jose.backends.cryptography_backend.CryptographyAESKey object at 0x7f14089c74d0&gt;
key = b'app_secret', algorithm = 'A256GCM'

    def __init__(self, key, algorithm):
        if algorithm not in ALGORITHMS.AES:
            raise JWKError("%s is not a valid AES algorithm" % algorithm)
        if algorithm not in ALGORITHMS.SUPPORTED.union(ALGORITHMS.AES_PSEUDO):
            raise JWKError("%s is not a supported algorithm" % algorithm)
    
        self._algorithm = algorithm
        self._mode = self.MODES.get(self._algorithm)
    
        if algorithm in self.KEY_128 and len(key) != 16:
            raise JWKError(f"Key must be 128 bit for alg {algorithm}")
        elif algorithm in self.KEY_192 and len(key) != 24:
            raise JWKError(f"Key must be 192 bit for alg {algorithm}")
        elif algorithm in self.KEY_256 and len(key) != 32:
&gt;           raise JWKError(f"Key must be 256 bit for alg {algorithm}")
E           jose.exceptions.JWKError: Key must be 256 bit for alg A256GCM

venv/lib/python3.12/site-packages/jose/backends/cryptography_backend.py:466: JWKError</failure></testcase><testcase classname="tests.test_python_jose_unit" name="test_jwt_encode_decode_roundtrip" time="0.001" /><testcase classname="tests.test_python_jose_unit" name="test_jwt_decode_wrong_key_raises_jwt_error" time="0.001" /><testcase classname="tests.test_python_jose_unit" name="test_jwt_decode_expired_raises_expired_signature_error" time="0.001" /><testcase classname="tests.test_python_jose_unit" name="test_jwt_get_unverified_header_returns_alg" time="0.001" /><testcase classname="tests.test_python_jose_unit" name="test_jws_sign_verify_roundtrip" time="0.001" /><testcase classname="tests.test_python_jose_unit" name="test_base64url_roundtrip" time="0.000" /><testcase classname="tests.test_python_jose_unit" name="test_long_to_base64_roundtrip" time="0.001" /></testsuite></testsuites>