<?xml version="1.0" encoding="utf-8"?><testsuites name="pytest tests"><testsuite name="pytest" errors="0" failures="3" skipped="0" tests="11" time="0.432" timestamp="2026-09-22T22:47:49.146843+00:00" hostname="179abbb63f9f"><testcase classname="tests.test_python_jose_cve_cve_2024_29370" name="test_pysec_2025_185_fix_pinning" time="0.001"><failure message="jose.exceptions.JWEError: module 'lib' has no attribute 'RAND_bytes'">self = &lt;jose.backends.cryptography_backend.CryptographyAESKey object at 0x7f3993fa27b0&gt;
plain_text = b'x\x9c\xf3H\xcd\xc9\xc9\xd7Q\x08\xcf/\xcaIQ\x04\x00\x1f\x9e\x04j'
aad = b'eyJhbGciOiJkaXIiLCJlbmMiOiJBMjU2R0NNIiwiemlwIjoiREVGIn0'

    def encrypt(self, plain_text, aad=None):
        plain_text = ensure_binary(plain_text)
        try:
            iv_byte_length = self.IV_BYTE_LENGTH_MODE_MAP.get(self._mode.name, algorithms.AES.block_size)
&gt;           iv = get_random_bytes(iv_byte_length)
                 ^^^^^^^^^^^^^^^^^^^^^^^^^^^^^^^^

venv/lib/python3.12/site-packages/jose/backends/cryptography_backend.py:482: 
_ _ _ _ _ _ _ _ _ _ _ _ _ _ _ _ _ _ _ _ _ _ _ _ _ _ _ _ _ _ _ _ _ _ _ _ _ _ _ _ 

num_bytes = 12

    def get_random_bytes(num_bytes):
        """
        Get random bytes
    
        Currently, Cryptography returns OS random bytes. If you want OpenSSL
        generated random bytes, you'll have to switch the RAND engine after
        initializing the OpenSSL backend
        Args:
            num_bytes (int): Number of random bytes to generate and return
        Returns:
            bytes: Random bytes
        """
        global _binding
    
        if _binding is None:
            _binding = Binding()
    
        buf = _binding.ffi.new("char[]", num_bytes)
&gt;       _binding.lib.RAND_bytes(buf, num_bytes)
        ^^^^^^^^^^^^^^^^^^^^^^^
E       AttributeError: module 'lib' has no attribute 'RAND_bytes'. Did you mean: 'RAND_status'?

venv/lib/python3.12/site-packages/jose/backends/cryptography_backend.py:51: AttributeError

During handling of the above exception, another exception occurred:

    def test_pysec_2025_185_fix_pinning():
        """Assert that oversized JWE tokens are rejected to prevent DoS."""
        # Create a small payload
        plaintext = b"Hello, World!"
        # Use 32-byte key for A256GCM
        key = b"01234567890123456789012345678901"
    
        # Encrypt with compression
&gt;       jwe_token = jwe.encrypt(plaintext, key, zip=constants.Zips.DEF)
                    ^^^^^^^^^^^^^^^^^^^^^^^^^^^^^^^^^^^^^^^^^^^^^^^^^^^

tests/test_python_jose_cve_cve_2024_29370.py:16: 
_ _ _ _ _ _ _ _ _ _ _ _ _ _ _ _ _ _ _ _ _ _ _ _ _ _ _ _ _ _ _ _ _ _ _ _ _ _ _ _ 
venv/lib/python3.12/site-packages/jose/jwe.py:54: in encrypt
    enc_cek, iv, cipher_text, auth_tag = _encrypt_and_auth(key, algorithm, encryption, zip, plaintext, encoded_header)
                                         ^^^^^^^^^^^^^^^^^^^^^^^^^^^^^^^^^^^^^^^^^^^^^^^^^^^^^^^^^^^^^^^^^^^^^^^^^^^^^
venv/lib/python3.12/site-packages/jose/jwe.py:399: in _encrypt_and_auth
    iv, ciphertext, auth_tag = encryption_key.encrypt(plaintext, aad)
                               ^^^^^^^^^^^^^^^^^^^^^^^^^^^^^^^^^^^^^^
_ _ _ _ _ _ _ _ _ _ _ _ _ _ _ _ _ _ _ _ _ _ _ _ _ _ _ _ _ _ _ _ _ _ _ _ _ _ _ _ 

self = &lt;jose.backends.cryptography_backend.CryptographyAESKey object at 0x7f3993fa27b0&gt;
plain_text = b'x\x9c\xf3H\xcd\xc9\xc9\xd7Q\x08\xcf/\xcaIQ\x04\x00\x1f\x9e\x04j'
aad = b'eyJhbGciOiJkaXIiLCJlbmMiOiJBMjU2R0NNIiwiemlwIjoiREVGIn0'

    def encrypt(self, plain_text, aad=None):
        plain_text = ensure_binary(plain_text)
        try:
            iv_byte_length = self.IV_BYTE_LENGTH_MODE_MAP.get(self._mode.name, algorithms.AES.block_size)
            iv = get_random_bytes(iv_byte_length)
            mode = self._mode(iv)
            if mode.name == "GCM":
                cipher = aead.AESGCM(self._key)
                cipher_text_and_tag = cipher.encrypt(iv, plain_text, aad)
                cipher_text = cipher_text_and_tag[: len(cipher_text_and_tag) - 16]
                auth_tag = cipher_text_and_tag[-16:]
            else:
                cipher = Cipher(algorithms.AES(self._key), mode, backend=default_backend())
                encryptor = cipher.encryptor()
                padder = PKCS7(algorithms.AES.block_size).padder()
                padded_data = padder.update(plain_text)
                padded_data += padder.finalize()
                cipher_text = encryptor.update(padded_data) + encryptor.finalize()
                auth_tag = None
            return iv, cipher_text, auth_tag
        except Exception as e:
&gt;           raise JWEError(e)
E           jose.exceptions.JWEError: module 'lib' has no attribute 'RAND_bytes'

venv/lib/python3.12/site-packages/jose/backends/cryptography_backend.py:499: JWEError</failure></testcase><testcase classname="tests.test_python_jose_cve_cve_2024_29370" name="test_pysec_2025_185_exposure" time="0.001"><failure message="jose.exceptions.JWEError: module 'lib' has no attribute 'RAND_bytes'">self = &lt;jose.backends.cryptography_backend.CryptographyAESKey object at 0x7f3993fa3aa0&gt;
plain_text = b'x\x9c\xf3H\xcd\xc9\xc9\xd7Q\x08\xcf/\xcaIQ\x04\x00\x1f\x9e\x04j'
aad = b'eyJhbGciOiJkaXIiLCJlbmMiOiJBMjU2R0NNIiwiemlwIjoiREVGIn0'

    def encrypt(self, plain_text, aad=None):
        plain_text = ensure_binary(plain_text)
        try:
            iv_byte_length = self.IV_BYTE_LENGTH_MODE_MAP.get(self._mode.name, algorithms.AES.block_size)
&gt;           iv = get_random_bytes(iv_byte_length)
                 ^^^^^^^^^^^^^^^^^^^^^^^^^^^^^^^^

venv/lib/python3.12/site-packages/jose/backends/cryptography_backend.py:482: 
_ _ _ _ _ _ _ _ _ _ _ _ _ _ _ _ _ _ _ _ _ _ _ _ _ _ _ _ _ _ _ _ _ _ _ _ _ _ _ _ 

num_bytes = 12

    def get_random_bytes(num_bytes):
        """
        Get random bytes
    
        Currently, Cryptography returns OS random bytes. If you want OpenSSL
        generated random bytes, you'll have to switch the RAND engine after
        initializing the OpenSSL backend
        Args:
            num_bytes (int): Number of random bytes to generate and return
        Returns:
            bytes: Random bytes
        """
        global _binding
    
        if _binding is None:
            _binding = Binding()
    
        buf = _binding.ffi.new("char[]", num_bytes)
&gt;       _binding.lib.RAND_bytes(buf, num_bytes)
        ^^^^^^^^^^^^^^^^^^^^^^^
E       AttributeError: module 'lib' has no attribute 'RAND_bytes'. Did you mean: 'RAND_status'?

venv/lib/python3.12/site-packages/jose/backends/cryptography_backend.py:51: AttributeError

During handling of the above exception, another exception occurred:

    def test_pysec_2025_185_exposure():
        """Same trigger through application call pattern."""
        # Same as above but ensure we use only symbols from both versions
        plaintext = b"Hello, World!"
        key = b"01234567890123456789012345678901"
    
&gt;       jwe_token = jwe.encrypt(plaintext, key, zip="DEF")
                    ^^^^^^^^^^^^^^^^^^^^^^^^^^^^^^^^^^^^^^

tests/test_python_jose_cve_cve_2024_29370.py:31: 
_ _ _ _ _ _ _ _ _ _ _ _ _ _ _ _ _ _ _ _ _ _ _ _ _ _ _ _ _ _ _ _ _ _ _ _ _ _ _ _ 
venv/lib/python3.12/site-packages/jose/jwe.py:54: in encrypt
    enc_cek, iv, cipher_text, auth_tag = _encrypt_and_auth(key, algorithm, encryption, zip, plaintext, encoded_header)
                                         ^^^^^^^^^^^^^^^^^^^^^^^^^^^^^^^^^^^^^^^^^^^^^^^^^^^^^^^^^^^^^^^^^^^^^^^^^^^^^
venv/lib/python3.12/site-packages/jose/jwe.py:399: in _encrypt_and_auth
    iv, ciphertext, auth_tag = encryption_key.encrypt(plaintext, aad)
                               ^^^^^^^^^^^^^^^^^^^^^^^^^^^^^^^^^^^^^^
_ _ _ _ _ _ _ _ _ _ _ _ _ _ _ _ _ _ _ _ _ _ _ _ _ _ _ _ _ _ _ _ _ _ _ _ _ _ _ _ 

self = &lt;jose.backends.cryptography_backend.CryptographyAESKey object at 0x7f3993fa3aa0&gt;
plain_text = b'x\x9c\xf3H\xcd\xc9\xc9\xd7Q\x08\xcf/\xcaIQ\x04\x00\x1f\x9e\x04j'
aad = b'eyJhbGciOiJkaXIiLCJlbmMiOiJBMjU2R0NNIiwiemlwIjoiREVGIn0'

    def encrypt(self, plain_text, aad=None):
        plain_text = ensure_binary(plain_text)
        try:
            iv_byte_length = self.IV_BYTE_LENGTH_MODE_MAP.get(self._mode.name, algorithms.AES.block_size)
            iv = get_random_bytes(iv_byte_length)
            mode = self._mode(iv)
            if mode.name == "GCM":
                cipher = aead.AESGCM(self._key)
                cipher_text_and_tag = cipher.encrypt(iv, plain_text, aad)
                cipher_text = cipher_text_and_tag[: len(cipher_text_and_tag) - 16]
                auth_tag = cipher_text_and_tag[-16:]
            else:
                cipher = Cipher(algorithms.AES(self._key), mode, backend=default_backend())
                encryptor = cipher.encryptor()
                padder = PKCS7(algorithms.AES.block_size).padder()
                padded_data = padder.update(plain_text)
                padded_data += padder.finalize()
                cipher_text = encryptor.update(padded_data) + encryptor.finalize()
                auth_tag = None
            return iv, cipher_text, auth_tag
        except Exception as e:
&gt;           raise JWEError(e)
E           jose.exceptions.JWEError: module 'lib' has no attribute 'RAND_bytes'

venv/lib/python3.12/site-packages/jose/backends/cryptography_backend.py:499: JWEError</failure></testcase><testcase classname="tests.test_python_jose_cve_cve_2024_33663" name="test_GHSA_6c5p_j8vq_pqhj_fix_pinning" time="0.003"><failure message="jose.exceptions.JWSError: The specified key is an asymmetric key or x509 certificate and should not be used as an HMAC secret.">encoded_header = b'eyJhbGciOiJIUzI1NiIsInR5cCI6IkpXVCJ9'
encoded_claims = b'eyJzdWIiOiIxMjM0NTY3ODkwIiwibmFtZSI6IkpvaG4gRG9lIn0'
algorithm = 'HS256'
key = b'ecdsa-sha2-nistp256 AAAAE2VjZHNhLXNoYTItbmlzdHAyNTYAAAAIbmlzdHAyNTZJQ0UxWklVQUFBQUJqb1pTNGVzRk9vS0tZdHl3RmN5aW9wSjB4bGh1c2hOc1J6M2JLc0V3VXJrYUZqWUx2WQAAAAZzb21la2V5AQIDBAUGBwg='

    def _sign_header_and_claims(encoded_header, encoded_claims, algorithm, key):
        signing_input = b".".join([encoded_header, encoded_claims])
        try:
            if not isinstance(key, Key):
&gt;               key = jwk.construct(key, algorithm)
                      ^^^^^^^^^^^^^^^^^^^^^^^^^^^^^

venv/lib/python3.12/site-packages/jose/jws.py:164: 
_ _ _ _ _ _ _ _ _ _ _ _ _ _ _ _ _ _ _ _ _ _ _ _ _ _ _ _ _ _ _ _ _ _ _ _ _ _ _ _ 
venv/lib/python3.12/site-packages/jose/jwk.py:79: in construct
    return key_class(key_data, algorithm)
           ^^^^^^^^^^^^^^^^^^^^^^^^^^^^^^
_ _ _ _ _ _ _ _ _ _ _ _ _ _ _ _ _ _ _ _ _ _ _ _ _ _ _ _ _ _ _ _ _ _ _ _ _ _ _ _ 

self = &lt;jose.backends.cryptography_backend.CryptographyHMACKey object at 0x7f39940727b0&gt;
key = b'ecdsa-sha2-nistp256 AAAAE2VjZHNhLXNoYTItbmlzdHAyNTYAAAAIbmlzdHAyNTZJQ0UxWklVQUFBQUJqb1pTNGVzRk9vS0tZdHl3RmN5aW9wSjB4bGh1c2hOc1J6M2JLc0V3VXJrYUZqWUx2WQAAAAZzb21la2V5AQIDBAUGBwg='
algorithm = 'HS256'

    def __init__(self, key, algorithm):
        if algorithm not in ALGORITHMS.HMAC:
            raise JWKError("hash_alg: %s is not a valid hash algorithm" % algorithm)
        self._algorithm = algorithm
        self._hash_alg = self.ALG_MAP.get(algorithm)
    
        if isinstance(key, dict):
            self.prepared_key = self._process_jwk(key)
            return
    
        if not isinstance(key, str) and not isinstance(key, bytes):
            raise JWKError("Expecting a string- or bytes-formatted key.")
    
        if isinstance(key, str):
            key = key.encode("utf-8")
    
        if is_pem_format(key) or is_ssh_key(key):
&gt;           raise JWKError(
                "The specified key is an asymmetric key or x509 certificate and"
                " should not be used as an HMAC secret."
            )
E           jose.exceptions.JWKError: The specified key is an asymmetric key or x509 certificate and should not be used as an HMAC secret.

venv/lib/python3.12/site-packages/jose/backends/cryptography_backend.py:567: JWKError

During handling of the above exception, another exception occurred:

    def test_GHSA_6c5p_j8vq_pqhj_fix_pinning():
        """Rejects OpenSSH ECDSA key as HMAC secret."""
        ssh_key = b'ecdsa-sha2-nistp256 AAAAE2VjZHNhLXNoYTItbmlzdHAyNTYAAAAIbmlzdHAyNTZJQ0UxWklVQUFBQUJqb1pTNGVzRk9vS0tZdHl3RmN5aW9wSjB4bGh1c2hOc1J6M2JLc0V3VXJrYUZqWUx2WQAAAAZzb21la2V5AQIDBAUGBwg='  # Valid OpenSSH ECDSA key
        payload = {"sub": "1234567890", "name": "John Doe"}
    
        with pytest.raises(JWKError, match="asymmetric key or x509 certificate"):
&gt;           jws.sign(payload, ssh_key, algorithm="HS256")

tests/test_python_jose_cve_cve_2024_33663.py:14: 
_ _ _ _ _ _ _ _ _ _ _ _ _ _ _ _ _ _ _ _ _ _ _ _ _ _ _ _ _ _ _ _ _ _ _ _ _ _ _ _ 
venv/lib/python3.12/site-packages/jose/jws.py:47: in sign
    signed_output = _sign_header_and_claims(encoded_header, encoded_payload, algorithm, key)
                    ^^^^^^^^^^^^^^^^^^^^^^^^^^^^^^^^^^^^^^^^^^^^^^^^^^^^^^^^^^^^^^^^^^^^^^^^
_ _ _ _ _ _ _ _ _ _ _ _ _ _ _ _ _ _ _ _ _ _ _ _ _ _ _ _ _ _ _ _ _ _ _ _ _ _ _ _ 

encoded_header = b'eyJhbGciOiJIUzI1NiIsInR5cCI6IkpXVCJ9'
encoded_claims = b'eyJzdWIiOiIxMjM0NTY3ODkwIiwibmFtZSI6IkpvaG4gRG9lIn0'
algorithm = 'HS256'
key = b'ecdsa-sha2-nistp256 AAAAE2VjZHNhLXNoYTItbmlzdHAyNTYAAAAIbmlzdHAyNTZJQ0UxWklVQUFBQUJqb1pTNGVzRk9vS0tZdHl3RmN5aW9wSjB4bGh1c2hOc1J6M2JLc0V3VXJrYUZqWUx2WQAAAAZzb21la2V5AQIDBAUGBwg='

    def _sign_header_and_claims(encoded_header, encoded_claims, algorithm, key):
        signing_input = b".".join([encoded_header, encoded_claims])
        try:
            if not isinstance(key, Key):
                key = jwk.construct(key, algorithm)
            signature = key.sign(signing_input)
        except Exception as e:
&gt;           raise JWSError(e)
E           jose.exceptions.JWSError: The specified key is an asymmetric key or x509 certificate and should not be used as an HMAC secret.

venv/lib/python3.12/site-packages/jose/jws.py:167: JWSError</failure></testcase><testcase classname="tests.test_python_jose_cve_cve_2024_33663" name="test_GHSA_6c5p_j8vq_pqhj_exposure" time="0.001" /><testcase classname="tests.test_python_jose_unit" name="test_jwt_encode_returns_string_with_hs256" time="0.002" /><testcase classname="tests.test_python_jose_unit" name="test_jwt_decode_with_valid_token_and_key_returns_claims" time="0.001" /><testcase classname="tests.test_python_jose_unit" name="test_jwt_decode_with_invalid_signature_raises_JWTError" time="0.001" /><testcase classname="tests.test_python_jose_unit" name="test_jwt_decode_with_expired_token_raises_ExpiredSignatureError" time="0.001" /><testcase classname="tests.test_python_jose_unit" name="test_jwt_get_unverified_header_returns_headers_dict" time="0.001" /><testcase classname="tests.test_python_jose_unit" name="test_jwt_get_unverified_claims_returns_payload_dict" time="0.001" /><testcase classname="tests.test_python_jose_unit" name="test_jwt_decode_with_audience_checks_aud_claim" time="0.001" /></testsuite></testsuites>