<?xml version="1.0" encoding="utf-8"?>
<testsuites><testsuite name="go test" tests="4" failures="0" errors="4" skipped="0"><testcase classname="harnesstest" name="Test_GHSA_jpcw_4wr7_c3vq_fix_pinning" time="0.000"><error message="did not compile: ./kin_openapi_cve_cve_2026_73502_test.go:42:30: undefined: openapi3filter.NewRouter; ./kin_openapi_cve_cve_2026_73502_test.go:93:30: undefined: openapi3filter.NewRouter; ./kin_openapi_cve_cve_2026_73502_test.go:94:10: handler.router undefined (cannot refer to unexported field router">did not compile: ./kin_openapi_cve_cve_2026_73502_test.go:42:30: undefined: openapi3filter.NewRouter; ./kin_openapi_cve_cve_2026_73502_test.go:93:30: undefined: openapi3filter.NewRouter; ./kin_openapi_cve_cve_2026_73502_test.go:94:10: handler.router undefined (cannot refer to unexported field router)</error></testcase><testcase classname="harnesstest" name="Test_GHSA_jpcw_4wr7_c3vq_exposure" time="0.000"><error message="did not compile: ./kin_openapi_cve_cve_2026_73502_test.go:42:30: undefined: openapi3filter.NewRouter; ./kin_openapi_cve_cve_2026_73502_test.go:93:30: undefined: openapi3filter.NewRouter; ./kin_openapi_cve_cve_2026_73502_test.go:94:10: handler.router undefined (cannot refer to unexported field router">did not compile: ./kin_openapi_cve_cve_2026_73502_test.go:42:30: undefined: openapi3filter.NewRouter; ./kin_openapi_cve_cve_2026_73502_test.go:93:30: undefined: openapi3filter.NewRouter; ./kin_openapi_cve_cve_2026_73502_test.go:94:10: handler.router undefined (cannot refer to unexported field router)</error></testcase><testcase classname="harnesstest" name="Test_GHSA_mmfr_pmjx_hw9w_fix_pinning" time="0.000"><error message="did not compile: ./kin_openapi_cve_cve_2026_76905_test.go:20:10: cannot use openapi3.Paths{…} (value of struct type openapi3.Paths) as *openapi3.Paths value in struct literal; ./kin_openapi_cve_cve_2026_76905_test.go:21:4: invalid field name &quot;/test&quot; in struct literal; ./kin_openapi_cve_cve_2026_7690">did not compile: ./kin_openapi_cve_cve_2026_76905_test.go:20:10: cannot use openapi3.Paths{…} (value of struct type openapi3.Paths) as *openapi3.Paths value in struct literal; ./kin_openapi_cve_cve_2026_76905_test.go:21:4: invalid field name "/test" in struct literal; ./kin_openapi_cve_cve_2026_76905_test.go:28:18: cannot use openapi3.NewSchemaRef("", &amp;openapi3.Schema{…}) (value of type *openapi3.SchemaRef) as *openapi3.Schema value in struct literal; ./kin_openapi_cve_cve_2026_76905_test.go:28:67: cannot use "object" (untyped string constant) as *openapi3.Types value in struct literal; ./kin_openapi_cve_cve_2026_76905_test.go:44:3: unknown field Path in struct literal of type openapi3filter.RequestValidationInput</error></testcase><testcase classname="harnesstest" name="Test_GHSA_mmfr_pmjx_hw9w_exposure" time="0.000"><error message="did not compile: ./kin_openapi_cve_cve_2026_76905_test.go:20:10: cannot use openapi3.Paths{…} (value of struct type openapi3.Paths) as *openapi3.Paths value in struct literal; ./kin_openapi_cve_cve_2026_76905_test.go:21:4: invalid field name &quot;/test&quot; in struct literal; ./kin_openapi_cve_cve_2026_7690">did not compile: ./kin_openapi_cve_cve_2026_76905_test.go:20:10: cannot use openapi3.Paths{…} (value of struct type openapi3.Paths) as *openapi3.Paths value in struct literal; ./kin_openapi_cve_cve_2026_76905_test.go:21:4: invalid field name "/test" in struct literal; ./kin_openapi_cve_cve_2026_76905_test.go:28:18: cannot use openapi3.NewSchemaRef("", &amp;openapi3.Schema{…}) (value of type *openapi3.SchemaRef) as *openapi3.Schema value in struct literal; ./kin_openapi_cve_cve_2026_76905_test.go:28:67: cannot use "object" (untyped string constant) as *openapi3.Types value in struct literal; ./kin_openapi_cve_cve_2026_76905_test.go:44:3: unknown field Path in struct literal of type openapi3filter.RequestValidationInput</error></testcase></testsuite></testsuites>
