{"meta": {"format": 3, "version": "7.16.0", "timestamp": "2026-09-13T02:39:42.659189", "branch_coverage": true, "show_contexts": false}, "files": {"venv/lib/python3.12/site-packages/pyasn1/__init__.py": {"executed_lines": [1, 4, 6], "summary": {"covered_lines": 3, "num_statements": 4, "percent_covered": 66.66666666666667, "percent_covered_display": "67", "missing_lines": 1, "excluded_lines": 0, "percent_statements_covered": 75.0, "percent_statements_covered_display": "75", "num_branches": 2, "num_partial_branches": 1, "covered_branches": 1, "missing_branches": 1, "percent_branches_covered": 50.0, "percent_branches_covered_display": "50"}, "missing_lines": [7], "excluded_lines": [], "executed_branches": [[6, -1]], "missing_branches": [[6, 7]], "functions": {"": {"executed_lines": [1, 4, 6], "summary": {"covered_lines": 3, "num_statements": 4, "percent_covered": 66.66666666666667, "percent_covered_display": "67", "missing_lines": 1, "excluded_lines": 0, "percent_statements_covered": 75.0, "percent_statements_covered_display": "75", "num_branches": 2, "num_partial_branches": 1, "covered_branches": 1, "missing_branches": 1, "percent_branches_covered": 50.0, "percent_branches_covered_display": "50"}, "missing_lines": [7], "excluded_lines": [], "start_line": 1, "executed_branches": [[6, -1]], "missing_branches": [[6, 7]]}}, "classes": {"": {"executed_lines": [1, 4, 6], "summary": {"covered_lines": 3, "num_statements": 4, "percent_covered": 66.66666666666667, "percent_covered_display": "67", "missing_lines": 1, "excluded_lines": 0, "percent_statements_covered": 75.0, "percent_statements_covered_display": "75", "num_branches": 2, "num_partial_branches": 1, "covered_branches": 1, "missing_branches": 1, "percent_branches_covered": 50.0, "percent_branches_covered_display": "50"}, "missing_lines": [7], "excluded_lines": [], "start_line": 1, "executed_branches": [[6, -1]], "missing_branches": [[6, 7]]}}}, "venv/lib/python3.12/site-packages/pyasn1/codec/__init__.py": {"executed_lines": [], "summary": {"covered_lines": 0, "num_statements": 0, "percent_covered": 100.0, "percent_covered_display": "100", "missing_lines": 0, "excluded_lines": 0, "percent_statements_covered": 100.0, "percent_statements_covered_display": "100", "num_branches": 0, "num_partial_branches": 0, "covered_branches": 0, "missing_branches": 0, "percent_branches_covered": 100.0, "percent_branches_covered_display": "100"}, "missing_lines": [], "excluded_lines": [], "executed_branches": [], "missing_branches": [], "functions": {"": {"executed_lines": [], "summary": {"covered_lines": 0, "num_statements": 0, "percent_covered": 100.0, "percent_covered_display": "100", "missing_lines": 0, "excluded_lines": 0, "percent_statements_covered": 100.0, "percent_statements_covered_display": "100", "num_branches": 0, "num_partial_branches": 0, "covered_branches": 0, "missing_branches": 0, "percent_branches_covered": 100.0, "percent_branches_covered_display": "100"}, "missing_lines": [], "excluded_lines": [], "start_line": 1, "executed_branches": [], "missing_branches": []}}, "classes": {"": {"executed_lines": [], "summary": {"covered_lines": 0, "num_statements": 0, "percent_covered": 100.0, "percent_covered_display": "100", "missing_lines": 0, "excluded_lines": 0, "percent_statements_covered": 100.0, "percent_statements_covered_display": "100", "num_branches": 0, "num_partial_branches": 0, "covered_branches": 0, "missing_branches": 0, "percent_branches_covered": 100.0, "percent_branches_covered_display": "100"}, "missing_lines": [], "excluded_lines": [], "start_line": 1, "executed_branches": [], "missing_branches": []}}}, "venv/lib/python3.12/site-packages/pyasn1/codec/ber/__init__.py": {"executed_lines": [], "summary": {"covered_lines": 0, "num_statements": 0, "percent_covered": 100.0, "percent_covered_display": "100", "missing_lines": 0, "excluded_lines": 0, "percent_statements_covered": 100.0, "percent_statements_covered_display": "100", "num_branches": 0, "num_partial_branches": 0, "covered_branches": 0, "missing_branches": 0, "percent_branches_covered": 100.0, "percent_branches_covered_display": "100"}, "missing_lines": [], "excluded_lines": [], "executed_branches": [], "missing_branches": [], "functions": {"": {"executed_lines": [], "summary": {"covered_lines": 0, "num_statements": 0, "percent_covered": 100.0, "percent_covered_display": "100", "missing_lines": 0, "excluded_lines": 0, "percent_statements_covered": 100.0, "percent_statements_covered_display": "100", "num_branches": 0, "num_partial_branches": 0, "covered_branches": 0, "missing_branches": 0, "percent_branches_covered": 100.0, "percent_branches_covered_display": "100"}, "missing_lines": [], "excluded_lines": [], "start_line": 1, "executed_branches": [], "missing_branches": []}}, "classes": {"": {"executed_lines": [], "summary": {"covered_lines": 0, "num_statements": 0, "percent_covered": 100.0, "percent_covered_display": "100", "missing_lines": 0, "excluded_lines": 0, "percent_statements_covered": 100.0, "percent_statements_covered_display": "100", "num_branches": 0, "num_partial_branches": 0, "covered_branches": 0, "missing_branches": 0, "percent_branches_covered": 100.0, "percent_branches_covered_display": "100"}, "missing_lines": [], "excluded_lines": [], "start_line": 1, "executed_branches": [], "missing_branches": []}}}, "venv/lib/python3.12/site-packages/pyasn1/codec/ber/decoder.py": {"executed_lines": [7, 8, 9, 10, 11, 12, 13, 14, 15, 16, 17, 19, 21, 23, 26, 27, 29, 35, 42, 43, 44, 47, 48, 50, 51, 58, 59, 61, 81, 101, 104, 105, 107, 125, 126, 128, 133, 134, 135, 137, 192, 229, 230, 231, 233, 265, 296, 297, 299, 317, 318, 320, 374, 375, 377, 381, 384, 386, 389, 390, 391, 392, 395, 398, 400, 404, 406, 409, 411, 412, 413, 414, 416, 418, 421, 424, 426, 428, 429, 430, 431, 433, 436, 437, 438, 478, 481, 482, 485, 486, 487, 489, 492, 495, 496, 497, 499, 500, 536, 540, 543, 545, 557, 558, 739, 949, 950, 951, 954, 955, 958, 959, 962, 963, 964, 967, 968, 972, 973, 976, 977, 979, 1025, 1077, 1078, 1080, 1111, 1175, 1176, 1179, 1180, 1183, 1184, 1187, 1188, 1191, 1192, 1195, 1196, 1199, 1200, 1203, 1204, 1207, 1208, 1211, 1212, 1215, 1216, 1220, 1221, 1224, 1225, 1228, 1229, 1232, 1263, 1273, 1274, 1275, 1276, 1277, 1280, 1292, 1293, 1295, 1296, 1299, 1300, 1301, 1303, 1304, 1305, 1307, 1312, 1315, 1318, 1324, 1326, 1327, 1328, 1329, 1331, 1333, 1335, 1336, 1342, 1343, 1344, 1346, 1347, 1349, 1350, 1351, 1352, 1353, 1355, 1376, 1380, 1382, 1384, 1385, 1386, 1387, 1389, 1391, 1392, 1399, 1401, 1404, 1406, 1411, 1413, 1414, 1415, 1417, 1418, 1420, 1423, 1428, 1429, 1430, 1431, 1432, 1438, 1440, 1445, 1448, 1450, 1453, 1454, 1455, 1475, 1476, 1477, 1479, 1480, 1482, 1483, 1486, 1487, 1489, 1490, 1492, 1495, 1497, 1501, 1566, 1567, 1570, 1572, 1581, 1588, 1591, 1592, 1594, 1595, 1603, 1604, 1606, 1609, 1617, 1618, 1622, 1626, 1679], "summary": {"covered_lines": 266, "num_statements": 818, "percent_covered": 26.261829652996845, "percent_covered_display": "26", "missing_lines": 552, "excluded_lines": 0, "percent_statements_covered": 32.51833740831296, "percent_statements_covered_display": "33", "num_branches": 450, "num_partial_branches": 49, "covered_branches": 67, "missing_branches": 383, "percent_branches_covered": 14.88888888888889, "percent_branches_covered_display": "15"}, "missing_lines": [33, 39, 45, 49, 52, 53, 55, 65, 66, 71, 73, 75, 76, 79, 85, 86, 91, 93, 95, 96, 98, 112, 113, 115, 117, 118, 120, 122, 129, 141, 143, 144, 147, 148, 150, 152, 153, 154, 158, 161, 163, 164, 167, 168, 171, 173, 175, 176, 179, 180, 181, 185, 190, 197, 198, 201, 203, 205, 206, 209, 210, 212, 213, 214, 218, 224, 226, 237, 239, 240, 243, 244, 246, 247, 249, 250, 253, 255, 257, 258, 261, 263, 269, 270, 271, 274, 276, 278, 279, 283, 284, 286, 289, 293, 304, 305, 307, 309, 311, 312, 314, 324, 325, 327, 328, 329, 331, 333, 334, 335, 336, 337, 338, 339, 340, 341, 343, 344, 345, 346, 347, 348, 351, 352, 353, 354, 359, 362, 363, 364, 365, 366, 367, 369, 371, 382, 387, 393, 396, 401, 402, 407, 419, 422, 425, 434, 440, 441, 442, 444, 446, 447, 448, 450, 451, 453, 454, 455, 457, 458, 460, 461, 464, 468, 469, 474, 490, 493, 501, 502, 504, 505, 511, 512, 515, 517, 523, 524, 527, 528, 534, 541, 546, 547, 549, 550, 553, 555, 562, 563, 564, 567, 569, 570, 572, 574, 576, 577, 579, 580, 584, 585, 586, 587, 588, 590, 591, 594, 595, 596, 598, 599, 602, 604, 605, 609, 611, 612, 613, 615, 616, 618, 624, 625, 627, 628, 630, 631, 632, 636, 638, 640, 641, 643, 644, 646, 648, 649, 650, 652, 653, 655, 659, 660, 662, 664, 665, 672, 673, 675, 676, 678, 679, 680, 682, 684, 685, 688, 690, 693, 696, 701, 704, 709, 712, 713, 714, 717, 718, 720, 722, 723, 725, 727, 728, 729, 735, 737, 743, 744, 746, 747, 748, 750, 751, 754, 756, 758, 759, 764, 765, 767, 769, 771, 772, 774, 775, 779, 780, 781, 782, 783, 785, 786, 789, 790, 791, 793, 794, 797, 799, 800, 804, 805, 806, 808, 809, 810, 811, 812, 814, 820, 821, 824, 828, 829, 831, 832, 833, 835, 837, 839, 840, 842, 843, 845, 847, 848, 849, 851, 852, 854, 858, 859, 861, 863, 864, 871, 872, 874, 875, 877, 878, 879, 881, 883, 884, 887, 889, 892, 895, 900, 903, 908, 909, 912, 913, 914, 917, 918, 920, 922, 923, 925, 927, 928, 930, 931, 933, 939, 942, 946, 983, 985, 986, 989, 991, 992, 994, 995, 996, 998, 1003, 1004, 1006, 1011, 1013, 1014, 1016, 1023, 1029, 1030, 1032, 1034, 1035, 1037, 1038, 1039, 1041, 1046, 1050, 1051, 1054, 1055, 1057, 1062, 1064, 1065, 1067, 1074, 1084, 1085, 1087, 1088, 1091, 1093, 1094, 1097, 1098, 1100, 1101, 1103, 1104, 1107, 1109, 1115, 1116, 1118, 1119, 1122, 1124, 1126, 1128, 1129, 1132, 1135, 1137, 1138, 1141, 1143, 1144, 1145, 1147, 1148, 1151, 1153, 1154, 1157, 1158, 1160, 1163, 1167, 1168, 1171, 1313, 1319, 1320, 1321, 1322, 1337, 1356, 1357, 1358, 1360, 1361, 1362, 1363, 1364, 1365, 1366, 1367, 1369, 1371, 1372, 1394, 1397, 1402, 1407, 1424, 1435, 1436, 1441, 1442, 1446, 1451, 1458, 1493, 1498, 1499, 1503, 1504, 1505, 1507, 1508, 1510, 1511, 1513, 1514, 1516, 1517, 1518, 1519, 1520, 1522, 1523, 1524, 1525, 1528, 1530, 1531, 1533, 1535, 1536, 1538, 1540, 1541, 1543, 1545, 1546, 1548, 1549, 1551, 1552, 1553, 1556, 1559, 1560, 1562, 1563, 1564, 1568, 1573, 1589, 1599, 1600, 1607, 1610, 1612, 1613, 1615, 1623, 1624], "excluded_lines": [], "executed_branches": [[48, 50], [50, 51], [381, 384], [386, 389], [391, 392], [392, 395], [395, 398], [400, 404], [406, 409], [411, 412], [411, 416], [418, 421], [421, 424], [424, 426], [428, 429], [428, 433], [433, 436], [499, 500], [540, 543], [545, 557], [557, 558], [1273, 1274], [1273, 1280], [1274, 1273], [1274, 1275], [1276, 1273], [1276, 1277], [1312, 1315], [1318, 1324], [1333, 1335], [1335, 1336], [1336, 1342], [1355, 1376], [1380, 1382], [1384, 1385], [1385, 1386], [1401, 1404], [1404, 1406], [1406, 1411], [1413, 1414], [1413, 1417], [1417, 1418], [1423, 1428], [1429, 1430], [1429, 1432], [1440, 1445], [1445, 1448], [1450, 1453], [1453, 1454], [1454, 1455], [1475, 1476], [1482, 1483], [1482, 1486], [1492, 1495], [1497, 1501], [1501, 1566], [1566, 1567], [1566, 1594], [1567, 1570], [1572, 1581], [1588, 1591], [1594, 1595], [1595, 1603], [1606, 1609], [1609, 1617], [1617, 1618], [1622, 1626]], "missing_branches": [[48, 49], [50, 52], [52, 53], [52, 55], [65, 66], [65, 71], [75, 76], [75, 79], [85, 86], [85, 91], [95, 96], [95, 98], [112, 113], [112, 115], [117, 118], [117, 120], [143, 144], [143, 147], [147, 148], [147, 150], [150, 152], [150, 163], [153, 154], [153, 158], [163, 164], [163, 167], [167, 168], [167, 171], [175, 176], [175, 190], [180, 181], [180, 185], [197, 198], [197, 201], [205, 206], [205, 224], [209, 210], [209, 212], [213, 214], [213, 218], [239, 240], [239, 243], [243, 244], [243, 246], [246, 247], [246, 249], [249, 250], [249, 253], [257, 258], [257, 263], [269, 270], [269, 274], [278, 279], [278, 289], [283, 284], [283, 286], [304, 305], [304, 307], [311, 312], [311, 314], [324, 325], [324, 327], [328, 329], [328, 331], [336, 337], [336, 362], [339, 340], [339, 341], [341, 343], [341, 354], [345, 346], [345, 353], [347, 348], [347, 351], [354, 336], [354, 359], [362, 363], [362, 364], [364, 365], [364, 366], [366, 367], [366, 369], [381, 382], [386, 387], [391, 440], [392, 393], [395, 396], [400, 401], [406, 407], [418, 419], [421, 422], [424, 425], [433, 434], [440, 441], [440, 446], [441, 442], [441, 444], [446, 447], [446, 474], [447, 448], [447, 450], [450, 451], [450, 453], [454, 455], [454, 457], [457, 458], [457, 460], [460, 461], [460, 464], [499, 511], [501, 502], [501, 504], [511, 512], [511, 515], [523, 524], [523, 527], [527, 528], [527, 534], [540, 541], [545, 546], [546, 547], [546, 549], [549, 550], [549, 553], [557, 569], [562, 563], [562, 567], [563, 564], [563, 567], [572, 574], [572, 717], [579, 580], [579, 584], [586, 587], [586, 627], [587, 588], [587, 590], [590, 591], [590, 594], [595, 596], [595, 598], [598, 599], [598, 602], [611, 612], [611, 618], [612, 613], [612, 615], [615, 616], [615, 618], [627, 628], [627, 630], [630, 631], [630, 712], [631, 632], [631, 636], [636, 638], [636, 737], [640, 641], [640, 646], [643, 644], [643, 646], [646, 648], [646, 737], [648, 649], [648, 737], [649, 650], [649, 652], [652, 653], [652, 655], [664, 665], [664, 675], [672, 673], [672, 675], [679, 680], [679, 682], [684, 685], [684, 688], [690, 693], [690, 704], [693, 648], [693, 696], [713, 714], [713, 737], [722, 723], [722, 725], [727, 728], [727, 737], [743, 744], [743, 746], [746, 747], [746, 758], [747, 748], [747, 750], [750, 751], [750, 754], [758, 759], [758, 764], [767, 769], [767, 917], [774, 775], [774, 779], [781, 782], [781, 824], [782, 783], [782, 785], [785, 786], [785, 789], [790, 791], [790, 793], [793, 794], [793, 797], [805, 806], [805, 808], [808, 809], [808, 814], [809, 810], [809, 811], [811, 812], [811, 814], [828, 829], [828, 831], [831, 832], [831, 946], [832, 833], [832, 835], [835, 837], [835, 912], [839, 840], [839, 845], [842, 843], [842, 845], [845, 847], [845, 946], [847, 848], [847, 946], [848, 849], [848, 851], [851, 852], [851, 854], [863, 864], [863, 874], [871, 872], [871, 874], [878, 879], [878, 881], [883, 884], [883, 887], [889, 892], [889, 903], [892, 847], [892, 895], [908, 847], [908, 909], [913, 914], [913, 946], [922, 923], [922, 925], [927, 928], [927, 942], [930, 931], [930, 933], [985, 986], [985, 989], [991, 992], [991, 994], [994, 995], [994, 1003], [995, 996], [995, 998], [1003, 1004], [1003, 1006], [1013, 1014], [1013, 1016], [1029, 1030], [1029, 1032], [1034, 1035], [1034, 1037], [1037, 1038], [1037, 1054], [1038, 1039], [1038, 1041], [1050, 1051], [1050, 1062], [1054, 1055], [1054, 1057], [1064, 1065], [1064, 1067], [1084, 1085], [1084, 1087], [1087, 1088], [1087, 1091], [1093, 1094], [1093, 1103], [1100, 1101], [1100, 1103], [1103, 1104], [1103, 1107], [1115, 1116], [1115, 1118], [1118, 1119], [1118, 1122], [1124, 1126], [1124, 1132], [1128, 1129], [1128, 1141], [1137, 1138], [1137, 1141], [1143, 1144], [1143, 1147], [1147, 1148], [1147, 1151], [1153, 1154], [1153, 1163], [1157, 1158], [1157, 1160], [1167, 1168], [1167, 1171], [1312, 1313], [1318, 1319], [1319, 1320], [1319, 1324], [1320, 1321], [1320, 1322], [1333, 1622], [1335, 1404], [1336, 1337], [1355, 1356], [1366, 1361], [1366, 1367], [1380, 1384], [1384, 1397], [1385, 1394], [1401, 1402], [1404, 1453], [1406, 1407], [1417, 1435], [1423, 1424], [1440, 1441], [1441, 1442], [1441, 1448], [1445, 1446], [1450, 1451], [1453, 1475], [1454, 1458], [1475, 1501], [1492, 1493], [1497, 1498], [1501, 1503], [1503, 1504], [1503, 1522], [1510, 1511], [1510, 1530], [1513, 1514], [1513, 1516], [1516, 1517], [1516, 1520], [1518, 1519], [1518, 1520], [1522, 1523], [1522, 1528], [1524, 1525], [1524, 1530], [1530, 1531], [1530, 1559], [1535, 1536], [1535, 1551], [1545, 1546], [1545, 1551], [1551, 1552], [1551, 1556], [1562, 1563], [1562, 1566], [1567, 1568], [1572, 1573], [1588, 1589], [1594, 1609], [1595, 1599], [1606, 1607], [1609, 1610], [1612, 1613], [1612, 1615], [1617, 1333], [1622, 1623]], "functions": {"AbstractDecoder.valueDecoder": {"executed_lines": [], "summary": {"covered_lines": 0, "num_statements": 1, "percent_covered": 0.0, "percent_covered_display": "0", "missing_lines": 1, "excluded_lines": 0, "percent_statements_covered": 0.0, "percent_statements_covered_display": "0", "num_branches": 0, "num_partial_branches": 0, "covered_branches": 0, "missing_branches": 0, "percent_branches_covered": 100.0, "percent_branches_covered_display": "100"}, "missing_lines": [33], "excluded_lines": [], "start_line": 29, "executed_branches": [], "missing_branches": []}, "AbstractDecoder.indefLenValueDecoder": {"executed_lines": [], "summary": {"covered_lines": 0, "num_statements": 1, "percent_covered": 0.0, "percent_covered_display": "0", "missing_lines": 1, "excluded_lines": 0, "percent_statements_covered": 0.0, "percent_statements_covered_display": "0", "num_branches": 0, "num_partial_branches": 0, "covered_branches": 0, "missing_branches": 0, "percent_branches_covered": 100.0, "percent_branches_covered_display": "100"}, "missing_lines": [39], "excluded_lines": [], "start_line": 35, "executed_branches": [], "missing_branches": []}, "AbstractSimpleDecoder.substrateCollector": {"executed_lines": [], "summary": {"covered_lines": 0, "num_statements": 1, "percent_covered": 0.0, "percent_covered_display": "0", "missing_lines": 1, "excluded_lines": 0, "percent_statements_covered": 0.0, "percent_statements_covered_display": "0", "num_branches": 0, "num_partial_branches": 0, "covered_branches": 0, "missing_branches": 0, "percent_branches_covered": 100.0, "percent_branches_covered_display": "100"}, "missing_lines": [45], "excluded_lines": [], "start_line": 44, "executed_branches": [], "missing_branches": []}, "AbstractSimpleDecoder._createComponent": {"executed_lines": [48, 50, 51], "summary": {"covered_lines": 3, "num_statements": 7, "percent_covered": 38.46153846153846, "percent_covered_display": "38", "missing_lines": 4, "excluded_lines": 0, "percent_statements_covered": 42.857142857142854, "percent_statements_covered_display": "43", "num_branches": 6, "num_partial_branches": 2, "covered_branches": 2, "missing_branches": 4, "percent_branches_covered": 33.333333333333336, "percent_branches_covered_display": "33"}, "missing_lines": [49, 52, 53, 55], "excluded_lines": [], "start_line": 47, "executed_branches": [[48, 50], [50, 51]], "missing_branches": [[48, 49], [50, 52], [52, 53], [52, 55]]}, "ExplicitTagDecoder.valueDecoder": {"executed_lines": [], "summary": {"covered_lines": 0, "num_statements": 7, "percent_covered": 0.0, "percent_covered_display": "0", "missing_lines": 7, "excluded_lines": 0, "percent_statements_covered": 0.0, "percent_statements_covered_display": "0", "num_branches": 4, "num_partial_branches": 0, "covered_branches": 0, "missing_branches": 4, "percent_branches_covered": 0.0, "percent_branches_covered_display": "0"}, "missing_lines": [65, 66, 71, 73, 75, 76, 79], "excluded_lines": [], "start_line": 61, "executed_branches": [], "missing_branches": [[65, 66], [65, 71], [75, 76], [75, 79]]}, "ExplicitTagDecoder.indefLenValueDecoder": {"executed_lines": [], "summary": {"covered_lines": 0, "num_statements": 7, "percent_covered": 0.0, "percent_covered_display": "0", "missing_lines": 7, "excluded_lines": 0, "percent_statements_covered": 0.0, "percent_statements_covered_display": "0", "num_branches": 4, "num_partial_branches": 0, "covered_branches": 0, "missing_branches": 4, "percent_branches_covered": 0.0, "percent_branches_covered_display": "0"}, "missing_lines": [85, 86, 91, 93, 95, 96, 98], "excluded_lines": [], "start_line": 81, "executed_branches": [], "missing_branches": [[85, 86], [85, 91], [95, 96], [95, 98]]}, "IntegerDecoder.valueDecoder": {"executed_lines": [], "summary": {"covered_lines": 0, "num_statements": 7, "percent_covered": 0.0, "percent_covered_display": "0", "missing_lines": 7, "excluded_lines": 0, "percent_statements_covered": 0.0, "percent_statements_covered_display": "0", "num_branches": 4, "num_partial_branches": 0, "covered_branches": 0, "missing_branches": 4, "percent_branches_covered": 0.0, "percent_branches_covered_display": "0"}, "missing_lines": [112, 113, 115, 117, 118, 120, 122], "excluded_lines": [], "start_line": 107, "executed_branches": [], "missing_branches": [[112, 113], [112, 115], [117, 118], [117, 120]]}, "BooleanDecoder._createComponent": {"executed_lines": [], "summary": {"covered_lines": 0, "num_statements": 1, "percent_covered": 0.0, "percent_covered_display": "0", "missing_lines": 1, "excluded_lines": 0, "percent_statements_covered": 0.0, "percent_statements_covered_display": "0", "num_branches": 0, "num_partial_branches": 0, "covered_branches": 0, "missing_branches": 0, "percent_branches_covered": 100.0, "percent_branches_covered_display": "100"}, "missing_lines": [129], "excluded_lines": [], "start_line": 128, "executed_branches": [], "missing_branches": []}, "BitStringDecoder.valueDecoder": {"executed_lines": [], "summary": {"covered_lines": 0, "num_statements": 24, "percent_covered": 0.0, "percent_covered_display": "0", "missing_lines": 24, "excluded_lines": 0, "percent_statements_covered": 0.0, "percent_statements_covered_display": "0", "num_branches": 16, "num_partial_branches": 0, "covered_branches": 0, "missing_branches": 16, "percent_branches_covered": 0.0, "percent_branches_covered_display": "0"}, "missing_lines": [141, 143, 144, 147, 148, 150, 152, 153, 154, 158, 161, 163, 164, 167, 168, 171, 173, 175, 176, 179, 180, 181, 185, 190], "excluded_lines": [], "start_line": 137, "executed_branches": [], "missing_branches": [[143, 144], [143, 147], [147, 148], [147, 150], [150, 152], [150, 163], [153, 154], [153, 158], [163, 164], [163, 167], [167, 168], [167, 171], [175, 176], [175, 190], [180, 181], [180, 185]]}, "BitStringDecoder.indefLenValueDecoder": {"executed_lines": [], "summary": {"covered_lines": 0, "num_statements": 14, "percent_covered": 0.0, "percent_covered_display": "0", "missing_lines": 14, "excluded_lines": 0, "percent_statements_covered": 0.0, "percent_statements_covered_display": "0", "num_branches": 8, "num_partial_branches": 0, "covered_branches": 0, "missing_branches": 8, "percent_branches_covered": 0.0, "percent_branches_covered_display": "0"}, "missing_lines": [197, 198, 201, 203, 205, 206, 209, 210, 212, 213, 214, 218, 224, 226], "excluded_lines": [], "start_line": 192, "executed_branches": [], "missing_branches": [[197, 198], [197, 201], [205, 206], [205, 224], [209, 210], [209, 212], [213, 214], [213, 218]]}, "OctetStringDecoder.valueDecoder": {"executed_lines": [], "summary": {"covered_lines": 0, "num_statements": 15, "percent_covered": 0.0, "percent_covered_display": "0", "missing_lines": 15, "excluded_lines": 0, "percent_statements_covered": 0.0, "percent_statements_covered_display": "0", "num_branches": 10, "num_partial_branches": 0, "covered_branches": 0, "missing_branches": 10, "percent_branches_covered": 0.0, "percent_branches_covered_display": "0"}, "missing_lines": [237, 239, 240, 243, 244, 246, 247, 249, 250, 253, 255, 257, 258, 261, 263], "excluded_lines": [], "start_line": 233, "executed_branches": [], "missing_branches": [[239, 240], [239, 243], [243, 244], [243, 246], [246, 247], [246, 249], [249, 250], [249, 253], [257, 258], [257, 263]]}, "OctetStringDecoder.indefLenValueDecoder": {"executed_lines": [], "summary": {"covered_lines": 0, "num_statements": 12, "percent_covered": 0.0, "percent_covered_display": "0", "missing_lines": 12, "excluded_lines": 0, "percent_statements_covered": 0.0, "percent_statements_covered_display": "0", "num_branches": 6, "num_partial_branches": 0, "covered_branches": 0, "missing_branches": 6, "percent_branches_covered": 0.0, "percent_branches_covered_display": "0"}, "missing_lines": [269, 270, 271, 274, 276, 278, 279, 283, 284, 286, 289, 293], "excluded_lines": [], "start_line": 265, "executed_branches": [], "missing_branches": [[269, 270], [269, 274], [278, 279], [278, 289], [283, 284], [283, 286]]}, "NullDecoder.valueDecoder": {"executed_lines": [], "summary": {"covered_lines": 0, "num_statements": 7, "percent_covered": 0.0, "percent_covered_display": "0", "missing_lines": 7, "excluded_lines": 0, "percent_statements_covered": 0.0, "percent_statements_covered_display": "0", "num_branches": 4, "num_partial_branches": 0, "covered_branches": 0, "missing_branches": 4, "percent_branches_covered": 0.0, "percent_branches_covered_display": "0"}, "missing_lines": [304, 305, 307, 309, 311, 312, 314], "excluded_lines": [], "start_line": 299, "executed_branches": [], "missing_branches": [[304, 305], [304, 307], [311, 312], [311, 314]]}, "ObjectIdentifierDecoder.valueDecoder": {"executed_lines": [], "summary": {"covered_lines": 0, "num_statements": 34, "percent_covered": 0.0, "percent_covered_display": "0", "missing_lines": 34, "excluded_lines": 0, "percent_statements_covered": 0.0, "percent_statements_covered_display": "0", "num_branches": 22, "num_partial_branches": 0, "covered_branches": 0, "missing_branches": 22, "percent_branches_covered": 0.0, "percent_branches_covered_display": "0"}, "missing_lines": [324, 325, 327, 328, 329, 331, 333, 334, 335, 336, 337, 338, 339, 340, 341, 343, 344, 345, 346, 347, 348, 351, 352, 353, 354, 359, 362, 363, 364, 365, 366, 367, 369, 371], "excluded_lines": [], "start_line": 320, "executed_branches": [], "missing_branches": [[324, 325], [324, 327], [328, 329], [328, 331], [336, 337], [336, 362], [339, 340], [339, 341], [341, 343], [341, 354], [345, 346], [345, 353], [347, 348], [347, 351], [354, 336], [354, 359], [362, 363], [362, 364], [364, 365], [364, 366], [366, 367], [366, 369]]}, "RealDecoder.valueDecoder": {"executed_lines": [381, 384, 386, 389, 390, 391, 392, 395, 398, 400, 404, 406, 409, 411, 412, 413, 414, 416, 418, 421, 424, 426, 428, 429, 430, 431, 433, 436, 437, 438, 478], "summary": {"covered_lines": 31, "num_statements": 62, "percent_covered": 44.23076923076923, "percent_covered_display": "44", "missing_lines": 31, "excluded_lines": 0, "percent_statements_covered": 50.0, "percent_statements_covered_display": "50", "num_branches": 42, "num_partial_branches": 11, "covered_branches": 15, "missing_branches": 27, "percent_branches_covered": 35.714285714285715, "percent_branches_covered_display": "36"}, "missing_lines": [382, 387, 393, 396, 401, 402, 407, 419, 422, 425, 434, 440, 441, 442, 444, 446, 447, 448, 450, 451, 453, 454, 455, 457, 458, 460, 461, 464, 468, 469, 474], "excluded_lines": [], "start_line": 377, "executed_branches": [[381, 384], [386, 389], [391, 392], [392, 395], [395, 398], [400, 404], [406, 409], [411, 412], [411, 416], [418, 421], [421, 424], [424, 426], [428, 429], [428, 433], [433, 436]], "missing_branches": [[381, 382], [386, 387], [391, 440], [392, 393], [395, 396], [400, 401], [406, 407], [418, 419], [421, 422], [424, 425], [433, 434], [440, 441], [440, 446], [441, 442], [441, 444], [446, 447], [446, 474], [447, 448], [447, 450], [450, 451], [450, 453], [454, 455], [454, 457], [457, 458], [457, 460], [460, 461], [460, 464]]}, "UniversalConstructedTypeDecoder._getComponentTagMap": {"executed_lines": [], "summary": {"covered_lines": 0, "num_statements": 1, "percent_covered": 0.0, "percent_covered_display": "0", "missing_lines": 1, "excluded_lines": 0, "percent_statements_covered": 0.0, "percent_statements_covered_display": "0", "num_branches": 0, "num_partial_branches": 0, "covered_branches": 0, "missing_branches": 0, "percent_branches_covered": 100.0, "percent_branches_covered_display": "100"}, "missing_lines": [490], "excluded_lines": [], "start_line": 489, "executed_branches": [], "missing_branches": []}, "UniversalConstructedTypeDecoder._getComponentPositionByType": {"executed_lines": [], "summary": {"covered_lines": 0, "num_statements": 1, "percent_covered": 0.0, "percent_covered_display": "0", "missing_lines": 1, "excluded_lines": 0, "percent_statements_covered": 0.0, "percent_statements_covered_display": "0", "num_branches": 0, "num_partial_branches": 0, "covered_branches": 0, "missing_branches": 0, "percent_branches_covered": 100.0, "percent_branches_covered_display": "100"}, "missing_lines": [493], "excluded_lines": [], "start_line": 492, "executed_branches": [], "missing_branches": []}, "UniversalConstructedTypeDecoder._decodeComponents": {"executed_lines": [496, 497, 499, 500], "summary": {"covered_lines": 4, "num_statements": 17, "percent_covered": 18.51851851851852, "percent_covered_display": "19", "missing_lines": 13, "excluded_lines": 0, "percent_statements_covered": 23.529411764705884, "percent_statements_covered_display": "24", "num_branches": 10, "num_partial_branches": 1, "covered_branches": 1, "missing_branches": 9, "percent_branches_covered": 10.0, "percent_branches_covered_display": "10"}, "missing_lines": [501, 502, 504, 505, 511, 512, 515, 517, 523, 524, 527, 528, 534], "excluded_lines": [], "start_line": 495, "executed_branches": [[499, 500]], "missing_branches": [[499, 511], [501, 502], [501, 504], [511, 512], [511, 515], [523, 524], [523, 527], [527, 528], [527, 534]]}, "UniversalConstructedTypeDecoder.valueDecoder": {"executed_lines": [540, 543, 545, 557, 558], "summary": {"covered_lines": 5, "num_statements": 102, "percent_covered": 4.597701149425287, "percent_covered_display": "5", "missing_lines": 97, "excluded_lines": 0, "percent_statements_covered": 4.901960784313726, "percent_statements_covered_display": "5", "num_branches": 72, "num_partial_branches": 3, "covered_branches": 3, "missing_branches": 69, "percent_branches_covered": 4.166666666666667, "percent_branches_covered_display": "4"}, "missing_lines": [541, 546, 547, 549, 550, 553, 555, 562, 563, 564, 567, 569, 570, 572, 574, 576, 577, 579, 580, 584, 585, 586, 587, 588, 590, 591, 594, 595, 596, 598, 599, 602, 604, 605, 609, 611, 612, 613, 615, 616, 618, 624, 625, 627, 628, 630, 631, 632, 636, 638, 640, 641, 643, 644, 646, 648, 649, 650, 652, 653, 655, 659, 660, 662, 664, 665, 672, 673, 675, 676, 678, 679, 680, 682, 684, 685, 688, 690, 693, 696, 701, 704, 709, 712, 713, 714, 717, 718, 720, 722, 723, 725, 727, 728, 729, 735, 737], "excluded_lines": [], "start_line": 536, "executed_branches": [[540, 543], [545, 557], [557, 558]], "missing_branches": [[540, 541], [545, 546], [546, 547], [546, 549], [549, 550], [549, 553], [557, 569], [562, 563], [562, 567], [563, 564], [563, 567], [572, 574], [572, 717], [579, 580], [579, 584], [586, 587], [586, 627], [587, 588], [587, 590], [590, 591], [590, 594], [595, 596], [595, 598], [598, 599], [598, 602], [611, 612], [611, 618], [612, 613], [612, 615], [615, 616], [615, 618], [627, 628], [627, 630], [630, 631], [630, 712], [631, 632], [631, 636], [636, 638], [636, 737], [640, 641], [640, 646], [643, 644], [643, 646], [646, 648], [646, 737], [648, 649], [648, 737], [649, 650], [649, 652], [652, 653], [652, 655], [664, 665], [664, 675], [672, 673], [672, 675], [679, 680], [679, 682], [684, 685], [684, 688], [690, 693], [690, 704], [693, 648], [693, 696], [713, 714], [713, 737], [722, 723], [722, 725], [727, 728], [727, 737]]}, "UniversalConstructedTypeDecoder.indefLenValueDecoder": {"executed_lines": [], "summary": {"covered_lines": 0, "num_statements": 104, "percent_covered": 0.0, "percent_covered_display": "0", "missing_lines": 104, "excluded_lines": 0, "percent_statements_covered": 0.0, "percent_statements_covered_display": "0", "num_branches": 74, "num_partial_branches": 0, "covered_branches": 0, "missing_branches": 74, "percent_branches_covered": 0.0, "percent_branches_covered_display": "0"}, "missing_lines": [743, 744, 746, 747, 748, 750, 751, 754, 756, 758, 759, 764, 765, 767, 769, 771, 772, 774, 775, 779, 780, 781, 782, 783, 785, 786, 789, 790, 791, 793, 794, 797, 799, 800, 804, 805, 806, 808, 809, 810, 811, 812, 814, 820, 821, 824, 828, 829, 831, 832, 833, 835, 837, 839, 840, 842, 843, 845, 847, 848, 849, 851, 852, 854, 858, 859, 861, 863, 864, 871, 872, 874, 875, 877, 878, 879, 881, 883, 884, 887, 889, 892, 895, 900, 903, 908, 909, 912, 913, 914, 917, 918, 920, 922, 923, 925, 927, 928, 930, 931, 933, 939, 942, 946], "excluded_lines": [], "start_line": 739, "executed_branches": [], "missing_branches": [[743, 744], [743, 746], [746, 747], [746, 758], [747, 748], [747, 750], [750, 751], [750, 754], [758, 759], [758, 764], [767, 769], [767, 917], [774, 775], [774, 779], [781, 782], [781, 824], [782, 783], [782, 785], [785, 786], [785, 789], [790, 791], [790, 793], [793, 794], [793, 797], [805, 806], [805, 808], [808, 809], [808, 814], [809, 810], [809, 811], [811, 812], [811, 814], [828, 829], [828, 831], [831, 832], [831, 946], [832, 833], [832, 835], [835, 837], [835, 912], [839, 840], [839, 845], [842, 843], [842, 845], [845, 847], [845, 946], [847, 848], [847, 946], [848, 849], [848, 851], [851, 852], [851, 854], [863, 864], [863, 874], [871, 872], [871, 874], [878, 879], [878, 881], [883, 884], [883, 887], [889, 892], [889, 903], [892, 847], [892, 895], [908, 847], [908, 909], [913, 914], [913, 946], [922, 923], [922, 925], [927, 928], [927, 942], [930, 931], [930, 933]]}, "ChoiceDecoder.valueDecoder": {"executed_lines": [], "summary": {"covered_lines": 0, "num_statements": 18, "percent_covered": 0.0, "percent_covered_display": "0", "missing_lines": 18, "excluded_lines": 0, "percent_statements_covered": 0.0, "percent_statements_covered_display": "0", "num_branches": 12, "num_partial_branches": 0, "covered_branches": 0, "missing_branches": 12, "percent_branches_covered": 0.0, "percent_branches_covered_display": "0"}, "missing_lines": [983, 985, 986, 989, 991, 992, 994, 995, 996, 998, 1003, 1004, 1006, 1011, 1013, 1014, 1016, 1023], "excluded_lines": [], "start_line": 979, "executed_branches": [], "missing_branches": [[985, 986], [985, 989], [991, 992], [991, 994], [994, 995], [994, 1003], [995, 996], [995, 998], [1003, 1004], [1003, 1006], [1013, 1014], [1013, 1016]]}, "ChoiceDecoder.indefLenValueDecoder": {"executed_lines": [], "summary": {"covered_lines": 0, "num_statements": 20, "percent_covered": 0.0, "percent_covered_display": "0", "missing_lines": 20, "excluded_lines": 0, "percent_statements_covered": 0.0, "percent_statements_covered_display": "0", "num_branches": 14, "num_partial_branches": 0, "covered_branches": 0, "missing_branches": 14, "percent_branches_covered": 0.0, "percent_branches_covered_display": "0"}, "missing_lines": [1029, 1030, 1032, 1034, 1035, 1037, 1038, 1039, 1041, 1046, 1050, 1051, 1054, 1055, 1057, 1062, 1064, 1065, 1067, 1074], "excluded_lines": [], "start_line": 1025, "executed_branches": [], "missing_branches": [[1029, 1030], [1029, 1032], [1034, 1035], [1034, 1037], [1037, 1038], [1037, 1054], [1038, 1039], [1038, 1041], [1050, 1051], [1050, 1062], [1054, 1055], [1054, 1057], [1064, 1065], [1064, 1067]]}, "AnyDecoder.valueDecoder": {"executed_lines": [], "summary": {"covered_lines": 0, "num_statements": 15, "percent_covered": 0.0, "percent_covered_display": "0", "missing_lines": 15, "excluded_lines": 0, "percent_statements_covered": 0.0, "percent_statements_covered_display": "0", "num_branches": 10, "num_partial_branches": 0, "covered_branches": 0, "missing_branches": 10, "percent_branches_covered": 0.0, "percent_branches_covered_display": "0"}, "missing_lines": [1084, 1085, 1087, 1088, 1091, 1093, 1094, 1097, 1098, 1100, 1101, 1103, 1104, 1107, 1109], "excluded_lines": [], "start_line": 1080, "executed_branches": [], "missing_branches": [[1084, 1085], [1084, 1087], [1087, 1088], [1087, 1091], [1093, 1094], [1093, 1103], [1100, 1101], [1100, 1103], [1103, 1104], [1103, 1107]]}, "AnyDecoder.indefLenValueDecoder": {"executed_lines": [], "summary": {"covered_lines": 0, "num_statements": 29, "percent_covered": 0.0, "percent_covered_display": "0", "missing_lines": 29, "excluded_lines": 0, "percent_statements_covered": 0.0, "percent_statements_covered_display": "0", "num_branches": 20, "num_partial_branches": 0, "covered_branches": 0, "missing_branches": 20, "percent_branches_covered": 0.0, "percent_branches_covered_display": "0"}, "missing_lines": [1115, 1116, 1118, 1119, 1122, 1124, 1126, 1128, 1129, 1132, 1135, 1137, 1138, 1141, 1143, 1144, 1145, 1147, 1148, 1151, 1153, 1154, 1157, 1158, 1160, 1163, 1167, 1168, 1171], "excluded_lines": [], "start_line": 1111, "executed_branches": [], "missing_branches": [[1115, 1116], [1115, 1118], [1118, 1119], [1118, 1122], [1124, 1126], [1124, 1132], [1128, 1129], [1128, 1141], [1137, 1138], [1137, 1141], [1143, 1144], [1143, 1147], [1147, 1148], [1147, 1151], [1153, 1154], [1153, 1163], [1157, 1158], [1157, 1160], [1167, 1168], [1167, 1171]]}, "Decoder.__init__": {"executed_lines": [1300, 1301, 1303, 1304, 1305], "summary": {"covered_lines": 5, "num_statements": 5, "percent_covered": 100.0, "percent_covered_display": "100", "missing_lines": 0, "excluded_lines": 0, "percent_statements_covered": 100.0, "percent_statements_covered_display": "100", "num_branches": 0, "num_partial_branches": 0, "covered_branches": 0, "missing_branches": 0, "percent_branches_covered": 100.0, "percent_branches_covered_display": "100"}, "missing_lines": [], "excluded_lines": [], "start_line": 1299, "executed_branches": [], "missing_branches": []}, "Decoder.__call__": {"executed_lines": [1312, 1315, 1318, 1324, 1326, 1327, 1328, 1329, 1331, 1333, 1335, 1336, 1342, 1343, 1344, 1346, 1347, 1349, 1350, 1351, 1352, 1353, 1355, 1376, 1380, 1382, 1384, 1385, 1386, 1387, 1389, 1391, 1392, 1399, 1401, 1404, 1406, 1411, 1413, 1414, 1415, 1417, 1418, 1420, 1423, 1428, 1429, 1430, 1431, 1432, 1438, 1440, 1445, 1448, 1450, 1453, 1454, 1455, 1475, 1476, 1477, 1479, 1480, 1482, 1483, 1486, 1487, 1489, 1490, 1492, 1495, 1497, 1501, 1566, 1567, 1570, 1572, 1581, 1588, 1591, 1592, 1594, 1595, 1603, 1604, 1606, 1609, 1617, 1618, 1622, 1626], "summary": {"covered_lines": 91, "num_statements": 179, "percent_covered": 45.96491228070175, "percent_covered_display": "46", "missing_lines": 88, "excluded_lines": 0, "percent_statements_covered": 50.83798882681564, "percent_statements_covered_display": "51", "num_branches": 106, "num_partial_branches": 32, "covered_branches": 40, "missing_branches": 66, "percent_branches_covered": 37.735849056603776, "percent_branches_covered_display": "38"}, "missing_lines": [1313, 1319, 1320, 1321, 1322, 1337, 1356, 1357, 1358, 1360, 1361, 1362, 1363, 1364, 1365, 1366, 1367, 1369, 1371, 1372, 1394, 1397, 1402, 1407, 1424, 1435, 1436, 1441, 1442, 1446, 1451, 1458, 1493, 1498, 1499, 1503, 1504, 1505, 1507, 1508, 1510, 1511, 1513, 1514, 1516, 1517, 1518, 1519, 1520, 1522, 1523, 1524, 1525, 1528, 1530, 1531, 1533, 1535, 1536, 1538, 1540, 1541, 1543, 1545, 1546, 1548, 1549, 1551, 1552, 1553, 1556, 1559, 1560, 1562, 1563, 1564, 1568, 1573, 1589, 1599, 1600, 1607, 1610, 1612, 1613, 1615, 1623, 1624], "excluded_lines": [], "start_line": 1307, "executed_branches": [[1312, 1315], [1318, 1324], [1333, 1335], [1335, 1336], [1336, 1342], [1355, 1376], [1380, 1382], [1384, 1385], [1385, 1386], [1401, 1404], [1404, 1406], [1406, 1411], [1413, 1414], [1413, 1417], [1417, 1418], [1423, 1428], [1429, 1430], [1429, 1432], [1440, 1445], [1445, 1448], [1450, 1453], [1453, 1454], [1454, 1455], [1475, 1476], [1482, 1483], [1482, 1486], [1492, 1495], [1497, 1501], [1501, 1566], [1566, 1567], [1566, 1594], [1567, 1570], [1572, 1581], [1588, 1591], [1594, 1595], [1595, 1603], [1606, 1609], [1609, 1617], [1617, 1618], [1622, 1626]], "missing_branches": [[1312, 1313], [1318, 1319], [1319, 1320], [1319, 1324], [1320, 1321], [1320, 1322], [1333, 1622], [1335, 1404], [1336, 1337], [1355, 1356], [1366, 1361], [1366, 1367], [1380, 1384], [1384, 1397], [1385, 1394], [1401, 1402], [1404, 1453], [1406, 1407], [1417, 1435], [1423, 1424], [1440, 1441], [1441, 1442], [1441, 1448], [1445, 1446], [1450, 1451], [1453, 1475], [1454, 1458], [1475, 1501], [1492, 1493], [1497, 1498], [1501, 1503], [1503, 1504], [1503, 1522], [1510, 1511], [1510, 1530], [1513, 1514], [1513, 1516], [1516, 1517], [1516, 1520], [1518, 1519], [1518, 1520], [1522, 1523], [1522, 1528], [1524, 1525], [1524, 1530], [1530, 1531], [1530, 1559], [1535, 1536], [1535, 1551], [1545, 1546], [1545, 1551], [1551, 1552], [1551, 1556], [1562, 1563], [1562, 1566], [1567, 1568], [1572, 1573], [1588, 1589], [1594, 1609], [1595, 1599], [1606, 1607], [1609, 1610], [1612, 1613], [1612, 1615], [1617, 1333], [1622, 1623]]}, "": {"executed_lines": [7, 8, 9, 10, 11, 12, 13, 14, 15, 16, 17, 19, 21, 23, 26, 27, 29, 35, 42, 43, 44, 47, 58, 59, 61, 81, 101, 104, 105, 107, 125, 126, 128, 133, 134, 135, 137, 192, 229, 230, 231, 233, 265, 296, 297, 299, 317, 318, 320, 374, 375, 377, 481, 482, 485, 486, 487, 489, 492, 495, 536, 739, 949, 950, 951, 954, 955, 958, 959, 962, 963, 964, 967, 968, 972, 973, 976, 977, 979, 1025, 1077, 1078, 1080, 1111, 1175, 1176, 1179, 1180, 1183, 1184, 1187, 1188, 1191, 1192, 1195, 1196, 1199, 1200, 1203, 1204, 1207, 1208, 1211, 1212, 1215, 1216, 1220, 1221, 1224, 1225, 1228, 1229, 1232, 1263, 1273, 1274, 1275, 1276, 1277, 1280, 1292, 1293, 1295, 1296, 1299, 1307, 1679], "summary": {"covered_lines": 127, "num_statements": 127, "percent_covered": 100.0, "percent_covered_display": "100", "missing_lines": 0, "excluded_lines": 0, "percent_statements_covered": 100.0, "percent_statements_covered_display": "100", "num_branches": 6, "num_partial_branches": 0, "covered_branches": 6, "missing_branches": 0, "percent_branches_covered": 100.0, "percent_branches_covered_display": "100"}, "missing_lines": [], "excluded_lines": [], "start_line": 1, "executed_branches": [[1273, 1274], [1273, 1280], [1274, 1273], [1274, 1275], [1276, 1273], [1276, 1277]], "missing_branches": []}}, "classes": {"AbstractDecoder": {"executed_lines": [], "summary": {"covered_lines": 0, "num_statements": 2, "percent_covered": 0.0, "percent_covered_display": "0", "missing_lines": 2, "excluded_lines": 0, "percent_statements_covered": 0.0, "percent_statements_covered_display": "0", "num_branches": 0, "num_partial_branches": 0, "covered_branches": 0, "missing_branches": 0, "percent_branches_covered": 100.0, "percent_branches_covered_display": "100"}, "missing_lines": [33, 39], "excluded_lines": [], "start_line": 26, "executed_branches": [], "missing_branches": []}, "AbstractSimpleDecoder": {"executed_lines": [48, 50, 51], "summary": {"covered_lines": 3, "num_statements": 8, "percent_covered": 35.714285714285715, "percent_covered_display": "36", "missing_lines": 5, "excluded_lines": 0, "percent_statements_covered": 37.5, "percent_statements_covered_display": "38", "num_branches": 6, "num_partial_branches": 2, "covered_branches": 2, "missing_branches": 4, "percent_branches_covered": 33.333333333333336, "percent_branches_covered_display": "33"}, "missing_lines": [45, 49, 52, 53, 55], "excluded_lines": [], "start_line": 42, "executed_branches": [[48, 50], [50, 51]], "missing_branches": [[48, 49], [50, 52], [52, 53], [52, 55]]}, "ExplicitTagDecoder": {"executed_lines": [], "summary": {"covered_lines": 0, "num_statements": 14, "percent_covered": 0.0, "percent_covered_display": "0", "missing_lines": 14, "excluded_lines": 0, "percent_statements_covered": 0.0, "percent_statements_covered_display": "0", "num_branches": 8, "num_partial_branches": 0, "covered_branches": 0, "missing_branches": 8, "percent_branches_covered": 0.0, "percent_branches_covered_display": "0"}, "missing_lines": [65, 66, 71, 73, 75, 76, 79, 85, 86, 91, 93, 95, 96, 98], "excluded_lines": [], "start_line": 58, "executed_branches": [], "missing_branches": [[65, 66], [65, 71], [75, 76], [75, 79], [85, 86], [85, 91], [95, 96], [95, 98]]}, "IntegerDecoder": {"executed_lines": [], "summary": {"covered_lines": 0, "num_statements": 7, "percent_covered": 0.0, "percent_covered_display": "0", "missing_lines": 7, "excluded_lines": 0, "percent_statements_covered": 0.0, "percent_statements_covered_display": "0", "num_branches": 4, "num_partial_branches": 0, "covered_branches": 0, "missing_branches": 4, "percent_branches_covered": 0.0, "percent_branches_covered_display": "0"}, "missing_lines": [112, 113, 115, 117, 118, 120, 122], "excluded_lines": [], "start_line": 104, "executed_branches": [], "missing_branches": [[112, 113], [112, 115], [117, 118], [117, 120]]}, "BooleanDecoder": {"executed_lines": [], "summary": {"covered_lines": 0, "num_statements": 1, "percent_covered": 0.0, "percent_covered_display": "0", "missing_lines": 1, "excluded_lines": 0, "percent_statements_covered": 0.0, "percent_statements_covered_display": "0", "num_branches": 0, "num_partial_branches": 0, "covered_branches": 0, "missing_branches": 0, "percent_branches_covered": 100.0, "percent_branches_covered_display": "100"}, "missing_lines": [129], "excluded_lines": [], "start_line": 125, "executed_branches": [], "missing_branches": []}, "BitStringDecoder": {"executed_lines": [], "summary": {"covered_lines": 0, "num_statements": 38, "percent_covered": 0.0, "percent_covered_display": "0", "missing_lines": 38, "excluded_lines": 0, "percent_statements_covered": 0.0, "percent_statements_covered_display": "0", "num_branches": 24, "num_partial_branches": 0, "covered_branches": 0, "missing_branches": 24, "percent_branches_covered": 0.0, "percent_branches_covered_display": "0"}, "missing_lines": [141, 143, 144, 147, 148, 150, 152, 153, 154, 158, 161, 163, 164, 167, 168, 171, 173, 175, 176, 179, 180, 181, 185, 190, 197, 198, 201, 203, 205, 206, 209, 210, 212, 213, 214, 218, 224, 226], "excluded_lines": [], "start_line": 133, "executed_branches": [], "missing_branches": [[143, 144], [143, 147], [147, 148], [147, 150], [150, 152], [150, 163], [153, 154], [153, 158], [163, 164], [163, 167], [167, 168], [167, 171], [175, 176], [175, 190], [180, 181], [180, 185], [197, 198], [197, 201], [205, 206], [205, 224], [209, 210], [209, 212], [213, 214], [213, 218]]}, "OctetStringDecoder": {"executed_lines": [], "summary": {"covered_lines": 0, "num_statements": 27, "percent_covered": 0.0, "percent_covered_display": "0", "missing_lines": 27, "excluded_lines": 0, "percent_statements_covered": 0.0, "percent_statements_covered_display": "0", "num_branches": 16, "num_partial_branches": 0, "covered_branches": 0, "missing_branches": 16, "percent_branches_covered": 0.0, "percent_branches_covered_display": "0"}, "missing_lines": [237, 239, 240, 243, 244, 246, 247, 249, 250, 253, 255, 257, 258, 261, 263, 269, 270, 271, 274, 276, 278, 279, 283, 284, 286, 289, 293], "excluded_lines": [], "start_line": 229, "executed_branches": [], "missing_branches": [[239, 240], [239, 243], [243, 244], [243, 246], [246, 247], [246, 249], [249, 250], [249, 253], [257, 258], [257, 263], [269, 270], [269, 274], [278, 279], [278, 289], [283, 284], [283, 286]]}, "NullDecoder": {"executed_lines": [], "summary": {"covered_lines": 0, "num_statements": 7, "percent_covered": 0.0, "percent_covered_display": "0", "missing_lines": 7, "excluded_lines": 0, "percent_statements_covered": 0.0, "percent_statements_covered_display": "0", "num_branches": 4, "num_partial_branches": 0, "covered_branches": 0, "missing_branches": 4, "percent_branches_covered": 0.0, "percent_branches_covered_display": "0"}, "missing_lines": [304, 305, 307, 309, 311, 312, 314], "excluded_lines": [], "start_line": 296, "executed_branches": [], "missing_branches": [[304, 305], [304, 307], [311, 312], [311, 314]]}, "ObjectIdentifierDecoder": {"executed_lines": [], "summary": {"covered_lines": 0, "num_statements": 34, "percent_covered": 0.0, "percent_covered_display": "0", "missing_lines": 34, "excluded_lines": 0, "percent_statements_covered": 0.0, "percent_statements_covered_display": "0", "num_branches": 22, "num_partial_branches": 0, "covered_branches": 0, "missing_branches": 22, "percent_branches_covered": 0.0, "percent_branches_covered_display": "0"}, "missing_lines": [324, 325, 327, 328, 329, 331, 333, 334, 335, 336, 337, 338, 339, 340, 341, 343, 344, 345, 346, 347, 348, 351, 352, 353, 354, 359, 362, 363, 364, 365, 366, 367, 369, 371], "excluded_lines": [], "start_line": 317, "executed_branches": [], "missing_branches": [[324, 325], [324, 327], [328, 329], [328, 331], [336, 337], [336, 362], [339, 340], [339, 341], [341, 343], [341, 354], [345, 346], [345, 353], [347, 348], [347, 351], [354, 336], [354, 359], [362, 363], [362, 364], [364, 365], [364, 366], [366, 367], [366, 369]]}, "RealDecoder": {"executed_lines": [381, 384, 386, 389, 390, 391, 392, 395, 398, 400, 404, 406, 409, 411, 412, 413, 414, 416, 418, 421, 424, 426, 428, 429, 430, 431, 433, 436, 437, 438, 478], "summary": {"covered_lines": 31, "num_statements": 62, "percent_covered": 44.23076923076923, "percent_covered_display": "44", "missing_lines": 31, "excluded_lines": 0, "percent_statements_covered": 50.0, "percent_statements_covered_display": "50", "num_branches": 42, "num_partial_branches": 11, "covered_branches": 15, "missing_branches": 27, "percent_branches_covered": 35.714285714285715, "percent_branches_covered_display": "36"}, "missing_lines": [382, 387, 393, 396, 401, 402, 407, 419, 422, 425, 434, 440, 441, 442, 444, 446, 447, 448, 450, 451, 453, 454, 455, 457, 458, 460, 461, 464, 468, 469, 474], "excluded_lines": [], "start_line": 374, "executed_branches": [[381, 384], [386, 389], [391, 392], [392, 395], [395, 398], [400, 404], [406, 409], [411, 412], [411, 416], [418, 421], [421, 424], [424, 426], [428, 429], [428, 433], [433, 436]], "missing_branches": [[381, 382], [386, 387], [391, 440], [392, 393], [395, 396], [400, 401], [406, 407], [418, 419], [421, 422], [424, 425], [433, 434], [440, 441], [440, 446], [441, 442], [441, 444], [446, 447], [446, 474], [447, 448], [447, 450], [450, 451], [450, 453], [454, 455], [454, 457], [457, 458], [457, 460], [460, 461], [460, 464]]}, "AbstractConstructedDecoder": {"executed_lines": [], "summary": {"covered_lines": 0, "num_statements": 0, "percent_covered": 100.0, "percent_covered_display": "100", "missing_lines": 0, "excluded_lines": 0, "percent_statements_covered": 100.0, "percent_statements_covered_display": "100", "num_branches": 0, "num_partial_branches": 0, "covered_branches": 0, "missing_branches": 0, "percent_branches_covered": 100.0, "percent_branches_covered_display": "100"}, "missing_lines": [], "excluded_lines": [], "start_line": 481, "executed_branches": [], "missing_branches": []}, "UniversalConstructedTypeDecoder": {"executed_lines": [496, 497, 499, 500, 540, 543, 545, 557, 558], "summary": {"covered_lines": 9, "num_statements": 225, "percent_covered": 3.4120734908136483, "percent_covered_display": "3", "missing_lines": 216, "excluded_lines": 0, "percent_statements_covered": 4.0, "percent_statements_covered_display": "4", "num_branches": 156, "num_partial_branches": 4, "covered_branches": 4, "missing_branches": 152, "percent_branches_covered": 2.5641025641025643, "percent_branches_covered_display": "3"}, "missing_lines": [490, 493, 501, 502, 504, 505, 511, 512, 515, 517, 523, 524, 527, 528, 534, 541, 546, 547, 549, 550, 553, 555, 562, 563, 564, 567, 569, 570, 572, 574, 576, 577, 579, 580, 584, 585, 586, 587, 588, 590, 591, 594, 595, 596, 598, 599, 602, 604, 605, 609, 611, 612, 613, 615, 616, 618, 624, 625, 627, 628, 630, 631, 632, 636, 638, 640, 641, 643, 644, 646, 648, 649, 650, 652, 653, 655, 659, 660, 662, 664, 665, 672, 673, 675, 676, 678, 679, 680, 682, 684, 685, 688, 690, 693, 696, 701, 704, 709, 712, 713, 714, 717, 718, 720, 722, 723, 725, 727, 728, 729, 735, 737, 743, 744, 746, 747, 748, 750, 751, 754, 756, 758, 759, 764, 765, 767, 769, 771, 772, 774, 775, 779, 780, 781, 782, 783, 785, 786, 789, 790, 791, 793, 794, 797, 799, 800, 804, 805, 806, 808, 809, 810, 811, 812, 814, 820, 821, 824, 828, 829, 831, 832, 833, 835, 837, 839, 840, 842, 843, 845, 847, 848, 849, 851, 852, 854, 858, 859, 861, 863, 864, 871, 872, 874, 875, 877, 878, 879, 881, 883, 884, 887, 889, 892, 895, 900, 903, 908, 909, 912, 913, 914, 917, 918, 920, 922, 923, 925, 927, 928, 930, 931, 933, 939, 942, 946], "excluded_lines": [], "start_line": 485, "executed_branches": [[499, 500], [540, 543], [545, 557], [557, 558]], "missing_branches": [[499, 511], [501, 502], [501, 504], [511, 512], [511, 515], [523, 524], [523, 527], [527, 528], [527, 534], [540, 541], [545, 546], [546, 547], [546, 549], [549, 550], [549, 553], [557, 569], [562, 563], [562, 567], [563, 564], [563, 567], [572, 574], [572, 717], [579, 580], [579, 584], [586, 587], [586, 627], [587, 588], [587, 590], [590, 591], [590, 594], [595, 596], [595, 598], [598, 599], [598, 602], [611, 612], [611, 618], [612, 613], [612, 615], [615, 616], [615, 618], [627, 628], [627, 630], [630, 631], [630, 712], [631, 632], [631, 636], [636, 638], [636, 737], [640, 641], [640, 646], [643, 644], [643, 646], [646, 648], [646, 737], [648, 649], [648, 737], [649, 650], [649, 652], [652, 653], [652, 655], [664, 665], [664, 675], [672, 673], [672, 675], [679, 680], [679, 682], [684, 685], [684, 688], [690, 693], [690, 704], [693, 648], [693, 696], [713, 714], [713, 737], [722, 723], [722, 725], [727, 728], [727, 737], [743, 744], [743, 746], [746, 747], [746, 758], [747, 748], [747, 750], [750, 751], [750, 754], [758, 759], [758, 764], [767, 769], [767, 917], [774, 775], [774, 779], [781, 782], [781, 824], [782, 783], [782, 785], [785, 786], [785, 789], [790, 791], [790, 793], [793, 794], [793, 797], [805, 806], [805, 808], [808, 809], [808, 814], [809, 810], [809, 811], [811, 812], [811, 814], [828, 829], [828, 831], [831, 832], [831, 946], [832, 833], [832, 835], [835, 837], [835, 912], [839, 840], [839, 845], [842, 843], [842, 845], [845, 847], [845, 946], [847, 848], [847, 946], [848, 849], [848, 851], [851, 852], [851, 854], [863, 864], [863, 874], [871, 872], [871, 874], [878, 879], [878, 881], [883, 884], [883, 887], [889, 892], [889, 903], [892, 847], [892, 895], [908, 847], [908, 909], [913, 914], [913, 946], [922, 923], [922, 925], [927, 928], [927, 942], [930, 931], [930, 933]]}, "SequenceOrSequenceOfDecoder": {"executed_lines": [], "summary": {"covered_lines": 0, "num_statements": 0, "percent_covered": 100.0, "percent_covered_display": "100", "missing_lines": 0, "excluded_lines": 0, "percent_statements_covered": 100.0, "percent_statements_covered_display": "100", "num_branches": 0, "num_partial_branches": 0, "covered_branches": 0, "missing_branches": 0, "percent_branches_covered": 100.0, "percent_branches_covered_display": "100"}, "missing_lines": [], "excluded_lines": [], "start_line": 949, "executed_branches": [], "missing_branches": []}, "SequenceDecoder": {"executed_lines": [], "summary": {"covered_lines": 0, "num_statements": 0, "percent_covered": 100.0, "percent_covered_display": "100", "missing_lines": 0, "excluded_lines": 0, "percent_statements_covered": 100.0, "percent_statements_covered_display": "100", "num_branches": 0, "num_partial_branches": 0, "covered_branches": 0, "missing_branches": 0, "percent_branches_covered": 100.0, "percent_branches_covered_display": "100"}, "missing_lines": [], "excluded_lines": [], "start_line": 954, "executed_branches": [], "missing_branches": []}, "SequenceOfDecoder": {"executed_lines": [], "summary": {"covered_lines": 0, "num_statements": 0, "percent_covered": 100.0, "percent_covered_display": "100", "missing_lines": 0, "excluded_lines": 0, "percent_statements_covered": 100.0, "percent_statements_covered_display": "100", "num_branches": 0, "num_partial_branches": 0, "covered_branches": 0, "missing_branches": 0, "percent_branches_covered": 100.0, "percent_branches_covered_display": "100"}, "missing_lines": [], "excluded_lines": [], "start_line": 958, "executed_branches": [], "missing_branches": []}, "SetOrSetOfDecoder": {"executed_lines": [], "summary": {"covered_lines": 0, "num_statements": 0, "percent_covered": 100.0, "percent_covered_display": "100", "missing_lines": 0, "excluded_lines": 0, "percent_statements_covered": 100.0, "percent_statements_covered_display": "100", "num_branches": 0, "num_partial_branches": 0, "covered_branches": 0, "missing_branches": 0, "percent_branches_covered": 100.0, "percent_branches_covered_display": "100"}, "missing_lines": [], "excluded_lines": [], "start_line": 962, "executed_branches": [], "missing_branches": []}, "SetDecoder": {"executed_lines": [], "summary": {"covered_lines": 0, "num_statements": 0, "percent_covered": 100.0, "percent_covered_display": "100", "missing_lines": 0, "excluded_lines": 0, "percent_statements_covered": 100.0, "percent_statements_covered_display": "100", "num_branches": 0, "num_partial_branches": 0, "covered_branches": 0, "missing_branches": 0, "percent_branches_covered": 100.0, "percent_branches_covered_display": "100"}, "missing_lines": [], "excluded_lines": [], "start_line": 967, "executed_branches": [], "missing_branches": []}, "SetOfDecoder": {"executed_lines": [], "summary": {"covered_lines": 0, "num_statements": 0, "percent_covered": 100.0, "percent_covered_display": "100", "missing_lines": 0, "excluded_lines": 0, "percent_statements_covered": 100.0, "percent_statements_covered_display": "100", "num_branches": 0, "num_partial_branches": 0, "covered_branches": 0, "missing_branches": 0, "percent_branches_covered": 100.0, "percent_branches_covered_display": "100"}, "missing_lines": [], "excluded_lines": [], "start_line": 972, "executed_branches": [], "missing_branches": []}, "ChoiceDecoder": {"executed_lines": [], "summary": {"covered_lines": 0, "num_statements": 38, "percent_covered": 0.0, "percent_covered_display": "0", "missing_lines": 38, "excluded_lines": 0, "percent_statements_covered": 0.0, "percent_statements_covered_display": "0", "num_branches": 26, "num_partial_branches": 0, "covered_branches": 0, "missing_branches": 26, "percent_branches_covered": 0.0, "percent_branches_covered_display": "0"}, "missing_lines": [983, 985, 986, 989, 991, 992, 994, 995, 996, 998, 1003, 1004, 1006, 1011, 1013, 1014, 1016, 1023, 1029, 1030, 1032, 1034, 1035, 1037, 1038, 1039, 1041, 1046, 1050, 1051, 1054, 1055, 1057, 1062, 1064, 1065, 1067, 1074], "excluded_lines": [], "start_line": 976, "executed_branches": [], "missing_branches": [[985, 986], [985, 989], [991, 992], [991, 994], [994, 995], [994, 1003], [995, 996], [995, 998], [1003, 1004], [1003, 1006], [1013, 1014], [1013, 1016], [1029, 1030], [1029, 1032], [1034, 1035], [1034, 1037], [1037, 1038], [1037, 1054], [1038, 1039], [1038, 1041], [1050, 1051], [1050, 1062], [1054, 1055], [1054, 1057], [1064, 1065], [1064, 1067]]}, "AnyDecoder": {"executed_lines": [], "summary": {"covered_lines": 0, "num_statements": 44, "percent_covered": 0.0, "percent_covered_display": "0", "missing_lines": 44, "excluded_lines": 0, "percent_statements_covered": 0.0, "percent_statements_covered_display": "0", "num_branches": 30, "num_partial_branches": 0, "covered_branches": 0, "missing_branches": 30, "percent_branches_covered": 0.0, "percent_branches_covered_display": "0"}, "missing_lines": [1084, 1085, 1087, 1088, 1091, 1093, 1094, 1097, 1098, 1100, 1101, 1103, 1104, 1107, 1109, 1115, 1116, 1118, 1119, 1122, 1124, 1126, 1128, 1129, 1132, 1135, 1137, 1138, 1141, 1143, 1144, 1145, 1147, 1148, 1151, 1153, 1154, 1157, 1158, 1160, 1163, 1167, 1168, 1171], "excluded_lines": [], "start_line": 1077, "executed_branches": [], "missing_branches": [[1084, 1085], [1084, 1087], [1087, 1088], [1087, 1091], [1093, 1094], [1093, 1103], [1100, 1101], [1100, 1103], [1103, 1104], [1103, 1107], [1115, 1116], [1115, 1118], [1118, 1119], [1118, 1122], [1124, 1126], [1124, 1132], [1128, 1129], [1128, 1141], [1137, 1138], [1137, 1141], [1143, 1144], [1143, 1147], [1147, 1148], [1147, 1151], [1153, 1154], [1153, 1163], [1157, 1158], [1157, 1160], [1167, 1168], [1167, 1171]]}, "UTF8StringDecoder": {"executed_lines": [], "summary": {"covered_lines": 0, "num_statements": 0, "percent_covered": 100.0, "percent_covered_display": "100", "missing_lines": 0, "excluded_lines": 0, "percent_statements_covered": 100.0, "percent_statements_covered_display": "100", "num_branches": 0, "num_partial_branches": 0, "covered_branches": 0, "missing_branches": 0, "percent_branches_covered": 100.0, "percent_branches_covered_display": "100"}, "missing_lines": [], "excluded_lines": [], "start_line": 1175, "executed_branches": [], "missing_branches": []}, "NumericStringDecoder": {"executed_lines": [], "summary": {"covered_lines": 0, "num_statements": 0, "percent_covered": 100.0, "percent_covered_display": "100", "missing_lines": 0, "excluded_lines": 0, "percent_statements_covered": 100.0, "percent_statements_covered_display": "100", "num_branches": 0, "num_partial_branches": 0, "covered_branches": 0, "missing_branches": 0, "percent_branches_covered": 100.0, "percent_branches_covered_display": "100"}, "missing_lines": [], "excluded_lines": [], "start_line": 1179, "executed_branches": [], "missing_branches": []}, "PrintableStringDecoder": {"executed_lines": [], "summary": {"covered_lines": 0, "num_statements": 0, "percent_covered": 100.0, "percent_covered_display": "100", "missing_lines": 0, "excluded_lines": 0, "percent_statements_covered": 100.0, "percent_statements_covered_display": "100", "num_branches": 0, "num_partial_branches": 0, "covered_branches": 0, "missing_branches": 0, "percent_branches_covered": 100.0, "percent_branches_covered_display": "100"}, "missing_lines": [], "excluded_lines": [], "start_line": 1183, "executed_branches": [], "missing_branches": []}, "TeletexStringDecoder": {"executed_lines": [], "summary": {"covered_lines": 0, "num_statements": 0, "percent_covered": 100.0, "percent_covered_display": "100", "missing_lines": 0, "excluded_lines": 0, "percent_statements_covered": 100.0, "percent_statements_covered_display": "100", "num_branches": 0, "num_partial_branches": 0, "covered_branches": 0, "missing_branches": 0, "percent_branches_covered": 100.0, "percent_branches_covered_display": "100"}, "missing_lines": [], "excluded_lines": [], "start_line": 1187, "executed_branches": [], "missing_branches": []}, "VideotexStringDecoder": {"executed_lines": [], "summary": {"covered_lines": 0, "num_statements": 0, "percent_covered": 100.0, "percent_covered_display": "100", "missing_lines": 0, "excluded_lines": 0, "percent_statements_covered": 100.0, "percent_statements_covered_display": "100", "num_branches": 0, "num_partial_branches": 0, "covered_branches": 0, "missing_branches": 0, "percent_branches_covered": 100.0, "percent_branches_covered_display": "100"}, "missing_lines": [], "excluded_lines": [], "start_line": 1191, "executed_branches": [], "missing_branches": []}, "IA5StringDecoder": {"executed_lines": [], "summary": {"covered_lines": 0, "num_statements": 0, "percent_covered": 100.0, "percent_covered_display": "100", "missing_lines": 0, "excluded_lines": 0, "percent_statements_covered": 100.0, "percent_statements_covered_display": "100", "num_branches": 0, "num_partial_branches": 0, "covered_branches": 0, "missing_branches": 0, "percent_branches_covered": 100.0, "percent_branches_covered_display": "100"}, "missing_lines": [], "excluded_lines": [], "start_line": 1195, "executed_branches": [], "missing_branches": []}, "GraphicStringDecoder": {"executed_lines": [], "summary": {"covered_lines": 0, "num_statements": 0, "percent_covered": 100.0, "percent_covered_display": "100", "missing_lines": 0, "excluded_lines": 0, "percent_statements_covered": 100.0, "percent_statements_covered_display": "100", "num_branches": 0, "num_partial_branches": 0, "covered_branches": 0, "missing_branches": 0, "percent_branches_covered": 100.0, "percent_branches_covered_display": "100"}, "missing_lines": [], "excluded_lines": [], "start_line": 1199, "executed_branches": [], "missing_branches": []}, "VisibleStringDecoder": {"executed_lines": [], "summary": {"covered_lines": 0, "num_statements": 0, "percent_covered": 100.0, "percent_covered_display": "100", "missing_lines": 0, "excluded_lines": 0, "percent_statements_covered": 100.0, "percent_statements_covered_display": "100", "num_branches": 0, "num_partial_branches": 0, "covered_branches": 0, "missing_branches": 0, "percent_branches_covered": 100.0, "percent_branches_covered_display": "100"}, "missing_lines": [], "excluded_lines": [], "start_line": 1203, "executed_branches": [], "missing_branches": []}, "GeneralStringDecoder": {"executed_lines": [], "summary": {"covered_lines": 0, "num_statements": 0, "percent_covered": 100.0, "percent_covered_display": "100", "missing_lines": 0, "excluded_lines": 0, "percent_statements_covered": 100.0, "percent_statements_covered_display": "100", "num_branches": 0, "num_partial_branches": 0, "covered_branches": 0, "missing_branches": 0, "percent_branches_covered": 100.0, "percent_branches_covered_display": "100"}, "missing_lines": [], "excluded_lines": [], "start_line": 1207, "executed_branches": [], "missing_branches": []}, "UniversalStringDecoder": {"executed_lines": [], "summary": {"covered_lines": 0, "num_statements": 0, "percent_covered": 100.0, "percent_covered_display": "100", "missing_lines": 0, "excluded_lines": 0, "percent_statements_covered": 100.0, "percent_statements_covered_display": "100", "num_branches": 0, "num_partial_branches": 0, "covered_branches": 0, "missing_branches": 0, "percent_branches_covered": 100.0, "percent_branches_covered_display": "100"}, "missing_lines": [], "excluded_lines": [], "start_line": 1211, "executed_branches": [], "missing_branches": []}, "BMPStringDecoder": {"executed_lines": [], "summary": {"covered_lines": 0, "num_statements": 0, "percent_covered": 100.0, "percent_covered_display": "100", "missing_lines": 0, "excluded_lines": 0, "percent_statements_covered": 100.0, "percent_statements_covered_display": "100", "num_branches": 0, "num_partial_branches": 0, "covered_branches": 0, "missing_branches": 0, "percent_branches_covered": 100.0, "percent_branches_covered_display": "100"}, "missing_lines": [], "excluded_lines": [], "start_line": 1215, "executed_branches": [], "missing_branches": []}, "ObjectDescriptorDecoder": {"executed_lines": [], "summary": {"covered_lines": 0, "num_statements": 0, "percent_covered": 100.0, "percent_covered_display": "100", "missing_lines": 0, "excluded_lines": 0, "percent_statements_covered": 100.0, "percent_statements_covered_display": "100", "num_branches": 0, "num_partial_branches": 0, "covered_branches": 0, "missing_branches": 0, "percent_branches_covered": 100.0, "percent_branches_covered_display": "100"}, "missing_lines": [], "excluded_lines": [], "start_line": 1220, "executed_branches": [], "missing_branches": []}, "GeneralizedTimeDecoder": {"executed_lines": [], "summary": {"covered_lines": 0, "num_statements": 0, "percent_covered": 100.0, "percent_covered_display": "100", "missing_lines": 0, "excluded_lines": 0, "percent_statements_covered": 100.0, "percent_statements_covered_display": "100", "num_branches": 0, "num_partial_branches": 0, "covered_branches": 0, "missing_branches": 0, "percent_branches_covered": 100.0, "percent_branches_covered_display": "100"}, "missing_lines": [], "excluded_lines": [], "start_line": 1224, "executed_branches": [], "missing_branches": []}, "UTCTimeDecoder": {"executed_lines": [], "summary": {"covered_lines": 0, "num_statements": 0, "percent_covered": 100.0, "percent_covered_display": "100", "missing_lines": 0, "excluded_lines": 0, "percent_statements_covered": 100.0, "percent_statements_covered_display": "100", "num_branches": 0, "num_partial_branches": 0, "covered_branches": 0, "missing_branches": 0, "percent_branches_covered": 100.0, "percent_branches_covered_display": "100"}, "missing_lines": [], "excluded_lines": [], "start_line": 1228, "executed_branches": [], "missing_branches": []}, "Decoder": {"executed_lines": [1300, 1301, 1303, 1304, 1305, 1312, 1315, 1318, 1324, 1326, 1327, 1328, 1329, 1331, 1333, 1335, 1336, 1342, 1343, 1344, 1346, 1347, 1349, 1350, 1351, 1352, 1353, 1355, 1376, 1380, 1382, 1384, 1385, 1386, 1387, 1389, 1391, 1392, 1399, 1401, 1404, 1406, 1411, 1413, 1414, 1415, 1417, 1418, 1420, 1423, 1428, 1429, 1430, 1431, 1432, 1438, 1440, 1445, 1448, 1450, 1453, 1454, 1455, 1475, 1476, 1477, 1479, 1480, 1482, 1483, 1486, 1487, 1489, 1490, 1492, 1495, 1497, 1501, 1566, 1567, 1570, 1572, 1581, 1588, 1591, 1592, 1594, 1595, 1603, 1604, 1606, 1609, 1617, 1618, 1622, 1626], "summary": {"covered_lines": 96, "num_statements": 184, "percent_covered": 46.89655172413793, "percent_covered_display": "47", "missing_lines": 88, "excluded_lines": 0, "percent_statements_covered": 52.17391304347826, "percent_statements_covered_display": "52", "num_branches": 106, "num_partial_branches": 32, "covered_branches": 40, "missing_branches": 66, "percent_branches_covered": 37.735849056603776, "percent_branches_covered_display": "38"}, "missing_lines": [1313, 1319, 1320, 1321, 1322, 1337, 1356, 1357, 1358, 1360, 1361, 1362, 1363, 1364, 1365, 1366, 1367, 1369, 1371, 1372, 1394, 1397, 1402, 1407, 1424, 1435, 1436, 1441, 1442, 1446, 1451, 1458, 1493, 1498, 1499, 1503, 1504, 1505, 1507, 1508, 1510, 1511, 1513, 1514, 1516, 1517, 1518, 1519, 1520, 1522, 1523, 1524, 1525, 1528, 1530, 1531, 1533, 1535, 1536, 1538, 1540, 1541, 1543, 1545, 1546, 1548, 1549, 1551, 1552, 1553, 1556, 1559, 1560, 1562, 1563, 1564, 1568, 1573, 1589, 1599, 1600, 1607, 1610, 1612, 1613, 1615, 1623, 1624], "excluded_lines": [], "start_line": 1292, "executed_branches": [[1312, 1315], [1318, 1324], [1333, 1335], [1335, 1336], [1336, 1342], [1355, 1376], [1380, 1382], [1384, 1385], [1385, 1386], [1401, 1404], [1404, 1406], [1406, 1411], [1413, 1414], [1413, 1417], [1417, 1418], [1423, 1428], [1429, 1430], [1429, 1432], [1440, 1445], [1445, 1448], [1450, 1453], [1453, 1454], [1454, 1455], [1475, 1476], [1482, 1483], [1482, 1486], [1492, 1495], [1497, 1501], [1501, 1566], [1566, 1567], [1566, 1594], [1567, 1570], [1572, 1581], [1588, 1591], [1594, 1595], [1595, 1603], [1606, 1609], [1609, 1617], [1617, 1618], [1622, 1626]], "missing_branches": [[1312, 1313], [1318, 1319], [1319, 1320], [1319, 1324], [1320, 1321], [1320, 1322], [1333, 1622], [1335, 1404], [1336, 1337], [1355, 1356], [1366, 1361], [1366, 1367], [1380, 1384], [1384, 1397], [1385, 1394], [1401, 1402], [1404, 1453], [1406, 1407], [1417, 1435], [1423, 1424], [1440, 1441], [1441, 1442], [1441, 1448], [1445, 1446], [1450, 1451], [1453, 1475], [1454, 1458], [1475, 1501], [1492, 1493], [1497, 1498], [1501, 1503], [1503, 1504], [1503, 1522], [1510, 1511], [1510, 1530], [1513, 1514], [1513, 1516], [1516, 1517], [1516, 1520], [1518, 1519], [1518, 1520], [1522, 1523], [1522, 1528], [1524, 1525], [1524, 1530], [1530, 1531], [1530, 1559], [1535, 1536], [1535, 1551], [1545, 1546], [1545, 1551], [1551, 1552], [1551, 1556], [1562, 1563], [1562, 1566], [1567, 1568], [1572, 1573], [1588, 1589], [1594, 1609], [1595, 1599], [1606, 1607], [1609, 1610], [1612, 1613], [1612, 1615], [1617, 1333], [1622, 1623]]}, "": {"executed_lines": [7, 8, 9, 10, 11, 12, 13, 14, 15, 16, 17, 19, 21, 23, 26, 27, 29, 35, 42, 43, 44, 47, 58, 59, 61, 81, 101, 104, 105, 107, 125, 126, 128, 133, 134, 135, 137, 192, 229, 230, 231, 233, 265, 296, 297, 299, 317, 318, 320, 374, 375, 377, 481, 482, 485, 486, 487, 489, 492, 495, 536, 739, 949, 950, 951, 954, 955, 958, 959, 962, 963, 964, 967, 968, 972, 973, 976, 977, 979, 1025, 1077, 1078, 1080, 1111, 1175, 1176, 1179, 1180, 1183, 1184, 1187, 1188, 1191, 1192, 1195, 1196, 1199, 1200, 1203, 1204, 1207, 1208, 1211, 1212, 1215, 1216, 1220, 1221, 1224, 1225, 1228, 1229, 1232, 1263, 1273, 1274, 1275, 1276, 1277, 1280, 1292, 1293, 1295, 1296, 1299, 1307, 1679], "summary": {"covered_lines": 127, "num_statements": 127, "percent_covered": 100.0, "percent_covered_display": "100", "missing_lines": 0, "excluded_lines": 0, "percent_statements_covered": 100.0, "percent_statements_covered_display": "100", "num_branches": 6, "num_partial_branches": 0, "covered_branches": 6, "missing_branches": 0, "percent_branches_covered": 100.0, "percent_branches_covered_display": "100"}, "missing_lines": [], "excluded_lines": [], "start_line": 1, "executed_branches": [[1273, 1274], [1273, 1280], [1274, 1273], [1274, 1275], [1276, 1273], [1276, 1277]], "missing_branches": []}}}, "venv/lib/python3.12/site-packages/pyasn1/codec/ber/encoder.py": {"executed_lines": [], "summary": {"covered_lines": 0, "num_statements": 455, "percent_covered": 0.0, "percent_covered_display": "0", "missing_lines": 455, "excluded_lines": 0, "percent_statements_covered": 0.0, "percent_statements_covered_display": "0", "num_branches": 248, "num_partial_branches": 0, "covered_branches": 0, "missing_branches": 248, "percent_branches_covered": 0.0, "percent_branches_covered_display": "0"}, "missing_lines": [7, 9, 10, 11, 12, 13, 15, 16, 17, 18, 20, 22, 25, 26, 29, 30, 33, 34, 35, 36, 37, 39, 40, 43, 45, 47, 48, 49, 51, 53, 54, 55, 57, 58, 61, 62, 63, 64, 66, 68, 69, 71, 73, 74, 76, 78, 79, 81, 84, 85, 88, 90, 92, 94, 96, 99, 100, 101, 105, 106, 107, 110, 111, 115, 116, 118, 119, 121, 122, 124, 126, 127, 131, 133, 134, 137, 138, 140, 141, 144, 146, 147, 149, 150, 152, 155, 156, 157, 160, 161, 163, 164, 167, 168, 169, 171, 172, 173, 174, 179, 180, 182, 184, 187, 188, 189, 191, 193, 194, 195, 197, 199, 200, 201, 202, 204, 205, 207, 210, 211, 214, 216, 218, 219, 220, 221, 222, 223, 225, 228, 230, 232, 233, 235, 236, 239, 241, 243, 244, 246, 247, 251, 252, 255, 256, 259, 261, 263, 264, 267, 268, 271, 273, 275, 276, 278, 279, 280, 281, 283, 284, 286, 289, 290, 292, 293, 296, 297, 299, 300, 301, 303, 306, 307, 308, 310, 311, 313, 314, 315, 316, 317, 318, 319, 321, 323, 324, 327, 329, 332, 333, 335, 337, 339, 340, 342, 343, 344, 347, 350, 352, 355, 356, 357, 359, 360, 361, 362, 363, 365, 366, 368, 370, 371, 372, 374, 375, 376, 378, 379, 380, 381, 382, 383, 385, 387, 388, 389, 390, 391, 393, 394, 397, 398, 399, 400, 401, 403, 404, 409, 410, 411, 412, 414, 415, 418, 420, 421, 422, 424, 425, 427, 428, 430, 432, 433, 435, 436, 437, 439, 441, 442, 443, 445, 446, 449, 450, 451, 452, 454, 455, 456, 457, 458, 461, 462, 463, 464, 466, 468, 469, 470, 472, 473, 475, 476, 477, 478, 481, 482, 483, 485, 486, 488, 489, 491, 492, 493, 495, 496, 498, 499, 501, 502, 505, 506, 508, 510, 511, 512, 514, 516, 519, 522, 523, 527, 529, 531, 534, 535, 538, 540, 541, 542, 544, 546, 547, 548, 550, 551, 552, 553, 555, 556, 557, 558, 560, 561, 564, 566, 568, 571, 576, 578, 579, 582, 584, 585, 588, 592, 594, 595, 597, 598, 601, 602, 603, 604, 606, 607, 608, 609, 611, 612, 614, 617, 619, 622, 627, 629, 630, 633, 635, 636, 639, 641, 644, 645, 647, 648, 649, 650, 653, 655, 657, 659, 660, 662, 665, 667, 668, 670, 672, 674, 675, 678, 681, 682, 683, 684, 686, 688, 689, 691, 693, 694, 696, 699, 700, 701, 702, 703, 704, 706, 709, 742, 777, 778, 779, 782, 783, 784, 786, 787, 788, 789, 791, 793, 794, 797, 798, 801, 802, 804, 805, 808, 809, 811, 812, 814, 815, 816, 818, 821, 823, 824, 826, 827, 829, 830, 832, 834, 835, 837, 890], "excluded_lines": [], "executed_branches": [], "missing_branches": [[36, 37], [36, 39], [39, 40], [39, 43], [47, 48], [47, 51], [54, 55], [54, 57], [57, 58], [57, 61], [62, 63], [62, 66], [68, 69], [68, 71], [78, 79], [78, 81], [84, 85], [84, 90], [94, 96], [94, 149], [99, 100], [99, 124], [110, 111], [110, 115], [115, 116], [115, 118], [118, 119], [118, 124], [121, 122], [121, 124], [126, 127], [126, 131], [133, 134], [133, 137], [137, 138], [137, 144], [140, 94], [140, 141], [146, 94], [146, 147], [149, 150], [149, 152], [172, 173], [172, 184], [173, 174], [173, 179], [179, 180], [179, 182], [189, 191], [189, 193], [194, 195], [194, 197], [200, 201], [200, 204], [204, 205], [204, 207], [210, 211], [210, 214], [220, 221], [220, 225], [232, 233], [232, 235], [235, 236], [235, 239], [243, 244], [243, 246], [246, 247], [246, 251], [251, 252], [251, 263], [255, 256], [255, 259], [263, 264], [263, 275], [267, 268], [267, 271], [280, 281], [280, 283], [300, 301], [300, 303], [313, 314], [313, 323], [314, 315], [314, 316], [316, 317], [316, 318], [318, 319], [318, 321], [323, 324], [323, 327], [332, 333], [332, 352], [333, 335], [333, 337], [337, 339], [337, 350], [342, 343], [342, 347], [362, 363], [362, 365], [365, 366], [365, 368], [370, 371], [370, 374], [374, 375], [374, 378], [379, 380], [379, 383], [390, 391], [390, 393], [393, 394], [393, 397], [403, 404], [403, 414], [409, 403], [409, 410], [414, 415], [414, 418], [421, 422], [421, 424], [424, 425], [424, 427], [427, 428], [427, 430], [432, 433], [432, 435], [435, 436], [435, 441], [436, 437], [436, 439], [441, 442], [441, 519], [445, 446], [445, 449], [449, 450], [449, 454], [450, 451], [450, 466], [454, 455], [454, 461], [455, 456], [455, 458], [461, 462], [461, 464], [468, 469], [468, 472], [472, 473], [472, 475], [477, 478], [477, 481], [481, 482], [481, 485], [485, 486], [485, 488], [488, 489], [488, 491], [492, 493], [492, 495], [495, 496], [495, 498], [498, 499], [498, 501], [501, 502], [501, 505], [510, 511], [510, 514], [534, 535], [534, 538], [538, 540], [538, 592], [541, 542], [541, 544], [546, 547], [546, 641], [547, 548], [547, 564], [550, 551], [550, 555], [551, 552], [551, 553], [555, 556], [555, 560], [556, 557], [556, 558], [560, 561], [560, 564], [564, 566], [564, 588], [568, 571], [568, 576], [578, 579], [578, 582], [584, 546], [584, 585], [592, 594], [592, 641], [601, 602], [601, 606], [602, 603], [602, 604], [606, 607], [606, 611], [607, 608], [607, 609], [611, 612], [611, 614], [617, 619], [617, 639], [619, 622], [619, 627], [629, 630], [629, 633], [635, 592], [635, 636], [647, 648], [647, 653], [649, 650], [649, 655], [659, 660], [659, 672], [662, 665], [662, 670], [667, 668], [667, 670], [683, 684], [683, 686], [688, 689], [688, 691], [701, 702], [701, 703], [703, 704], [703, 706], [788, 789], [788, 791], [797, 798], [797, 801], [801, 802], [801, 804], [804, 805], [804, 808], [811, 812], [811, 832], [815, 816], [815, 818], [829, 830], [829, 832], [834, 835], [834, 837]], "functions": {"AbstractItemEncoder.encodeTag": {"executed_lines": [], "summary": {"covered_lines": 0, "num_statements": 12, "percent_covered": 0.0, "percent_covered_display": "0", "missing_lines": 12, "excluded_lines": 0, "percent_statements_covered": 0.0, "percent_statements_covered_display": "0", "num_branches": 6, "num_partial_branches": 0, "covered_branches": 0, "missing_branches": 6, "percent_branches_covered": 0.0, "percent_branches_covered_display": "0"}, "missing_lines": [34, 35, 36, 37, 39, 40, 43, 45, 47, 48, 49, 51], "excluded_lines": [], "start_line": 33, "executed_branches": [], "missing_branches": [[36, 37], [36, 39], [39, 40], [39, 43], [47, 48], [47, 51]]}, "AbstractItemEncoder.encodeLength": {"executed_lines": [], "summary": {"covered_lines": 0, "num_statements": 12, "percent_covered": 0.0, "percent_covered_display": "0", "missing_lines": 12, "excluded_lines": 0, "percent_statements_covered": 0.0, "percent_statements_covered_display": "0", "num_branches": 8, "num_partial_branches": 0, "covered_branches": 0, "missing_branches": 8, "percent_branches_covered": 0.0, "percent_branches_covered_display": "0"}, "missing_lines": [54, 55, 57, 58, 61, 62, 63, 64, 66, 68, 69, 71], "excluded_lines": [], "start_line": 53, "executed_branches": [], "missing_branches": [[54, 55], [54, 57], [57, 58], [57, 61], [62, 63], [62, 66], [68, 69], [68, 71]]}, "AbstractItemEncoder.encodeValue": {"executed_lines": [], "summary": {"covered_lines": 0, "num_statements": 1, "percent_covered": 0.0, "percent_covered_display": "0", "missing_lines": 1, "excluded_lines": 0, "percent_statements_covered": 0.0, "percent_statements_covered_display": "0", "num_branches": 0, "num_partial_branches": 0, "covered_branches": 0, "missing_branches": 0, "percent_branches_covered": 100.0, "percent_branches_covered_display": "100"}, "missing_lines": [74], "excluded_lines": [], "start_line": 73, "executed_branches": [], "missing_branches": []}, "AbstractItemEncoder.encode": {"executed_lines": [], "summary": {"covered_lines": 0, "num_statements": 40, "percent_covered": 0.0, "percent_covered_display": "0", "missing_lines": 40, "excluded_lines": 0, "percent_statements_covered": 0.0, "percent_statements_covered_display": "0", "num_branches": 28, "num_partial_branches": 0, "covered_branches": 0, "missing_branches": 28, "percent_branches_covered": 0.0, "percent_branches_covered_display": "0"}, "missing_lines": [78, 79, 81, 84, 
[...]
, 2741, 2743, 2744, 2747, 2752, 2755, 2756, 2759, 2760], "excluded_lines": [], "start_line": 2127, "executed_branches": [[2220, 2223]], "missing_branches": [[2220, 2221], [2227, 2228], [2227, 2236], [2244, 2245], [2244, 2253], [2261, 2262], [2261, 2264], [2275, -2274], [2275, 2276], [2282, -2281], [2282, 2283], [2283, 2284], [2283, 2286], [2289, 2290], [2289, 2291], [2291, -2288], [2291, 2292], [2319, 2320], [2319, 2322], [2322, -2318], [2322, 2323], [2323, 2322], [2323, 2324], [2324, 2325], [2324, 2329], [2359, 2360], [2359, 2362], [2403, 2404], [2403, 2406], [2485, 2486], [2485, 2489], [2494, 2495], [2494, 2500], [2495, 2496], [2495, 2498], [2500, 2501], [2500, 2503], [2505, 2506], [2505, 2508], [2549, 2550], [2549, 2553], [2560, 2561], [2560, 2566], [2561, 2562], [2561, 2564], [2566, 2567], [2566, 2575], [2567, 2568], [2567, 2572], [2569, 2570], [2569, 2603], [2572, 2573], [2572, 2603], [2575, 2576], [2575, 2590], [2576, 2577], [2576, 2584], [2578, 2579], [2578, 2582], [2584, 2585], [2584, 2588], [2590, 2592], [2590, 2603], [2593, 2594], [2593, 2603], [2598, 2600], [2598, 2603], [2600, 2601], [2600, 2603], [2603, 2604], [2603, 2606], [2606, 2607], [2606, 2611], [2651, 2652], [2651, 2654], [2656, 2657], [2656, 2669], [2657, 2658], [2657, 2673], [2658, 2659], [2658, 2661], [2661, 2662], [2661, 2664], [2665, 2657], [2665, 2666], [2669, 2670], [2669, 2673], [2670, 2669], [2670, 2671], [2686, 2687], [2686, 2689], [2689, 2690], [2689, 2692], [2694, 2696], [2694, 2703], [2696, 2697], [2696, 2699], [2723, 2724], [2723, 2733], [2724, 2723], [2724, 2725], [2726, 2727], [2726, 2729], [2738, 2739], [2738, 2747], [2740, 2741], [2740, 2743], [2755, -2754], [2755, 2756], [2759, -2758], [2759, 2760]]}, "SequenceAndSetBase.DynamicNames": {"executed_lines": [2179, 2180], "summary": {"covered_lines": 2, "num_statements": 19, "percent_covered": 10.526315789473685, "percent_covered_display": "11", "missing_lines": 17, "excluded_lines": 0, "percent_statements_covered": 10.526315789473685, "percent_statements_covered_display": "11", "num_branches": 0, "num_partial_branches": 0, "covered_branches": 0, "missing_branches": 0, "percent_branches_covered": 100.0, "percent_branches_covered_display": "100"}, "missing_lines": [2183, 2186, 2189, 2192, 2193, 2195, 2196, 2199, 2200, 2202, 2203, 2206, 2207, 2209, 2210, 2213, 2214], "excluded_lines": [], "start_line": 2176, "executed_branches": [], "missing_branches": []}, "Sequence": {"executed_lines": [], "summary": {"covered_lines": 0, "num_statements": 5, "percent_covered": 0.0, "percent_covered_display": "0", "missing_lines": 5, "excluded_lines": 0, "percent_statements_covered": 0.0, "percent_statements_covered_display": "0", "num_branches": 4, "num_partial_branches": 0, "covered_branches": 0, "missing_branches": 4, "percent_branches_covered": 0.0, "percent_branches_covered_display": "0"}, "missing_lines": [2787, 2788, 2791, 2792, 2794], "excluded_lines": [], "start_line": 2762, "executed_branches": [], "missing_branches": [[2787, -2786], [2787, 2788], [2791, 2792], [2791, 2794]]}, "Set": {"executed_lines": [], "summary": {"covered_lines": 0, "num_statements": 15, "percent_covered": 0.0, "percent_covered_display": "0", "missing_lines": 15, "excluded_lines": 0, "percent_statements_covered": 0.0, "percent_statements_covered_display": "0", "num_branches": 8, "num_partial_branches": 0, "covered_branches": 0, "missing_branches": 8, "percent_branches_covered": 0.0, "percent_branches_covered_display": "0"}, "missing_lines": [2820, 2849, 2853, 2855, 2858, 2896, 2898, 2899, 2901, 2902, 2906, 2907, 2911, 2917, 2918], "excluded_lines": [], "start_line": 2797, "executed_branches": [], "missing_branches": [[2853, 2855], [2853, 2858], [2898, 2899], [2898, 2911], [2901, 2902], [2901, 2906], [2917, -2915], [2917, 2918]]}, "Choice": {"executed_lines": [], "summary": {"covered_lines": 0, "num_statements": 81, "percent_covered": 0.0, "percent_covered_display": "0", "missing_lines": 81, "excluded_lines": 0, "percent_statements_covered": 0.0, "percent_statements_covered_display": "0", "num_branches": 48, "num_partial_branches": 0, "covered_branches": 0, "missing_branches": 48, "percent_branches_covered": 0.0, "percent_branches_covered_display": "0"}, "missing_lines": [2988, 2989, 2990, 2993, 2994, 2995, 2998, 2999, 3000, 3003, 3004, 3005, 3008, 3009, 3010, 3013, 3014, 3015, 3019, 3025, 3028, 3029, 3030, 3033, 3034, 3035, 3040, 3041, 3044, 3045, 3048, 3049, 3052, 3053, 3056, 3057, 3058, 3059, 3061, 3062, 3064, 3065, 3066, 3070, 3073, 3075, 3076, 3079, 3118, 3119, 3120, 3121, 3122, 3123, 3128, 3129, 3131, 3132, 3139, 3140, 3142, 3152, 3153, 3155, 3156, 3157, 3159, 3169, 3170, 3172, 3173, 3174, 3175, 3176, 3206, 3207, 3209, 3211, 3214, 3215, 3220], "excluded_lines": [], "start_line": 2921, "executed_branches": [], "missing_branches": [[2988, 2989], [2988, 2990], [2993, 2994], [2993, 2995], [2998, 2999], [2998, 3000], [3003, 3004], [3003, 3005], [3008, 3009], [3008, 3010], [3013, 3014], [3013, 3015], [3028, 3029], [3028, 3030], [3033, 3034], [3033, 3035], [3040, -3039], [3040, 3041], [3044, -3043], [3044, 3045], [3048, -3047], [3048, 3049], [3052, -3051], [3052, 3053], [3061, 3062], [3061, 3064], [3065, 3066], [3065, 3070], [3075, 3076], [3075, 3079], [3121, 3122], [3121, 3123], [3128, 3129], [3128, 3131], [3139, 3140], [3139, 3142], [3152, 3153], [3152, 3155], [3156, 3157], [3156, 3159], [3169, 3170], [3169, 3172], [3172, 3173], [3172, 3176], [3174, 3175], [3174, 3176], [3206, 3207], [3206, 3209]]}, "Any": {"executed_lines": [], "summary": {"covered_lines": 0, "num_statements": 5, "percent_covered": 0.0, "percent_covered_display": "0", "missing_lines": 5, "excluded_lines": 0, "percent_statements_covered": 0.0, "percent_statements_covered_display": "0", "num_branches": 0, "num_partial_branches": 0, "covered_branches": 0, "missing_branches": 0, "percent_branches_covered": 100.0, "percent_branches_covered_display": "100"}, "missing_lines": [3308, 3309, 3311, 3312, 3318], "excluded_lines": [], "start_line": 3223, "executed_branches": [], "missing_branches": []}, "": {"executed_lines": [7, 8, 10, 11, 12, 13, 14, 15, 16, 17, 18, 19, 20, 22, 23, 25, 34, 87, 94, 98, 101, 103, 109, 112, 115, 118, 121, 124, 127, 130, 133, 136, 139, 142, 145, 148, 151, 154, 157, 160, 163, 166, 169, 182, 185, 188, 191, 194, 196, 199, 203, 206, 209, 212, 215, 218, 221, 228, 231, 234, 235, 238, 241, 244, 247, 250, 253, 256, 269, 278, 282, 329, 336, 340, 343, 345, 348, 351, 352, 354, 359, 366, 433, 440, 444, 447, 449, 451, 478, 481, 485, 489, 493, 497, 501, 507, 510, 519, 525, 530, 534, 538, 546, 549, 552, 555, 558, 561, 565, 573, 581, 586, 592, 593, 617, 618, 642, 643, 663, 722, 724, 735, 797, 804, 807, 809, 810, 812, 839, 888, 889, 892, 893, 894, 914, 926, 929, 932, 953, 956, 973, 974, 1004, 1005, 1028, 1031, 1037, 1040, 1043, 1046, 1049, 1052, 1055, 1058, 1061, 1065, 1102, 1105, 1108, 1110, 1116, 1119, 1121, 1124, 1169, 1176, 1179, 1181, 1184, 1187, 1192, 1195, 1201, 1204, 1207, 1210, 1230, 1258, 1262, 1305, 1307, 1308, 1309, 1310, 1320, 1327, 1330, 1332, 1333, 1340, 1380, 1387, 1388, 1400, 1401, 1412, 1413, 1416, 1419, 1422, 1425, 1428, 1431, 1434, 1437, 1440, 1443, 1446, 1453, 1456, 1459, 1462, 1465, 1468, 1472, 1480, 1483, 1486, 1489, 1496, 1499, 1502, 1503, 1506, 1509, 1512, 1515, 1518, 1521, 1524, 1528, 1531, 1533, 1541, 1544, 1547, 1551, 1603, 1610, 1613, 1617, 1622, 1657, 1672, 1679, 1686, 1695, 1698, 1705, 1720, 1723, 1728, 1734, 1738, 1748, 1841, 1952, 1953, 1957, 1958, 1962, 1971, 1980, 1997, 2006, 2007, 2045, 2046, 2081, 2082, 2087, 2093, 2098, 2101, 2104, 2105, 2110, 2116, 2121, 2124, 2127, 2173, 2176, 2178, 2182, 2185, 2188, 2191, 2198, 2205, 2212, 2217, 2226, 2243, 2260, 2266, 2269, 2274, 2278, 2281, 2288, 2294, 2304, 2314, 2315, 2318, 2331, 2370, 2416, 2510, 2617, 2618, 2675, 2676, 2713, 2735, 2751, 2754, 2758, 2762, 2763, 2768, 2775, 2779, 2782, 2786, 2790, 2797, 2798, 2803, 2809, 2814, 2817, 2819, 2822, 2860, 2915, 2916, 2921, 2969, 2973, 2978, 2983, 2985, 2987, 2992, 2997, 3002, 3007, 3012, 3017, 3021, 3024, 3027, 3032, 3039, 3043, 3047, 3051, 3055, 3072, 3081, 3125, 3126, 3134, 3135, 3144, 3161, 3178, 3179, 3213, 3219, 3223, 3293, 3298, 3301, 3303, 3304], "summary": {"covered_lines": 378, "num_statements": 432, "percent_covered": 83.40425531914893, "percent_covered_display": "83", "missing_lines": 54, "excluded_lines": 0, "percent_statements_covered": 87.5, "percent_statements_covered_display": "88", "num_branches": 38, "num_partial_branches": 14, "covered_branches": 14, "missing_branches": 24, "percent_branches_covered": 36.8421052631579, "percent_branches_covered_display": "37"}, "missing_lines": [170, 176, 183, 186, 189, 192, 200, 346, 562, 726, 728, 729, 730, 731, 732, 840, 867, 870, 881, 884, 890, 896, 897, 898, 902, 903, 905, 906, 908, 909, 912, 915, 916, 918, 919, 920, 927, 930, 933, 1117, 1312, 1314, 1315, 1447, 1450, 1454, 1457, 1460, 1463, 1469, 1525, 1529, 3018, 3022], "excluded_lines": [], "start_line": 1, "executed_branches": [[169, 182], [199, 203], [234, 235], [345, 348], [561, 565], [839, 888], [889, 892], [892, 893], [1116, 1119], [1446, 1453], [1468, 1472], [1502, 1503], [1524, 1528], [3017, 3021]], "missing_branches": [[169, 170], [199, 200], [234, 238], [345, 346], [561, 562], [729, 730], [729, 732], [730, 729], [730, 731], [839, 840], [889, 890], [892, 902], [902, 903], [902, 905], [905, 906], [905, 908], [908, 909], [908, 912], [1116, 1117], [1446, 1447], [1468, 1469], [1502, 1506], [1524, 1525], [3017, 3018]]}}}, "venv/lib/python3.12/site-packages/pyasn1/type/useful.py": {"executed_lines": [7, 9, 10, 11, 12, 13, 14, 16, 18, 19, 22, 23, 26, 31, 34, 36, 37, 38, 39, 41, 46, 47, 48, 50, 53, 56, 59, 61, 62, 128, 129, 160, 161, 164, 169, 171, 172, 173, 174, 177, 178, 181, 186, 188, 189, 190, 191], "summary": {"covered_lines": 47, "num_statements": 99, "percent_covered": 37.6, "percent_covered_display": "38", "missing_lines": 52, "excluded_lines": 0, "percent_statements_covered": 47.474747474747474, "percent_statements_covered_display": "47", "num_branches": 26, "num_partial_branches": 0, "covered_branches": 0, "missing_branches": 26, "percent_branches_covered": 0.0, "percent_branches_covered_display": "0"}, "missing_lines": [51, 54, 57, 70, 71, 72, 73, 75, 76, 77, 79, 81, 82, 84, 85, 87, 88, 89, 90, 92, 93, 95, 98, 100, 101, 102, 104, 106, 107, 109, 110, 113, 115, 116, 117, 118, 120, 121, 123, 124, 126, 143, 144, 145, 147, 148, 149, 150, 152, 153, 155, 157], "excluded_lines": [], "executed_branches": [], "missing_branches": [[71, 72], [71, 75], [75, 76], [75, 98], [76, 77], [76, 79], [81, 82], [81, 84], [84, 85], [84, 87], [89, 90], [89, 95], [100, 101], [100, 113], [101, 102], [101, 104], [115, 116], [115, 117], [117, 118], [117, 120], [144, 145], [144, 147], [147, 148], [147, 155], [149, 150], [149, 152]], "functions": {"TimeMixIn.FixedOffset.__init__": {"executed_lines": [47, 48], "summary": {"covered_lines": 2, "num_statements": 2, "percent_covered": 100.0, "percent_covered_display": "100", "missing_lines": 0, "excluded_lines": 0, "percent_statements_covered": 100.0, "percent_statements_covered_display": "100", "num_branches": 0, "num_partial_branches": 0, "covered_branches": 0, "missing_branches": 0, "percent_branches_covered": 100.0, "percent_branches_covered_display": "100"}, "missing_lines": [], "excluded_lines": [], "start_line": 46, "executed_branches": [], "missing_branches": []}, "TimeMixIn.FixedOffset.utcoffset": {"executed_lines": [], "summary": {"covered_lines": 0, "num_statements": 1, "percent_covered": 0.0, "percent_covered_display": "0", "missing_lines": 1, "excluded_lines": 0, "percent_statements_covered": 0.0, "percent_statements_covered_display": "0", "num_branches": 0, "num_partial_branches": 0, "covered_branches": 0, "missing_branches": 0, "percent_branches_covered": 100.0, "percent_branches_covered_display": "100"}, "missing_lines": [51], "excluded_lines": [], "start_line": 50, "executed_branches": [], "missing_branches": []}, "TimeMixIn.FixedOffset.tzname": {"executed_lines": [], "summary": {"covered_lines": 0, "num_statements": 1, "percent_covered": 0.0, "percent_covered_display": "0", "missing_lines": 1, "excluded_lines": 0, "percent_statements_covered": 0.0, "percent_statements_covered_display": "0", "num_branches": 0, "num_partial_branches": 0, "covered_branches": 0, "missing_branches": 0, "percent_branches_covered": 100.0, "percent_branches_covered_display": "100"}, "missing_lines": [54], "excluded_lines": [], "start_line": 53, "executed_branches": [], "missing_branches": []}, "TimeMixIn.FixedOffset.dst": {"executed_lines": [], "summary": {"covered_lines": 0, "num_statements": 1, "percent_covered": 0.0, "percent_covered_display": "0", "missing_lines": 1, "excluded_lines": 0, "percent_statements_covered": 0.0, "percent_statements_covered_display": "0", "num_branches": 0, "num_partial_branches": 0, "covered_branches": 0, "missing_branches": 0, "percent_branches_covered": 100.0, "percent_branches_covered_display": "100"}, "missing_lines": [57], "excluded_lines": [], "start_line": 56, "executed_branches": [], "missing_branches": []}, "TimeMixIn.asDateTime": {"executed_lines": [], "summary": {"covered_lines": 0, "num_statements": 38, "percent_covered": 0.0, "percent_covered_display": "0", "missing_lines": 38, "excluded_lines": 0, "percent_statements_covered": 0.0, "percent_statements_covered_display": "0", "num_branches": 20, "num_partial_branches": 0, "covered_branches": 0, "missing_branches": 20, "percent_branches_covered": 0.0, "percent_branches_covered_display": "0"}, "missing_lines": [70, 71, 72, 73, 75, 76, 77, 79, 81, 82, 84, 85, 87, 88, 89, 90, 92, 93, 95, 98, 100, 101, 102, 104, 106, 107, 109, 110, 113, 115, 116, 117, 118, 120, 121, 123, 124, 126], "excluded_lines": [], "start_line": 62, "executed_branches": [], "missing_branches": [[71, 72], [71, 75], [75, 76], [75, 98], [76, 77], [76, 79], [81, 82], [81, 84], [84, 85], [84, 87], [89, 90], [89, 95], [100, 101], [100, 113], [101, 102], [101, 104], [115, 116], [115, 117], [117, 118], [117, 120]]}, "TimeMixIn.fromDateTime": {"executed_lines": [], "summary": {"covered_lines": 0, "num_statements": 11, "percent_covered": 0.0, "percent_covered_display": "0", "missing_lines": 11, "excluded_lines": 0, "percent_statements_covered": 0.0, "percent_statements_covered_display": "0", "num_branches": 6, "num_partial_branches": 0, "covered_branches": 0, "missing_branches": 6, "percent_branches_covered": 0.0, "percent_branches_covered_display": "0"}, "missing_lines": [143, 144, 145, 147, 148, 149, 150, 152, 153, 155, 157], "excluded_lines": [], "start_line": 129, "executed_branches": [], "missing_branches": [[144, 145], [144, 147], [147, 148], [147, 155], [149, 150], [149, 152]]}, "": {"executed_lines": [7, 9, 10, 11, 12, 13, 14, 16, 18, 19, 22, 23, 26, 31, 34, 36, 37, 38, 39, 41, 46, 50, 53, 56, 59, 61, 62, 128, 129, 160, 161, 164, 169, 171, 172, 173, 174, 177, 178, 181, 186, 188, 189, 190, 191], "summary": {"covered_lines": 45, "num_statements": 45, "percent_covered": 100.0, "percent_covered_display": "100", "missing_lines": 0, "excluded_lines": 0, "percent_statements_covered": 100.0, "percent_statements_covered_display": "100", "num_branches": 0, "num_partial_branches": 0, "covered_branches": 0, "missing_branches": 0, "percent_branches_covered": 100.0, "percent_branches_covered_display": "100"}, "missing_lines": [], "excluded_lines": [], "start_line": 1, "executed_branches": [], "missing_branches": []}}, "classes": {"ObjectDescriptor": {"executed_lines": [], "summary": {"covered_lines": 0, "num_statements": 0, "percent_covered": 100.0, "percent_covered_display": "100", "missing_lines": 0, "excluded_lines": 0, "percent_statements_covered": 100.0, "percent_statements_covered_display": "100", "num_branches": 0, "num_partial_branches": 0, "covered_branches": 0, "missing_branches": 0, "percent_branches_covered": 100.0, "percent_branches_covered_display": "100"}, "missing_lines": [], "excluded_lines": [], "start_line": 22, "executed_branches": [], "missing_branches": []}, "TimeMixIn": {"executed_lines": [], "summary": {"covered_lines": 0, "num_statements": 49, "percent_covered": 0.0, "percent_covered_display": "0", "missing_lines": 49, "excluded_lines": 0, "percent_statements_covered": 0.0, "percent_statements_covered_display": "0", "num_branches": 26, "num_partial_branches": 0, "covered_branches": 0, "missing_branches": 26, "percent_branches_covered": 0.0, "percent_branches_covered_display": "0"}, "missing_lines": [70, 71, 72, 73, 75, 76, 77, 79, 81, 82, 84, 85, 87, 88, 89, 90, 92, 93, 95, 98, 100, 101, 102, 104, 106, 107, 109, 110, 113, 115, 116, 117, 118, 120, 121, 123, 124, 126, 143, 144, 145, 147, 148, 149, 150, 152, 153, 155, 157], "excluded_lines": [], "start_line": 34, "executed_branches": [], "missing_branches": [[71, 72], [71, 75], [75, 76], [75, 98], [76, 77], [76, 79], [81, 82], [81, 84], [84, 85], [84, 87], [89, 90], [89, 95], [100, 101], [100, 113], [101, 102], [101, 104], [115, 116], [115, 117], [117, 118], [117, 120], [144, 145], [144, 147], [147, 148], [147, 155], [149, 150], [149, 152]]}, "TimeMixIn.FixedOffset": {"executed_lines": [47, 48], "summary": {"covered_lines": 2, "num_statements": 5, "percent_covered": 40.0, "percent_covered_display": "40", "missing_lines": 3, "excluded_lines": 0, "percent_statements_covered": 40.0, "percent_statements_covered_display": "40", "num_branches": 0, "num_partial_branches": 0, "covered_branches": 0, "missing_branches": 0, "percent_branches_covered": 100.0, "percent_branches_covered_display": "100"}, "missing_lines": [51, 54, 57], "excluded_lines": [], "start_line": 41, "executed_branches": [], "missing_branches": []}, "GeneralizedTime": {"executed_lines": [], "summary": {"covered_lines": 0, "num_statements": 0, "percent_covered": 100.0, "percent_covered_display": "100", "missing_lines": 0, "excluded_lines": 0, "percent_statements_covered": 100.0, "percent_statements_covered_display": "100", "num_branches": 0, "num_partial_branches": 0, "covered_branches": 0, "missing_branches": 0, "percent_branches_covered": 100.0, "percent_branches_covered_display": "100"}, "missing_lines": [], "excluded_lines": [], "start_line": 160, "executed_branches": [], "missing_branches": []}, "UTCTime": {"executed_lines": [], "summary": {"covered_lines": 0, "num_statements": 0, "percent_covered": 100.0, "percent_covered_display": "100", "missing_lines": 0, "excluded_lines": 0, "percent_statements_covered": 100.0, "percent_statements_covered_display": "100", "num_branches": 0, "num_partial_branches": 0, "covered_branches": 0, "missing_branches": 0, "percent_branches_covered": 100.0, "percent_branches_covered_display": "100"}, "missing_lines": [], "excluded_lines": [], "start_line": 177, "executed_branches": [], "missing_branches": []}, "": {"executed_lines": [7, 9, 10, 11, 12, 13, 14, 16, 18, 19, 22, 23, 26, 31, 34, 36, 37, 38, 39, 41, 46, 50, 53, 56, 59, 61, 62, 128, 129, 160, 161, 164, 169, 171, 172, 173, 174, 177, 178, 181, 186, 188, 189, 190, 191], "summary": {"covered_lines": 45, "num_statements": 45, "percent_covered": 100.0, "percent_covered_display": "100", "missing_lines": 0, "excluded_lines": 0, "percent_statements_covered": 100.0, "percent_statements_covered_display": "100", "num_branches": 0, "num_partial_branches": 0, "covered_branches": 0, "missing_branches": 0, "percent_branches_covered": 100.0, "percent_branches_covered_display": "100"}, "missing_lines": [], "excluded_lines": [], "start_line": 1, "executed_branches": [], "missing_branches": []}}}}, "totals": {"covered_lines": 1423, "num_statements": 4340, "percent_covered": 26.677852348993287, "percent_covered_display": "27", "missing_lines": 2917, "excluded_lines": 0, "percent_statements_covered": 32.78801843317972, "percent_statements_covered_display": "33", "num_branches": 1620, "num_partial_branches": 129, "covered_branches": 167, "missing_branches": 1453, "percent_branches_covered": 10.308641975308642, "percent_branches_covered_display": "10"}}