<?xml version="1.0" encoding="utf-8"?><testsuites name="pytest tests"><testsuite name="pytest" errors="0" failures="4" skipped="0" tests="16" time="55.556" timestamp="2026-09-13T02:38:46.482076+00:00" hostname="b28884411dcb"><testcase classname="tests.test_pyasn1_cve_cve_2026_30922" name="test_ghsa_jr27_m4p2_rc6r_fix_pinning" time="0.044"><failure message="RecursionError: maximum recursion depth exceeded">def test_ghsa_jr27_m4p2_rc6r_fix_pinning():
        """Deeply nested SEQUENCE payload must be rejected with PyAsn1Error on the fixed version (0.6.4) instead of recursing unboundedly (RecursionError) on 0.4.8."""
        payload = _build_nested_sequence(5000)
        with pytest.raises(PyAsn1Error):
&gt;           decoder.decode(payload)

tests/test_pyasn1_cve_cve_2026_30922.py:29: 
_ _ _ _ _ _ _ _ _ _ _ _ _ _ _ _ _ _ _ _ _ _ _ _ _ _ _ _ _ _ _ _ _ _ _ _ _ _ _ _ 
venv/lib/python3.12/site-packages/pyasn1/codec/ber/decoder.py:1581: in __call__
    value, substrate = concreteDecoder.valueDecoder(
venv/lib/python3.12/site-packages/pyasn1/codec/ber/decoder.py:558: in valueDecoder
    asn1Object, trailing = self._decodeComponents(
venv/lib/python3.12/site-packages/pyasn1/codec/ber/decoder.py:500: in _decodeComponents
    component, substrate = decodeFun(substrate, **options)
                           ^^^^^^^^^^^^^^^^^^^^^^^^^^^^^^^
venv/lib/python3.12/site-packages/pyasn1/codec/ber/decoder.py:1581: in __call__
    value, substrate = concreteDecoder.valueDecoder(
venv/lib/python3.12/site-packages/pyasn1/codec/ber/decoder.py:558: in valueDecoder
    asn1Object, trailing = self._decodeComponents(
venv/lib/python3.12/site-packages/pyasn1/codec/ber/decoder.py:500: in _decodeComponents
    component, substrate = decodeFun(substrate, **options)
                           ^^^^^^^^^^^^^^^^^^^^^^^^^^^^^^^
venv/lib/python3.12/site-packages/pyasn1/codec/ber/decoder.py:1581: in __call__
    value, substrate = concreteDecoder.valueDecoder(
venv/lib/python3.12/site-packages/pyasn1/codec/ber/decoder.py:558: in valueDecoder
    asn1Object, trailing = self._decodeComponents(
venv/lib/python3.12/site-packages/pyasn1/codec/ber/decoder.py:500: in _decodeComponents
    component, substrate = decodeFun(substrate, **options)
                           ^^^^^^^^^^^^^^^^^^^^^^^^^^^^^^^
venv/lib/python3.12/site-packages/pyasn1/codec/ber/decoder.py:1581: in __call__
    value, substrate = concreteDecoder.valueDecoder(
venv/lib/python3.12/site-packages/pyasn1/codec/ber/decoder.py:558: in valueDecoder
    asn1Object, trailing = self._decodeComponents(
venv/lib/python3.12/site-packages/pyasn1/codec/ber/decoder.py:500: in _decodeComponents
    component, substrate = decodeFun(substrate, **options)
                           ^^^^^^^^^^^^^^^^^^^^^^^^^^^^^^^
venv/lib/python3.12/site-packages/pyasn1/codec/ber/decoder.py:1581: in __call__
    value, substrate = concreteDecoder.valueDecoder(
venv/lib/python3.12/site-packages/pyasn1/codec/ber/decoder.py:558: in valueDecoder
    asn1Object, trailing = self._decodeComponents(
venv/lib/python3.12/site-packages/pyasn1/codec/ber/decoder.py:500: in _decodeComponents
    component, substrate = decodeFun(substrate, **options)
                           ^^^^^^^^^^^^^^^^^^^^^^^^^^^^^^^
venv/lib/python3.12/site-packages/pyasn1/codec/ber/decoder.py:1581: in __call__
    value, substrate = concreteDecoder.valueDecoder(
venv/lib/python3.12/site-packages/pyasn1/codec/ber/decoder.py:558: in valueDecoder
    asn1Object, trailing = self._decodeComponents(
venv/lib/python3.12/site-packages/pyasn1/codec/ber/decoder.py:500: in _decodeComponents
    component, substrate = decodeFun(substrate, **options)
                           ^^^^^^^^^^^^^^^^^^^^^^^^^^^^^^^
venv/lib/python3.12/site-packages/pyasn1/codec/ber/decoder.py:1581: in __call__
    value, substrate = concreteDecoder.valueDecoder(
venv/lib/python3.12/site-packages/pyasn1/codec/ber/decoder.py:558: in valueDecoder
    asn1Object, trailing = self._decodeComponents(
venv/lib/python3.12/site-packages/pyasn1/codec/ber/decoder.py:500: in _decodeComponents
    component, substrate = decodeFun(substrate, **options)
                           ^^^^^^^^^^^^^^^^^^^^^^^^^^^^^^^
venv/lib/python3.12/site-packages/pyasn1/codec/ber/decoder.py:1581: in __call__
    value, substrate = concreteDecoder.valueDecoder(
venv/lib/python3.12/site-packages/pyasn1/codec/ber/decoder.py:558: in valueDecoder
    asn1Object, trailing = self._decodeComponents(
venv/lib/python3.12/site-packages/pyasn1/codec/ber/decoder.py:500: in _decodeComponents
    component, substrate = decodeFun(substrate, **options)
                           ^^^^^^^^^^^^^^^^^^^^^^^^^^^^^^^
venv/lib/python3.12/site-packages/pyasn1/codec/ber/decoder.py:1581: in __call__
    value, substrate = concreteDecoder.valueDecoder(
venv/lib/python3.12/site-packages/pyasn1/codec/ber/decoder.py:558: in valueDecoder
    asn1Object, trailing = self._decodeComponents(
venv/lib/python3.12/site-packages/pyasn1/codec/ber/decoder.py:500: in _decodeComponents
    component, substrate = decodeFun(substrate, **options)
                           ^^^^^^^^^^^^^^^^^^^^^^^^^^^^^^^
venv/lib/python3.12/site-packages/pyasn1/codec/ber/decoder.py:1581: in __call__
    value, substrate = concreteDecoder.valueDecoder(
venv/lib/python3.12/site-packages/pyasn1/codec/ber/decoder.py:558: in valueDecoder
    asn1Object, trailing = self._decodeComponents(
venv/lib/python3.12/site-packages/pyasn1/codec/ber/decoder.py:500: in _decodeComponents
    component, substrate = decodeFun(substrate, **options)
                           ^^^^^^^^^^^^^^^^^^^^^^^^^^^^^^^
venv/lib/python3.12/site-packages/pyasn1/codec/ber/decoder.py:1581: in __call__
    value, substrate = concreteDecoder.valueDecoder(
venv/lib/python3.12/site-packages/pyasn1/codec/ber/decoder.py:558: in valueDecoder
    asn1Object, trailing = self._decodeComponents(
venv/lib/python3.12/site-packages/pyasn1/codec/ber/decoder.py:500: in _decodeComponents
    component, substrate = decodeFun(substrate, **options)
                           ^^^^^^^^^^^^^^^^^^^^^^^^^^^^^^^
venv/lib/python3.12/site-packages/pyasn1/codec/ber/decoder.py:1581: in __call__
    value, substrate = concreteDecoder.valueDecoder(
venv/lib/python3.12/site-packages/pyasn1/codec/ber/decoder.py:558: in valueDecoder
    asn1Object, trailing = self._decodeComponents(
venv/lib/python3.12/site-packages/pyasn1/codec/ber/decoder.py:500: in _decodeComponents
    component, substrate = decodeFun(substrate, **options)
                           ^^^^^^^^^^^^^^^^^^^^^^^^^^^^^^^
venv/lib/python3.12/site-packages/pyasn1/codec/ber/decoder.py:1581: in __call__
    value, substrate = concreteDecoder.valueDecoder(
venv/lib/python3.12/site-packages/pyasn1/codec/ber/decoder.py:558: in valueDecoder
    asn1Object, trailing = self._decodeComponents(
venv/lib/python3.12/site-packages/pyasn1/codec/ber/decoder.py:500: in _decodeComponents
    component, substrate = decodeFun(substrate, **options)
                           ^^^^^^^^^^^^^^^^^^^^^^^^^^^^^^^
venv/lib/python3.12/site-packages/pyasn1/codec/ber/decoder.py:1581: in __call__
    value, substrate = concreteDecoder.valueDecoder(
venv/lib/python3.12/site-packages/pyasn1/codec/ber/decoder.py:558: in valueDecoder
    asn1Object, trailing = self._decodeComponents(
venv/lib/python3.12/site-packages/pyasn1/codec/ber/decoder.py:500: in _decodeComponents
    component, substrate = decodeFun(substrate, **options)
                           ^^^^^^^^^^^^^^^^^^^^^^^^^^^^^^^
venv/lib/python3.12/site-packages/pyasn1/codec/ber/decoder.py:1581: in __call__
    value, substrate = concreteDecoder.valueDecoder(
venv/lib/python3.12/site-packages/pyasn1/codec/ber/decoder.py:558: in valueDecoder
    asn1Object, trailing = self._decodeComponents(
venv/lib/python3.12/site-packages/pyasn1/codec/ber/decoder.py:500: in _decodeComponents
    component, substrate = decodeFun(substrate, **options)
                           ^^^^^^^^^^^^^^^^^^^^^^^^^^^^^^^
venv/lib/python3.12/site-packages/pyasn1/codec/ber/decoder.py:1581: in __call__
    value, substrate = concreteDecoder.valueDecoder(
venv/lib/python3.12/site-packages/pyasn1/codec/ber/decoder.py:558: in valueDecoder
    asn1Object, trailing = self._decodeComponents(
venv/lib/python3.12/site-packages/pyasn1/codec/ber/decoder.py:500: in _decodeComponents
    component, substrate = decodeFun(substrate, **options)
                           ^^^^^^^^^^^^^^^^^^^^^^^^^^^^^^^
venv/lib/python3.12/site-packages/pyasn1/codec/ber/decoder.py:1581: in __call__
    value, substrate = concreteDecoder.valueDecoder(
venv/lib/python3.12/site-packages/pyasn1/codec/ber/decoder.py:558: in valueDecoder
    asn1Object, trailing = self._decodeComponents(
venv/lib/python3.12/site-packages/pyasn1/codec/ber/decoder.py:500: in _decodeComponents
    component, substrate = decodeFun(substrate, **options)
                           ^^^^^^^^^^^^^^^^^^^^^^^^^^^^^^^
venv/lib/python3.12/site-packages/pyasn1/codec/ber/decoder.py:1581: in __call__
    value, substrate = concreteDecoder.valueDecoder(
venv/lib/python3.12/site-packages/pyasn1/codec/ber/decoder.py:558: in valueDecoder
    asn1Object, trailing = self._decodeComponents(
venv/lib/python3.12/site-packages/pyasn1/codec/ber/decoder.py:500: in _decodeComponents
    component, substrate = decodeFun(substrate, **options)
                           ^^^^^^^^^^^^^^^^^^^^^^^^^^^^^^^
venv/lib/python3.12/site-packages/pyasn1/codec/ber/decoder.py:1581: in __call__
    value, substrate = concreteDecoder.valueDecoder(
venv/lib/python3.12/site-packages/pyasn1/codec/ber/decoder.py:558: in valueDecoder
    asn1Object, trailing = self._decodeComponents(
venv/lib/python3.12/site-packages/pyasn1/codec/ber/decoder.py:500: in _decodeComponents
    component, substrate = decodeFun(substrate, **options)
                           ^^^^^^^^^^^^^^^^^^^^^^^^^^^^^^^
venv/lib/python3.12/site-packages/pyasn1/codec/ber/decoder.py:1581: in __call__
    value, substrate = concreteDecoder.valueDecoder(
venv/lib/python3.12/site-packages/pyasn1/codec/ber/decoder.py:558: in valueDecoder
    asn1Object, trailing = self._decodeComponents(
venv/lib/python3.12/site-packages/pyasn1/codec/ber/decoder.py:500: in _decodeComponents
    component, substrate = decodeFun(substrate, **options)
                           ^^^^^^^^^^^^^^^^^^^^^^^^^^^^^^^
venv/lib/python3.12/site-packages/pyasn1/codec/ber/decoder.py:1581: in __call__
    value, substrate = concreteDecoder.valueDecoder(
venv/lib/python3.12/site-packages/pyasn1/codec/ber/decoder.py:558: in valueDecoder
    asn1Object, trailing = self._decodeComponents(
venv/lib/python3.12/site-packages/pyasn1/codec/ber/decoder.py:500: in _decodeComponents
    component, substrate = decodeFun(substrate, **options)
                           ^^^^^^^^^^^^^^^^^^^^^^^^^^^^^^^
venv/lib/python3.12/site-packages/pyasn1/codec/ber/decoder.py:1581: in __call__
    value, substrate = concreteDecoder.valueDecoder(
venv/lib/python3.12/site-packages/pyasn1/codec/ber/decoder.py:558: in valueDecoder
    asn1Object, trailing = self._decodeComponents(
venv/lib/python3.12/site-packages/pyasn1/codec/ber/decoder.py:500: in _decodeComponents
    component, substrate = decodeFun(substrate, **options)
                           ^^^^^^^^^^^^^^^^^^^^^^^^^^^^^^^
venv/lib/python3.12/site-packages/pyasn1/codec/ber/decoder.py:1581: in __call__
    value, substrate = concreteDecoder.valueDecoder(
venv/lib/python3.12/site-packages/pyasn1/codec/ber/decoder.py:558: in valueDecoder
    asn1Object, trailing = self._decodeComponents(
venv/lib/python3.12/site-packages/pyasn1/codec/ber/decoder.py:500: in _decodeComponents
    component, substrate = decodeFun(substrate, **options)
                           ^^^^^^^^^^^^^^^^^^^^^^^^^^^^^^^
venv/lib/python3.12/site-packages/pyasn1/codec/ber/decoder.py:1581: in __call__
    value, substrate = concreteDecoder.valueDecoder(
venv/lib/python3.12/site-packages/pyasn1/codec/ber/decoder.py:558: in valueDecoder
    asn1Object, trailing = self._decodeComponents(
venv/lib/python3.12/site-packages/pyasn1/codec/ber/decoder.py:500: in _decodeComponents
    component, substrate = decodeFun(substrate, **options)
                           ^^^^^^^^^^^^^^^^^^^^^^^^^^^^^^^
venv/lib/python3.12/site-packages/pyasn1/codec/ber/decoder.py:1581: in __call__
    value, substrate = concreteDecoder.valueDecoder(
venv/lib/python3.12/site-packages/pyasn1/codec/ber/decoder.py:558: in valueDecoder
    asn1Object, trailing = self._decodeComponents(
venv/lib/python3.12/site-packages/pyasn1/codec/ber/decoder.py:500: in _decodeComponents
    component, substrate = decodeFun(substrate, **options)
                           ^^^^^^^^^^^^^^^^^^^^^^^^^^^^^^^
venv/lib/python3.12/site-packages/pyasn1/codec/ber/decoder.py:1581: in __call__
    value, substrate = concreteDecoder.valueDecoder(
venv/lib/python3.12/site-packages/pyasn1/codec/ber/decoder.py:558: in valueDecoder
    asn1Object, trailing = self._decodeComponents(
venv/lib/python3.12/site-packages/pyasn1/codec/ber/decoder.py:500: in _decodeComponents
    component, substrate = decodeFun(substrate, **options)
                           ^^^^^^^^^^^^^^^^^^^^^^^^^^^^^^^
venv/lib/python3.12/site-packages/pyasn1/codec/ber/decoder.py:1581: in __call__
    value, substrate = concreteDecoder.valueDecoder(
venv/lib/python3.12/site-packages/pyasn1/codec/ber/decoder.py:558: in valueDecoder
    asn1Object, trailing = self._decodeComponents(
venv/lib/python3.12/site-packages/pyasn1/codec/ber/decoder.py:500: in _decodeComponents
    component, substrate = decodeFun(substrate, **options)
                           ^^^^^^^^^^^^^^^^^^^^^^^^^^^^^^^
venv/lib/python3.12/site-packages/pyasn1/codec/ber/decoder.py:1581: in __call__
    value, substrate = concreteDecoder.valueDecoder(
venv/lib/python3.12/site-packages/pyasn1/codec/ber/decoder.py:558: in valueDecoder
    asn1Object, trailing = self._decodeComponents(
venv/lib/python3.12/site-packages/pyasn1/codec/ber/decoder.py:500: in _decodeComponents
    component, substrate = decodeFun(substrate, **options)
                           ^^^^^^^^^^^^^^^^^^^^^^^^^^^^^^^
venv/lib/python3.12/site-packages/pyasn1/codec/ber/decoder.py:1581: in __call__
    value, substrate = concreteDecoder.valueDecoder(
venv/lib/python3.12/site-packages/pyasn1/codec/ber/decoder.py:558: in valueDecoder
    asn1Object, trailing = self._decodeComponents(
venv/lib/python3.12/site-packages/pyasn1/codec/ber/decoder.py:500: in _decodeComponents
    component, substrate = decodeFun(substrate, **options)
                           ^^^^^^^^^^^^^^^^^^^^^^^^^^^^^^^
venv/lib/python3.12/site-packages/pyasn1/codec/ber/decoder.py:1581: in __call__
    value, substrate = concreteDecoder.valueDecoder(
venv/lib/python3.12/site-packages/pyasn1/codec/ber/decoder.py:558: in valueDecoder
    asn1Object, trailing = self._decodeComponents(
venv/lib/python3.12/site-packages/pyasn1/codec/ber/decoder.py:500: in _decodeComponents
    component, substrate = decodeFun(substrate, **options)
                           ^^^^^^^^^^^^^^^^^^^^^^^^^^^^^^^
venv/lib/python3.12/site-packages/pyasn1/codec/ber/decoder.py:1581: in __call__
    value, substrate = concreteDecoder.valueDecoder(
venv/lib/python3.12/site-packages/pyasn1/codec/ber/decoder.py:558: in valueDecoder
    asn1Object, trailing = self._decodeComponents(
venv/lib/python3.12/site-packages/pyasn1/codec/ber/decoder.py:500: in _decodeComponents
    component, substrate = decodeFun(substrate, **options)
                           ^^^^^^^^^^^^^^^^^^^^^^^^^^^^^^^
venv/lib/python3.12/site-packages/pyasn1/codec/ber/decoder.py:1581: in __call__
    value, substrate = concreteDecoder.valueDecoder(
venv/lib/python3.12/site-packages/pyasn1/codec/ber/decoder.py:558: in valueDecoder
    asn1Object, trailing = self._decodeComponents(
venv/lib/python3.12/site-packages/pyasn1/codec/ber/decoder.py:500: in _decodeComponents
    component, substrate = decodeFun(substrate, **options)
                           ^^^^^^^^^^^^^^^^^^^^^^^^^^^^^^^
venv/lib/python3.12/site-packages/pyasn1/codec/ber/decoder.py:1581: in __call__
    value, substrate = concreteDecoder.valueDecoder(
venv/lib/python3.12/site-packages/pyasn1/codec/ber/decoder.py:558: in valueDecoder
    asn1Object, trailing = self._decodeComponents(
venv/lib/python3.12/site-packages/pyasn1/codec/ber/decoder.py:500: in _decodeComponents
    component, substrate = decodeFun(substrate, **options)
                           ^^^^^^^^^^^^^^^^^^^^^^^^^^^^^^^
venv/lib/python3.12/site-packages/pyasn1/codec/ber/decoder.py:1581: in __call__
    value, substrate = concreteDecoder.valueDecoder(
venv/lib/python3.12/site-packages/pyasn1/codec/ber/decoder.py:558: in valueDecoder
    asn1Object, trailing = self._decodeComponents(
venv/lib/python3.12/site-packages/pyasn1/codec/ber/decoder.py:500: in _decodeComponents
    component, substrate = decodeFun(substrate, **options)
                           ^^^^^^^^^^^^^^^^^^^^^^^^^^^^^^^
venv/lib/python3.12/site-packages/pyasn1/codec/ber/decoder.py:1581: in __call__
    value, substrate = concreteDecoder.valueDecoder(
venv/lib/python3.12/site-packages/pyasn1/codec/ber/decoder.py:558: in valueDecoder
    asn1Object, trailing = self._decodeComponents(
venv/lib/python3.12/site-packages/pyasn1/codec/ber/decoder.py:500: in _decodeComponents
    component, substrate = decodeFun(substrate, **options)
                           ^^^^^^^^^^^^^^^^^^^^^^^^^^^^^^^
venv/lib/python3.12/site-packages/pyasn1/codec/ber/decoder.py:1581: in __call__
    value, substrate = concreteDecoder.valueDecoder(
venv/lib/python3.12/site-packages/pyasn1/codec/ber/decoder.py:558: in valueDecoder
    asn1Object, trailing = self._decodeComponents(
venv/lib/python3.12/site-packages/pyasn1/codec/ber/decoder.py:500: in _decodeComponents
    component, substrate = decodeFun(substrate, **options)
                           ^^^^^^^^^^^^^^^^^^^^^^^^^^^^^^^
venv/lib/python3.12/site-packages/pyasn1/codec/ber/decoder.py:1581: in __call__
    value, substrate = concreteDecoder.valueDecoder(
venv/lib/python3.12/site-packages/pyasn1/codec/ber/decoder.py:558: in valueDecoder
    asn1Object, trailing = self._decodeComponents(
venv/lib/python3.12/site-packages/pyasn1/codec/ber/decoder.py:500: in _decodeComponents
    component, substrate = decodeFun(substrate, **options)
                           ^^^^^^^^^^^^^^^^^^^^^^^^^^^^^^^
venv/lib/python3.12/site-packages/pyasn1/codec/ber/decoder.py:1581: in __call__
    value, substrate = concreteDecoder.valueDecoder(
venv/lib/python3.12/site-packages/pyasn1/codec/ber/decoder.py:558: in valueDecoder
    asn1Object, trailing = self._decodeComponents(
venv/lib/python3.12/site-packages/pyasn1/codec/ber/decoder.py:500: in _decodeComponents
    component, substrate = decodeFun(substrate, **options)
                           ^^^^^^^^^^^^^^^^^^^^^^^^^^^^^^^
venv/lib/python3.12/site-packages/pyasn1/codec/ber/decoder.py:1581: in __call__
    value, substrate = concreteDecoder.valueDecoder(
venv/lib/python3.12/site-packages/pyasn1/codec/ber/decoder.py:558: in valueDecoder
    asn1Object, trailing = self._decodeComponents(
venv/lib/python3.12/site-packages/pyasn1/codec/ber/decoder.py:500: in _decodeComponents
    component, substrate = decodeFun(substrate, **options)
                           ^^^^^^^^^^^^^^^^^^^^^^^^^^^^^^^
venv/lib/python3.12/site-packages/pyasn1/codec/ber/decoder.py:1581: in __call__
    value, substrate = concreteDecoder.valueDecoder(
venv/lib/python3.12/site-packages/pyasn1/codec/ber/decoder.py:558: in valueDecoder
    asn1Object, trailing = self._decodeComponents(
venv/lib/python3.12/site-packages/pyasn1/codec/ber/decoder.py:500: in _decodeComponents
    component, substrate = decodeFun(substrate, **options)
                           ^^^^^^^^^^^^^^^^^^^^^^^^^^^^^^^
venv/lib/python3.12/site-packages/pyasn1/codec/ber/decoder.py:1581: in __call__
    value, substrate = concreteDecoder.valueDecoder(
venv/lib/python3.12/site-packages/pyasn1/codec/ber/decoder.py:558: in valueDecoder
    asn1Object, trailing = self._decodeComponents(
venv/lib/python3.12/site-packages/pyasn1/codec/ber/decoder.py:500: in _decodeComponents
    component, substrate = decodeFun(substrate, **options)
                           ^^^^^^^^^^^^^^^^^^^^^^^^^^^^^^^
venv/lib/python3.12/site-packages/pyasn1/codec/ber/decoder.py:1581: in __call__
    value, substrate = concreteDecoder.valueDecoder(
venv/lib/python3.12/site-packages/pyasn1/codec/ber/decoder.py:558: in valueDecoder
    asn1Object, trailing = self._decodeComponents(
venv/lib/python3.12/site-packages/pyasn1/codec/ber/decoder.py:500: in _decodeComponents
    component, substrate = decodeFun(substrate, **options)
                           ^^^^^^^^^^^^^^^^^^^^^^^^^^^^^^^
venv/lib/python3.12/site-packages/pyasn1/codec/ber/decoder.py:1581: in __call__
    value, substrate = concreteDecoder.valueDecoder(
venv/lib/python3.12/site-packages/pyasn1/codec/ber/decoder.py:558: in valueDecoder
    asn1Object, trailing = self._decodeComponents(
venv/lib/python3.12/site-packages/pyasn1/codec/ber/decoder.py:500: in _decodeComponents
    component, substrate = decodeFun(substrate, **options)
                           ^^^^^^^^^^^^^^^^^^^^^^^^^^^^^^^
venv/lib/python3.12/site-packages/pyasn1/codec/ber/decoder.py:1581: in __call__
    value, substrate = concreteDecoder.valueDecoder(
venv/lib/python3.12/site-packages/pyasn1/codec/ber/decoder.py:558: in valueDecoder
    asn1Object, trailing = self._decodeComponents(
venv/lib/python3.12/site-packages/pyasn1/codec/ber/decoder.py:500: in _decodeComponents
    component, substrate = decodeFun(substrate, **options)
                           ^^^^^^^^^^^^^^^^^^^^^^^^^^^^^^^
venv/lib/python3.12/site-packages/pyasn1/codec/ber/decoder.py:1581: in __call__
    value, substrate = concreteDecoder.valueDecoder(
venv/lib/python3.12/site-packages/pyasn1/codec/ber/decoder.py:558: in valueDecoder
    asn1Object, trailing = self._decodeComponents(
venv/lib/python3.12/site-packages/pyasn1/codec/ber/decoder.py:500: in _decodeComponents
    component, substrate = decodeFun(substrate, **options)
                           ^^^^^^^^^^^^^^^^^^^^^^^^^^^^^^^
venv/lib/python3.12/site-packages/pyasn1/codec/ber/decoder.py:1581: in __call__
    value, substrate = concreteDecoder.valueDecoder(
venv/lib/python3.12/site-packages/pyasn1/codec/ber/decoder.py:558: in valueDecoder
    asn1Object, trailing = self._decodeComponents(
venv/lib/python3.12/site-packages/pyasn1/codec/ber/decoder.py:500: in _decodeComponents
    component, substrate = decodeFun(substrate, **options)
                           ^^^^^^^^^^^^^^^^^^^^^^^^^^^^^^^
venv/lib/python3.12/site-packages/pyasn1/codec/ber/decoder.py:1581: in __call__
    value, substrate = concreteDecoder.valueDecoder(
venv/lib/python3.12/site-packages/pyasn1/codec/ber/decoder.py:558: in valueDecoder
    asn1Object, trailing = self._decodeComponents(
venv/lib/python3.12/site-packages/pyasn1/codec/ber/decoder.py:500: in _decodeComponents
    component, substrate = decodeFun(substrate, **options)
                           ^^^^^^^^^^^^^^^^^^^^^^^^^^^^^^^
venv/lib/python3.12/site-packages/pyasn1/codec/ber/decoder.py:1581: in __call__
    value, substrate = concreteDecoder.valueDecoder(
venv/lib/python3.12/site-packages/pyasn1/codec/ber/decoder.py:558: in valueDecoder
    asn1Object, trailing = self._decodeComponents(
venv/lib/python3.12/site-packages/pyasn1/codec/ber/decoder.py:500: in _decodeComponents
    component, substrate = decodeFun(substrate, **options)
                           ^^^^^^^^^^^^^^^^^^^^^^^^^^^^^^^
venv/lib/python3.12/site-packages/pyasn1/codec/ber/decoder.py:1581: in __call__
    value, substrate = concreteDecoder.valueDecoder(
venv/lib/python3.12/site-packages/pyasn1/codec/ber/decoder.py:558: in valueDecoder
    asn1Object, trailing = self._decodeComponents(
venv/lib/python3.12/site-packages/pyasn1/codec/ber/decoder.py:500: in _decodeComponents
    component, substrate = decodeFun(substrate, **options)
                           ^^^^^^^^^^^^^^^^^^^^^^^^^^^^^^^
venv/lib/python3.12/site-packages/pyasn1/codec/ber/decoder.py:1581: in __call__
    value, substrate = concreteDecoder.valueDecoder(
venv/lib/python3.12/site-packages/pyasn1/codec/ber/decoder.py:558: in valueDecoder
    asn1Object, trailing = self._decodeComponents(
venv/lib/python3.12/site-packages/pyasn1/codec/ber/decoder.py:500: in _decodeComponents
    component, substrate = decodeFun(substrate, **options)
                           ^^^^^^^^^^^^^^^^^^^^^^^^^^^^^^^
venv/lib/python3.12/site-packages/pyasn1/codec/ber/decoder.py:1581: in __call__
    value, substrate = concreteDecoder.valueDecoder(
venv/lib/python3.12/site-packages/pyasn1/codec/ber/decoder.py:558: in valueDecoder
    asn1Object, trailing = self._decodeComponents(
venv/lib/python3.12/site-packages/pyasn1/codec/ber/decoder.py:500: in _decodeComponents
    component, substrate = decodeFun(substrate, **options)
                           ^^^^^^^^^^^^^^^^^^^^^^^^^^^^^^^
venv/lib/python3.12/site-packages/pyasn1/codec/ber/decoder.py:1581: in __call__
    value, substrate = concreteDecoder.valueDecoder(
venv/lib/python3.12/site-packages/pyasn1/codec/ber/decoder.py:558: in valueDecoder
    asn1Object, trailing = self._decodeComponents(
venv/lib/python3.12/site-packages/pyasn1/codec/ber/decoder.py:500: in _decodeComponents
    component, substrate = decodeFun(substrate, **options)
                           ^^^^^^^^^^^^^^^^^^^^^^^^^^^^^^^
venv/lib/python3.12/site-packages/pyasn1/codec/ber/decoder.py:1581: in __call__
    value, substrate = concreteDecoder.valueDecoder(
venv/lib/python3.12/site-packages/pyasn1/codec/ber/decoder.py:558: in valueDecoder
    asn1Object, trailing = self._decodeComponents(
venv/lib/python3.12/site-packages/pyasn1/codec/ber/decoder.py:500: in _decodeComponents
    component, substrate = decodeFun(substrate, **options)
                           ^^^^^^^^^^^^^^^^^^^^^^^^^^^^^^^
venv/lib/python3.12/site-packages/pyasn1/codec/ber/decoder.py:1581: in __call__
    value, substrate = concreteDecoder.valueDecoder(
venv/lib/python3.12/site-packages/pyasn1/codec/ber/decoder.py:558: in valueDecoder
    asn1Object, trailing = self._decodeComponents(
venv/lib/python3.12/site-packages/pyasn1/codec/ber/decoder.py:500: in _decodeComponents
    component, substrate = decodeFun(substrate, **options)
                           ^^^^^^^^^^^^^^^^^^^^^^^^^^^^^^^
venv/lib/python3.12/site-packages/pyasn1/codec/ber/decoder.py:1581: in __call__
    value, substrate = concreteDecoder.valueDecoder(
venv/lib/python3.12/site-packages/pyasn1/codec/ber/decoder.py:558: in valueDecoder
    asn1Object, trailing = self._decodeComponents(
venv/lib/python3.12/site-packages/pyasn1/codec/ber/decoder.py:500: in _decodeComponents
    component, substrate = decodeFun(substrate, **options)
                           ^^^^^^^^^^^^^^^^^^^^^^^^^^^^^^^
venv/lib/python3.12/site-packages/pyasn1/codec/ber/decoder.py:1581: in __call__
    value, substrate = concreteDecoder.valueDecoder(
venv/lib/python3.12/site-packages/pyasn1/codec/ber/decoder.py:558: in valueDecoder
    asn1Object, trailing = self._decodeComponents(
venv/lib/python3.12/site-packages/pyasn1/codec/ber/decoder.py:500: in _decodeComponents
    component, substrate = decodeFun(substrate, **options)
                           ^^^^^^^^^^^^^^^^^^^^^^^^^^^^^^^
venv/lib/python3.12/site-packages/pyasn1/codec/ber/decoder.py:1581: in __call__
    value, substrate = concreteDecoder.valueDecoder(
venv/lib/python3.12/site-packages/pyasn1/codec/ber/decoder.py:558: in valueDecoder
    asn1Object, trailing = self._decodeComponents(
venv/lib/python3.12/site-packages/pyasn1/codec/ber/decoder.py:500: in _decodeComponents
    component, substrate = decodeFun(substrate, **options)
                           ^^^^^^^^^^^^^^^^^^^^^^^^^^^^^^^
venv/lib/python3.12/site-packages/pyasn1/codec/ber/decoder.py:1581: in __call__
    value, substrate = concreteDecoder.valueDecoder(
venv/lib/python3.12/site-packages/pyasn1/codec/ber/decoder.py:558: in valueDecoder
    asn1Object, trailing = self._decodeComponents(
venv/lib/python3.12/site-packages/pyasn1/codec/ber/decoder.py:500: in _decodeComponents
    component, substrate = decodeFun(substrate, **options)
                           ^^^^^^^^^^^^^^^^^^^^^^^^^^^^^^^
venv/lib/python3.12/site-packages/pyasn1/codec/ber/decoder.py:1581: in __call__
    value, substrate = concreteDecoder.valueDecoder(
venv/lib/python3.12/site-packages/pyasn1/codec/ber/decoder.py:558: in valueDecoder
    asn1Object, trailing = self._decodeComponents(
venv/lib/python3.12/site-packages/pyasn1/codec/ber/decoder.py:500: in _decodeComponents
    component, substrate = decodeFun(substrate, **options)
                           ^^^^^^^^^^^^^^^^^^^^^^^^^^^^^^^
venv/lib/python3.12/site-packages/pyasn1/codec/ber/decoder.py:1581: in __call__
    value, substrate = concreteDecoder.valueDecoder(
venv/lib/python3.12/site-packages/pyasn1/codec/ber/decoder.py:558: in valueDecoder
    asn1Object, trailing = self._decodeComponents(
venv/lib/python3.12/site-packages/pyasn1/codec/ber/decoder.py:500: in _decodeComponents
    component, substrate = decodeFun(substrate, **options)
                           ^^^^^^^^^^^^^^^^^^^^^^^^^^^^^^^
venv/lib/python3.12/site-packages/pyasn1/codec/ber/decoder.py:1581: in __call__
    value, substrate = concreteDecoder.valueDecoder(
venv/lib/python3.12/site-packages/pyasn1/codec/ber/decoder.py:558: in valueDecoder
    asn1Object, trailing = self._decodeComponents(
venv/lib/python3.12/site-packages/pyasn1/codec/ber/decoder.py:500: in _decodeComponents
    component, substrate = decodeFun(substrate, **options)
                           ^^^^^^^^^^^^^^^^^^^^^^^^^^^^^^^
venv/lib/python3.12/site-packages/pyasn1/codec/ber/decoder.py:1581: in __call__
    value, substrate = concreteDecoder.valueDecoder(
venv/lib/python3.12/site-packages/pyasn1/codec/ber/decoder.py:558: in valueDecoder
    asn1Object, trailing = self._decodeComponents(
venv/lib/python3.12/site-packages/pyasn1/codec/ber/decoder.py:500: in _decodeComponents
    component, substrate = decodeFun(substrate, **options)
                           ^^^^^^^^^^^^^^^^^^^^^^^^^^^^^^^
venv/lib/python3.12/site-packages/pyasn1/codec/ber/decoder.py:1581: in __call__
    value, substrate = concreteDecoder.valueDecoder(
venv/lib/python3.12/site-packages/pyasn1/codec/ber/decoder.py:558: in valueDecoder
    asn1Object, trailing = self._decodeComponents(
venv/lib/python3.12/site-packages/pyasn1/codec/ber/decoder.py:500: in _decodeComponents
    component, substrate = decodeFun(substrate, **options)
                           ^^^^^^^^^^^^^^^^^^^^^^^^^^^^^^^
venv/lib/python3.12/site-packages/pyasn1/codec/ber/decoder.py:1581: in __call__
    value, substrate = concreteDecoder.valueDecoder(
venv/lib/python3.12/site-packages/pyasn1/codec/ber/decoder.py:558: in valueDecoder
    asn1Object, trailing = self._decodeComponents(
venv/lib/python3.12/site-packages/pyasn1/codec/ber/decoder.py:500: in _decodeComponents
    component, substrate = decodeFun(substrate, **options)
                           ^^^^^^^^^^^^^^^^^^^^^^^^^^^^^^^
venv/lib/python3.12/site-packages/pyasn1/codec/ber/decoder.py:1581: in __call__
    value, substrate = concreteDecoder.valueDecoder(
venv/lib/python3.12/site-packages/pyasn1/codec/ber/decoder.py:558: in valueDecoder
    asn1Object, trailing = self._decodeComponents(
venv/lib/python3.12/site-packages/pyasn1/codec/ber/decoder.py:500: in _decodeComponents
    component, substrate = decodeFun(substrate, **options)
                           ^^^^^^^^^^^^^^^^^^^^^^^^^^^^^^^
venv/lib/python3.12/site-packages/pyasn1/codec/ber/decoder.py:1581: in __call__
    value, substrate = concreteDecoder.valueDecoder(
venv/lib/python3.12/site-packages/pyasn1/codec/ber/decoder.py:558: in valueDecoder
    asn1Object, trailing = self._decodeComponents(
venv/lib/python3.12/site-packages/pyasn1/codec/ber/decoder.py:500: in _decodeComponents
    component, substrate = decodeFun(substrate, **options)
                           ^^^^^^^^^^^^^^^^^^^^^^^^^^^^^^^
venv/lib/python3.12/site-packages/pyasn1/codec/ber/decoder.py:1581: in __call__
    value, substrate = concreteDecoder.valueDecoder(
venv/lib/python3.12/site-packages/pyasn1/codec/ber/decoder.py:558: in valueDecoder
    asn1Object, trailing = self._decodeComponents(
venv/lib/python3.12/site-packages/pyasn1/codec/ber/decoder.py:500: in _decodeComponents
    component, substrate = decodeFun(substrate, **options)
                           ^^^^^^^^^^^^^^^^^^^^^^^^^^^^^^^
venv/lib/python3.12/site-packages/pyasn1/codec/ber/decoder.py:1581: in __call__
    value, substrate = concreteDecoder.valueDecoder(
venv/lib/python3.12/site-packages/pyasn1/codec/ber/decoder.py:558: in valueDecoder
    asn1Object, trailing = self._decodeComponents(
venv/lib/python3.12/site-packages/pyasn1/codec/ber/decoder.py:500: in _decodeComponents
    component, substrate = decodeFun(substrate, **options)
                           ^^^^^^^^^^^^^^^^^^^^^^^^^^^^^^^
venv/lib/python3.12/site-packages/pyasn1/codec/ber/decoder.py:1581: in __call__
    value, substrate = concreteDecoder.valueDecoder(
venv/lib/python3.12/site-packages/pyasn1/codec/ber/decoder.py:558: in valueDecoder
    asn1Object, trailing = self._decodeComponents(
venv/lib/python3.12/site-packages/pyasn1/codec/ber/decoder.py:500: in _decodeComponents
    component, substrate = decodeFun(substrate, **options)
                           ^^^^^^^^^^^^^^^^^^^^^^^^^^^^^^^
venv/lib/python3.12/site-packages/pyasn1/codec/ber/decoder.py:1581: in __call__
    value, substrate = concreteDecoder.valueDecoder(
venv/lib/python3.12/site-packages/pyasn1/codec/ber/decoder.py:558: in valueDecoder
    asn1Object, trailing = self._decodeComponents(
venv/lib/python3.12/site-packages/pyasn1/codec/ber/decoder.py:500: in _decodeComponents
    component, substrate = decodeFun(substrate, **options)
                           ^^^^^^^^^^^^^^^^^^^^^^^^^^^^^^^
venv/lib/python3.12/site-packages/pyasn1/codec/ber/decoder.py:1581: in __call__
    value, substrate = concreteDecoder.valueDecoder(
venv/lib/python3.12/site-packages/pyasn1/codec/ber/decoder.py:558: in valueDecoder
    asn1Object, trailing = self._decodeComponents(
venv/lib/python3.12/site-packages/pyasn1/codec/ber/decoder.py:500: in _decodeComponents
    component, substrate = decodeFun(substrate, **options)
                           ^^^^^^^^^^^^^^^^^^^^^^^^^^^^^^^
venv/lib/python3.12/site-packages/pyasn1/codec/ber/decoder.py:1581: in __call__
    value, substrate = concreteDecoder.valueDecoder(
venv/lib/python3.12/site-packages/pyasn1/codec/ber/decoder.py:558: in valueDecoder
    asn1Object, trailing = self._decodeComponents(
venv/lib/python3.12/site-packages/pyasn1/codec/ber/decoder.py:500: in _decodeComponents
    component, substrate = decodeFun(substrate, **options)
                           ^^^^^^^^^^^^^^^^^^^^^^^^^^^^^^^
venv/lib/python3.12/site-packages/pyasn1/codec/ber/decoder.py:1581: in __call__
    value, substrate = concreteDecoder.valueDecoder(
venv/lib/python3.12/site-packages/pyasn1/codec/ber/decoder.py:558: in valueDecoder
    asn1Object, trailing = self._decodeComponents(
venv/lib/python3.12/site-packages/pyasn1/codec/ber/decoder.py:500: in _decodeComponents
    component, substrate = decodeFun(substrate, **options)
                           ^^^^^^^^^^^^^^^^^^^^^^^^^^^^^^^
venv/lib/python3.12/site-packages/pyasn1/codec/ber/decoder.py:1581: in __call__
    value, substrate = concreteDecoder.valueDecoder(
venv/lib/python3.12/site-packages/pyasn1/codec/ber/decoder.py:558: in valueDecoder
    asn1Object, trailing = self._decodeComponents(
venv/lib/python3.12/site-packages/pyasn1/codec/ber/decoder.py:500: in _decodeComponents
    component, substrate = decodeFun(substrate, **options)
                           ^^^^^^^^^^^^^^^^^^^^^^^^^^^^^^^
venv/lib/python3.12/site-packages/pyasn1/codec/ber/decoder.py:1581: in __call__
    value, substrate = concreteDecoder.valueDecoder(
venv/lib/python3.12/site-packages/pyasn1/codec/ber/decoder.py:558: in valueDecoder
    asn1Object, trailing = self._decodeComponents(
venv/lib/python3.12/site-packages/pyasn1/codec/ber/decoder.py:500: in _decodeComponents
    component, substrate = decodeFun(substrate, **options)
                           ^^^^^^^^^^^^^^^^^^^^^^^^^^^^^^^
venv/lib/python3.12/site-packages/pyasn1/codec/ber/decoder.py:1581: in __call__
    value, substrate = concreteDecoder.valueDecoder(
venv/lib/python3.12/site-packages/pyasn1/codec/ber/decoder.py:558: in valueDecoder
    asn1Object, trailing = self._decodeComponents(
venv/lib/python3.12/site-packages/pyasn1/codec/ber/decoder.py:500: in _decodeComponents
    component, substrate = decodeFun(substrate, **options)
                           ^^^^^^^^^^^^^^^^^^^^^^^^^^^^^^^
venv/lib/python3.12/site-packages/pyasn1/codec/ber/decoder.py:1581: in __call__
    value, substrate = concreteDecoder.valueDecoder(
venv/lib/python3.12/site-packages/pyasn1/codec/ber/decoder.py:558: in valueDecoder
    asn1Object, trailing = self._decodeComponents(
venv/lib/python3.12/site-packages/pyasn1/codec/ber/decoder.py:500: in _decodeComponents
    component, substrate = decodeFun(substrate, **options)
                           ^^^^^^^^^^^^^^^^^^^^^^^^^^^^^^^
venv/lib/python3.12/site-packages/pyasn1/codec/ber/decoder.py:1581: in __call__
    value, substrate = concreteDecoder.valueDecoder(
venv/lib/python3.12/site-packages/pyasn1/codec/ber/decoder.py:558: in valueDecoder
    asn1Object, trailing = self._decodeComponents(
venv/lib/python3.12/site-packages/pyasn1/codec/ber/decoder.py:500: in _decodeComponents
    component, substrate = decodeFun(substrate, **options)
                           ^^^^^^^^^^^^^^^^^^^^^^^^^^^^^^^
venv/lib/python3.12/site-packages/pyasn1/codec/ber/decoder.py:1581: in __call__
    value, substrate = concreteDecoder.valueDecoder(
venv/lib/python3.12/site-packages/pyasn1/codec/ber/decoder.py:558: in valueDecoder
    asn1Object, trailing = self._decodeComponents(
venv/lib/python3.12/site-packages/pyasn1/codec/ber/decoder.py:500: in _decodeComponents
    component, substrate = decodeFun(substrate, **options)
                           ^^^^^^^^^^^^^^^^^^^^^^^^^^^^^^^
venv/lib/python3.12/site-packages/pyasn1/codec/ber/decoder.py:1581: in __call__
    value, substrate = concreteDecoder.valueDecoder(
venv/lib/python3.12/site-packages/pyasn1/codec/ber/decoder.py:558: in valueDecoder
    asn1Object, trailing = self._decodeComponents(
venv/lib/python3.12/site-packages/pyasn1/codec/ber/decoder.py:500: in _decodeComponents
    component, substrate = decodeFun(substrate, **options)
                           ^^^^^^^^^^^^^^^^^^^^^^^^^^^^^^^
venv/lib/python3.12/site-packages/pyasn1/codec/ber/decoder.py:1581: in __call__
    value, substrate = concreteDecoder.valueDecoder(
venv/lib/python3.12/site-packages/pyasn1/codec/ber/decoder.py:558: in valueDecoder
    asn1Object, trailing = self._decodeComponents(
venv/lib/python3.12/site-packages/pyasn1/codec/ber/decoder.py:500: in _decodeComponents
    component, substrate = decodeFun(substrate, **options)
                           ^^^^^^^^^^^^^^^^^^^^^^^^^^^^^^^
venv/lib/python3.12/site-packages/pyasn1/codec/ber/decoder.py:1581: in __call__
    value, substrate = concreteDecoder.valueDecoder(
venv/lib/python3.12/site-packages/pyasn1/codec/ber/decoder.py:558: in valueDecoder
    asn1Object, trailing = self._decodeComponents(
venv/lib/python3.12/site-packages/pyasn1/codec/ber/decoder.py:500: in _decodeComponents
    component, substrate = decodeFun(substrate, **options)
                           ^^^^^^^^^^^^^^^^^^^^^^^^^^^^^^^
venv/lib/python3.12/site-packages/pyasn1/codec/ber/decoder.py:1581: in __call__
    value, substrate = concreteDecoder.valueDecoder(
venv/lib/python3.12/site-packages/pyasn1/codec/ber/decoder.py:558: in valueDecoder
    asn1Object, trailing = self._decodeComponents(
venv/lib/python3.12/site-packages/pyasn1/codec/ber/decoder.py:500: in _decodeComponents
    component, substrate = decodeFun(substrate, **options)
                           ^^^^^^^^^^^^^^^^^^^^^^^^^^^^^^^
venv/lib/python3.12/site-packages/pyasn1/codec/ber/decoder.py:1581: in __call__
    value, substrate = concreteDecoder.valueDecoder(
venv/lib/python3.12/site-packages/pyasn1/codec/ber/decoder.py:558: in valueDecoder
    asn1Object, trailing = self._decodeComponents(
venv/lib/python3.12/site-packages/pyasn1/codec/ber/decoder.py:500: in _decodeComponents
    component, substrate = decodeFun(substrate, **options)
                           ^^^^^^^^^^^^^^^^^^^^^^^^^^^^^^^
venv/lib/python3.12/site-packages/pyasn1/codec/ber/decoder.py:1581: in __call__
    value, substrate = concreteDecoder.valueDecoder(
venv/lib/python3.12/site-packages/pyasn1/codec/ber/decoder.py:558: in valueDecoder
    asn1Object, trailing = self._decodeComponents(
venv/lib/python3.12/site-packages/pyasn1/codec/ber/decoder.py:500: in _decodeComponents
    component, substrate = decodeFun(substrate, **options)
                           ^^^^^^^^^^^^^^^^^^^^^^^^^^^^^^^
venv/lib/python3.12/site-packages/pyasn1/codec/ber/decoder.py:1581: in __call__
    value, substrate = concreteDecoder.valueDecoder(
venv/lib/python3.12/site-packages/pyasn1/codec/ber/decoder.py:558: in valueDecoder
    asn1Object, trailing = self._decodeComponents(
venv/lib/python3.12/site-packages/pyasn1/codec/ber/decoder.py:500: in _decodeComponents
    component, substrate = decodeFun(substrate, **options)
                           ^^^^^^^^^^^^^^^^^^^^^^^^^^^^^^^
venv/lib/python3.12/site-packages/pyasn1/codec/ber/decoder.py:1581: in __call__
    value, substrate = concreteDecoder.valueDecoder(
venv/lib/python3.12/site-packages/pyasn1/codec/ber/decoder.py:558: in valueDecoder
    asn1Object, trailing = self._decodeComponents(
venv/lib/python3.12/site-packages/pyasn1/codec/ber/decoder.py:500: in _decodeComponents
    component, substrate = decodeFun(substrate, **options)
                           ^^^^^^^^^^^^^^^^^^^^^^^^^^^^^^^
venv/lib/python3.12/site-packages/pyasn1/codec/ber/decoder.py:1581: in __call__
    value, substrate = concreteDecoder.valueDecoder(
venv/lib/python3.12/site-packages/pyasn1/codec/ber/decoder.py:558: in valueDecoder
    asn1Object, trailing = self._decodeComponents(
venv/lib/python3.12/site-packages/pyasn1/codec/ber/decoder.py:500: in _decodeComponents
    component, substrate = decodeFun(substrate, **options)
                           ^^^^^^^^^^^^^^^^^^^^^^^^^^^^^^^
venv/lib/python3.12/site-packages/pyasn1/codec/ber/decoder.py:1581: in __call__
    value, substrate = concreteDecoder.valueDecoder(
venv/lib/python3.12/site-packages/pyasn1/codec/ber/decoder.py:558: in valueDecoder
    asn1Object, trailing = self._decodeComponents(
venv/lib/python3.12/site-packages/pyasn1/codec/ber/decoder.py:500: in _decodeComponents
    component, substrate = decodeFun(substrate, **options)
                           ^^^^^^^^^^^^^^^^^^^^^^^^^^^^^^^
venv/lib/python3.12/site-packages/pyasn1/codec/ber/decoder.py:1581: in __call__
    value, substrate = concreteDecoder.valueDecoder(
venv/lib/python3.12/site-packages/pyasn1/codec/ber/decoder.py:558: in valueDecoder
    asn1Object, trailing = self._decodeComponents(
venv/lib/python3.12/site-packages/pyasn1/codec/ber/decoder.py:500: in _decodeComponents
    component, substrate = decodeFun(substrate, **options)
                           ^^^^^^^^^^^^^^^^^^^^^^^^^^^^^^^
venv/lib/python3.12/site-packages/pyasn1/codec/ber/decoder.py:1581: in __call__
    value, substrate = concreteDecoder.valueDecoder(
venv/lib/python3.12/site-packages/pyasn1/codec/ber/decoder.py:558: in valueDecoder
    asn1Object, trailing = self._decodeComponents(
venv/lib/python3.12/site-packages/pyasn1/codec/ber/decoder.py:500: in _decodeComponents
    component, substrate = decodeFun(substrate, **options)
                           ^^^^^^^^^^^^^^^^^^^^^^^^^^^^^^^
venv/lib/python3.12/site-packages/pyasn1/codec/ber/decoder.py:1581: in __call__
    value, substrate = concreteDecoder.valueDecoder(
venv/lib/python3.12/site-packages/pyasn1/codec/ber/decoder.py:558: in valueDecoder
    asn1Object, trailing = self._decodeComponents(
venv/lib/python3.12/site-packages/pyasn1/codec/ber/decoder.py:500: in _decodeComponents
    component, substrate = decodeFun(substrate, **options)
                           ^^^^^^^^^^^^^^^^^^^^^^^^^^^^^^^
venv/lib/python3.12/site-packages/pyasn1/codec/ber/decoder.py:1581: in __call__
    value, substrate = concreteDecoder.valueDecoder(
venv/lib/python3.12/site-packages/pyasn1/codec/ber/decoder.py:558: in valueDecoder
    asn1Object, trailing = self._decodeComponents(
venv/lib/python3.12/site-packages/pyasn1/codec/ber/decoder.py:500: in _decodeComponents
    component, substrate = decodeFun(substrate, **options)
                           ^^^^^^^^^^^^^^^^^^^^^^^^^^^^^^^
venv/lib/python3.12/site-packages/pyasn1/codec/ber/decoder.py:1581: in __call__
    value, substrate = concreteDecoder.valueDecoder(
venv/lib/python3.12/site-packages/pyasn1/codec/ber/decoder.py:558: in valueDecoder
    asn1Object, trailing = self._decodeComponents(
venv/lib/python3.12/site-packages/pyasn1/codec/ber/decoder.py:500: in _decodeComponents
    component, substrate = decodeFun(substrate, **options)
                           ^^^^^^^^^^^^^^^^^^^^^^^^^^^^^^^
venv/lib/python3.12/site-packages/pyasn1/codec/ber/decoder.py:1581: in __call__
    value, substrate = concreteDecoder.valueDecoder(
venv/lib/python3.12/site-packages/pyasn1/codec/ber/decoder.py:558: in valueDecoder
    asn1Object, trailing = self._decodeComponents(
venv/lib/python3.12/site-packages/pyasn1/codec/ber/decoder.py:500: in _decodeComponents
    component, substrate = decodeFun(substrate, **options)
                           ^^^^^^^^^^^^^^^^^^^^^^^^^^^^^^^
venv/lib/python3.12/site-packages/pyasn1/codec/ber/decoder.py:1581: in __call__
    value, substrate = concreteDecoder.valueDecoder(
venv/lib/python3.12/site-packages/pyasn1/codec/ber/decoder.py:558: in valueDecoder
    asn1Object, trailing = self._decodeComponents(
venv/lib/python3.12/site-packages/pyasn1/codec/ber/decoder.py:500: in _decodeComponents
    component, substrate = decodeFun(substrate, **options)
                           ^^^^^^^^^^^^^^^^^^^^^^^^^^^^^^^
venv/lib/python3.12/site-packages/pyasn1/codec/ber/decoder.py:1581: in __call__
    value, substrate = concreteDecoder.valueDecoder(
venv/lib/python3.12/site-packages/pyasn1/codec/ber/decoder.py:558: in valueDecoder
    asn1Object, trailing = self._decodeComponents(
venv/lib/python3.12/site-packages/pyasn1/codec/ber/decoder.py:500: in _decodeComponents
    component, substrate = decodeFun(substrate, **options)
                           ^^^^^^^^^^^^^^^^^^^^^^^^^^^^^^^
venv/lib/python3.12/site-packages/pyasn1/codec/ber/decoder.py:1581: in __call__
    value, substrate = concreteDecoder.valueDecoder(
venv/lib/python3.12/site-packages/pyasn1/codec/ber/decoder.py:558: in valueDecoder
    asn1Object, trailing = self._decodeComponents(
venv/lib/python3.12/site-packages/pyasn1/codec/ber/decoder.py:500: in _decodeComponents
    component, substrate = decodeFun(substrate, **options)
                           ^^^^^^^^^^^^^^^^^^^^^^^^^^^^^^^
venv/lib/python3.12/site-packages/pyasn1/codec/ber/decoder.py:1581: in __call__
    value, substrate = concreteDecoder.valueDecoder(
venv/lib/python3.12/site-packages/pyasn1/codec/ber/decoder.py:558: in valueDecoder
    asn1Object, trailing = self._decodeComponents(
venv/lib/python3.12/site-packages/pyasn1/codec/ber/decoder.py:500: in _decodeComponents
    component, substrate = decodeFun(substrate, **options)
                           ^^^^^^^^^^^^^^^^^^^^^^^^^^^^^^^
venv/lib/python3.12/site-packages/pyasn1/codec/ber/decoder.py:1581: in __call__
    value, substrate = concreteDecoder.valueDecoder(
venv/lib/python3.12/site-packages/pyasn1/codec/ber/decoder.py:558: in valueDecoder
    asn1Object, trailing = self._decodeComponents(
venv/lib/python3.12/site-packages/pyasn1/codec/ber/decoder.py:500: in _decodeComponents
    component, substrate = decodeFun(substrate, **options)
                           ^^^^^^^^^^^^^^^^^^^^^^^^^^^^^^^
venv/lib/python3.12/site-packages/pyasn1/codec/ber/decoder.py:1581: in __call__
    value, substrate = concreteDecoder.valueDecoder(
venv/lib/python3.12/site-packages/pyasn1/codec/ber/decoder.py:558: in valueDecoder
    asn1Object, trailing = self._decodeComponents(
venv/lib/python3.12/site-packages/pyasn1/codec/ber/decoder.py:500: in _decodeComponents
    component, substrate = decodeFun(substrate, **options)
                           ^^^^^^^^^^^^^^^^^^^^^^^^^^^^^^^
venv/lib/python3.12/site-packages/pyasn1/codec/ber/decoder.py:1581: in __call__
    value, substrate = concreteDecoder.valueDecoder(
venv/lib/python3.12/site-packages/pyasn1/codec/ber/decoder.py:558: in valueDecoder
    asn1Object, trailing = self._decodeComponents(
venv/lib/python3.12/site-packages/pyasn1/codec/ber/decoder.py:500: in _decodeComponents
    component, substrate = decodeFun(substrate, **options)
                           ^^^^^^^^^^^^^^^^^^^^^^^^^^^^^^^
venv/lib/python3.12/site-packages/pyasn1/codec/ber/decoder.py:1581: in __call__
    value, substrate = concreteDecoder.valueDecoder(
venv/lib/python3.12/site-packages/pyasn1/codec/ber/decoder.py:558: in valueDecoder
    asn1Object, trailing = self._decodeComponents(
venv/lib/python3.12/site-packages/pyasn1/codec/ber/decoder.py:500: in _decodeComponents
    component, substrate = decodeFun(substrate, **options)
                           ^^^^^^^^^^^^^^^^^^^^^^^^^^^^^^^
venv/lib/python3.12/site-packages/pyasn1/codec/ber/decoder.py:1581: in __call__
    value, substrate = concreteDecoder.valueDecoder(
venv/lib/python3.12/site-packages/pyasn1/codec/ber/decoder.py:558: in valueDecoder
    asn1Object, trailing = self._decodeComponents(
venv/lib/python3.12/site-packages/pyasn1/codec/ber/decoder.py:500: in _decodeComponents
    component, substrate = decodeFun(substrate, **options)
                           ^^^^^^^^^^^^^^^^^^^^^^^^^^^^^^^
venv/lib/python3.12/site-packages/pyasn1/codec/ber/decoder.py:1581: in __call__
    value, substrate = concreteDecoder.valueDecoder(
venv/lib/python3.12/site-packages/pyasn1/codec/ber/decoder.py:558: in valueDecoder
    asn1Object, trailing = self._decodeComponents(
venv/lib/python3.12/site-packages/pyasn1/codec/ber/decoder.py:500: in _decodeComponents
    component, substrate = decodeFun(substrate, **options)
                           ^^^^^^^^^^^^^^^^^^^^^^^^^^^^^^^
venv/lib/python3.12/site-packages/pyasn1/codec/ber/decoder.py:1581: in __call__
    value, substrate = concreteDecoder.valueDecoder(
venv/lib/python3.12/site-packages/pyasn1/codec/ber/decoder.py:558: in valueDecoder
    asn1Object, trailing = self._decodeComponents(
venv/lib/python3.12/site-packages/pyasn1/codec/ber/decoder.py:500: in _decodeComponents
    component, substrate = decodeFun(substrate, **options)
                           ^^^^^^^^^^^^^^^^^^^^^^^^^^^^^^^
venv/lib/python3.12/site-packages/pyasn1/codec/ber/decoder.py:1581: in __call__
    value, substrate = concreteDecoder.valueDecoder(
venv/lib/python3.12/site-packages/pyasn1/codec/ber/decoder.py:558: in valueDecoder
    asn1Object, trailing = self._decodeComponents(
venv/lib/python3.12/site-packages/pyasn1/codec/ber/decoder.py:500: in _decodeComponents
    component, substrate = decodeFun(substrate, **options)
                           ^^^^^^^^^^^^^^^^^^^^^^^^^^^^^^^
venv/lib/python3.12/site-packages/pyasn1/codec/ber/decoder.py:1581: in __call__
    value, substrate = concreteDecoder.valueDecoder(
venv/lib/python3.12/site-packages/pyasn1/codec/ber/decoder.py:558: in valueDecoder
    asn1Object, trailing = self._decodeComponents(
venv/lib/python3.12/site-packages/pyasn1/codec/ber/decoder.py:500: in _decodeComponents
    component, substrate = decodeFun(substrate, **options)
                           ^^^^^^^^^^^^^^^^^^^^^^^^^^^^^^^
venv/lib/python3.12/site-packages/pyasn1/codec/ber/decoder.py:1581: in __call__
    value, substrate = concreteDecoder.valueDecoder(
venv/lib/python3.12/site-packages/pyasn1/codec/ber/decoder.py:558: in valueDecoder
    asn1Object, trailing = self._decodeComponents(
venv/lib/python3.12/site-packages/pyasn1/codec/ber/decoder.py:500: in _decodeComponents
    component, substrate = decodeFun(substrate, **options)
                           ^^^^^^^^^^^^^^^^^^^^^^^^^^^^^^^
venv/lib/python3.12/site-packages/pyasn1/codec/ber/decoder.py:1581: in __call__
    value, substrate = concreteDecoder.valueDecoder(
venv/lib/python3.12/site-packages/pyasn1/codec/ber/decoder.py:558: in valueDecoder
    asn1Object, trailing = self._decodeComponents(
venv/lib/python3.12/site-packages/pyasn1/codec/ber/decoder.py:500: in _decodeComponents
    component, substrate = decodeFun(substrate, **options)
                           ^^^^^^^^^^^^^^^^^^^^^^^^^^^^^^^
venv/lib/python3.12/site-packages/pyasn1/codec/ber/decoder.py:1581: in __call__
    value, substrate = concreteDecoder.valueDecoder(
venv/lib/python3.12/site-packages/pyasn1/codec/ber/decoder.py:558: in valueDecoder
    asn1Object, trailing = self._decodeComponents(
venv/lib/python3.12/site-packages/pyasn1/codec/ber/decoder.py:500: in _decodeComponents
    component, substrate = decodeFun(substrate, **options)
                           ^^^^^^^^^^^^^^^^^^^^^^^^^^^^^^^
venv/lib/python3.12/site-packages/pyasn1/codec/ber/decoder.py:1581: in __call__
    value, substrate = concreteDecoder.valueDecoder(
venv/lib/python3.12/site-packages/pyasn1/codec/ber/decoder.py:558: in valueDecoder
    asn1Object, trailing = self._decodeComponents(
venv/lib/python3.12/site-packages/pyasn1/codec/ber/decoder.py:500: in _decodeComponents
    component, substrate = decodeFun(substrate, **options)
                           ^^^^^^^^^^^^^^^^^^^^^^^^^^^^^^^
venv/lib/python3.12/site-packages/pyasn1/codec/ber/decoder.py:1581: in __call__
    value, substrate = concreteDecoder.valueDecoder(
venv/lib/python3.12/site-packages/pyasn1/codec/ber/decoder.py:558: in valueDecoder
    asn1Object, trailing = self._decodeComponents(
venv/lib/python3.12/site-packages/pyasn1/codec/ber/decoder.py:500: in _decodeComponents
    component, substrate = decodeFun(substrate, **options)
                           ^^^^^^^^^^^^^^^^^^^^^^^^^^^^^^^
venv/lib/python3.12/site-packages/pyasn1/codec/ber/decoder.py:1581: in __call__
    value, substrate = concreteDecoder.valueDecoder(
venv/lib/python3.12/site-packages/pyasn1/codec/ber/decoder.py:558: in valueDecoder
    asn1Object, trailing = self._decodeComponents(
venv/lib/python3.12/site-packages/pyasn1/codec/ber/decoder.py:500: in _decodeComponents
    component, substrate = decodeFun(substrate, **options)
                           ^^^^^^^^^^^^^^^^^^^^^^^^^^^^^^^
venv/lib/python3.12/site-packages/pyasn1/codec/ber/decoder.py:1581: in __call__
    value, substrate = concreteDecoder.valueDecoder(
venv/lib/python3.12/site-packages/pyasn1/codec/ber/decoder.py:558: in valueDecoder
    asn1Object, trailing = self._decodeComponents(
venv/lib/python3.12/site-packages/pyasn1/codec/ber/decoder.py:500: in _decodeComponents
    component, substrate = decodeFun(substrate, **options)
                           ^^^^^^^^^^^^^^^^^^^^^^^^^^^^^^^
venv/lib/python3.12/site-packages/pyasn1/codec/ber/decoder.py:1581: in __call__
    value, substrate = concreteDecoder.valueDecoder(
venv/lib/python3.12/site-packages/pyasn1/codec/ber/decoder.py:558: in valueDecoder
    asn1Object, trailing = self._decodeComponents(
venv/lib/python3.12/site-packages/pyasn1/codec/ber/decoder.py:500: in _decodeComponents
    component, substrate = decodeFun(substrate, **options)
                           ^^^^^^^^^^^^^^^^^^^^^^^^^^^^^^^
venv/lib/python3.12/site-packages/pyasn1/codec/ber/decoder.py:1581: in __call__
    value, substrate = concreteDecoder.valueDecoder(
venv/lib/python3.12/site-packages/pyasn1/codec/ber/decoder.py:558: in valueDecoder
    asn1Object, trailing = self._decodeComponents(
venv/lib/python3.12/site-packages/pyasn1/codec/ber/decoder.py:500: in _decodeComponents
    component, substrate = decodeFun(substrate, **options)
                           ^^^^^^^^^^^^^^^^^^^^^^^^^^^^^^^
venv/lib/python3.12/site-packages/pyasn1/codec/ber/decoder.py:1581: in __call__
    value, substrate = concreteDecoder.valueDecoder(
venv/lib/python3.12/site-packages/pyasn1/codec/ber/decoder.py:558: in valueDecoder
    asn1Object, trailing = self._decodeComponents(
venv/lib/python3.12/site-packages/pyasn1/codec/ber/decoder.py:500: in _decodeComponents
    component, substrate = decodeFun(substrate, **options)
                           ^^^^^^^^^^^^^^^^^^^^^^^^^^^^^^^
venv/lib/python3.12/site-packages/pyasn1/codec/ber/decoder.py:1581: in __call__
    value, substrate = concreteDecoder.valueDecoder(
venv/lib/python3.12/site-packages/pyasn1/codec/ber/decoder.py:558: in valueDecoder
    asn1Object, trailing = self._decodeComponents(
venv/lib/python3.12/site-packages/pyasn1/codec/ber/decoder.py:500: in _decodeComponents
    component, substrate = decodeFun(substrate, **options)
                           ^^^^^^^^^^^^^^^^^^^^^^^^^^^^^^^
venv/lib/python3.12/site-packages/pyasn1/codec/ber/decoder.py:1581: in __call__
    value, substrate = concreteDecoder.valueDecoder(
venv/lib/python3.12/site-packages/pyasn1/codec/ber/decoder.py:558: in valueDecoder
    asn1Object, trailing = self._decodeComponents(
venv/lib/python3.12/site-packages/pyasn1/codec/ber/decoder.py:500: in _decodeComponents
    component, substrate = decodeFun(substrate, **options)
                           ^^^^^^^^^^^^^^^^^^^^^^^^^^^^^^^
venv/lib/python3.12/site-packages/pyasn1/codec/ber/decoder.py:1581: in __call__
    value, substrate = concreteDecoder.valueDecoder(
venv/lib/python3.12/site-packages/pyasn1/codec/ber/decoder.py:558: in valueDecoder
    asn1Object, trailing = self._decodeComponents(
venv/lib/python3.12/site-packages/pyasn1/codec/ber/decoder.py:500: in _decodeComponents
    component, substrate = decodeFun(substrate, **options)
                           ^^^^^^^^^^^^^^^^^^^^^^^^^^^^^^^
venv/lib/python3.12/site-packages/pyasn1/codec/ber/decoder.py:1581: in __call__
    value, substrate = concreteDecoder.valueDecoder(
venv/lib/python3.12/site-packages/pyasn1/codec/ber/decoder.py:558: in valueDecoder
    asn1Object, trailing = self._decodeComponents(
venv/lib/python3.12/site-packages/pyasn1/codec/ber/decoder.py:500: in _decodeComponents
    component, substrate = decodeFun(substrate, **options)
                           ^^^^^^^^^^^^^^^^^^^^^^^^^^^^^^^
venv/lib/python3.12/site-packages/pyasn1/codec/ber/decoder.py:1581: in __call__
    value, substrate = concreteDecoder.valueDecoder(
venv/lib/python3.12/site-packages/pyasn1/codec/ber/decoder.py:558: in valueDecoder
    asn1Object, trailing = self._decodeComponents(
venv/lib/python3.12/site-packages/pyasn1/codec/ber/decoder.py:500: in _decodeComponents
    component, substrate = decodeFun(substrate, **options)
                           ^^^^^^^^^^^^^^^^^^^^^^^^^^^^^^^
venv/lib/python3.12/site-packages/pyasn1/codec/ber/decoder.py:1581: in __call__
    value, substrate = concreteDecoder.valueDecoder(
venv/lib/python3.12/site-packages/pyasn1/codec/ber/decoder.py:558: in valueDecoder
    asn1Object, trailing = self._decodeComponents(
venv/lib/python3.12/site-packages/pyasn1/codec/ber/decoder.py:500: in _decodeComponents
    component, substrate = decodeFun(substrate, **options)
                           ^^^^^^^^^^^^^^^^^^^^^^^^^^^^^^^
venv/lib/python3.12/site-packages/pyasn1/codec/ber/decoder.py:1581: in __call__
    value, substrate = concreteDecoder.valueDecoder(
venv/lib/python3.12/site-packages/pyasn1/codec/ber/decoder.py:558: in valueDecoder
    asn1Object, trailing = self._decodeComponents(
venv/lib/python3.12/site-packages/pyasn1/codec/ber/decoder.py:500: in _decodeComponents
    component, substrate = decodeFun(substrate, **options)
                           ^^^^^^^^^^^^^^^^^^^^^^^^^^^^^^^
venv/lib/python3.12/site-packages/pyasn1/codec/ber/decoder.py:1581: in __call__
    value, substrate = concreteDecoder.valueDecoder(
venv/lib/python3.12/site-packages/pyasn1/codec/ber/decoder.py:558: in valueDecoder
    asn1Object, trailing = self._decodeComponents(
venv/lib/python3.12/site-packages/pyasn1/codec/ber/decoder.py:500: in _decodeComponents
    component, substrate = decodeFun(substrate, **options)
                           ^^^^^^^^^^^^^^^^^^^^^^^^^^^^^^^
venv/lib/python3.12/site-packages/pyasn1/codec/ber/decoder.py:1581: in __call__
    value, substrate = concreteDecoder.valueDecoder(
venv/lib/python3.12/site-packages/pyasn1/codec/ber/decoder.py:558: in valueDecoder
    asn1Object, trailing = self._decodeComponents(
venv/lib/python3.12/site-packages/pyasn1/codec/ber/decoder.py:500: in _decodeComponents
    component, substrate = decodeFun(substrate, **options)
                           ^^^^^^^^^^^^^^^^^^^^^^^^^^^^^^^
venv/lib/python3.12/site-packages/pyasn1/codec/ber/decoder.py:1581: in __call__
    value, substrate = concreteDecoder.valueDecoder(
venv/lib/python3.12/site-packages/pyasn1/codec/ber/decoder.py:558: in valueDecoder
    asn1Object, trailing = self._decodeComponents(
venv/lib/python3.12/site-packages/pyasn1/codec/ber/decoder.py:500: in _decodeComponents
    component, substrate = decodeFun(substrate, **options)
                           ^^^^^^^^^^^^^^^^^^^^^^^^^^^^^^^
venv/lib/python3.12/site-packages/pyasn1/codec/ber/decoder.py:1581: in __call__
    value, substrate = concreteDecoder.valueDecoder(
venv/lib/python3.12/site-packages/pyasn1/codec/ber/decoder.py:558: in valueDecoder
    asn1Object, trailing = self._decodeComponents(
venv/lib/python3.12/site-packages/pyasn1/codec/ber/decoder.py:500: in _decodeComponents
    component, substrate = decodeFun(substrate, **options)
                           ^^^^^^^^^^^^^^^^^^^^^^^^^^^^^^^
venv/lib/python3.12/site-packages/pyasn1/codec/ber/decoder.py:1581: in __call__
    value, substrate = concreteDecoder.valueDecoder(
venv/lib/python3.12/site-packages/pyasn1/codec/ber/decoder.py:558: in valueDecoder
    asn1Object, trailing = self._decodeComponents(
venv/lib/python3.12/site-packages/pyasn1/codec/ber/decoder.py:500: in _decodeComponents
    component, substrate = decodeFun(substrate, **options)
                           ^^^^^^^^^^^^^^^^^^^^^^^^^^^^^^^
venv/lib/python3.12/site-packages/pyasn1/codec/ber/decoder.py:1581: in __call__
    value, substrate = concreteDecoder.valueDecoder(
venv/lib/python3.12/site-packages/pyasn1/codec/ber/decoder.py:558: in valueDecoder
    asn1Object, trailing = self._decodeComponents(
venv/lib/python3.12/site-packages/pyasn1/codec/ber/decoder.py:500: in _decodeComponents
    component, substrate = decodeFun(substrate, **options)
                           ^^^^^^^^^^^^^^^^^^^^^^^^^^^^^^^
venv/lib/python3.12/site-packages/pyasn1/codec/ber/decoder.py:1581: in __call__
    value, substrate = concreteDecoder.valueDecoder(
venv/lib/python3.12/site-packages/pyasn1/codec/ber/decoder.py:558: in valueDecoder
    asn1Object, trailing = self._decodeComponents(
venv/lib/python3.12/site-packages/pyasn1/codec/ber/decoder.py:500: in _decodeComponents
    component, substrate = decodeFun(substrate, **options)
                           ^^^^^^^^^^^^^^^^^^^^^^^^^^^^^^^
venv/lib/python3.12/site-packages/pyasn1/codec/ber/decoder.py:1581: in __call__
    value, substrate = concreteDecoder.valueDecoder(
venv/lib/python3.12/site-packages/pyasn1/codec/ber/decoder.py:558: in valueDecoder
    asn1Object, trailing = self._decodeComponents(
venv/lib/python3.12/site-packages/pyasn1/codec/ber/decoder.py:500: in _decodeComponents
    component, substrate = decodeFun(substrate, **options)
                           ^^^^^^^^^^^^^^^^^^^^^^^^^^^^^^^
venv/lib/python3.12/site-packages/pyasn1/codec/ber/decoder.py:1581: in __call__
    value, substrate = concreteDecoder.valueDecoder(
venv/lib/python3.12/site-packages/pyasn1/codec/ber/decoder.py:558: in valueDecoder
    asn1Object, trailing = self._decodeComponents(
venv/lib/python3.12/site-packages/pyasn1/codec/ber/decoder.py:500: in _decodeComponents
    component, substrate = decodeFun(substrate, **options)
                           ^^^^^^^^^^^^^^^^^^^^^^^^^^^^^^^
venv/lib/python3.12/site-packages/pyasn1/codec/ber/decoder.py:1581: in __call__
    value, substrate = concreteDecoder.valueDecoder(
venv/lib/python3.12/site-packages/pyasn1/codec/ber/decoder.py:558: in valueDecoder
    asn1Object, trailing = self._decodeComponents(
venv/lib/python3.12/site-packages/pyasn1/codec/ber/decoder.py:500: in _decodeComponents
    component, substrate = decodeFun(substrate, **options)
                           ^^^^^^^^^^^^^^^^^^^^^^^^^^^^^^^
venv/lib/python3.12/site-packages/pyasn1/codec/ber/decoder.py:1581: in __call__
    value, substrate = concreteDecoder.valueDecoder(
venv/lib/python3.12/site-packages/pyasn1/codec/ber/decoder.py:558: in valueDecoder
    asn1Object, trailing = self._decodeComponents(
venv/lib/python3.12/site-packages/pyasn1/codec/ber/decoder.py:500: in _decodeComponents
    component, substrate = decodeFun(substrate, **options)
                           ^^^^^^^^^^^^^^^^^^^^^^^^^^^^^^^
venv/lib/python3.12/site-packages/pyasn1/codec/ber/decoder.py:1581: in __call__
    value, substrate = concreteDecoder.valueDecoder(
venv/lib/python3.12/site-packages/pyasn1/codec/ber/decoder.py:558: in valueDecoder
    asn1Object, trailing = self._decodeComponents(
venv/lib/python3.12/site-packages/pyasn1/codec/ber/decoder.py:500: in _decodeComponents
    component, substrate = decodeFun(substrate, **options)
                           ^^^^^^^^^^^^^^^^^^^^^^^^^^^^^^^
venv/lib/python3.12/site-packages/pyasn1/codec/ber/decoder.py:1581: in __call__
    value, substrate = concreteDecoder.valueDecoder(
venv/lib/python3.12/site-packages/pyasn1/codec/ber/decoder.py:558: in valueDecoder
    asn1Object, trailing = self._decodeComponents(
venv/lib/python3.12/site-packages/pyasn1/codec/ber/decoder.py:500: in _decodeComponents
    component, substrate = decodeFun(substrate, **options)
                           ^^^^^^^^^^^^^^^^^^^^^^^^^^^^^^^
venv/lib/python3.12/site-packages/pyasn1/codec/ber/decoder.py:1581: in __call__
    value, substrate = concreteDecoder.valueDecoder(
venv/lib/python3.12/site-packages/pyasn1/codec/ber/decoder.py:558: in valueDecoder
    asn1Object, trailing = self._decodeComponents(
venv/lib/python3.12/site-packages/pyasn1/codec/ber/decoder.py:500: in _decodeComponents
    component, substrate = decodeFun(substrate, **options)
                           ^^^^^^^^^^^^^^^^^^^^^^^^^^^^^^^
venv/lib/python3.12/site-packages/pyasn1/codec/ber/decoder.py:1581: in __call__
    value, substrate = concreteDecoder.valueDecoder(
venv/lib/python3.12/site-packages/pyasn1/codec/ber/decoder.py:558: in valueDecoder
    asn1Object, trailing = self._decodeComponents(
venv/lib/python3.12/site-packages/pyasn1/codec/ber/decoder.py:500: in _decodeComponents
    component, substrate = decodeFun(substrate, **options)
                           ^^^^^^^^^^^^^^^^^^^^^^^^^^^^^^^
venv/lib/python3.12/site-packages/pyasn1/codec/ber/decoder.py:1581: in __call__
    value, substrate = concreteDecoder.valueDecoder(
venv/lib/python3.12/site-packages/pyasn1/codec/ber/decoder.py:558: in valueDecoder
    asn1Object, trailing = self._decodeComponents(
venv/lib/python3.12/site-packages/pyasn1/codec/ber/decoder.py:500: in _decodeComponents
    component, substrate = decodeFun(substrate, **options)
                           ^^^^^^^^^^^^^^^^^^^^^^^^^^^^^^^
venv/lib/python3.12/site-packages/pyasn1/codec/ber/decoder.py:1581: in __call__
    value, substrate = concreteDecoder.valueDecoder(
venv/lib/python3.12/site-packages/pyasn1/codec/ber/decoder.py:558: in valueDecoder
    asn1Object, trailing = self._decodeComponents(
venv/lib/python3.12/site-packages/pyasn1/codec/ber/decoder.py:500: in _decodeComponents
    component, substrate = decodeFun(substrate, **options)
                           ^^^^^^^^^^^^^^^^^^^^^^^^^^^^^^^
venv/lib/python3.12/site-packages/pyasn1/codec/ber/decoder.py:1581: in __call__
    value, substrate = concreteDecoder.valueDecoder(
venv/lib/python3.12/site-packages/pyasn1/codec/ber/decoder.py:558: in valueDecoder
    asn1Object, trailing = self._decodeComponents(
venv/lib/python3.12/site-packages/pyasn1/codec/ber/decoder.py:500: in _decodeComponents
    component, substrate = decodeFun(substrate, **options)
                           ^^^^^^^^^^^^^^^^^^^^^^^^^^^^^^^
venv/lib/python3.12/site-packages/pyasn1/codec/ber/decoder.py:1581: in __call__
    value, substrate = concreteDecoder.valueDecoder(
venv/lib/python3.12/site-packages/pyasn1/codec/ber/decoder.py:558: in valueDecoder
    asn1Object, trailing = self._decodeComponents(
venv/lib/python3.12/site-packages/pyasn1/codec/ber/decoder.py:500: in _decodeComponents
    component, substrate = decodeFun(substrate, **options)
                           ^^^^^^^^^^^^^^^^^^^^^^^^^^^^^^^
venv/lib/python3.12/site-packages/pyasn1/codec/ber/decoder.py:1581: in __call__
    value, substrate = concreteDecoder.valueDecoder(
venv/lib/python3.12/site-packages/pyasn1/codec/ber/decoder.py:558: in valueDecoder
    asn1Object, trailing = self._decodeComponents(
venv/lib/python3.12/site-packages/pyasn1/codec/ber/decoder.py:500: in _decodeComponents
    component, substrate = decodeFun(substrate, **options)
                           ^^^^^^^^^^^^^^^^^^^^^^^^^^^^^^^
venv/lib/python3.12/site-packages/pyasn1/codec/ber/decoder.py:1581: in __call__
    value, substrate = concreteDecoder.valueDecoder(
venv/lib/python3.12/site-packages/pyasn1/codec/ber/decoder.py:558: in valueDecoder
    asn1Object, trailing = self._decodeComponents(
venv/lib/python3.12/site-packages/pyasn1/codec/ber/decoder.py:500: in _decodeComponents
    component, substrate = decodeFun(substrate, **options)
                           ^^^^^^^^^^^^^^^^^^^^^^^^^^^^^^^
venv/lib/python3.12/site-packages/pyasn1/codec/ber/decoder.py:1581: in __call__
    value, substrate = concreteDecoder.valueDecoder(
venv/lib/python3.12/site-packages/pyasn1/codec/ber/decoder.py:558: in valueDecoder
    asn1Object, trailing = self._decodeComponents(
venv/lib/python3.12/site-packages/pyasn1/codec/ber/decoder.py:500: in _decodeComponents
    component, substrate = decodeFun(substrate, **options)
                           ^^^^^^^^^^^^^^^^^^^^^^^^^^^^^^^
venv/lib/python3.12/site-packages/pyasn1/codec/ber/decoder.py:1581: in __call__
    value, substrate = concreteDecoder.valueDecoder(
venv/lib/python3.12/site-packages/pyasn1/codec/ber/decoder.py:558: in valueDecoder
    asn1Object, trailing = self._decodeComponents(
venv/lib/python3.12/site-packages/pyasn1/codec/ber/decoder.py:500: in _decodeComponents
    component, substrate = decodeFun(substrate, **options)
                           ^^^^^^^^^^^^^^^^^^^^^^^^^^^^^^^
venv/lib/python3.12/site-packages/pyasn1/codec/ber/decoder.py:1581: in __call__
    value, substrate = concreteDecoder.valueDecoder(
venv/lib/python3.12/site-packages/pyasn1/codec/ber/decoder.py:558: in valueDecoder
    asn1Object, trailing = self._decodeComponents(
venv/lib/python3.12/site-packages/pyasn1/codec/ber/decoder.py:500: in _decodeComponents
    component, substrate = decodeFun(substrate, **options)
                           ^^^^^^^^^^^^^^^^^^^^^^^^^^^^^^^
venv/lib/python3.12/site-packages/pyasn1/codec/ber/decoder.py:1581: in __call__
    value, substrate = concreteDecoder.valueDecoder(
venv/lib/python3.12/site-packages/pyasn1/codec/ber/decoder.py:558: in valueDecoder
    asn1Object, trailing = self._decodeComponents(
venv/lib/python3.12/site-packages/pyasn1/codec/ber/decoder.py:500: in _decodeComponents
    component, substrate = decodeFun(substrate, **options)
                           ^^^^^^^^^^^^^^^^^^^^^^^^^^^^^^^
venv/lib/python3.12/site-packages/pyasn1/codec/ber/decoder.py:1581: in __call__
    value, substrate = concreteDecoder.valueDecoder(
venv/lib/python3.12/site-packages/pyasn1/codec/ber/decoder.py:558: in valueDecoder
    asn1Object, trailing = self._decodeComponents(
venv/lib/python3.12/site-packages/pyasn1/codec/ber/decoder.py:500: in _decodeComponents
    component, substrate = decodeFun(substrate, **options)
                           ^^^^^^^^^^^^^^^^^^^^^^^^^^^^^^^
venv/lib/python3.12/site-packages/pyasn1/codec/ber/decoder.py:1581: in __call__
    value, substrate = concreteDecoder.valueDecoder(
venv/lib/python3.12/site-packages/pyasn1/codec/ber/decoder.py:558: in valueDecoder
    asn1Object, trailing = self._decodeComponents(
venv/lib/python3.12/site-packages/pyasn1/codec/ber/decoder.py:500: in _decodeComponents
    component, substrate = decodeFun(substrate, **options)
                           ^^^^^^^^^^^^^^^^^^^^^^^^^^^^^^^
venv/lib/python3.12/site-packages/pyasn1/codec/ber/decoder.py:1581: in __call__
    value, substrate = concreteDecoder.valueDecoder(
venv/lib/python3.12/site-packages/pyasn1/codec/ber/decoder.py:558: in valueDecoder
    asn1Object, trailing = self._decodeComponents(
venv/lib/python3.12/site-packages/pyasn1/codec/ber/decoder.py:500: in _decodeComponents
    component, substrate = decodeFun(substrate, **options)
                           ^^^^^^^^^^^^^^^^^^^^^^^^^^^^^^^
venv/lib/python3.12/site-packages/pyasn1/codec/ber/decoder.py:1581: in __call__
    value, substrate = concreteDecoder.valueDecoder(
venv/lib/python3.12/site-packages/pyasn1/codec/ber/decoder.py:558: in valueDecoder
    asn1Object, trailing = self._decodeComponents(
venv/lib/python3.12/site-packages/pyasn1/codec/ber/decoder.py:500: in _decodeComponents
    component, substrate = decodeFun(substrate, **options)
                           ^^^^^^^^^^^^^^^^^^^^^^^^^^^^^^^
venv/lib/python3.12/site-packages/pyasn1/codec/ber/decoder.py:1581: in __call__
    value, substrate = concreteDecoder.valueDecoder(
venv/lib/python3.12/site-packages/pyasn1/codec/ber/decoder.py:558: in valueDecoder
    asn1Object, trailing = self._decodeComponents(
venv/lib/python3.12/site-packages/pyasn1/codec/ber/decoder.py:500: in _decodeComponents
    component, substrate = decodeFun(substrate, **options)
                           ^^^^^^^^^^^^^^^^^^^^^^^^^^^^^^^
venv/lib/python3.12/site-packages/pyasn1/codec/ber/decoder.py:1581: in __call__
    value, substrate = concreteDecoder.valueDecoder(
venv/lib/python3.12/site-packages/pyasn1/codec/ber/decoder.py:558: in valueDecoder
    asn1Object, trailing = self._decodeComponents(
venv/lib/python3.12/site-packages/pyasn1/codec/ber/decoder.py:500: in _decodeComponents
    component, substrate = decodeFun(substrate, **options)
                           ^^^^^^^^^^^^^^^^^^^^^^^^^^^^^^^
venv/lib/python3.12/site-packages/pyasn1/codec/ber/decoder.py:1581: in __call__
    value, substrate = concreteDecoder.valueDecoder(
venv/lib/python3.12/site-packages/pyasn1/codec/ber/decoder.py:558: in valueDecoder
    asn1Object, trailing = self._decodeComponents(
venv/lib/python3.12/site-packages/pyasn1/codec/ber/decoder.py:500: in _decodeComponents
    component, substrate = decodeFun(substrate, **options)
                           ^^^^^^^^^^^^^^^^^^^^^^^^^^^^^^^
venv/lib/python3.12/site-packages/pyasn1/codec/ber/decoder.py:1581: in __call__
    value, substrate = concreteDecoder.valueDecoder(
venv/lib/python3.12/site-packages/pyasn1/codec/ber/decoder.py:558: in valueDecoder
    asn1Object, trailing = self._decodeComponents(
venv/lib/python3.12/site-packages/pyasn1/codec/ber/decoder.py:500: in _decodeComponents
    component, substrate = decodeFun(substrate, **options)
                           ^^^^^^^^^^^^^^^^^^^^^^^^^^^^^^^
venv/lib/python3.12/site-packages/pyasn1/codec/ber/decoder.py:1581: in __call__
    value, substrate = concreteDecoder.valueDecoder(
venv/lib/python3.12/site-packages/pyasn1/codec/ber/decoder.py:558: in valueDecoder
    asn1Object, trailing = self._decodeComponents(
venv/lib/python3.12/site-packages/pyasn1/codec/ber/decoder.py:500: in _decodeComponents
    component, substrate = decodeFun(substrate, **options)
                           ^^^^^^^^^^^^^^^^^^^^^^^^^^^^^^^
venv/lib/python3.12/site-packages/pyasn1/codec/ber/decoder.py:1581: in __call__
    value, substrate = concreteDecoder.valueDecoder(
venv/lib/python3.12/site-packages/pyasn1/codec/ber/decoder.py:558: in valueDecoder
    asn1Object, trailing = self._decodeComponents(
venv/lib/python3.12/site-packages/pyasn1/codec/ber/decoder.py:500: in _decodeComponents
    component, substrate = decodeFun(substrate, **options)
                           ^^^^^^^^^^^^^^^^^^^^^^^^^^^^^^^
venv/lib/python3.12/site-packages/pyasn1/codec/ber/decoder.py:1581: in __call__
    value, substrate = concreteDecoder.valueDecoder(
venv/lib/python3.12/site-packages/pyasn1/codec/ber/decoder.py:558: in valueDecoder
    asn1Object, trailing = self._decodeComponents(
venv/lib/python3.12/site-packages/pyasn1/codec/ber/decoder.py:500: in _decodeComponents
    component, substrate = decodeFun(substrate, **options)
                           ^^^^^^^^^^^^^^^^^^^^^^^^^^^^^^^
venv/lib/python3.12/site-packages/pyasn1/codec/ber/decoder.py:1581: in __call__
    value, substrate = concreteDecoder.valueDecoder(
venv/lib/python3.12/site-packages/pyasn1/codec/ber/decoder.py:558: in valueDecoder
    asn1Object, trailing = self._decodeComponents(
venv/lib/python3.12/site-packages/pyasn1/codec/ber/decoder.py:500: in _decodeComponents
    component, substrate = decodeFun(substrate, **options)
                           ^^^^^^^^^^^^^^^^^^^^^^^^^^^^^^^
venv/lib/python3.12/site-packages/pyasn1/codec/ber/decoder.py:1581: in __call__
    value, substrate = concreteDecoder.valueDecoder(
venv/lib/python3.12/site-packages/pyasn1/codec/ber/decoder.py:558: in valueDecoder
    asn1Object, trailing = self._decodeComponents(
venv/lib/python3.12/site-packages/pyasn1/codec/ber/decoder.py:500: in _decodeComponents
    component, substrate = decodeFun(substrate, **options)
                           ^^^^^^^^^^^^^^^^^^^^^^^^^^^^^^^
venv/lib/python3.12/site-packages/pyasn1/codec/ber/decoder.py:1581: in __call__
    value, substrate = concreteDecoder.valueDecoder(
venv/lib/python3.12/site-packages/pyasn1/codec/ber/decoder.py:558: in valueDecoder
    asn1Object, trailing = self._decodeComponents(
venv/lib/python3.12/site-packages/pyasn1/codec/ber/decoder.py:500: in _decodeComponents
    component, substrate = decodeFun(substrate, **options)
                           ^^^^^^^^^^^^^^^^^^^^^^^^^^^^^^^
venv/lib/python3.12/site-packages/pyasn1/codec/ber/decoder.py:1581: in __call__
    value, substrate = concreteDecoder.valueDecoder(
venv/lib/python3.12/site-packages/pyasn1/codec/ber/decoder.py:558: in valueDecoder
    asn1Object, trailing = self._decodeComponents(
venv/lib/python3.12/site-packages/pyasn1/codec/ber/decoder.py:500: in _decodeComponents
    component, substrate = decodeFun(substrate, **options)
                           ^^^^^^^^^^^^^^^^^^^^^^^^^^^^^^^
venv/lib/python3.12/site-packages/pyasn1/codec/ber/decoder.py:1581: in __call__
    value, substrate = concreteDecoder.valueDecoder(
venv/lib/python3.12/site-packages/pyasn1/codec/ber/decoder.py:558: in valueDecoder
    asn1Object, trailing = self._decodeComponents(
venv/lib/python3.12/site-packages/pyasn1/codec/ber/decoder.py:500: in _decodeComponents
    component, substrate = decodeFun(substrate, **options)
                           ^^^^^^^^^^^^^^^^^^^^^^^^^^^^^^^
venv/lib/python3.12/site-packages/pyasn1/codec/ber/decoder.py:1581: in __call__
    value, substrate = concreteDecoder.valueDecoder(
venv/lib/python3.12/site-packages/pyasn1/codec/ber/decoder.py:558: in valueDecoder
    asn1Object, trailing = self._decodeComponents(
venv/lib/python3.12/site-packages/pyasn1/codec/ber/decoder.py:500: in _decodeComponents
    component, substrate = decodeFun(substrate, **options)
                           ^^^^^^^^^^^^^^^^^^^^^^^^^^^^^^^
venv/lib/python3.12/site-packages/pyasn1/codec/ber/decoder.py:1581: in __call__
    value, substrate = concreteDecoder.valueDecoder(
[...]
venv/lib/python3.12/site-packages/pyasn1/codec/ber/decoder.py:558: in valueDecoder
    asn1Object, trailing = self._decodeComponents(
venv/lib/python3.12/site-packages/pyasn1/codec/ber/decoder.py:500: in _decodeComponents
    component, substrate = decodeFun(substrate, **options)
                           ^^^^^^^^^^^^^^^^^^^^^^^^^^^^^^^
venv/lib/python3.12/site-packages/pyasn1/codec/ber/decoder.py:1581: in __call__
    value, substrate = concreteDecoder.valueDecoder(
venv/lib/python3.12/site-packages/pyasn1/codec/ber/decoder.py:558: in valueDecoder
    asn1Object, trailing = self._decodeComponents(
venv/lib/python3.12/site-packages/pyasn1/codec/ber/decoder.py:500: in _decodeComponents
    component, substrate = decodeFun(substrate, **options)
                           ^^^^^^^^^^^^^^^^^^^^^^^^^^^^^^^
venv/lib/python3.12/site-packages/pyasn1/codec/ber/decoder.py:1581: in __call__
    value, substrate = concreteDecoder.valueDecoder(
venv/lib/python3.12/site-packages/pyasn1/codec/ber/decoder.py:558: in valueDecoder
    asn1Object, trailing = self._decodeComponents(
venv/lib/python3.12/site-packages/pyasn1/codec/ber/decoder.py:500: in _decodeComponents
    component, substrate = decodeFun(substrate, **options)
                           ^^^^^^^^^^^^^^^^^^^^^^^^^^^^^^^
venv/lib/python3.12/site-packages/pyasn1/codec/ber/decoder.py:1581: in __call__
    value, substrate = concreteDecoder.valueDecoder(
venv/lib/python3.12/site-packages/pyasn1/codec/ber/decoder.py:558: in valueDecoder
    asn1Object, trailing = self._decodeComponents(
venv/lib/python3.12/site-packages/pyasn1/codec/ber/decoder.py:500: in _decodeComponents
    component, substrate = decodeFun(substrate, **options)
                           ^^^^^^^^^^^^^^^^^^^^^^^^^^^^^^^
venv/lib/python3.12/site-packages/pyasn1/codec/ber/decoder.py:1581: in __call__
    value, substrate = concreteDecoder.valueDecoder(
venv/lib/python3.12/site-packages/pyasn1/codec/ber/decoder.py:558: in valueDecoder
    asn1Object, trailing = self._decodeComponents(
venv/lib/python3.12/site-packages/pyasn1/codec/ber/decoder.py:500: in _decodeComponents
    component, substrate = decodeFun(substrate, **options)
                           ^^^^^^^^^^^^^^^^^^^^^^^^^^^^^^^
venv/lib/python3.12/site-packages/pyasn1/codec/ber/decoder.py:1581: in __call__
    value, substrate = concreteDecoder.valueDecoder(
venv/lib/python3.12/site-packages/pyasn1/codec/ber/decoder.py:558: in valueDecoder
    asn1Object, trailing = self._decodeComponents(
venv/lib/python3.12/site-packages/pyasn1/codec/ber/decoder.py:500: in _decodeComponents
    component, substrate = decodeFun(substrate, **options)
                           ^^^^^^^^^^^^^^^^^^^^^^^^^^^^^^^
venv/lib/python3.12/site-packages/pyasn1/codec/ber/decoder.py:1581: in __call__
    value, substrate = concreteDecoder.valueDecoder(
venv/lib/python3.12/site-packages/pyasn1/codec/ber/decoder.py:558: in valueDecoder
    asn1Object, trailing = self._decodeComponents(
venv/lib/python3.12/site-packages/pyasn1/codec/ber/decoder.py:500: in _decodeComponents
    component, substrate = decodeFun(substrate, **options)
                           ^^^^^^^^^^^^^^^^^^^^^^^^^^^^^^^
venv/lib/python3.12/site-packages/pyasn1/codec/ber/decoder.py:1581: in __call__
    value, substrate = concreteDecoder.valueDecoder(
venv/lib/python3.12/site-packages/pyasn1/codec/ber/decoder.py:558: in valueDecoder
    asn1Object, trailing = self._decodeComponents(
venv/lib/python3.12/site-packages/pyasn1/codec/ber/decoder.py:500: in _decodeComponents
    component, substrate = decodeFun(substrate, **options)
                           ^^^^^^^^^^^^^^^^^^^^^^^^^^^^^^^
venv/lib/python3.12/site-packages/pyasn1/codec/ber/decoder.py:1581: in __call__
    value, substrate = concreteDecoder.valueDecoder(
venv/lib/python3.12/site-packages/pyasn1/codec/ber/decoder.py:558: in valueDecoder
    asn1Object, trailing = self._decodeComponents(
venv/lib/python3.12/site-packages/pyasn1/codec/ber/decoder.py:500: in _decodeComponents
    component, substrate = decodeFun(substrate, **options)
                           ^^^^^^^^^^^^^^^^^^^^^^^^^^^^^^^
venv/lib/python3.12/site-packages/pyasn1/codec/ber/decoder.py:1581: in __call__
    value, substrate = concreteDecoder.valueDecoder(
venv/lib/python3.12/site-packages/pyasn1/codec/ber/decoder.py:558: in valueDecoder
    asn1Object, trailing = self._decodeComponents(
venv/lib/python3.12/site-packages/pyasn1/codec/ber/decoder.py:500: in _decodeComponents
    component, substrate = decodeFun(substrate, **options)
                           ^^^^^^^^^^^^^^^^^^^^^^^^^^^^^^^
venv/lib/python3.12/site-packages/pyasn1/codec/ber/decoder.py:1581: in __call__
    value, substrate = concreteDecoder.valueDecoder(
venv/lib/python3.12/site-packages/pyasn1/codec/ber/decoder.py:558: in valueDecoder
    asn1Object, trailing = self._decodeComponents(
venv/lib/python3.12/site-packages/pyasn1/codec/ber/decoder.py:500: in _decodeComponents
    component, substrate = decodeFun(substrate, **options)
                           ^^^^^^^^^^^^^^^^^^^^^^^^^^^^^^^
venv/lib/python3.12/site-packages/pyasn1/codec/ber/decoder.py:1581: in __call__
    value, substrate = concreteDecoder.valueDecoder(
venv/lib/python3.12/site-packages/pyasn1/codec/ber/decoder.py:558: in valueDecoder
    asn1Object, trailing = self._decodeComponents(
venv/lib/python3.12/site-packages/pyasn1/codec/ber/decoder.py:500: in _decodeComponents
    component, substrate = decodeFun(substrate, **options)
                           ^^^^^^^^^^^^^^^^^^^^^^^^^^^^^^^
venv/lib/python3.12/site-packages/pyasn1/codec/ber/decoder.py:1581: in __call__
    value, substrate = concreteDecoder.valueDecoder(
venv/lib/python3.12/site-packages/pyasn1/codec/ber/decoder.py:558: in valueDecoder
    asn1Object, trailing = self._decodeComponents(
venv/lib/python3.12/site-packages/pyasn1/codec/ber/decoder.py:500: in _decodeComponents
    component, substrate = decodeFun(substrate, **options)
                           ^^^^^^^^^^^^^^^^^^^^^^^^^^^^^^^
venv/lib/python3.12/site-packages/pyasn1/codec/ber/decoder.py:1581: in __call__
    value, substrate = concreteDecoder.valueDecoder(
venv/lib/python3.12/site-packages/pyasn1/codec/ber/decoder.py:558: in valueDecoder
    asn1Object, trailing = self._decodeComponents(
venv/lib/python3.12/site-packages/pyasn1/codec/ber/decoder.py:500: in _decodeComponents
    component, substrate = decodeFun(substrate, **options)
                           ^^^^^^^^^^^^^^^^^^^^^^^^^^^^^^^
venv/lib/python3.12/site-packages/pyasn1/codec/ber/decoder.py:1581: in __call__
    value, substrate = concreteDecoder.valueDecoder(
venv/lib/python3.12/site-packages/pyasn1/codec/ber/decoder.py:558: in valueDecoder
    asn1Object, trailing = self._decodeComponents(
venv/lib/python3.12/site-packages/pyasn1/codec/ber/decoder.py:500: in _decodeComponents
    component, substrate = decodeFun(substrate, **options)
                           ^^^^^^^^^^^^^^^^^^^^^^^^^^^^^^^
venv/lib/python3.12/site-packages/pyasn1/codec/ber/decoder.py:1581: in __call__
    value, substrate = concreteDecoder.valueDecoder(
venv/lib/python3.12/site-packages/pyasn1/codec/ber/decoder.py:558: in valueDecoder
    asn1Object, trailing = self._decodeComponents(
venv/lib/python3.12/site-packages/pyasn1/codec/ber/decoder.py:500: in _decodeComponents
    component, substrate = decodeFun(substrate, **options)
                           ^^^^^^^^^^^^^^^^^^^^^^^^^^^^^^^
venv/lib/python3.12/site-packages/pyasn1/codec/ber/decoder.py:1581: in __call__
    value, substrate = concreteDecoder.valueDecoder(
venv/lib/python3.12/site-packages/pyasn1/codec/ber/decoder.py:558: in valueDecoder
    asn1Object, trailing = self._decodeComponents(
venv/lib/python3.12/site-packages/pyasn1/codec/ber/decoder.py:500: in _decodeComponents
    component, substrate = decodeFun(substrate, **options)
                           ^^^^^^^^^^^^^^^^^^^^^^^^^^^^^^^
venv/lib/python3.12/site-packages/pyasn1/codec/ber/decoder.py:1581: in __call__
    value, substrate = concreteDecoder.valueDecoder(
venv/lib/python3.12/site-packages/pyasn1/codec/ber/decoder.py:558: in valueDecoder
    asn1Object, trailing = self._decodeComponents(
venv/lib/python3.12/site-packages/pyasn1/codec/ber/decoder.py:500: in _decodeComponents
    component, substrate = decodeFun(substrate, **options)
                           ^^^^^^^^^^^^^^^^^^^^^^^^^^^^^^^
venv/lib/python3.12/site-packages/pyasn1/codec/ber/decoder.py:1581: in __call__
    value, substrate = concreteDecoder.valueDecoder(
venv/lib/python3.12/site-packages/pyasn1/codec/ber/decoder.py:558: in valueDecoder
    asn1Object, trailing = self._decodeComponents(
venv/lib/python3.12/site-packages/pyasn1/codec/ber/decoder.py:500: in _decodeComponents
    component, substrate = decodeFun(substrate, **options)
                           ^^^^^^^^^^^^^^^^^^^^^^^^^^^^^^^
venv/lib/python3.12/site-packages/pyasn1/codec/ber/decoder.py:1581: in __call__
    value, substrate = concreteDecoder.valueDecoder(
venv/lib/python3.12/site-packages/pyasn1/codec/ber/decoder.py:558: in valueDecoder
    asn1Object, trailing = self._decodeComponents(
venv/lib/python3.12/site-packages/pyasn1/codec/ber/decoder.py:500: in _decodeComponents
    component, substrate = decodeFun(substrate, **options)
                           ^^^^^^^^^^^^^^^^^^^^^^^^^^^^^^^
venv/lib/python3.12/site-packages/pyasn1/codec/ber/decoder.py:1581: in __call__
    value, substrate = concreteDecoder.valueDecoder(
venv/lib/python3.12/site-packages/pyasn1/codec/ber/decoder.py:558: in valueDecoder
    asn1Object, trailing = self._decodeComponents(
venv/lib/python3.12/site-packages/pyasn1/codec/ber/decoder.py:500: in _decodeComponents
    component, substrate = decodeFun(substrate, **options)
                           ^^^^^^^^^^^^^^^^^^^^^^^^^^^^^^^
venv/lib/python3.12/site-packages/pyasn1/codec/ber/decoder.py:1581: in __call__
    value, substrate = concreteDecoder.valueDecoder(
venv/lib/python3.12/site-packages/pyasn1/codec/ber/decoder.py:558: in valueDecoder
    asn1Object, trailing = self._decodeComponents(
venv/lib/python3.12/site-packages/pyasn1/codec/ber/decoder.py:500: in _decodeComponents
    component, substrate = decodeFun(substrate, **options)
                           ^^^^^^^^^^^^^^^^^^^^^^^^^^^^^^^
venv/lib/python3.12/site-packages/pyasn1/codec/ber/decoder.py:1581: in __call__
    value, substrate = concreteDecoder.valueDecoder(
venv/lib/python3.12/site-packages/pyasn1/codec/ber/decoder.py:558: in valueDecoder
    asn1Object, trailing = self._decodeComponents(
venv/lib/python3.12/site-packages/pyasn1/codec/ber/decoder.py:500: in _decodeComponents
    component, substrate = decodeFun(substrate, **options)
                           ^^^^^^^^^^^^^^^^^^^^^^^^^^^^^^^
venv/lib/python3.12/site-packages/pyasn1/codec/ber/decoder.py:1581: in __call__
    value, substrate = concreteDecoder.valueDecoder(
venv/lib/python3.12/site-packages/pyasn1/codec/ber/decoder.py:558: in valueDecoder
    asn1Object, trailing = self._decodeComponents(
venv/lib/python3.12/site-packages/pyasn1/codec/ber/decoder.py:500: in _decodeComponents
    component, substrate = decodeFun(substrate, **options)
                           ^^^^^^^^^^^^^^^^^^^^^^^^^^^^^^^
venv/lib/python3.12/site-packages/pyasn1/codec/ber/decoder.py:1581: in __call__
    value, substrate = concreteDecoder.valueDecoder(
venv/lib/python3.12/site-packages/pyasn1/codec/ber/decoder.py:558: in valueDecoder
    asn1Object, trailing = self._decodeComponents(
venv/lib/python3.12/site-packages/pyasn1/codec/ber/decoder.py:500: in _decodeComponents
    component, substrate = decodeFun(substrate, **options)
                           ^^^^^^^^^^^^^^^^^^^^^^^^^^^^^^^
venv/lib/python3.12/site-packages/pyasn1/codec/ber/decoder.py:1581: in __call__
    value, substrate = concreteDecoder.valueDecoder(
venv/lib/python3.12/site-packages/pyasn1/codec/ber/decoder.py:558: in valueDecoder
    asn1Object, trailing = self._decodeComponents(
venv/lib/python3.12/site-packages/pyasn1/codec/ber/decoder.py:500: in _decodeComponents
    component, substrate = decodeFun(substrate, **options)
                           ^^^^^^^^^^^^^^^^^^^^^^^^^^^^^^^
venv/lib/python3.12/site-packages/pyasn1/codec/ber/decoder.py:1581: in __call__
    value, substrate = concreteDecoder.valueDecoder(
venv/lib/python3.12/site-packages/pyasn1/codec/ber/decoder.py:558: in valueDecoder
    asn1Object, trailing = self._decodeComponents(
venv/lib/python3.12/site-packages/pyasn1/codec/ber/decoder.py:500: in _decodeComponents
    component, substrate = decodeFun(substrate, **options)
                           ^^^^^^^^^^^^^^^^^^^^^^^^^^^^^^^
venv/lib/python3.12/site-packages/pyasn1/codec/ber/decoder.py:1581: in __call__
    value, substrate = concreteDecoder.valueDecoder(
venv/lib/python3.12/site-packages/pyasn1/codec/ber/decoder.py:558: in valueDecoder
    asn1Object, trailing = self._decodeComponents(
venv/lib/python3.12/site-packages/pyasn1/codec/ber/decoder.py:500: in _decodeComponents
    component, substrate = decodeFun(substrate, **options)
                           ^^^^^^^^^^^^^^^^^^^^^^^^^^^^^^^
venv/lib/python3.12/site-packages/pyasn1/codec/ber/decoder.py:1581: in __call__
    value, substrate = concreteDecoder.valueDecoder(
venv/lib/python3.12/site-packages/pyasn1/codec/ber/decoder.py:558: in valueDecoder
    asn1Object, trailing = self._decodeComponents(
venv/lib/python3.12/site-packages/pyasn1/codec/ber/decoder.py:500: in _decodeComponents
    component, substrate = decodeFun(substrate, **options)
                           ^^^^^^^^^^^^^^^^^^^^^^^^^^^^^^^
venv/lib/python3.12/site-packages/pyasn1/codec/ber/decoder.py:1581: in __call__
    value, substrate = concreteDecoder.valueDecoder(
venv/lib/python3.12/site-packages/pyasn1/codec/ber/decoder.py:558: in valueDecoder
    asn1Object, trailing = self._decodeComponents(
venv/lib/python3.12/site-packages/pyasn1/codec/ber/decoder.py:500: in _decodeComponents
    component, substrate = decodeFun(substrate, **options)
                           ^^^^^^^^^^^^^^^^^^^^^^^^^^^^^^^
venv/lib/python3.12/site-packages/pyasn1/codec/ber/decoder.py:1581: in __call__
    value, substrate = concreteDecoder.valueDecoder(
venv/lib/python3.12/site-packages/pyasn1/codec/ber/decoder.py:558: in valueDecoder
    asn1Object, trailing = self._decodeComponents(
venv/lib/python3.12/site-packages/pyasn1/codec/ber/decoder.py:500: in _decodeComponents
    component, substrate = decodeFun(substrate, **options)
                           ^^^^^^^^^^^^^^^^^^^^^^^^^^^^^^^
venv/lib/python3.12/site-packages/pyasn1/codec/ber/decoder.py:1581: in __call__
    value, substrate = concreteDecoder.valueDecoder(
venv/lib/python3.12/site-packages/pyasn1/codec/ber/decoder.py:558: in valueDecoder
    asn1Object, trailing = self._decodeComponents(
venv/lib/python3.12/site-packages/pyasn1/codec/ber/decoder.py:500: in _decodeComponents
    component, substrate = decodeFun(substrate, **options)
                           ^^^^^^^^^^^^^^^^^^^^^^^^^^^^^^^
venv/lib/python3.12/site-packages/pyasn1/codec/ber/decoder.py:1581: in __call__
    value, substrate = concreteDecoder.valueDecoder(
venv/lib/python3.12/site-packages/pyasn1/codec/ber/decoder.py:558: in valueDecoder
    asn1Object, trailing = self._decodeComponents(
venv/lib/python3.12/site-packages/pyasn1/codec/ber/decoder.py:500: in _decodeComponents
    component, substrate = decodeFun(substrate, **options)
                           ^^^^^^^^^^^^^^^^^^^^^^^^^^^^^^^
venv/lib/python3.12/site-packages/pyasn1/codec/ber/decoder.py:1581: in __call__
    value, substrate = concreteDecoder.valueDecoder(
venv/lib/python3.12/site-packages/pyasn1/codec/ber/decoder.py:558: in valueDecoder
    asn1Object, trailing = self._decodeComponents(
venv/lib/python3.12/site-packages/pyasn1/codec/ber/decoder.py:500: in _decodeComponents
    component, substrate = decodeFun(substrate, **options)
                           ^^^^^^^^^^^^^^^^^^^^^^^^^^^^^^^
venv/lib/python3.12/site-packages/pyasn1/codec/ber/decoder.py:1581: in __call__
    value, substrate = concreteDecoder.valueDecoder(
venv/lib/python3.12/site-packages/pyasn1/codec/ber/decoder.py:558: in valueDecoder
    asn1Object, trailing = self._decodeComponents(
venv/lib/python3.12/site-packages/pyasn1/codec/ber/decoder.py:500: in _decodeComponents
    component, substrate = decodeFun(substrate, **options)
                           ^^^^^^^^^^^^^^^^^^^^^^^^^^^^^^^
venv/lib/python3.12/site-packages/pyasn1/codec/ber/decoder.py:1581: in __call__
    value, substrate = concreteDecoder.valueDecoder(
venv/lib/python3.12/site-packages/pyasn1/codec/ber/decoder.py:558: in valueDecoder
    asn1Object, trailing = self._decodeComponents(
venv/lib/python3.12/site-packages/pyasn1/codec/ber/decoder.py:500: in _decodeComponents
    component, substrate = decodeFun(substrate, **options)
                           ^^^^^^^^^^^^^^^^^^^^^^^^^^^^^^^
venv/lib/python3.12/site-packages/pyasn1/codec/ber/decoder.py:1411: in __call__
    firstOctet = oct2int(substrate[0])
                 ^^^^^^^^^^^^^^^^^^^^^
_ _ _ _ _ _ _ _ _ _ _ _ _ _ _ _ _ _ _ _ _ _ _ _ _ _ _ _ _ _ _ _ _ _ _ _ _ _ _ _ 

x = 130

&gt;   oct2int = lambda x: x
E   RecursionError: maximum recursion depth exceeded

venv/lib/python3.12/site-packages/pyasn1/compat/octets.py:34: RecursionError</failure></testcase><testcase classname="tests.test_pyasn1_cve_cve_2026_59884" name="test_ghsa_m4p7_r5rc_7g4j_fix_pinning" time="0.001" /><testcase classname="tests.test_pyasn1_cve_cve_2026_59884" name="test_ghsa_m4p7_r5rc_7g4j_exposure" time="0.001" /><testcase classname="tests.test_pyasn1_cve_cve_2026_59885" name="test_ghsa_8ppf_4f7h_5ppj_fix_pinning" time="0.001"><failure message="ValueError: bytes must be in range(0, 256)">def test_ghsa_8ppf_4f7h_5ppj_fix_pinning():
        """Decoding an OID with an arc of &gt;20 continuation octets must raise PyAsn1Error in fixed 0.6.4; vulnerable 0.4.8 accepts it."""
        arc = b'\x80' * 20 + b'\x01'
        body = b'\x00' + arc * 30
&gt;       payload = b'\x06' + bytes([len(body)]) + body
                            ^^^^^^^^^^^^^^^^^^
E       ValueError: bytes must be in range(0, 256)

tests/test_pyasn1_cve_cve_2026_59885.py:18: ValueError</failure></testcase><testcase classname="tests.test_pyasn1_cve_cve_2026_59885" name="test_ghsa_8ppf_4f7h_5ppj_exposure" time="0.000"><failure message="ValueError: bytes must be in range(0, 256)">def test_ghsa_8ppf_4f7h_5ppj_exposure():
        """Same trigger via the application's call pattern (ber decoder decode of an ObjectIdentifier) must raise PyAsn1Error in fixed 0.6.4."""
        arc = b'\x80' * 20 + b'\x01'
        body = b'\x00' + arc * 30
&gt;       payload = b'\x06' + bytes([len(body)]) + body
                            ^^^^^^^^^^^^^^^^^^
E       ValueError: bytes must be in range(0, 256)

tests/test_pyasn1_cve_cve_2026_59885.py:26: ValueError</failure></testcase><testcase classname="tests.test_pyasn1_cve_cve_2026_59886" name="test_ghsa_hm4w_wwcw_mr6r_fix_pinning" time="0.001" /><testcase classname="tests.test_pyasn1_cve_cve_2026_59886" name="test_ghsa_hm4w_wwcw_mr6r_exposure" time="0.001" /><testcase classname="tests.test_pyasn1_unit" name="test_printer_is_callable" time="0.001" /><testcase classname="tests.test_pyasn1_unit" name="test_debug_is_callable" time="0.001" /><testcase classname="tests.test_pyasn1_unit" name="test_setlogger_returns_none" time="0.000" /><testcase classname="tests.test_pyasn1_unit" name="test_hexdump_empty_bytes" time="0.000" /><testcase classname="tests.test_pyasn1_unit" name="test_pyasn1error_is_exception_subclass" time="0.000" /><testcase classname="tests.test_pyasn1_unit" name="test_value_constraint_error_is_pyasn1error_subclass" time="0.000" /><testcase classname="tests.test_pyasn1_unit" name="test_substrate_underrun_error_is_pyasn1error_subclass" time="0.000" /><testcase classname="tests.test_pyasn1_unit" name="test_pyasn1unicode_error_is_unicode_error_subclass" time="0.000" /></testsuite></testsuites>