mode: set
github.com/getkin/kin-openapi/openapi3/callback.go:17.55,19.27 2 0
github.com/getkin/kin-openapi/openapi3/callback.go:19.27,21.3 1 0
github.com/getkin/kin-openapi/openapi3/callback.go:22.2,22.17 1 0
github.com/getkin/kin-openapi/openapi3/callback.go:29.68,30.34 1 0
github.com/getkin/kin-openapi/openapi3/callback.go:30.34,31.42 1 0
github.com/getkin/kin-openapi/openapi3/callback.go:31.42,33.4 1 0
github.com/getkin/kin-openapi/openapi3/callback.go:38.89,41.38 2 0
github.com/getkin/kin-openapi/openapi3/callback.go:41.38,43.41 2 0
github.com/getkin/kin-openapi/openapi3/callback.go:43.41,45.4 1 0
github.com/getkin/kin-openapi/openapi3/callback.go:48.2,48.70 1 0
github.com/getkin/kin-openapi/openapi3/components.go:39.33,41.2 1 0
github.com/getkin/kin-openapi/openapi3/components.go:44.60,46.16 2 0
github.com/getkin/kin-openapi/openapi3/components.go:46.16,48.3 1 0
github.com/getkin/kin-openapi/openapi3/components.go:49.2,49.24 1 0
github.com/getkin/kin-openapi/openapi3/components.go:53.57,56.42 3 0
github.com/getkin/kin-openapi/openapi3/components.go:56.42,58.3 1 0
github.com/getkin/kin-openapi/openapi3/components.go:59.2,59.45 1 0
github.com/getkin/kin-openapi/openapi3/components.go:59.45,61.3 1 0
github.com/getkin/kin-openapi/openapi3/components.go:62.2,62.42 1 0
github.com/getkin/kin-openapi/openapi3/components.go:62.42,64.3 1 0
github.com/getkin/kin-openapi/openapi3/components.go:65.2,65.48 1 0
github.com/getkin/kin-openapi/openapi3/components.go:65.48,67.3 1 0
github.com/getkin/kin-openapi/openapi3/components.go:68.2,68.44 1 0
github.com/getkin/kin-openapi/openapi3/components.go:68.44,70.3 1 0
github.com/getkin/kin-openapi/openapi3/components.go:71.2,71.50 1 0
github.com/getkin/kin-openapi/openapi3/components.go:71.50,73.3 1 0
github.com/getkin/kin-openapi/openapi3/components.go:74.2,74.43 1 0
github.com/getkin/kin-openapi/openapi3/components.go:74.43,76.3 1 0
github.com/getkin/kin-openapi/openapi3/components.go:77.2,77.40 1 0
github.com/getkin/kin-openapi/openapi3/components.go:77.40,79.3 1 0
github.com/getkin/kin-openapi/openapi3/components.go:80.2,80.44 1 0
github.com/getkin/kin-openapi/openapi3/components.go:80.44,82.3 1 0
github.com/getkin/kin-openapi/openapi3/components.go:83.2,83.15 1 0
github.com/getkin/kin-openapi/openapi3/components.go:87.64,90.49 3 1
github.com/getkin/kin-openapi/openapi3/components.go:90.49,92.3 1 0
github.com/getkin/kin-openapi/openapi3/components.go:93.2,103.28 11 1
github.com/getkin/kin-openapi/openapi3/components.go:103.28,105.3 1 1
github.com/getkin/kin-openapi/openapi3/components.go:106.2,107.12 2 1
github.com/getkin/kin-openapi/openapi3/components.go:111.93,115.89 3 1
github.com/getkin/kin-openapi/openapi3/components.go:115.89,116.27 1 1
github.com/getkin/kin-openapi/openapi3/components.go:116.27,117.52 1 1
github.com/getkin/kin-openapi/openapi3/components.go:117.52,118.101 1 0
github.com/getkin/kin-openapi/openapi3/components.go:118.101,120.6 1 0
github.com/getkin/kin-openapi/openapi3/components.go:126.5,126.13 1 0
github.com/getkin/kin-openapi/openapi3/components.go:128.4,128.32 1 1
github.com/getkin/kin-openapi/openapi3/components.go:128.32,128.103 1 0
github.com/getkin/kin-openapi/openapi3/components.go:129.4,129.60 1 1
github.com/getkin/kin-openapi/openapi3/components.go:129.60,131.5 1 0
github.com/getkin/kin-openapi/openapi3/components.go:133.3,133.13 1 1
github.com/getkin/kin-openapi/openapi3/components.go:136.2,136.91 1 1
github.com/getkin/kin-openapi/openapi3/components.go:136.91,138.3 1 0
github.com/getkin/kin-openapi/openapi3/components.go:138.17,140.3 1 0
github.com/getkin/kin-openapi/openapi3/components.go:142.2,142.97 1 1
github.com/getkin/kin-openapi/openapi3/components.go:142.97,144.3 1 0
github.com/getkin/kin-openapi/openapi3/components.go:144.17,146.3 1 0
github.com/getkin/kin-openapi/openapi3/components.go:148.2,148.103 1 1
github.com/getkin/kin-openapi/openapi3/components.go:148.103,150.3 1 0
github.com/getkin/kin-openapi/openapi3/components.go:150.17,152.3 1 0
github.com/getkin/kin-openapi/openapi3/components.go:154.2,154.95 1 1
github.com/getkin/kin-openapi/openapi3/components.go:154.95,156.3 1 0
github.com/getkin/kin-openapi/openapi3/components.go:156.17,158.3 1 0
github.com/getkin/kin-openapi/openapi3/components.go:160.2,160.91 1 1
github.com/getkin/kin-openapi/openapi3/components.go:160.91,162.3 1 0
github.com/getkin/kin-openapi/openapi3/components.go:162.17,164.3 1 0
github.com/getkin/kin-openapi/openapi3/components.go:166.2,166.108 1 1
github.com/getkin/kin-openapi/openapi3/components.go:166.108,168.3 1 1
github.com/getkin/kin-openapi/openapi3/components.go:168.17,170.3 1 0
github.com/getkin/kin-openapi/openapi3/components.go:172.2,172.93 1 1
github.com/getkin/kin-openapi/openapi3/components.go:172.93,174.3 1 0
github.com/getkin/kin-openapi/openapi3/components.go:174.17,176.3 1 0
github.com/getkin/kin-openapi/openapi3/components.go:178.2,178.87 1 1
github.com/getkin/kin-openapi/openapi3/components.go:178.87,180.3 1 0
github.com/getkin/kin-openapi/openapi3/components.go:180.17,182.3 1 0
github.com/getkin/kin-openapi/openapi3/components.go:184.2,184.95 1 1
github.com/getkin/kin-openapi/openapi3/components.go:184.95,186.3 1 0
github.com/getkin/kin-openapi/openapi3/components.go:186.17,188.3 1 0
github.com/getkin/kin-openapi/openapi3/components.go:190.2,190.87 1 1
github.com/getkin/kin-openapi/openapi3/components.go:196.56,197.40 1 0
github.com/getkin/kin-openapi/openapi3/components.go:197.40,199.3 1 0
github.com/getkin/kin-openapi/openapi3/components.go:199.8,199.36 1 0
github.com/getkin/kin-openapi/openapi3/components.go:199.36,201.3 1 0
github.com/getkin/kin-openapi/openapi3/components.go:201.8,203.3 1 0
github.com/getkin/kin-openapi/openapi3/components.go:209.62,210.40 1 0
github.com/getkin/kin-openapi/openapi3/components.go:210.40,212.3 1 0
github.com/getkin/kin-openapi/openapi3/components.go:212.8,212.36 1 0
github.com/getkin/kin-openapi/openapi3/components.go:212.36,214.3 1 0
github.com/getkin/kin-openapi/openapi3/components.go:214.8,216.3 1 0
github.com/getkin/kin-openapi/openapi3/components.go:222.56,223.40 1 0
github.com/getkin/kin-openapi/openapi3/components.go:223.40,225.3 1 0
github.com/getkin/kin-openapi/openapi3/components.go:225.8,225.36 1 0
github.com/getkin/kin-openapi/openapi3/components.go:225.36,227.3 1 0
github.com/getkin/kin-openapi/openapi3/components.go:227.8,229.3 1 0
github.com/getkin/kin-openapi/openapi3/components.go:235.62,236.40 1 0
github.com/getkin/kin-openapi/openapi3/components.go:236.40,238.3 1 0
github.com/getkin/kin-openapi/openapi3/components.go:238.8,238.36 1 0
github.com/getkin/kin-openapi/openapi3/components.go:238.36,240.3 1 0
github.com/getkin/kin-openapi/openapi3/components.go:240.8,242.3 1 0
github.com/getkin/kin-openapi/openapi3/components.go:248.63,249.40 1 0
github.com/getkin/kin-openapi/openapi3/components.go:249.40,251.3 1 0
github.com/getkin/kin-openapi/openapi3/components.go:251.8,251.36 1 0
github.com/getkin/kin-openapi/openapi3/components.go:251.36,253.3 1 0
github.com/getkin/kin-openapi/openapi3/components.go:253.8,255.3 1 0
github.com/getkin/kin-openapi/openapi3/components.go:261.64,262.40 1 0
github.com/getkin/kin-openapi/openapi3/components.go:262.40,264.3 1 0
github.com/getkin/kin-openapi/openapi3/components.go:264.8,264.36 1 0
github.com/getkin/kin-openapi/openapi3/components.go:264.36,266.3 1 0
github.com/getkin/kin-openapi/openapi3/components.go:266.8,268.3 1 0
github.com/getkin/kin-openapi/openapi3/components.go:274.57,275.40 1 0
github.com/getkin/kin-openapi/openapi3/components.go:275.40,277.3 1 0
github.com/getkin/kin-openapi/openapi3/components.go:277.8,277.36 1 0
github.com/getkin/kin-openapi/openapi3/components.go:277.36,279.3 1 0
github.com/getkin/kin-openapi/openapi3/components.go:279.8,281.3 1 0
github.com/getkin/kin-openapi/openapi3/components.go:287.54,288.40 1 0
github.com/getkin/kin-openapi/openapi3/components.go:288.40,290.3 1 0
github.com/getkin/kin-openapi/openapi3/components.go:290.8,290.36 1 0
github.com/getkin/kin-openapi/openapi3/components.go:290.36,292.3 1 0
github.com/getkin/kin-openapi/openapi3/components.go:292.8,294.3 1 0
github.com/getkin/kin-openapi/openapi3/components.go:300.58,301.40 1 0
github.com/getkin/kin-openapi/openapi3/components.go:301.40,303.3 1 0
github.com/getkin/kin-openapi/openapi3/components.go:303.8,303.36 1 0
github.com/getkin/kin-openapi/openapi3/components.go:303.36,305.3 1 0
github.com/getkin/kin-openapi/openapi3/components.go:305.8,307.3 1 0
github.com/getkin/kin-openapi/openapi3/contact.go:21.54,23.16 2 0
github.com/getkin/kin-openapi/openapi3/contact.go:23.16,25.3 1 0
github.com/getkin/kin-openapi/openapi3/contact.go:26.2,26.24 1 0
github.com/getkin/kin-openapi/openapi3/contact.go:30.51,33.32 3 0
github.com/getkin/kin-openapi/openapi3/contact.go:33.32,35.3 1 0
github.com/getkin/kin-openapi/openapi3/contact.go:36.2,36.31 1 0
github.com/getkin/kin-openapi/openapi3/contact.go:36.31,38.3 1 0
github.com/getkin/kin-openapi/openapi3/contact.go:39.2,39.33 1 0
github.com/getkin/kin-openapi/openapi3/contact.go:39.33,41.3 1 0
github.com/getkin/kin-openapi/openapi3/contact.go:42.2,42.15 1 0
github.com/getkin/kin-openapi/openapi3/contact.go:46.58,49.49 3 0
github.com/getkin/kin-openapi/openapi3/contact.go:49.49,51.3 1 0
github.com/getkin/kin-openapi/openapi3/contact.go:52.2,57.28 5 0
github.com/getkin/kin-openapi/openapi3/contact.go:57.28,59.3 1 0
github.com/getkin/kin-openapi/openapi3/contact.go:60.2,61.12 2 0
github.com/getkin/kin-openapi/openapi3/contact.go:65.87,69.2 2 0
github.com/getkin/kin-openapi/openapi3/content.go:11.27,13.2 1 0
github.com/getkin/kin-openapi/openapi3/content.go:15.70,16.24 1 0
github.com/getkin/kin-openapi/openapi3/content.go:16.24,20.3 1 0
github.com/getkin/kin-openapi/openapi3/content.go:21.2,22.37 2 0
github.com/getkin/kin-openapi/openapi3/content.go:22.37,24.3 1 0
github.com/getkin/kin-openapi/openapi3/content.go:25.2,25.16 1 0
github.com/getkin/kin-openapi/openapi3/content.go:28.76,29.24 1 0
github.com/getkin/kin-openapi/openapi3/content.go:29.24,33.3 1 0
github.com/getkin/kin-openapi/openapi3/content.go:34.2,35.37 2 0
github.com/getkin/kin-openapi/openapi3/content.go:35.37,37.3 1 0
github.com/getkin/kin-openapi/openapi3/content.go:38.2,38.16 1 0
github.com/getkin/kin-openapi/openapi3/content.go:41.55,45.2 1 0
github.com/getkin/kin-openapi/openapi3/content.go:46.61,50.2 1 0
github.com/getkin/kin-openapi/openapi3/content.go:52.59,56.2 1 0
github.com/getkin/kin-openapi/openapi3/content.go:58.65,62.2 1 0
github.com/getkin/kin-openapi/openapi3/content.go:64.52,68.16 1 0
github.com/getkin/kin-openapi/openapi3/content.go:68.16,70.3 1 0
github.com/getkin/kin-openapi/openapi3/content.go:73.2,73.34 1 0
github.com/getkin/kin-openapi/openapi3/content.go:73.34,75.3 1 0
github.com/getkin/kin-openapi/openapi3/content.go:79.2,80.11 2 0
github.com/getkin/kin-openapi/openapi3/content.go:80.11,84.3 1 0
github.com/getkin/kin-openapi/openapi3/content.go:85.2,86.34 2 0
github.com/getkin/kin-openapi/openapi3/content.go:86.34,88.3 1 0
github.com/getkin/kin-openapi/openapi3/content.go:91.2,92.11 2 0
github.com/getkin/kin-openapi/openapi3/content.go:92.11,97.3 1 0
github.com/getkin/kin-openapi/openapi3/content.go:98.2,99.34 2 0
github.com/getkin/kin-openapi/openapi3/content.go:99.34,101.3 1 0
github.com/getkin/kin-openapi/openapi3/content.go:104.2,104.23 1 0
github.com/getkin/kin-openapi/openapi3/content.go:108.86,111.44 2 0
github.com/getkin/kin-openapi/openapi3/content.go:111.44,112.50 1 0
github.com/getkin/kin-openapi/openapi3/content.go:112.50,114.4 1 0
github.com/getkin/kin-openapi/openapi3/content.go:116.2,116.12 1 0
github.com/getkin/kin-openapi/openapi3/discriminator.go:24.56,27.2 2 0
github.com/getkin/kin-openapi/openapi3/discriminator.go:29.52,31.2 1 0
github.com/getkin/kin-openapi/openapi3/discriminator.go:34.66,36.16 2 0
github.com/getkin/kin-openapi/openapi3/discriminator.go:36.16,38.3 1 0
github.com/getkin/kin-openapi/openapi3/discriminator.go:39.2,39.24 1 0
github.com/getkin/kin-openapi/openapi3/discriminator.go:43.63,47.45 4 0
github.com/getkin/kin-openapi/openapi3/discriminator.go:47.45,49.3 1 0
github.com/getkin/kin-openapi/openapi3/discriminator.go:50.2,50.15 1 0
github.com/getkin/kin-openapi/openapi3/discriminator.go:54.70,57.49 3 0
github.com/getkin/kin-openapi/openapi3/discriminator.go:57.49,59.3 1 0
github.com/getkin/kin-openapi/openapi3/discriminator.go:60.2,64.28 4 0
github.com/getkin/kin-openapi/openapi3/discriminator.go:64.28,66.3 1 0
github.com/getkin/kin-openapi/openapi3/discriminator.go:67.2,68.12 2 0
github.com/getkin/kin-openapi/openapi3/discriminator.go:72.99,76.2 2 0
github.com/getkin/kin-openapi/openapi3/encoding.go:22.30,24.2 1 0
github.com/getkin/kin-openapi/openapi3/encoding.go:29.77,33.2 1 0
github.com/getkin/kin-openapi/openapi3/encoding.go:35.80,37.20 2 0
github.com/getkin/kin-openapi/openapi3/encoding.go:37.20,40.3 2 0
github.com/getkin/kin-openapi/openapi3/encoding.go:41.2,42.17 2 0
github.com/getkin/kin-openapi/openapi3/encoding.go:46.56,48.16 2 0
github.com/getkin/kin-openapi/openapi3/encoding.go:48.16,50.3 1 0
github.com/getkin/kin-openapi/openapi3/encoding.go:51.2,51.24 1 0
github.com/getkin/kin-openapi/openapi3/encoding.go:55.53,58.40 3 0
github.com/getkin/kin-openapi/openapi3/encoding.go:58.40,60.3 1 0
github.com/getkin/kin-openapi/openapi3/encoding.go:61.2,61.40 1 0
github.com/getkin/kin-openapi/openapi3/encoding.go:61.40,63.3 1 0
github.com/getkin/kin-openapi/openapi3/encoding.go:64.2,64.34 1 0
github.com/getkin/kin-openapi/openapi3/encoding.go:64.34,66.3 1 0
github.com/getkin/kin-openapi/openapi3/encoding.go:67.2,67.37 1 0
github.com/getkin/kin-openapi/openapi3/encoding.go:67.37,69.3 1 0
github.com/getkin/kin-openapi/openapi3/encoding.go:70.2,70.36 1 0
github.com/getkin/kin-openapi/openapi3/encoding.go:70.36,72.3 1 0
github.com/getkin/kin-openapi/openapi3/encoding.go:73.2,73.15 1 0
github.com/getkin/kin-openapi/openapi3/encoding.go:77.60,80.49 3 0
github.com/getkin/kin-openapi/openapi3/encoding.go:80.49,82.3 1 0
github.com/getkin/kin-openapi/openapi3/encoding.go:83.2,90.28 7 0
github.com/getkin/kin-openapi/openapi3/encoding.go:90.28,92.3 1 0
github.com/getkin/kin-openapi/openapi3/encoding.go:93.2,94.12 2 0
github.com/getkin/kin-openapi/openapi3/encoding.go:99.70,101.21 2 0
github.com/getkin/kin-openapi/openapi3/encoding.go:101.21,102.27 1 0
github.com/getkin/kin-openapi/openapi3/encoding.go:102.27,104.4 1 0
github.com/getkin/kin-openapi/openapi3/encoding.go:105.3,105.30 1 0
github.com/getkin/kin-openapi/openapi3/encoding.go:105.30,107.4 1 0
github.com/getkin/kin-openapi/openapi3/encoding.go:109.2,109.11 1 0
github.com/getkin/kin-openapi/openapi3/encoding.go:113.89,116.21 2 0
github.com/getkin/kin-openapi/openapi3/encoding.go:116.21,118.3 1 0
github.com/getkin/kin-openapi/openapi3/encoding.go:120.2,120.53 1 0
github.com/getkin/kin-openapi/openapi3/encoding.go:120.53,122.47 2 0
github.com/getkin/kin-openapi/openapi3/encoding.go:122.47,124.4 1 0
github.com/getkin/kin-openapi/openapi3/encoding.go:125.3,125.41 1 0
github.com/getkin/kin-openapi/openapi3/encoding.go:125.41,127.4 1 0
github.com/getkin/kin-openapi/openapi3/encoding.go:131.2,132.9 2 0
github.com/getkin/kin-openapi/openapi3/encoding.go:139.53,139.53 0 0
github.com/getkin/kin-openapi/openapi3/encoding.go:140.10,141.92 1 0
github.com/getkin/kin-openapi/openapi3/encoding.go:144.2,144.70 1 0
github.com/getkin/kin-openapi/openapi3/error_collector.go:26.57,28.2 1 1
github.com/getkin/kin-openapi/openapi3/error_collector.go:30.46,31.16 1 1
github.com/getkin/kin-openapi/openapi3/error_collector.go:31.16,33.3 1 1
github.com/getkin/kin-openapi/openapi3/error_collector.go:34.2,34.14 1 0
github.com/getkin/kin-openapi/openapi3/error_collector.go:34.14,36.3 1 0
github.com/getkin/kin-openapi/openapi3/error_collector.go:37.2,37.36 1 0
github.com/getkin/kin-openapi/openapi3/error_collector.go:37.36,38.26 1 0
github.com/getkin/kin-openapi/openapi3/error_collector.go:38.26,39.34 1 0
github.com/getkin/kin-openapi/openapi3/error_collector.go:39.34,41.5 1 0
github.com/getkin/kin-openapi/openapi3/error_collector.go:43.3,43.13 1 0
github.com/getkin/kin-openapi/openapi3/error_collector.go:45.2,46.12 2 0
github.com/getkin/kin-openapi/openapi3/error_collector.go:49.77,50.16 1 1
github.com/getkin/kin-openapi/openapi3/error_collector.go:50.16,52.3 1 1
github.com/getkin/kin-openapi/openapi3/error_collector.go:53.2,53.14 1 0
github.com/getkin/kin-openapi/openapi3/error_collector.go:53.14,55.3 1 0
github.com/getkin/kin-openapi/openapi3/error_collector.go:56.2,56.36 1 0
github.com/getkin/kin-openapi/openapi3/error_collector.go:56.36,57.26 1 0
github.com/getkin/kin-openapi/openapi3/error_collector.go:57.26,58.47 1 0
github.com/getkin/kin-openapi/openapi3/error_collector.go:58.47,60.5 1 0
github.com/getkin/kin-openapi/openapi3/error_collector.go:62.3,62.13 1 0
github.com/getkin/kin-openapi/openapi3/error_collector.go:64.2,64.26 1 0
github.com/getkin/kin-openapi/openapi3/error_collector.go:67.39,68.21 1 1
github.com/getkin/kin-openapi/openapi3/error_collector.go:68.21,70.3 1 0
github.com/getkin/kin-openapi/openapi3/error_collector.go:71.2,71.12 1 1
github.com/getkin/kin-openapi/openapi3/error_collector.go:77.50,78.32 1 1
github.com/getkin/kin-openapi/openapi3/error_collector.go:78.32,80.3 1 0
github.com/getkin/kin-openapi/openapi3/error_collector.go:81.2,81.19 1 1
github.com/getkin/kin-openapi/openapi3/errors.go:12.37,14.2 1 0
github.com/getkin/kin-openapi/openapi3/errors.go:16.49,18.25 2 0
github.com/getkin/kin-openapi/openapi3/errors.go:18.25,20.23 2 0
github.com/getkin/kin-openapi/openapi3/errors.go:20.23,22.4 1 0
github.com/getkin/kin-openapi/openapi3/errors.go:24.2,24.22 1 0
github.com/getkin/kin-openapi/openapi3/errors.go:29.44,30.38 1 0
github.com/getkin/kin-openapi/openapi3/errors.go:30.38,32.3 1 0
github.com/getkin/kin-openapi/openapi3/errors.go:33.2,33.23 1 0
github.com/getkin/kin-openapi/openapi3/errors.go:33.23,34.27 1 0
github.com/getkin/kin-openapi/openapi3/errors.go:34.27,36.4 1 0
github.com/getkin/kin-openapi/openapi3/errors.go:38.2,38.14 1 0
github.com/getkin/kin-openapi/openapi3/errors.go:42.42,43.23 1 0
github.com/getkin/kin-openapi/openapi3/errors.go:43.23,44.27 1 0
github.com/getkin/kin-openapi/openapi3/errors.go:44.27,46.4 1 0
github.com/getkin/kin-openapi/openapi3/errors.go:48.2,48.14 1 0
github.com/getkin/kin-openapi/openapi3/errors.go:53.46,55.2 1 0
github.com/getkin/kin-openapi/openapi3/errors.go:57.46,59.2 1 0
github.com/getkin/kin-openapi/openapi3/errors.go:63.46,65.2 1 0
github.com/getkin/kin-openapi/openapi3/errors.go:67.46,69.2 1 0
github.com/getkin/kin-openapi/openapi3/example.go:21.37,23.2 1 0
github.com/getkin/kin-openapi/openapi3/example.go:26.54,28.16 2 0
github.com/getkin/kin-openapi/openapi3/example.go:28.16,30.3 1 0
github.com/getkin/kin-openapi/openapi3/example.go:31.2,31.24 1 0
github.com/getkin/kin-openapi/openapi3/example.go:35.51,38.35 3 0
github.com/getkin/kin-openapi/openapi3/example.go:38.35,40.3 1 0
github.com/getkin/kin-openapi/openapi3/example.go:41.2,41.39 1 0
github.com/getkin/kin-openapi/openapi3/example.go:41.39,43.3 1 0
github.com/getkin/kin-openapi/openapi3/example.go:44.2,44.34 1 0
github.com/getkin/kin-openapi/openapi3/example.go:44.34,46.3 1 0
github.com/getkin/kin-openapi/openapi3/example.go:47.2,47.41 1 0
github.com/getkin/kin-openapi/openapi3/example.go:47.41,49.3 1 0
github.com/getkin/kin-openapi/openapi3/example.go:50.2,50.15 1 0
github.com/getkin/kin-openapi/openapi3/example.go:54.58,57.49 3 0
github.com/getkin/kin-openapi/openapi3/example.go:57.49,59.3 1 0
github.com/getkin/kin-openapi/openapi3/example.go:60.2,65.28 6 0
github.com/getkin/kin-openapi/openapi3/example.go:65.28,67.3 1 0
github.com/getkin/kin-openapi/openapi3/example.go:68.2,69.12 2 0
github.com/getkin/kin-openapi/openapi3/example.go:73.87,76.57 2 0
github.com/getkin/kin-openapi/openapi3/example.go:76.57,78.3 1 0
github.com/getkin/kin-openapi/openapi3/example.go:79.2,79.57 1 0
github.com/getkin/kin-openapi/openapi3/example.go:79.57,81.3 1 0
github.com/getkin/kin-openapi/openapi3/example.go:83.2,83.68 1 0
github.com/getkin/kin-openapi/openapi3/example_validation.go:5.81,9.32 3 0
github.com/getkin/kin-openapi/openapi3/example_validation.go:9.32,11.3 1 0
github.com/getkin/kin-openapi/openapi3/example_validation.go:11.8,11.39 1 0
github.com/getkin/kin-openapi/openapi3/example_validation.go:11.39,13.3 1 0
github.com/getkin/kin-openapi/openapi3/example_validation.go:15.2,15.40 1 0
github.com/getkin/kin-openapi/openapi3/example_validation.go:15.40,17.3 1 0
github.com/getkin/kin-openapi/openapi3/example_validation.go:19.2,19.41 1 0
github.com/getkin/kin-openapi/openapi3/extension.go:15.95,19.47 3 1
github.com/getkin/kin-openapi/openapi3/extension.go:19.47,20.33 1 0
github.com/getkin/kin-openapi/openapi3/extension.go:20.33,21.12 1 0
github.com/getkin/kin-openapi/openapi3/extension.go:23.3,23.21 1 0
github.com/getkin/kin-openapi/openapi3/extension.go:23.21,24.31 1 0
github.com/getkin/kin-openapi/openapi3/extension.go:24.31,25.13 1 0
github.com/getkin/kin-openapi/openapi3/extension.go:28.3,28.33 1 0
github.com/getkin/kin-openapi/openapi3/extension.go:31.2,31.24 1 1
github.com/getkin/kin-openapi/openapi3/extension.go:31.24,33.3 1 0
github.com/getkin/kin-openapi/openapi3/extension.go:35.2,35.12 1 1
github.com/getkin/kin-openapi/openapi3/external_docs.go:21.53,23.16 2 0
github.com/getkin/kin-openapi/openapi3/external_docs.go:23.16,25.3 1 0
github.com/getkin/kin-openapi/openapi3/external_docs.go:26.2,26.24 1 0
github.com/getkin/kin-openapi/openapi3/external_docs.go:30.50,33.33 3 0
github.com/getkin/kin-openapi/openapi3/external_docs.go:33.33,35.3 1 0
github.com/getkin/kin-openapi/openapi3/external_docs.go:36.2,36.25 1 0
github.com/getkin/kin-openapi/openapi3/external_docs.go:36.25,38.3 1 0
github.com/getkin/kin-openapi/openapi3/external_docs.go:39.2,39.15 1 0
github.com/getkin/kin-openapi/openapi3/external_docs.go:43.57,46.49 3 0
github.com/getkin/kin-openapi/openapi3/external_docs.go:46.49,48.3 1 0
github.com/getkin/kin-openapi/openapi3/external_docs.go:49.2,52.28 4 0
github.com/getkin/kin-openapi/openapi3/external_docs.go:52.28,54.3 1 0
github.com/getkin/kin-openapi/openapi3/external_docs.go:55.2,56.12 2 0
github.com/getkin/kin-openapi/openapi3/external_docs.go:60.86,64.17 3 0
github.com/getkin/kin-openapi/openapi3/external_docs.go:64.17,65.71 1 0
github.com/getkin/kin-openapi/openapi3/external_docs.go:65.71,67.4 1 0
github.com/getkin/kin-openapi/openapi3/external_docs.go:69.2,69.44 1 0
github.com/getkin/kin-openapi/openapi3/external_docs.go:69.44,70.78 1 0
github.com/getkin/kin-openapi/openapi3/external_docs.go:70.78,72.4 1 0
github.com/getkin/kin-openapi/openapi3/external_docs.go:75.2,75.69 1 0
github.com/getkin/kin-openapi/openapi3/header.go:18.60,20.2 1 0
github.com/getkin/kin-openapi/openapi3/header.go:23.52,25.2 1 0
github.com/getkin/kin-openapi/openapi3/header.go:28.56,30.2 1 0
github.com/getkin/kin-openapi/openapi3/header.go:33.49,35.2 1 0
github.com/getkin/kin-openapi/openapi3/header.go:38.75,40.17 2 0
github.com/getkin/kin-openapi/openapi3/header.go:40.17,42.3 1 0
github.com/getkin/kin-openapi/openapi3/header.go:43.2,44.27 2 0
github.com/getkin/kin-openapi/openapi3/header.go:44.27,46.3 1 0
github.com/getkin/kin-openapi/openapi3/header.go:47.2,47.66 1 0
github.com/getkin/kin-openapi/openapi3/header.go:51.85,54.23 2 0
github.com/getkin/kin-openapi/openapi3/header.go:54.23,56.3 1 0
github.com/getkin/kin-openapi/openapi3/header.go:57.2,57.21 1 0
github.com/getkin/kin-openapi/openapi3/header.go:57.21,59.3 1 0
github.com/getkin/kin-openapi/openapi3/header.go:62.2,63.16 2 0
github.com/getkin/kin-openapi/openapi3/header.go:63.16,65.3 1 0
github.com/getkin/kin-openapi/openapi3/header.go:66.2,68.63 1 0
github.com/getkin/kin-openapi/openapi3/header.go:68.63,71.3 2 0
github.com/getkin/kin-openapi/openapi3/header.go:73.2,73.58 1 0
github.com/getkin/kin-openapi/openapi3/header.go:73.58,76.3 1 0
github.com/getkin/kin-openapi/openapi3/header.go:77.2,77.44 1 0
github.com/getkin/kin-openapi/openapi3/header.go:77.44,78.46 1 0
github.com/getkin/kin-openapi/openapi3/header.go:78.46,80.4 1 0
github.com/getkin/kin-openapi/openapi3/header.go:83.2,83.47 1 0
github.com/getkin/kin-openapi/openapi3/header.go:83.47,84.23 1 0
github.com/getkin/kin-openapi/openapi3/header.go:84.23,87.4 1 0
github.com/getkin/kin-openapi/openapi3/header.go:89.3,89.47 1 0
github.com/getkin/kin-openapi/openapi3/header.go:89.47,91.4 1 0
github.com/getkin/kin-openapi/openapi3/header.go:93.2,93.12 1 0
github.com/getkin/kin-openapi/openapi3/helpers.go:27.45,28.41 1 1
github.com/getkin/kin-openapi/openapi3/helpers.go:28.41,30.3 1 1
github.com/getkin/kin-openapi/openapi3/helpers.go:31.2,31.115 1 0
github.com/getkin/kin-openapi/openapi3/helpers.go:35.29,37.2 1 0
github.com/getkin/kin-openapi/openapi3/helpers.go:42.41,44.2 1 0
github.com/getkin/kin-openapi/openapi3/helpers.go:49.32,51.2 1 0
github.com/getkin/kin-openapi/openapi3/helpers.go:56.35,58.2 1 0
github.com/getkin/kin-openapi/openapi3/helpers.go:63.38,65.2 1 0
github.com/getkin/kin-openapi/openapi3/helpers.go:68.53,70.19 2 1
github.com/getkin/kin-openapi/openapi3/helpers.go:70.19,72.3 1 1
github.com/getkin/kin-openapi/openapi3/helpers.go:73.2,74.12 2 1
github.com/getkin/kin-openapi/openapi3/helpers.go:78.35,79.14 1 1
github.com/getkin/kin-openapi/openapi3/helpers.go:79.14,81.3 1 0
github.com/getkin/kin-openapi/openapi3/helpers.go:83.2,84.11 2 1
github.com/getkin/kin-openapi/openapi3/helpers.go:104.66,105.28 1 0
github.com/getkin/kin-openapi/openapi3/helpers.go:105.28,107.3 1 0
github.com/getkin/kin-openapi/openapi3/helpers.go:109.2,112.28 3 0
github.com/getkin/kin-openapi/openapi3/helpers.go:112.28,114.3 1 0
github.com/getkin/kin-openapi/openapi3/helpers.go:117.2,117.34 1 0
github.com/getkin/kin-openapi/openapi3/helpers.go:123.60,124.58 1 0
github.com/getkin/kin-openapi/openapi3/helpers.go:124.58,126.3 1 0
github.com/getkin/kin-openapi/openapi3/helpers.go:128.2,132.44 3 0
github.com/getkin/kin-openapi/openapi3/helpers.go:135.55,137.21 2 0
github.com/getkin/kin-openapi/openapi3/helpers.go:137.21,139.3 1 0
github.com/getkin/kin-openapi/openapi3/helpers.go:140.2,140.21 1 0
github.com/getkin/kin-openapi/openapi3/helpers.go:140.21,142.3 1 0
github.com/getkin/kin-openapi/openapi3/helpers.go:144.2,144.35 1 0
github.com/getkin/kin-openapi/openapi3/helpers.go:187.81,188.41 1 0
github.com/getkin/kin-openapi/openapi3/helpers.go:188.41,190.3 1 0
github.com/getkin/kin-openapi/openapi3/helpers.go:194.2,194.107 1 0
github.com/getkin/kin-openapi/openapi3/helpers.go:194.107,196.39 1 0
github.com/getkin/kin-openapi/openapi3/helpers.go:196.39,200.4 2 0
github.com/getkin/kin-openapi/openapi3/helpers.go:204.2,204.27 1 0
github.com/getkin/kin-openapi/openapi3/helpers.go:204.27,206.3 1 0
github.com/getkin/kin-openapi/openapi3/helpers.go:208.2,209.16 2 0
github.com/getkin/kin-openapi/openapi3/helpers.go:209.16,210.13 1 0
github.com/getkin/kin-openapi/openapi3/helpers.go:213.2,218.43 3 0
github.com/getkin/kin-openapi/openapi3/helpers.go:218.43,222.35 3 0
github.com/getkin/kin-openapi/openapi3/helpers.go:222.35,226.4 2 0
github.com/getkin/kin-openapi/openapi3/helpers.go:227.8,229.3 1 0
github.com/getkin/kin-openapi/openapi3/helpers.go:233.2,233.50 1 0
github.com/getkin/kin-openapi/openapi3/helpers.go:233.50,236.47 2 0
github.com/getkin/kin-openapi/openapi3/helpers.go:236.47,237.12 1 0
github.com/getkin/kin-openapi/openapi3/helpers.go:241.3,241.36 1 0
github.com/getkin/kin-openapi/openapi3/helpers.go:241.36,242.12 1 0
github.com/getkin/kin-openapi/openapi3/helpers.go:246.3,246.70 1 0
github.com/getkin/kin-openapi/openapi3/helpers.go:249.2,249.18 1 0
github.com/getkin/kin-openapi/openapi3/helpers.go:253.42,255.2 1 0
github.com/getkin/kin-openapi/openapi3/helpers.go:258.65,260.2 1 0
github.com/getkin/kin-openapi/openapi3/helpers.go:263.48,265.2 1 0
github.com/getkin/kin-openapi/openapi3/helpers.go:268.41,270.2 1 0
github.com/getkin/kin-openapi/openapi3/helpers.go:273.38,275.2 1 0
github.com/getkin/kin-openapi/openapi3/info.go:26.48,28.16 2 0
github.com/getkin/kin-openapi/openapi3/info.go:28.16,30.3 1 0
github.com/getkin/kin-openapi/openapi3/info.go:31.2,31.24 1 0
github.com/getkin/kin-openapi/openapi3/info.go:35.46,36.17 1 0
github.com/getkin/kin-openapi/openapi3/info.go:36.17,38.3 1 0
github.com/getkin/kin-openapi/openapi3/info.go:39.2,42.32 4 0
github.com/getkin/kin-openapi/openapi3/info.go:42.32,44.3 1 0
github.com/getkin/kin-openapi/openapi3/info.go:45.2,45.36 1 0
github.com/getkin/kin-openapi/openapi3/info.go:45.36,47.3 1 0
github.com/getkin/kin-openapi/openapi3/info.go:48.2,48.39 1 0
github.com/getkin/kin-openapi/openapi3/info.go:48.39,50.3 1 0
github.com/getkin/kin-openapi/openapi3/info.go:51.2,51.33 1 0
github.com/getkin/kin-openapi/openapi3/info.go:51.33,53.3 1 0
github.com/getkin/kin-openapi/openapi3/info.go:54.2,54.33 1 0
github.com/getkin/kin-openapi/openapi3/info.go:54.33,56.3 1 0
github.com/getkin/kin-openapi/openapi3/info.go:57.2,58.15 2 0
github.com/getkin/kin-openapi/openapi3/info.go:62.52,65.49 3 1
github.com/getkin/kin-openapi/openapi3/info.go:65.49,67.3 1 0
github.com/getkin/kin-openapi/openapi3/info.go:68.2,76.28 9 1
github.com/getkin/kin-openapi/openapi3/info.go:76.28,78.3 1 1
github.com/getkin/kin-openapi/openapi3/info.go:79.2,80.12 2 1
github.com/getkin/kin-openapi/openapi3/info.go:84.81,88.73 3 1
github.com/getkin/kin-openapi/openapi3/info.go:88.73,89.76 1 0
github.com/getkin/kin-openapi/openapi3/info.go:89.76,91.4 1 0
github.com/getkin/kin-openapi/openapi3/info.go:94.2,94.45 1 1
github.com/getkin/kin-openapi/openapi3/info.go:94.45,95.56 1 0
github.com/getkin/kin-openapi/openapi3/info.go:95.56,97.4 1 0
github.com/getkin/kin-openapi/openapi3/info.go:100.2,100.45 1 1
github.com/getkin/kin-openapi/openapi3/info.go:100.45,101.56 1 0
github.com/getkin/kin-openapi/openapi3/info.go:101.56,103.4 1 0
github.com/getkin/kin-openapi/openapi3/info.go:106.2,106.24 1 1
github.com/getkin/kin-openapi/openapi3/info.go:106.24,107.70 1 0
github.com/getkin/kin-openapi/openapi3/info.go:107.70,109.4 1 0
github.com/getkin/kin-openapi/openapi3/info.go:112.2,112.22 1 1
github.com/getkin/kin-openapi/openapi3/info.go:112.22,113.68 1 0
github.com/getkin/kin-openapi/openapi3/info.go:113.68,115.4 1 0
github.com/getkin/kin-openapi/openapi3/info.go:118.2,118.75 1 1
github.com/getkin/kin-openapi/openapi3/internalize_refs.go:30.62,31.51 1 0
github.com/getkin/kin-openapi/openapi3/internalize_refs.go:31.51,32.47 1 0
github.com/getkin/kin-openapi/openapi3/internalize_refs.go:35.2,44.77 2 0
github.com/getkin/kin-openapi/openapi3/internalize_refs.go:44.77,50.3 4 0
github.com/getkin/kin-openapi/openapi3/internalize_refs.go:52.2,56.99 2 0
github.com/getkin/kin-openapi/openapi3/internalize_refs.go:56.99,58.3 1 0
github.com/getkin/kin-openapi/openapi3/internalize_refs.go:60.2,60.20 1 0
github.com/getkin/kin-openapi/openapi3/internalize_refs.go:60.20,62.49 1 0
github.com/getkin/kin-openapi/openapi3/internalize_refs.go:62.49,64.4 1 0
github.com/getkin/kin-openapi/openapi3/internalize_refs.go:67.3,67.73 1 0
github.com/getkin/kin-openapi/openapi3/internalize_refs.go:67.73,69.4 1 0
github.com/getkin/kin-openapi/openapi3/internalize_refs.go:72.3,72.21 1 0
github.com/getkin/kin-openapi/openapi3/internalize_refs.go:72.21,73.116 1 0
github.com/getkin/kin-openapi/openapi3/internalize_refs.go:73.116,74.63 1 0
github.com/getkin/kin-openapi/openapi3/internalize_refs.go:74.63,76.11 2 0
github.com/getkin/kin-openapi/openapi3/internalize_refs.go:82.2,85.20 2 0
github.com/getkin/kin-openapi/openapi3/internalize_refs.go:85.20,87.3 1 0
github.com/getkin/kin-openapi/openapi3/internalize_refs.go:89.2,89.25 1 0
github.com/getkin/kin-openapi/openapi3/internalize_refs.go:89.25,90.29 1 0
github.com/getkin/kin-openapi/openapi3/internalize_refs.go:90.29,92.4 1 0
github.com/getkin/kin-openapi/openapi3/internalize_refs.go:94.3,94.60 1 0
github.com/getkin/kin-openapi/openapi3/internalize_refs.go:98.2,100.25 2 0
github.com/getkin/kin-openapi/openapi3/internalize_refs.go:105.52,106.27 1 0
github.com/getkin/kin-openapi/openapi3/internalize_refs.go:106.27,108.3 1 0
github.com/getkin/kin-openapi/openapi3/internalize_refs.go:110.2,115.49 5 0
github.com/getkin/kin-openapi/openapi3/internalize_refs.go:115.49,118.23 2 0
github.com/getkin/kin-openapi/openapi3/internalize_refs.go:118.23,120.4 1 0
github.com/getkin/kin-openapi/openapi3/internalize_refs.go:122.3,122.20 1 0
github.com/getkin/kin-openapi/openapi3/internalize_refs.go:125.2,125.17 1 0
github.com/getkin/kin-openapi/openapi3/internalize_refs.go:128.60,130.2 1 0
github.com/getkin/kin-openapi/openapi3/internalize_refs.go:132.106,133.57 1 0
github.com/getkin/kin-openapi/openapi3/internalize_refs.go:133.57,135.3 1 0
github.com/getkin/kin-openapi/openapi3/internalize_refs.go:137.2,138.27 2 0
github.com/getkin/kin-openapi/openapi3/internalize_refs.go:138.27,139.48 1 0
github.com/getkin/kin-openapi/openapi3/internalize_refs.go:139.48,142.4 2 0
github.com/getkin/kin-openapi/openapi3/internalize_refs.go:145.2,145.27 1 0
github.com/getkin/kin-openapi/openapi3/internalize_refs.go:145.27,147.3 1 0
github.com/getkin/kin-openapi/openapi3/internalize_refs.go:148.2,148.35 1 0
github.com/getkin/kin-openapi/openapi3/internalize_refs.go:148.35,150.3 1 0
github.com/getkin/kin-openapi/openapi3/internalize_refs.go:151.2,153.13 3 0
github.com/getkin/kin-openapi/openapi3/internalize_refs.go:156.112,157.57 1 0
github.com/getkin/kin-openapi/openapi3/internalize_refs.go:157.57,159.3 1 0
github.com/getkin/kin-openapi/openapi3/internalize_refs.go:160.2,161.27 2 0
github.com/getkin/kin-openapi/openapi3/internalize_refs.go:161.27,162.51 1 0
github.com/getkin/kin-openapi/openapi3/internalize_refs.go:162.51,165.4 2 0
github.com/getkin/kin-openapi/openapi3/internalize_refs.go:168.2,168.27 1 0
github.com/getkin/kin-openapi/openapi3/internalize_refs.go:168.27,170.3 1 0
github.com/getkin/kin-openapi/openapi3/internalize_refs.go:171.2,171.38 1 0
github.com/getkin/kin-openapi/openapi3/internalize_refs.go:171.38,173.3 1 0
github.com/getkin/kin-openapi/openapi3/internalize_refs.go:174.2,176.13 3 0
github.com/getkin/kin-openapi/openapi3/internalize_refs.go:179.106,180.57 1 0
github.com/getkin/kin-openapi/openapi3/internalize_refs.go:180.57,182.3 1 0
github.com/getkin/kin-openapi/openapi3/internalize_refs.go:183.2,184.27 2 0
github.com/getkin/kin-openapi/openapi3/internalize_refs.go:184.27,185.48 1 0
github.com/getkin/kin-openapi/openapi3/internalize_refs.go:185.48,188.4 2 0
github.com/getkin/kin-openapi/openapi3/internalize_refs.go:191.2,191.27 1 0
github.com/getkin/kin-openapi/openapi3/internalize_refs.go:191.27,193.3 1 0
github.com/getkin/kin-openapi/openapi3/internalize_refs.go:194.2,194.35 1 0
github.com/getkin/kin-openapi/openapi3/internalize_refs.go:194.35,196.3 1 0
github.com/getkin/kin-openapi/openapi3/internalize_refs.go:197.2,199.13 3 0
github.com/getkin/kin-openapi/openapi3/internalize_refs.go:202.116,203.57 1 0
github.com/getkin/kin-openapi/openapi3/internalize_refs.go:203.57,205.3 1 0
github.com/getkin/kin-openapi/openapi3/internalize_refs.go:206.2,207.27 2 0
github.com/getkin/kin-openapi/openapi3/internalize_refs.go:207.27,208.54 1 0
github.com/getkin/kin-openapi/openapi3/internalize_refs.go:208.54,211.4 2 0
github.com/getkin/kin-openapi/openapi3/internalize_refs.go:214.2,214.27 1 0
github.com/getkin/kin-openapi/openapi3/internalize_refs.go:214.27,216.3 1 0
github.com/getkin/kin-openapi/openapi3/internalize_refs.go:217.2,217.41 1 0
github.com/getkin/kin-openapi/openapi3/internalize_refs.go:217.41,219.3 1 0
github.com/getkin/kin-openapi/openapi3/internalize_refs.go:220.2,222.13 3 0
github.com/getkin/kin-openapi/openapi3/internalize_refs.go:225.110,226.57 1 0
github.com/getkin/kin-openapi/openapi3/internalize_refs.go:226.57,228.3 1 0
github.com/getkin/kin-openapi/openapi3/internalize_refs.go:229.2,230.27 2 0
github.com/getkin/kin-openapi/openapi3/internalize_refs.go:230.27,231.50 1 0
github.com/getkin/kin-openapi/openapi3/internalize_refs.go:231.50,234.4 2 0
github.com/getkin/kin-openapi/openapi3/internalize_refs.go:237.2,237.27 1 0
github.com/getkin/kin-openapi/openapi3/internalize_refs.go:237.27,239.3 1 0
github.com/getkin/kin-openapi/openapi3/internalize_refs.go:240.2,240.37 1 0
github.com/getkin/kin-openapi/openapi3/internalize_refs.go:240.37,242.3 1 0
github.com/getkin/kin-openapi/openapi3/internalize_refs.go:243.2,245.13 3 0
github.com/getkin/kin-openapi/openapi3/internalize_refs.go:248.118,249.59 1 0
github.com/getkin/kin-openapi/openapi3/internalize_refs.go:249.59,251.3 1 0
github.com/getkin/kin-openapi/openapi3/internalize_refs.go:252.2,253.27 2 0
github.com/getkin/kin-openapi/openapi3/internalize_refs.go:253.27,254.56 1 0
github.com/getkin/kin-openapi/openapi3/internalize_refs.go:254.56,257.4 2 0
github.com/getkin/kin-openapi/openapi3/internalize_refs.go:260.2,260.27 1 0
github.com/getkin/kin-openapi/openapi3/internalize_refs.go:260.27,262.3 1 0
github.com/getkin/kin-openapi/openapi3/internalize_refs.go:263.2,263.43 1 0
github.com/getkin/kin-openapi/openapi3/internalize_refs.go:263.43,265.3 1 0
github.com/getkin/kin-openapi/openapi3/internalize_refs.go:266.2,267.49 2 0
github.com/getkin/kin-openapi/openapi3/internalize_refs.go:271.103,272.57 1 0
github.com/getkin/kin-openapi/openapi3/internalize_refs.go:272.57,274.3 1 0
github.com/getkin/kin-openapi/openapi3/internalize_refs.go:275.2,276.27 2 0
github.com/getkin/kin-openapi/openapi3/internalize_refs.go:276.27,277.49 1 0
github.com/getkin/kin-openapi/openapi3/internalize_refs.go:277.49,280.4 2 0
github.com/getkin/kin-openapi/openapi3/internalize_refs.go:283.2,283.27 1 0
github.com/getkin/kin-openapi/openapi3/internalize_refs.go:283.27,285.3 1 0
github.com/getkin/kin-openapi/openapi3/internalize_refs.go:286.2,286.36 1 0
github.com/getkin/kin-openapi/openapi3/internalize_refs.go:286.36,288.3 1 0
github.com/getkin/kin-openapi/openapi3/internalize_refs.go:289.2,290.41 2 0
github.com/getkin/kin-openapi/openapi3/internalize_refs.go:294.97,295.57 1 0
github.com/getkin/kin-openapi/openapi3/internalize_refs.go:295.57,297.3 1 0
github.com/getkin/kin-openapi/openapi3/internalize_refs.go:298.2,299.27 2 0
github.com/getkin/kin-openapi/openapi3/internalize_refs.go:299.27,300.46 1 0
github.com/getkin/kin-openapi/openapi3/internalize_refs.go:300.46,303.4 2 0
github.com/getkin/kin-openapi/openapi3/internalize_refs.go:306.2,306.27 1 0
github.com/getkin/kin-openapi/openapi3/internalize_refs.go:306.27,308.3 1 0
github.com/getkin/kin-openapi/openapi3/internalize_refs.go:309.2,309.33 1 0
github.com/getkin/kin-openapi/openapi3/internalize_refs.go:309.33,311.3 1 0
github.com/getkin/kin-openapi/openapi3/internalize_refs.go:312.2,313.38 2 0
github.com/getkin/kin-openapi/openapi3/internalize_refs.go:317.110,318.57 1 0
github.com/getkin/kin-openapi/openapi3/internalize_refs.go:318.57,320.3 1 0
github.com/getkin/kin-openapi/openapi3/internalize_refs.go:321.2,323.27 2 0
github.com/getkin/kin-openapi/openapi3/internalize_refs.go:323.27,325.3 1 0
github.com/getkin/kin-openapi/openapi3/internalize_refs.go:326.2,326.37 1 0
github.com/getkin/kin-openapi/openapi3/internalize_refs.go:326.37,328.3 1 0
github.com/getkin/kin-openapi/openapi3/internalize_refs.go:329.2,331.13 3 0
github.com/getkin/kin-openapi/openapi3/internalize_refs.go:334.94,335.40 1 0
github.com/getkin/kin-openapi/openapi3/internalize_refs.go:335.40,337.3 1 0
github.com/getkin/kin-openapi/openapi3/internalize_refs.go:339.2,339.63 1 0
github.com/getkin/kin-openapi/openapi3/internalize_refs.go:339.63,340.27 1 0
github.com/getkin/kin-openapi/openapi3/internalize_refs.go:340.27,342.17 2 0
github.com/getkin/kin-openapi/openapi3/internalize_refs.go:342.17,344.5 1 0
github.com/getkin/kin-openapi/openapi3/internalize_refs.go:350.2,350.28 1 0
github.com/getkin/kin-openapi/openapi3/internalize_refs.go:350.28,351.61 1 0
github.com/getkin/kin-openapi/openapi3/internalize_refs.go:351.61,357.4 5 0
github.com/getkin/kin-openapi/openapi3/internalize_refs.go:360.2,360.52 1 0
github.com/getkin/kin-openapi/openapi3/internalize_refs.go:360.52,363.16 3 0
github.com/getkin/kin-openapi/openapi3/internalize_refs.go:363.16,365.4 1 0
github.com/getkin/kin-openapi/openapi3/internalize_refs.go:367.2,367.82 1 0
github.com/getkin/kin-openapi/openapi3/internalize_refs.go:367.82,369.17 2 0
github.com/getkin/kin-openapi/openapi3/internalize_refs.go:369.17,371.4 1 0
github.com/getkin/kin-openapi/openapi3/internalize_refs.go:375.96,376.42 1 0
github.com/getkin/kin-openapi/openapi3/internalize_refs.go:376.42,379.35 3 0
github.com/getkin/kin-openapi/openapi3/internalize_refs.go:379.35,380.12 1 0
github.com/getkin/kin-openapi/openapi3/internalize_refs.go:382.3,382.89 1 0
github.com/getkin/kin-openapi/openapi3/internalize_refs.go:386.98,387.42 1 0
github.com/getkin/kin-openapi/openapi3/internalize_refs.go:387.42,390.3 2 0
github.com/getkin/kin-openapi/openapi3/internalize_refs.go:393.95,394.41 1 0
github.com/getkin/kin-openapi/openapi3/internalize_refs.go:394.41,397.30 3 0
github.com/getkin/kin-openapi/openapi3/internalize_refs.go:397.30,399.4 1 0
github.com/getkin/kin-openapi/openapi3/internalize_refs.go:400.3,401.59 2 0
github.com/getkin/kin-openapi/openapi3/internalize_refs.go:401.59,404.4 2 0
github.com/getkin/kin-openapi/openapi3/internalize_refs.go:408.92,409.42 1 0
github.com/getkin/kin-openapi/openapi3/internalize_refs.go:409.42,412.3 2 0
github.com/getkin/kin-openapi/openapi3/internalize_refs.go:415.101,417.28 2 0
github.com/getkin/kin-openapi/openapi3/internalize_refs.go:417.28,421.3 3 0
github.com/getkin/kin-openapi/openapi3/internalize_refs.go:424.101,426.2 1 0
github.com/getkin/kin-openapi/openapi3/internalize_refs.go:428.110,429.42 1 0
github.com/getkin/kin-openapi/openapi3/internalize_refs.go:429.42,432.3 2 0
github.com/getkin/kin-openapi/openapi3/internalize_refs.go:435.99,438.21 3 0
github.com/getkin/kin-openapi/openapi3/internalize_refs.go:438.21,440.3 1 0
github.com/getkin/kin-openapi/openapi3/internalize_refs.go:443.103,445.2 1 0
github.com/getkin/kin-openapi/openapi3/internalize_refs.go:447.110,448.45 1 0
github.com/getkin/kin-openapi/openapi3/internalize_refs.go:448.45,454.40 4 0
github.com/getkin/kin-openapi/openapi3/internalize_refs.go:454.40,456.26 2 0
github.com/getkin/kin-openapi/openapi3/internalize_refs.go:456.26,458.5 1 0
github.com/getkin/kin-openapi/openapi3/internalize_refs.go:461.3,462.54 2 0
github.com/getkin/kin-openapi/openapi3/internalize_refs.go:462.54,465.60 3 0
github.com/getkin/kin-openapi/openapi3/internalize_refs.go:465.60,467.5 1 0
github.com/getkin/kin-openapi/openapi3/internalize_refs.go:468.4,468.54 1 0
github.com/getkin/kin-openapi/openapi3/internalize_refs.go:468.54,471.24 3 0
github.com/getkin/kin-openapi/openapi3/internalize_refs.go:471.24,474.6 2 0
github.com/getkin/kin-openapi/openapi3/internalize_refs.go:476.4,477.40 2 0
github.com/getkin/kin-openapi/openapi3/internalize_refs.go:477.40,479.27 2 0
github.com/getkin/kin-openapi/openapi3/internalize_refs.go:479.27,481.6 1 0
github.com/getkin/kin-openapi/openapi3/internalize_refs.go:498.99,501.28 2 0
github.com/getkin/kin-openapi/openapi3/internalize_refs.go:501.28,503.3 1 0
github.com/getkin/kin-openapi/openapi3/internalize_refs.go:505.2,505.53 1 0
github.com/getkin/kin-openapi/openapi3/internalize_refs.go:505.53,506.59 1 0
github.com/getkin/kin-openapi/openapi3/internalize_refs.go:506.59,509.21 3 0
github.com/getkin/kin-openapi/openapi3/internalize_refs.go:509.21,512.5 2 0
github.com/getkin/kin-openapi/openapi3/internalize_refs.go:514.3,514.62 1 0
github.com/getkin/kin-openapi/openapi3/internalize_refs.go:514.62,517.34 3 0
github.com/getkin/kin-openapi/openapi3/internalize_refs.go:517.34,520.5 2 0
github.com/getkin/kin-openapi/openapi3/internalize_refs.go:522.3,523.65 2 0
github.com/getkin/kin-openapi/openapi3/internalize_refs.go:523.65,526.38 3 0
github.com/getkin/kin-openapi/openapi3/internalize_refs.go:526.38,529.5 2 0
github.com/getkin/kin-openapi/openapi3/internalize_refs.go:531.3,532.67 2 0
github.com/getkin/kin-openapi/openapi3/internalize_refs.go:532.67,535.4 2 0
github.com/getkin/kin-openapi/openapi3/internalize_refs.go:536.3,539.61 3 0
github.com/getkin/kin-openapi/openapi3/internalize_refs.go:539.61,542.36 3 0
github.com/getkin/kin-openapi/openapi3/internalize_refs.go:542.36,546.5 3 0
github.com/getkin/kin-openapi/openapi3/internalize_refs.go:550.2,550.57 1 0
github.com/getkin/kin-openapi/openapi3/license.go:25.54,27.16 2 0
github.com/getkin/kin-openapi/openapi3/license.go:27.16,29.3 1 0
github.com/getkin/kin-openapi/openapi3/license.go:30.2,30.24 1 0
github.com/getkin/kin-openapi/openapi3/license.go:34.51,38.31 4 0
github.com/getkin/kin-openapi/openapi3/license.go:38.31,40.3 1 0
github.com/getkin/kin-openapi/openapi3/license.go:41.2,41.38 1 0
github.com/getkin/kin-openapi/openapi3/license.go:41.38,43.3 1 0
github.com/getkin/kin-openapi/openapi3/license.go:44.2,44.15 1 0
github.com/getkin/kin-openapi/openapi3/license.go:48.58,51.49 3 0
github.com/getkin/kin-openapi/openapi3/license.go:51.49,53.3 1 0
github.com/getkin/kin-openapi/openapi3/license.go:54.2,58.28 5 0
github.com/getkin/kin-openapi/openapi3/license.go:58.28,60.3 1 0
github.com/getkin/kin-openapi/openapi3/license.go:61.2,62.12 2 0
github.com/getkin/kin-openapi/openapi3/license.go:66.87,70.79 3 0
github.com/getkin/kin-openapi/openapi3/license.go:70.79,71.85 1 0
github.com/getkin/kin-openapi/openapi3/license.go:71.85,73.4 1 0
github.com/getkin/kin-openapi/openapi3/license.go:76.2,76.24 1 0
github.com/getkin/kin-openapi/openapi3/license.go:76.24,77.73 1 0
github.com/getkin/kin-openapi/openapi3/license.go:77.73,79.4 1 0
github.com/getkin/kin-openapi/openapi3/license.go:82.2,82.51 1 0
github.com/getkin/kin-openapi/openapi3/license.go:82.51,83.83 1 0
github.com/getkin/kin-openapi/openapi3/license.go:83.83,85.4 1 0
github.com/getkin/kin-openapi/openapi3/license.go:88.2,88.81 1 0
github.com/getkin/kin-openapi/openapi3/link.go:24.48,26.16 2 0
github.com/getkin/kin-openapi/openapi3/link.go:26.16,28.3 1 0
github.com/getkin/kin-openapi/openapi3/link.go:29.2,29.24 1 0
github.com/getkin/kin-openapi/openapi3/link.go:33.45,37.37 3 0
github.com/getkin/kin-openapi/openapi3/link.go:37.37,39.3 1 0
github.com/getkin/kin-openapi/openapi3/link.go:40.2,40.36 1 0
github.com/getkin/kin-openapi/openapi3/link.go:40.36,42.3 1 0
github.com/getkin/kin-openapi/openapi3/link.go:43.2,43.36 1 0
github.com/getkin/kin-openapi/openapi3/link.go:43.36,45.3 1 0
github.com/getkin/kin-openapi/openapi3/link.go:46.2,46.39 1 0
github.com/getkin/kin-openapi/openapi3/link.go:46.39,48.3 1 0
github.com/getkin/kin-openapi/openapi3/link.go:49.2,49.32 1 0
github.com/getkin/kin-openapi/openapi3/link.go:49.32,51.3 1 0
github.com/getkin/kin-openapi/openapi3/link.go:52.2,52.37 1 0
github.com/getkin/kin-openapi/openapi3/link.go:52.37,54.3 1 0
github.com/getkin/kin-openapi/openapi3/link.go:56.2,56.15 1 0
github.com/getkin/kin-openapi/openapi3/link.go:60.52,63.49 3 0
github.com/getkin/kin-openapi/openapi3/link.go:63.49,65.3 1 0
github.com/getkin/kin-openapi/openapi3/link.go:66.2,74.28 8 0
github.com/getkin/kin-openapi/openapi3/link.go:74.28,76.3 1 0
github.com/getkin/kin-openapi/openapi3/link.go:77.2,78.12 2 0
github.com/getkin/kin-openapi/openapi3/link.go:82.81,85.55 2 0
github.com/getkin/kin-openapi/openapi3/link.go:85.55,87.3 1 0
github.com/getkin/kin-openapi/openapi3/link.go:88.2,88.55 1 0
github.com/getkin/kin-openapi/openapi3/link.go:88.55,90.3 1 0
github.com/getkin/kin-openapi/openapi3/link.go:92.2,92.62 1 0
github.com/getkin/kin-openapi/openapi3/loader.go:23.63,25.2 1 0
github.com/getkin/kin-openapi/openapi3/loader.go:80.26,85.2 1 1
github.com/getkin/kin-openapi/openapi3/loader.go:87.50,92.2 4 1
github.com/getkin/kin-openapi/openapi3/loader.go:95.66,98.2 2 1
github.com/getkin/kin-openapi/openapi3/loader.go:101.65,104.2 2 1
github.com/getkin/kin-openapi/openapi3/loader.go:106.74,108.16 2 1
github.com/getkin/kin-openapi/openapi3/loader.go:108.16,110.3 1 0
github.com/getkin/kin-openapi/openapi3/loader.go:111.2,111.60 1 1
github.com/getkin/kin-openapi/openapi3/loader.go:114.66,115.35 1 0
github.com/getkin/kin-openapi/openapi3/loader.go:115.35,117.3 1 0
github.com/getkin/kin-openapi/openapi3/loader.go:118.2,118.8 1 0
github.com/getkin/kin-openapi/openapi3/loader.go:121.110,125.35 1 0
github.com/getkin/kin-openapi/openapi3/loader.go:125.35,126.56 1 0
github.com/getkin/kin-openapi/openapi3/loader.go:126.56,128.4 1 0
github.com/getkin/kin-openapi/openapi3/loader.go:131.2,132.16 2 0
github.com/getkin/kin-openapi/openapi3/loader.go:132.16,134.3 1 0
github.com/getkin/kin-openapi/openapi3/loader.go:135.2,135.47 1 0
github.com/getkin/kin-openapi/openapi3/loader.go:135.47,137.3 1 0
github.com/getkin/kin-openapi/openapi3/loader.go:139.2,140.16 2 0
github.com/getkin/kin-openapi/openapi3/loader.go:140.16,142.3 1 0
github.com/getkin/kin-openapi/openapi3/loader.go:143.2,143.88 1 0
github.com/getkin/kin-openapi/openapi3/loader.go:143.88,145.3 1 0
github.com/getkin/kin-openapi/openapi3/loader.go:147.2,147.26 1 0
github.com/getkin/kin-openapi/openapi3/loader.go:152.68,153.17 1 1
github.com/getkin/kin-openapi/openapi3/loader.go:153.17,155.3 1 1
github.com/getkin/kin-openapi/openapi3/loader.go:156.2,156.31 1 0
github.com/getkin/kin-openapi/openapi3/loader.go:156.31,158.3 1 0
github.com/getkin/kin-openapi/openapi3/loader.go:159.2,159.32 1 0
github.com/getkin/kin-openapi/openapi3/loader.go:162.66,163.43 1 1
github.com/getkin/kin-openapi/openapi3/loader.go:163.43,165.3 1 0
github.com/getkin/kin-openapi/openapi3/loader.go:166.2,166.45 1 1
github.com/getkin/kin-openapi/openapi3/loader.go:170.51,172.2 1 0
github.com/getkin/kin-openapi/openapi3/loader.go:175.70,176.19 1 0
github.com/getkin/kin-openapi/openapi3/loader.go:176.19,178.3 1 0
github.com/getkin/kin-openapi/openapi3/loader.go:180.2,181.16 2 0
github.com/getkin/kin-openapi/openapi3/loader.go:181.16,183.3 1 0
github.com/getkin/kin-openapi/openapi3/loader.go:184.2,184.34 1 0
github.com/getkin/kin-openapi/openapi3/loader.go:188.61,192.16 4 0
github.com/getkin/kin-openapi/openapi3/loader.go:192.16,194.3 1 0
github.com/getkin/kin-openapi/openapi3/loader.go:195.2,196.55 2 0
github.com/getkin/kin-openapi/openapi3/loader.go:196.55,198.3 1 0
github.com/getkin/kin-openapi/openapi3/loader.go:199.2,199.17 1 0
github.com/getkin/kin-openapi/openapi3/loader.go:204.88,207.2 2 0
github.com/getkin/kin-openapi/openapi3/loader.go:209.96,210.36 1 1
github.com/getkin/kin-openapi/openapi3/loader.go:210.36,213.3 2 1
github.com/getkin/kin-openapi/openapi3/loader.go:214.2,215.49 2 1
github.com/getkin/kin-openapi/openapi3/loader.go:215.49,217.3 1 0
github.com/getkin/kin-openapi/openapi3/loader.go:219.2,223.16 4 1
github.com/getkin/kin-openapi/openapi3/loader.go:223.16,225.3 1 0
github.com/getkin/kin-openapi/openapi3/loader.go:226.2,230.60 3 1
github.com/getkin/kin-openapi/openapi3/loader.go:230.60,232.3 1 0
github.com/getkin/kin-openapi/openapi3/loader.go:234.2,234.17 1 1
github.com/getkin/kin-openapi/openapi3/loader.go:238.76,239.27 1 1
github.com/getkin/kin-openapi/openapi3/loader.go:239.27,241.3 1 0
github.com/getkin/kin-openapi/openapi3/loader.go:243.2,243.39 1 1
github.com/getkin/kin-openapi/openapi3/loader.go:243.39,245.3 1 0
github.com/getkin/kin-openapi/openapi3/loader.go:247.2,247.53 1 1
github.com/getkin/kin-openapi/openapi3/loader.go:247.53,248.59 1 1
github.com/getkin/kin-openapi/openapi3/loader.go:248.59,250.75 2 0
github.com/getkin/kin-openapi/openapi3/loader.go:250.75,252.5 1 0
github.com/getkin/kin-openapi/openapi3/loader.go:254.3,254.62 1 1
github.com/getkin/kin-openapi/openapi3/loader.go:254.62,256.78 2 0
github.com/getkin/kin-openapi/openapi3/loader.go:256.78,258.5 1 0
github.com/getkin/kin-openapi/openapi3/loader.go:260.3,260.65 1 1
github.com/getkin/kin-openapi/openapi3/loader.go:260.65,262.80 2 0
github.com/getkin/kin-openapi/openapi3/loader.go:262.80,264.5 1 0
github.com/getkin/kin-openapi/openapi3/loader.go:266.3,266.61 1 1
github.com/getkin/kin-openapi/openapi3/loader.go:266.61,268.77 2 0
github.com/getkin/kin-openapi/openapi3/loader.go:268.77,270.5 1 0
github.com/getkin/kin-openapi/openapi3/loader.go:272.3,272.59 1 1
github.com/getkin/kin-openapi/openapi3/loader.go:272.59,274.87 2 0
github.com/getkin/kin-openapi/openapi3/loader.go:274.87,276.5 1 0
github.com/getkin/kin-openapi/openapi3/loader.go:278.3,278.67 1 1
github.com/getkin/kin-openapi/openapi3/loader.go:278.67,280.83 2 1
github.com/getkin/kin-openapi/openapi3/loader.go:280.83,282.5 1 0
github.com/getkin/kin-openapi/openapi3/loader.go:284.3,284.60 1 1
github.com/getkin/kin-openapi/openapi3/loader.go:284.60,286.76 2 0
github.com/getkin/kin-openapi/openapi3/loader.go:286.76,288.5 1 0
github.com/getkin/kin-openapi/openapi3/loader.go:290.3,290.61 1 1
github.com/getkin/kin-openapi/openapi3/loader.go:290.61,292.77 2 0
github.com/getkin/kin-openapi/openapi3/loader.go:292.77,294.5 1 0
github.com/getkin/kin-openapi/openapi3/loader.go:299.2,300.49 2 1
github.com/getkin/kin-openapi/openapi3/loader.go:300.49,302.22 2 1
github.com/getkin/kin-openapi/openapi3/loader.go:302.22,303.12 1 0
github.com/getkin/kin-openapi/openapi3/loader.go:305.3,305.75 1 1
github.com/getkin/kin-openapi/openapi3/loader.go:305.75,307.4 1 0
github.com/getkin/kin-openapi/openapi3/loader.go:310.2,310.52 1 1
github.com/getkin/kin-openapi/openapi3/loader.go:310.52,311.54 1 0
github.com/getkin/kin-openapi/openapi3/loader.go:311.54,312.76 1 0
github.com/getkin/kin-openapi/openapi3/loader.go:312.76,314.5 1 0
github.com/getkin/kin-openapi/openapi3/loader.go:318.2,318.8 1 1
github.com/getkin/kin-openapi/openapi3/loader.go:321.69,322.21 1 0
github.com/getkin/kin-openapi/openapi3/loader.go:322.21,324.3 1 0
github.com/getkin/kin-openapi/openapi3/loader.go:325.2,327.17 3 0
github.com/getkin/kin-openapi/openapi3/loader.go:330.87,331.28 1 0
github.com/getkin/kin-openapi/openapi3/loader.go:331.28,333.41 1 0
github.com/getkin/kin-openapi/openapi3/loader.go:333.41,335.4 1 0
github.com/getkin/kin-openapi/openapi3/loader.go:336.3,336.29 1 0
github.com/getkin/kin-openapi/openapi3/loader.go:336.29,338.4 1 0
github.com/getkin/kin-openapi/openapi3/loader.go:339.3,339.46 1 0
github.com/getkin/kin-openapi/openapi3/loader.go:341.2,341.22 1 0
github.com/getkin/kin-openapi/openapi3/loader.go:344.91,346.16 2 0
github.com/getkin/kin-openapi/openapi3/loader.go:346.16,348.3 1 0
github.com/getkin/kin-openapi/openapi3/loader.go:350.2,352.26 3 0
github.com/getkin/kin-openapi/openapi3/loader.go:355.83,356.32 1 0
github.com/getkin/kin-openapi/openapi3/loader.go:356.32,360.18 2 0
github.com/getkin/kin-openapi/openapi3/loader.go:360.18,362.4 1 0
github.com/getkin/kin-openapi/openapi3/loader.go:364.3,365.19 2 0
github.com/getkin/kin-openapi/openapi3/loader.go:371.2,371.35 1 0
github.com/getkin/kin-openapi/openapi3/loader.go:371.35,372.56 1 0
github.com/getkin/kin-openapi/openapi3/loader.go:372.56,374.4 1 0
github.com/getkin/kin-openapi/openapi3/loader.go:377.2,378.16 2 0
github.com/getkin/kin-openapi/openapi3/loader.go:378.16,380.3 1 0
github.com/getkin/kin-openapi/openapi3/loader.go:382.2,382.26 1 0
github.com/getkin/kin-openapi/openapi3/loader.go:385.42,387.2 1 0
github.com/getkin/kin-openapi/openapi3/loader.go:389.44,390.31 1 0
github.com/getkin/kin-openapi/openapi3/loader.go:390.31,393.3 2 0
github.com/getkin/kin-openapi/openapi3/loader.go:394.2,395.38 2 0
github.com/getkin/kin-openapi/openapi3/loader.go:398.57,399.18 1 0
github.com/getkin/kin-openapi/openapi3/loader.go:399.18,400.44 1 0
github.com/getkin/kin-openapi/openapi3/loader.go:400.44,402.4 1 0
github.com/getkin/kin-openapi/openapi3/loader.go:404.2,406.69 3 0
github.com/getkin/kin-openapi/openapi3/loader.go:409.75,410.42 1 0
github.com/getkin/kin-openapi/openapi3/loader.go:410.42,413.3 2 0
github.com/getkin/kin-openapi/openapi3/loader.go:414.2,414.13 1 0
github.com/getkin/kin-openapi/openapi3/loader.go:421.3,422.102 1 0
github.com/getkin/kin-openapi/openapi3/loader.go:422.102,424.3 1 0
github.com/getkin/kin-openapi/openapi3/loader.go:426.2,427.16 2 0
github.com/getkin/kin-openapi/openapi3/loader.go:427.16,429.3 1 0
github.com/getkin/kin-openapi/openapi3/loader.go:430.2,431.20 2 0
github.com/getkin/kin-openapi/openapi3/loader.go:431.20,433.3 1 0
github.com/getkin/kin-openapi/openapi3/loader.go:434.2,434.24 1 0
github.com/getkin/kin-openapi/openapi3/loader.go:434.24,436.3 1 0
github.com/getkin/kin-openapi/openapi3/loader.go:438.2,438.41 1 0
github.com/getkin/kin-openapi/openapi3/loader.go:438.41,439.61 1 0
github.com/getkin/kin-openapi/openapi3/loader.go:439.61,443.30 3 0
github.com/getkin/kin-openapi/openapi3/loader.go:446.12,447.23 1 0
github.com/getkin/kin-openapi/openapi3/loader.go:447.23,450.6 2 0
github.com/getkin/kin-openapi/openapi3/loader.go:453.20,454.43 1 0
github.com/getkin/kin-openapi/openapi3/loader.go:454.43,455.59 1 0
github.com/getkin/kin-openapi/openapi3/loader.go:455.59,457.7 1 0
github.com/getkin/kin-openapi/openapi3/loader.go:457.12,459.7 1 0
github.com/getkin/kin-openapi/openapi3/loader.go:460.6,460.22 1 0
github.com/getkin/kin-openapi/openapi3/loader.go:463.20,464.17 1 0
github.com/getkin/kin-openapi/openapi3/loader.go:465.19,466.17 1 0
github.com/getkin/kin-openapi/openapi3/loader.go:467.16,468.17 1 0
github.com/getkin/kin-openapi/openapi3/loader.go:471.4,471.18 1 0
github.com/getkin/kin-openapi/openapi3/loader.go:471.18,472.67 1 0
github.com/getkin/kin-openapi/openapi3/loader.go:472.67,475.6 2 0
github.com/getkin/kin-openapi/openapi3/loader.go:478.4,478.21 1 0
github.com/getkin/kin-openapi/openapi3/loader.go:478.21,480.5 1 0
github.com/getkin/kin-openapi/openapi3/loader.go:482.3,482.21 1 0
github.com/getkin/kin-openapi/openapi3/loader.go:484.2,485.51 2 0
github.com/getkin/kin-openapi/openapi3/loader.go:485.51,486.18 1 0
github.com/getkin/kin-openapi/openapi3/loader.go:486.18,488.4 1 0
github.com/getkin/kin-openapi/openapi3/loader.go:489.3,491.18 3 0
github.com/getkin/kin-openapi/openapi3/loader.go:491.18,493.4 1 0
github.com/getkin/kin-openapi/openapi3/loader.go:494.3,494.82 1 0
github.com/getkin/kin-openapi/openapi3/loader.go:494.82,496.4 1 0
github.com/getkin/kin-openapi/openapi3/loader.go:497.3,497.65 1 0
github.com/getkin/kin-openapi/openapi3/loader.go:497.65,499.4 1 0
github.com/getkin/kin-openapi/openapi3/loader.go:500.3,500.12 1 0
github.com/getkin/kin-openapi/openapi3/loader.go:503.2,503.33 1 0
github.com/getkin/kin-openapi/openapi3/loader.go:503.33,506.10 1 0
github.com/getkin/kin-openapi/openapi3/loader.go:506.10,510.22 2 0
github.com/getkin/kin-openapi/openapi3/loader.go:510.22,512.5 1 0
github.com/getkin/kin-openapi/openapi3/loader.go:513.4,515.25 2 0
github.com/getkin/kin-openapi/openapi3/loader.go:519.2,519.9 1 0
github.com/getkin/kin-openapi/openapi3/loader.go:520.58,524.42 3 0
github.com/getkin/kin-openapi/openapi3/loader.go:526.67,527.40 1 0
github.com/getkin/kin-openapi/openapi3/loader.go:527.40,529.18 2 0
github.com/getkin/kin-openapi/openapi3/loader.go:529.18,531.5 1 0
github.com/getkin/kin-openapi/openapi3/loader.go:532.4,532.53 1 0
github.com/getkin/kin-openapi/openapi3/loader.go:532.53,534.5 1 0
github.com/getkin/kin-openapi/openapi3/loader.go:536.4,537.14 2 0
github.com/getkin/kin-openapi/openapi3/loader.go:539.3,539.49 1 0
github.com/getkin/kin-openapi/openapi3/loader.go:539.49,541.4 1 0
github.com/getkin/kin-openapi/openapi3/loader.go:545.3,546.42 2 0
github.com/getkin/kin-openapi/openapi3/loader.go:548.10,549.92 1 0
github.com/getkin/kin-openapi/openapi3/loader.go:561.94,562.27 1 0
github.com/getkin/kin-openapi/openapi3/loader.go:562.27,564.3 1 0
github.com/getkin/kin-openapi/openapi3/loader.go:565.2,566.17 2 0
github.com/getkin/kin-openapi/openapi3/loader.go:566.17,568.3 1 0
github.com/getkin/kin-openapi/openapi3/loader.go:569.2,569.71 1 0
github.com/getkin/kin-openapi/openapi3/loader.go:569.71,570.17 1 0
github.com/getkin/kin-openapi/openapi3/loader.go:570.17,571.12 1 0
github.com/getkin/kin-openapi/openapi3/loader.go:573.3,573.63 1 0
github.com/getkin/kin-openapi/openapi3/loader.go:573.63,575.4 1 0
github.com/getkin/kin-openapi/openapi3/loader.go:577.2,577.30 1 0
github.com/getkin/kin-openapi/openapi3/loader.go:580.33,581.18 1 0
github.com/getkin/kin-openapi/openapi3/loader.go:582.17,583.27 1 0
github.com/getkin/kin-openapi/openapi3/loader.go:584.20,585.34 1 0
github.com/getkin/kin-openapi/openapi3/loader.go:586.19,587.33 1 0
github.com/getkin/kin-openapi/openapi3/loader.go:588.18,589.32 1 0
github.com/getkin/kin-openapi/openapi3/loader.go:590.16,591.30 1 0
github.com/getkin/kin-openapi/openapi3/loader.go:592.21,593.35 1 0
github.com/getkin/kin-openapi/openapi3/loader.go:594.17,595.27 1 0
github.com/getkin/kin-openapi/openapi3/loader.go:596.23,597.37 1 0
github.com/getkin/kin-openapi/openapi3/loader.go:598.20,599.34 1 0
github.com/getkin/kin-openapi/openapi3/loader.go:600.18,601.32 1 0
github.com/getkin/kin-openapi/openapi3/loader.go:602.26,603.40 1 0
github.com/getkin/kin-openapi/openapi3/loader.go:604.10,605.42 1 0
github.com/getkin/kin-openapi/openapi3/loader.go:609.64,610.70 1 0
github.com/getkin/kin-openapi/openapi3/loader.go:612.19,614.30 2 0
github.com/getkin/kin-openapi/openapi3/loader.go:614.30,616.4 1 0
github.com/getkin/kin-openapi/openapi3/loader.go:617.3,617.39 1 0
github.com/getkin/kin-openapi/openapi3/loader.go:619.21,621.17 2 0
github.com/getkin/kin-openapi/openapi3/loader.go:621.17,623.4 1 0
github.com/getkin/kin-openapi/openapi3/loader.go:624.3,625.38 2 0
github.com/getkin/kin-openapi/openapi3/loader.go:625.38,627.4 1 0
github.com/getkin/kin-openapi/openapi3/loader.go:628.3,628.43 1 0
github.com/getkin/kin-openapi/openapi3/loader.go:630.22,632.33 2 0
github.com/getkin/kin-openapi/openapi3/loader.go:632.33,634.70 2 0
github.com/getkin/kin-openapi/openapi3/loader.go:634.70,635.66 1 0
github.com/getkin/kin-openapi/openapi3/loader.go:635.66,636.30 1 0
github.com/getkin/kin-openapi/openapi3/loader.go:636.30,638.7 1 0
github.com/getkin/kin-openapi/openapi3/loader.go:644.3,644.51 1 0
github.com/getkin/kin-openapi/openapi3/loader.go:644.51,647.4 1 0
github.com/getkin/kin-openapi/openapi3/loader.go:648.3,648.16 1 0
github.com/getkin/kin-openapi/openapi3/loader.go:648.16,649.78 1 0
github.com/getkin/kin-openapi/openapi3/loader.go:649.78,651.45 2 0
github.com/getkin/kin-openapi/openapi3/loader.go:651.45,653.6 1 0
github.com/getkin/kin-openapi/openapi3/loader.go:656.3,656.65 1 0
github.com/getkin/kin-openapi/openapi3/loader.go:658.10,659.56 1 0
github.com/getkin/kin-openapi/openapi3/loader.go:663.110,664.32 1 0
github.com/getkin/kin-openapi/openapi3/loader.go:664.32,666.3 1 0
github.com/getkin/kin-openapi/openapi3/loader.go:668.2,669.16 2 0
github.com/getkin/kin-openapi/openapi3/loader.go:669.16,671.3 1 0
github.com/getkin/kin-openapi/openapi3/loader.go:673.2,673.69 1 0
github.com/getkin/kin-openapi/openapi3/loader.go:673.69,675.3 1 0
github.com/getkin/kin-openapi/openapi3/loader.go:677.2,677.41 1 0
github.com/getkin/kin-openapi/openapi3/loader.go:680.87,682.16 2 0
github.com/getkin/kin-openapi/openapi3/loader.go:682.16,684.3 1 0
github.com/getkin/kin-openapi/openapi3/loader.go:686.2,688.39 3 0
github.com/getkin/kin-openapi/openapi3/loader.go:704.91,705.73 1 0
github.com/getkin/kin-openapi/openapi3/loader.go:705.73,707.3 1 0
github.com/getkin/kin-openapi/openapi3/loader.go:709.2,709.44 1 0
github.com/getkin/kin-openapi/openapi3/loader.go:712.105,715.25 2 0
github.com/getkin/kin-openapi/openapi3/loader.go:715.25,717.3 1 0
github.com/getkin/kin-openapi/openapi3/loader.go:719.2,719.37 1 0
github.com/getkin/kin-openapi/openapi3/loader.go:719.37,720.29 1 0
github.com/getkin/kin-openapi/openapi3/loader.go:720.29,722.4 1 0
github.com/getkin/kin-openapi/openapi3/loader.go:723.3,723.50 1 0
github.com/getkin/kin-openapi/openapi3/loader.go:723.50,728.4 4 0
github.com/getkin/kin-openapi/openapi3/loader.go:728.6,730.4 1 0
github.com/getkin/kin-openapi/openapi3/loader.go:731.3,732.30 2 0
github.com/getkin/kin-openapi/openapi3/loader.go:732.30,734.99 2 0
github.com/getkin/kin-openapi/openapi3/loader.go:734.99,736.5 1 0
github.com/getkin/kin-openapi/openapi3/loader.go:737.4,738.38 2 0
github.com/getkin/kin-openapi/openapi3/loader.go:739.9,742.18 3 0
github.com/getkin/kin-openapi/openapi3/loader.go:742.18,744.5 1 0
github.com/getkin/kin-openapi/openapi3/loader.go:745.4,745.81 1 0
github.com/getkin/kin-openapi/openapi3/loader.go:745.81,746.29 1 0
github.com/getkin/kin-openapi/openapi3/loader.go:746.29,748.6 1 0
github.com/getkin/kin-openapi/openapi3/loader.go:749.5,749.15 1 0
github.com/getkin/kin-openapi/openapi3/loader.go:751.4,752.44 2 0
github.com/getkin/kin-openapi/openapi3/loader.go:754.3,755.73 2 0
github.com/getkin/kin-openapi/openapi3/loader.go:757.2,758.18 2 0
github.com/getkin/kin-openapi/openapi3/loader.go:758.18,760.3 1 0
github.com/getkin/kin-openapi/openapi3/loader.go:762.2,762.43 1 0
github.com/getkin/kin-openapi/openapi3/loader.go:762.43,763.88 1 0
github.com/getkin/kin-openapi/openapi3/loader.go:763.88,765.4 1 0
github.com/getkin/kin-openapi/openapi3/loader.go:767.2,767.51 1 0
github.com/getkin/kin-openapi/openapi3/loader.go:767.51,768.88 1 0
github.com/getkin/kin-openapi/openapi3/loader.go:768.88,770.4 1 0
github.com/getkin/kin-openapi/openapi3/loader.go:772.2,772.12 1 0
github.com/getkin/kin-openapi/openapi3/loader.go:775.100,776.73 1 0
github.com/getkin/kin-openapi/openapi3/loader.go:776.73,778.3 1 0
github.com/getkin/kin-openapi/openapi3/loader.go:780.2,780.44 1 0
github.com/getkin/kin-openapi/openapi3/loader.go:783.111,786.25 2 0
github.com/getkin/kin-openapi/openapi3/loader.go:786.25,788.3 1 0
github.com/getkin/kin-openapi/openapi3/loader.go:790.2,790.37 1 0
github.com/getkin/kin-openapi/openapi3/loader.go:790.37,791.29 1 0
github.com/getkin/kin-openapi/openapi3/loader.go:791.29,793.4 1 0
github.com/getkin/kin-openapi/openapi3/loader.go:794.3,794.50 1 0
github.com/getkin/kin-openapi/openapi3/loader.go:794.50,799.4 4 0
github.com/getkin/kin-openapi/openapi3/loader.go:799.6,801.4 1 0
github.com/getkin/kin-openapi/openapi3/loader.go:802.3,803.30 2 0
github.com/getkin/kin-openapi/openapi3/loader.go:803.30,805.98 2 0
github.com/getkin/kin-openapi/openapi3/loader.go:805.98,807.5 1 0
github.com/getkin/kin-openapi/openapi3/loader.go:808.4,809.38 2 0
github.com/getkin/kin-openapi/openapi3/loader.go:810.9,813.18 3 0
github.com/getkin/kin-openapi/openapi3/loader.go:813.18,815.5 1 0
github.com/getkin/kin-openapi/openapi3/loader.go:816.4,816.84 1 0
github.com/getkin/kin-openapi/openapi3/loader.go:816.84,817.32 1 0
github.com/getkin/kin-openapi/openapi3/loader.go:817.32,819.6 1 0
github.com/getkin/kin-openapi/openapi3/loader.go:820.5,820.15 1 0
github.com/getkin/kin-openapi/openapi3/loader.go:822.4,823.44 2 0
github.com/getkin/kin-openapi/openapi3/loader.go:825.3,826.76 2 0
github.com/getkin/kin-openapi/openapi3/loader.go:828.2,829.18 2 0
github.com/getkin/kin-openapi/openapi3/loader.go:829.18,831.3 1 0
github.com/getkin/kin-openapi/openapi3/loader.go:833.2,833.49 1 0
github.com/getkin/kin-openapi/openapi3/loader.go:833.49,835.3 1 0
github.com/getkin/kin-openapi/openapi3/loader.go:836.2,836.53 1 0
github.com/getkin/kin-openapi/openapi3/loader.go:836.53,837.93 1 0
github.com/getkin/kin-openapi/openapi3/loader.go:837.93,839.4 1 0
github.com/getkin/kin-openapi/openapi3/loader.go:841.2,841.43 1 0
github.com/getkin/kin-openapi/openapi3/loader.go:841.43,842.88 1 0
github.com/getkin/kin-openapi/openapi3/loader.go:842.88,844.4 1 0
github.com/getkin/kin-openapi/openapi3/loader.go:846.2,846.51 1 0
github.com/getkin/kin-openapi/openapi3/loader.go:846.51,847.88 1 0
github.com/getkin/kin-openapi/openapi3/loader.go:847.88,849.4 1 0
github.com/getkin/kin-openapi/openapi3/loader.go:851.2,851.12 1 0
github.com/getkin/kin-openapi/openapi3/loader.go:854.106,855.73 1 0
github.com/getkin/kin-openapi/openapi3/loader.go:855.73,857.3 1 0
github.com/getkin/kin-openapi/openapi3/loader.go:859.2,859.44 1 0
github.com/getkin/kin-openapi/openapi3/loader.go:862.115,865.25 2 0
github.com/getkin/kin-openapi/openapi3/loader.go:865.25,867.3 1 0
github.com/getkin/kin-openapi/openapi3/loader.go:869.2,869.37 1 0
github.com/getkin/kin-openapi/openapi3/loader.go:869.37,870.29 1 0
github.com/getkin/kin-openapi/openapi3/loader.go:870.29,872.4 1 0
github.com/getkin/kin-openapi/openapi3/loader.go:873.3,873.50 1 0
github.com/getkin/kin-openapi/openapi3/loader.go:873.50,878.4 4 0
github.com/getkin/kin-openapi/openapi3/loader.go:878.6,880.4 1 0
github.com/getkin/kin-openapi/openapi3/loader.go:881.3,882.30 2 0
github.com/getkin/kin-openapi/openapi3/loader.go:882.30,884.104 2 0
github.com/getkin/kin-openapi/openapi3/loader.go:884.104,886.5 1 0
github.com/getkin/kin-openapi/openapi3/loader.go:887.4,888.38 2 0
github.com/getkin/kin-openapi/openapi3/loader.go:889.9,892.18 3 0
github.com/getkin/kin-openapi/openapi3/loader.go:892.18,894.5 1 0
github.com/getkin/kin-openapi/openapi3/loader.go:895.4,895.85 1 0
github.com/getkin/kin-openapi/openapi3/loader.go:895.85,896.34 1 0
github.com/getkin/kin-openapi/openapi3/loader.go:896.34,898.6 1 0
github.com/getkin/kin-openapi/openapi3/loader.go:899.5,899.15 1 0
github.com/getkin/kin-openapi/openapi3/loader.go:901.4,902.44 2 0
github.com/getkin/kin-openapi/openapi3/loader.go:904.3,905.78 2 0
github.com/getkin/kin-openapi/openapi3/loader.go:907.2,908.18 2 0
github.com/getkin/kin-openapi/openapi3/loader.go:908.18,910.3 1 0
github.com/getkin/kin-openapi/openapi3/loader.go:912.2,912.53 1 0
github.com/getkin/kin-openapi/openapi3/loader.go:912.53,913.93 1 0
github.com/getkin/kin-openapi/openapi3/loader.go:913.93,915.4 1 0
github.com/getkin/kin-openapi/openapi3/loader.go:917.2,917.12 1 0
github.com/getkin/kin-openapi/openapi3/loader.go:920.97,921.73 1 0
github.com/getkin/kin-openapi/openapi3/loader.go:921.73,923.3 1 0
github.com/getkin/kin-openapi/openapi3/loader.go:925.2,925.43 1 0
github.com/getkin/kin-openapi/openapi3/loader.go:928.109,931.25 2 1
github.com/getkin/kin-openapi/openapi3/loader.go:931.25,933.3 1 0
github.com/getkin/kin-openapi/openapi3/loader.go:935.2,935.37 1 1
github.com/getkin/kin-openapi/openapi3/loader.go:935.37,936.29 1 0
github.com/getkin/kin-openapi/openapi3/loader.go:936.29,938.4 1 0
github.com/getkin/kin-openapi/openapi3/loader.go:939.3,939.50 1 0
github.com/getkin/kin-openapi/openapi3/loader.go:939.50,944.4 4 0
github.com/getkin/kin-openapi/openapi3/loader.go:944.6,946.4 1 0
github.com/getkin/kin-openapi/openapi3/loader.go:947.3,948.30 2 0
github.com/getkin/kin-openapi/openapi3/loader.go:948.30,950.97 2 0
github.com/getkin/kin-openapi/openapi3/loader.go:950.97,952.5 1 0
github.com/getkin/kin-openapi/openapi3/loader.go:953.4,954.38 2 0
github.com/getkin/kin-openapi/openapi3/loader.go:955.9,958.18 3 0
github.com/getkin/kin-openapi/openapi3/loader.go:958.18,960.5 1 0
github.com/getkin/kin-openapi/openapi3/loader.go:961.4,961.83 1 0
github.com/getkin/kin-openapi/openapi3/loader.go:961.83,962.31 1 0
github.com/getkin/kin-openapi/openapi3/loader.go:962.31,964.6 1 0
github.com/getkin/kin-openapi/openapi3/loader.go:965.5,965.15 1 0
github.com/getkin/kin-openapi/openapi3/loader.go:967.4,968.44 2 0
github.com/getkin/kin-openapi/openapi3/loader.go:970.3,971.75 2 0
github.com/getkin/kin-openapi/openapi3/loader.go:973.2,974.18 2 1
github.com/getkin/kin-openapi/openapi3/loader.go:974.18,976.3 1 0
github.com/getkin/kin-openapi/openapi3/loader.go:978.2,978.53 1 1
github.com/getkin/kin-openapi/openapi3/loader.go:978.53,980.76 2 0
github.com/getkin/kin-openapi/openapi3/loader.go:980.76,982.4 1 0
github.com/getkin/kin-openapi/openapi3/loader.go:984.2,984.53 1 1
github.com/getkin/kin-openapi/openapi3/loader.go:984.53,985.93 1 0
github.com/getkin/kin-openapi/openapi3/loader.go:985.93,987.4 1 0
github.com/getkin/kin-openapi/openapi3/loader.go:989.2,989.51 1 1
github.com/getkin/kin-openapi/openapi3/loader.go:989.51,991.72 2 0
github.com/getkin/kin-openapi/openapi3/loader.go:991.72,993.4 1 0
github.com/getkin/kin-openapi/openapi3/loader.go:995.2,995.12 1 1
github.com/getkin/kin-openapi/openapi3/loader.go:998.109,999.22 1 0
github.com/getkin/kin-openapi/openapi3/loader.go:999.22,1001.3 1 0
github.com/getkin/kin-openapi/openapi3/loader.go:1002.2,1002.47 1 0
github.com/getkin/kin-openapi/openapi3/loader.go:1002.47,1003.87 1 0
github.com/getkin/kin-openapi/openapi3/loader.go:1003.87,1005.4 1 0
github.com/getkin/kin-openapi/openapi3/loader.go:1007.2,1007.59 1 0
github.com/getkin/kin-openapi/openapi3/loader.go:1007.59,1008.91 1 0
github.com/getkin/kin-openapi/openapi3/loader.go:1008.91,1010.4 1 0
github.com/getkin/kin-openapi/openapi3/loader.go:1012.2,1012.58 1 0
github.com/getkin/kin-openapi/openapi3/loader.go:1012.58,1014.77 2 0
github.com/getkin/kin-openapi/openapi3/loader.go:1014.77,1016.4 1 0
github.com/getkin/kin-openapi/openapi3/loader.go:1017.3,1017.37 1 0
github.com/getkin/kin-openapi/openapi3/loader.go:1019.2,1019.8 1 0
github.com/getkin/kin-openapi/openapi3/loader.go:1022.123,1023.25 1 0
github.com/getkin/kin-openapi/openapi3/loader.go:1023.25,1025.3 1 0
github.com/getkin/kin-openapi/openapi3/loader.go:1027.2,1027.37 1 0
github.com/getkin/kin-openapi/openapi3/loader.go:1027.37,1028.29 1 0
github.com/getkin/kin-openapi/openapi3/loader.go:1028.29,1030.4 1 0
github.com/getkin/kin-openapi/openapi3/loader.go:1031.3,1031.50 1 0
github.com/getkin/kin-openapi/openapi3/loader.go:1031.50,1035.4 3 0
github.com/getkin/kin-openapi/openapi3/loader.go:1035.6,1037.4 1 0
github.com/getkin/kin-openapi/openapi3/loader.go:1038.3,1039.30 2 0
github.com/getkin/kin-openapi/openapi3/loader.go:1039.30,1041.99 2 0
github.com/getkin/kin-openapi/openapi3/loader.go:1041.99,1043.5 1 0
github.com/getkin/kin-openapi/openapi3/loader.go:1044.4,1045.38 2 0
github.com/getkin/kin-openapi/openapi3/loader.go:1046.9,1049.18 3 0
github.com/getkin/kin-openapi/openapi3/loader.go:1049.18,1051.5 1 0
github.com/getkin/kin-openapi/openapi3/loader.go:1052.4,1052.90 1 0
github.com/getkin/kin-openapi/openapi3/loader.go:1052.90,1053.29 1 0
github.com/getkin/kin-openapi/openapi3/loader.go:1053.29,1055.6 1 0
github.com/getkin/kin-openapi/openapi3/loader.go:1056.5,1056.15 1 0
github.com/getkin/kin-openapi/openapi3/loader.go:1058.4,1059.44 2 0
github.com/getkin/kin-openapi/openapi3/loader.go:1061.3,1068.85 2 0
github.com/getkin/kin-openapi/openapi3/loader.go:1068.85,1073.4 3 0
github.com/getkin/kin-openapi/openapi3/loader.go:1075.2,1076.18 2 0
github.com/getkin/kin-openapi/openapi3/loader.go:1076.18,1078.3 1 0
github.com/getkin/kin-openapi/openapi3/loader.go:1081.2,1081.32 1 0
github.com/getkin/kin-openapi/openapi3/loader.go:1081.32,1082.80 1 0
github.com/getkin/kin-openapi/openapi3/loader.go:1082.80,1084.4 1 0
github.com/getkin/kin-openapi/openapi3/loader.go:1086.2,1086.56 1 0
github.com/getkin/kin-openapi/openapi3/loader.go:1086.56,1088.80 2 0
github.com/getkin/kin-openapi/openapi3/loader.go:1088.80,1090.4 1 0
github.com/getkin/kin-openapi/openapi3/loader.go:1092.2,1092.54 1 0
github.com/getkin/kin-openapi/openapi3/loader.go:1092.54,1093.80 1 0
github.com/getkin/kin-openapi/openapi3/loader.go:1093.80,1095.4 1 0
github.com/getkin/kin-openapi/openapi3/loader.go:1097.2,1097.30 1 0
github.com/getkin/kin-openapi/openapi3/loader.go:1097.30,1098.80 1 0
github.com/getkin/kin-openapi/openapi3/loader.go:1098.80,1100.4 1 0
github.com/getkin/kin-openapi/openapi3/loader.go:1102.2,1102.32 1 0
github.com/getkin/kin-openapi/openapi3/loader.go:1102.32,1103.80 1 0
github.com/getkin/kin-openapi/openapi3/loader.go:1103.80,1105.4 1 0
github.com/getkin/kin-openapi/openapi3/loader.go:1107.2,1107.32 1 0
github.com/getkin/kin-openapi/openapi3/loader.go:1107.32,1108.80 1 0
github.com/getkin/kin-openapi/openapi3/loader.go:1108.80,1110.4 1 0
github.com/getkin/kin-openapi/openapi3/loader.go:1112.2,1112.32 1 0
github.com/getkin/kin-openapi/openapi3/loader.go:1112.32,1113.80 1 0
github.com/getkin/kin-openapi/openapi3/loader.go:1113.80,1115.4 1 0
github.com/getkin/kin-openapi/openapi3/loader.go:1122.2,1122.32 1 0
github.com/getkin/kin-openapi/openapi3/loader.go:1122.32,1123.65 1 0
github.com/getkin/kin-openapi/openapi3/loader.go:1123.65,1126.70 2 0
github.com/getkin/kin-openapi/openapi3/loader.go:1126.70,1127.97 1 0
github.com/getkin/kin-openapi/openapi3/loader.go:1127.97,1129.6 1 0
github.com/getkin/kin-openapi/openapi3/loader.go:1130.5,1130.39 1 0
github.com/getkin/kin-openapi/openapi3/loader.go:1136.2,1136.38 1 0
github.com/getkin/kin-openapi/openapi3/loader.go:1136.38,1137.80 1 0
github.com/getkin/kin-openapi/openapi3/loader.go:1137.80,1139.4 1 0
github.com/getkin/kin-openapi/openapi3/loader.go:1141.2,1141.35 1 0
github.com/getkin/kin-openapi/openapi3/loader.go:1141.35,1142.80 1 0
github.com/getkin/kin-openapi/openapi3/loader.go:1142.80,1144.4 1 0
github.com/getkin/kin-openapi/openapi3/loader.go:1146.2,1146.63 1 0
github.com/getkin/kin-openapi/openapi3/loader.go:1146.63,1148.80 2 0
github.com/getkin/kin-openapi/openapi3/loader.go:1148.80,1150.4 1 0
github.com/getkin/kin-openapi/openapi3/loader.go:1152.2,1152.62 1 0
github.com/getkin/kin-openapi/openapi3/loader.go:1152.62,1154.80 2 0
github.com/getkin/kin-openapi/openapi3/loader.go:1154.80,1156.4 1 0
github.com/getkin/kin-openapi/openapi3/loader.go:1158.2,1158.50 1 0
github.com/getkin/kin-openapi/openapi3/loader.go:1158.50,1160.80 2 0
github.com/getkin/kin-openapi/openapi3/loader.go:1160.80,1162.4 1 0
github.com/getkin/kin-openapi/openapi3/loader.go:1164.2,1164.40 1 0
github.com/getkin/kin-openapi/openapi3/loader.go:1164.40,1165.80 1 0
github.com/getkin/kin-openapi/openapi3/loader.go:1165.80,1167.4 1 0
github.com/getkin/kin-openapi/openapi3/loader.go:1169.2,1169.50 1 0
github.com/getkin/kin-openapi/openapi3/loader.go:1169.50,1170.80 1 0
github.com/getkin/kin-openapi/openapi3/loader.go:1170.80,1172.4 1 0
github.com/getkin/kin-openapi/openapi3/loader.go:1174.2,1174.55 1 0
github.com/getkin/kin-openapi/openapi3/loader.go:1174.55,1175.80 1 0
github.com/getkin/kin-openapi/openapi3/loader.go:1175.80,1177.4 1 0
github.com/getkin/kin-openapi/openapi3/loader.go:1179.2,1179.29 1 0
github.com/getkin/kin-openapi/openapi3/loader.go:1179.29,1180.80 1 0
github.com/getkin/kin-openapi/openapi3/loader.go:1180.80,1182.4 1 0
github.com/getkin/kin-openapi/openapi3/loader.go:1184.2,1184.31 1 0
github.com/getkin/kin-openapi/openapi3/loader.go:1184.31,1185.80 1 0
github.com/getkin/kin-openapi/openapi3/loader.go:1185.80,1187.4 1 0
github.com/getkin/kin-openapi/openapi3/loader.go:1189.2,1189.31 1 0
github.com/getkin/kin-openapi/openapi3/loader.go:1189.31,1190.80 1 0
github.com/getkin/kin-openapi/openapi3/loader.go:1190.80,1192.4 1 0
github.com/getkin/kin-openapi/openapi3/loader.go:1194.2,1194.40 1 0
github.com/getkin/kin-openapi/openapi3/loader.go:1194.40,1195.80 1 0
github.com/getkin/kin-openapi/openapi3/loader.go:1195.80,1197.4 1 0
github.com/getkin/kin-openapi/openapi3/loader.go:1200.2,1200.12 1 0
github.com/getkin/kin-openapi/openapi3/loader.go:1203.115,1204.73 1 0
github.com/getkin/kin-openapi/openapi3/loader.go:1204.73,1206.3 1 0
github.com/getkin/kin-openapi/openapi3/loader.go:1208.2,1208.44 1 0
github.com/getkin/kin-openapi/openapi3/loader.go:1211.121,1214.25 2 1
github.com/getkin/kin-openapi/openapi3/loader.go:1214.25,1216.3 1 0
github.com/getkin/kin-openapi/openapi3/loader.go:1218.2,1218.37 1 1
github.com/getkin/kin-openapi/openapi3/loader.go:1218.37,1219.29 1 0
github.com/getkin/kin-openapi/openapi3/loader.go:1219.29,1221.4 1 0
github.com/getkin/kin-openapi/openapi3/loader.go:1222.3,1222.50 1 0
github.com/getkin/kin-openapi/openapi3/loader.go:1222.50,1227.4 4 0
github.com/getkin/kin-openapi/openapi3/loader.go:1227.6,1229.4 1 0
github.com/getkin/kin-openapi/openapi3/loader.go:1230.3,1231.30 2 0
github.com/getkin/kin-openapi/openapi3/loader.go:1231.30,1233.88 2 0
github.com/getkin/kin-openapi/openapi3/loader.go:1233.88,1235.5 1 0
github.com/getkin/kin-openapi/openapi3/loader.go:1236.4,1237.38 2 0
github.com/getkin/kin-openapi/openapi3/loader.go:1238.9,1241.18 3 0
github.com/getkin/kin-openapi/openapi3/loader.go:1241.18,1243.5 1 0
github.com/getkin/kin-openapi/openapi3/loader.go:1244.4,1244.89 1 0
github.com/getkin/kin-openapi/openapi3/loader.go:1244.89,1245.37 1 0
github.com/getkin/kin-openapi/openapi3/loader.go:1245.37,1247.6 1 0
github.com/getkin/kin-openapi/openapi3/loader.go:1248.5,1248.15 1 0
[...]
github.com/getkin/kin-openapi/openapi3filter/validation_error.go:39.19,41.3 1 0
github.com/getkin/kin-openapi/openapi3filter/validation_error.go:42.2,44.18 3 0
github.com/getkin/kin-openapi/openapi3filter/validation_error.go:44.18,46.3 1 0
github.com/getkin/kin-openapi/openapi3filter/validation_error.go:47.2,49.16 3 0
github.com/getkin/kin-openapi/openapi3filter/validation_error.go:49.16,51.3 1 0
github.com/getkin/kin-openapi/openapi3filter/validation_error.go:52.2,54.19 3 0
github.com/getkin/kin-openapi/openapi3filter/validation_error.go:54.19,57.3 2 0
github.com/getkin/kin-openapi/openapi3filter/validation_error.go:58.2,58.20 1 0
github.com/getkin/kin-openapi/openapi3filter/validation_error.go:58.20,62.3 3 0
github.com/getkin/kin-openapi/openapi3filter/validation_error.go:63.2,63.21 1 0
github.com/getkin/kin-openapi/openapi3filter/validation_error.go:63.21,65.31 2 0
github.com/getkin/kin-openapi/openapi3filter/validation_error.go:65.31,68.4 2 0
github.com/getkin/kin-openapi/openapi3filter/validation_error.go:68.9,68.36 1 0
github.com/getkin/kin-openapi/openapi3filter/validation_error.go:68.36,71.4 2 0
github.com/getkin/kin-openapi/openapi3filter/validation_error.go:72.3,72.21 1 0
github.com/getkin/kin-openapi/openapi3filter/validation_error.go:75.2,75.18 1 0
github.com/getkin/kin-openapi/openapi3filter/validation_error.go:75.18,77.3 1 0
github.com/getkin/kin-openapi/openapi3filter/validation_error.go:78.2,78.19 1 0
github.com/getkin/kin-openapi/openapi3filter/validation_error.go:82.44,84.2 1 0
github.com/getkin/kin-openapi/openapi3filter/validation_error_encoder.go:19.98,21.2 1 0
github.com/getkin/kin-openapi/openapi3filter/validation_error_encoder.go:24.37,25.44 1 0
github.com/getkin/kin-openapi/openapi3filter/validation_error_encoder.go:25.44,27.3 1 0
github.com/getkin/kin-openapi/openapi3filter/validation_error_encoder.go:29.2,30.9 2 0
github.com/getkin/kin-openapi/openapi3filter/validation_error_encoder.go:30.9,32.3 1 0
github.com/getkin/kin-openapi/openapi3filter/validation_error_encoder.go:34.2,35.18 2 0
github.com/getkin/kin-openapi/openapi3filter/validation_error_encoder.go:35.18,37.3 1 0
github.com/getkin/kin-openapi/openapi3filter/validation_error_encoder.go:37.8,37.40 1 0
github.com/getkin/kin-openapi/openapi3filter/validation_error_encoder.go:37.40,39.3 1 0
github.com/getkin/kin-openapi/openapi3filter/validation_error_encoder.go:39.8,39.42 1 0
github.com/getkin/kin-openapi/openapi3filter/validation_error_encoder.go:39.42,41.3 1 0
github.com/getkin/kin-openapi/openapi3filter/validation_error_encoder.go:41.8,41.52 1 0
github.com/getkin/kin-openapi/openapi3filter/validation_error_encoder.go:41.52,43.3 1 0
github.com/getkin/kin-openapi/openapi3filter/validation_error_encoder.go:43.8,43.62 1 0
github.com/getkin/kin-openapi/openapi3filter/validation_error_encoder.go:43.62,45.3 1 0
github.com/getkin/kin-openapi/openapi3filter/validation_error_encoder.go:47.2,47.17 1 0
github.com/getkin/kin-openapi/openapi3filter/validation_error_encoder.go:47.17,49.3 1 0
github.com/getkin/kin-openapi/openapi3filter/validation_error_encoder.go:50.2,50.12 1 0
github.com/getkin/kin-openapi/openapi3filter/validation_error_encoder.go:53.64,55.54 2 0
github.com/getkin/kin-openapi/openapi3filter/validation_error_encoder.go:55.54,57.3 1 0
github.com/getkin/kin-openapi/openapi3filter/validation_error_encoder.go:58.2,58.59 1 0
github.com/getkin/kin-openapi/openapi3filter/validation_error_encoder.go:61.65,62.50 1 0
github.com/getkin/kin-openapi/openapi3filter/validation_error_encoder.go:62.50,63.40 1 0
github.com/getkin/kin-openapi/openapi3filter/validation_error_encoder.go:63.40,68.4 1 0
github.com/getkin/kin-openapi/openapi3filter/validation_error_encoder.go:69.3,72.4 1 0
github.com/getkin/kin-openapi/openapi3filter/validation_error_encoder.go:74.2,77.3 1 0
github.com/getkin/kin-openapi/openapi3filter/validation_error_encoder.go:80.66,81.55 1 0
github.com/getkin/kin-openapi/openapi3filter/validation_error_encoder.go:81.55,86.3 1 0
github.com/getkin/kin-openapi/openapi3filter/validation_error_encoder.go:87.2,90.3 1 0
github.com/getkin/kin-openapi/openapi3filter/validation_error_encoder.go:93.68,94.57 1 0
github.com/getkin/kin-openapi/openapi3filter/validation_error_encoder.go:94.57,99.3 1 0
github.com/getkin/kin-openapi/openapi3filter/validation_error_encoder.go:100.2,103.3 1 0
github.com/getkin/kin-openapi/openapi3filter/validation_error_encoder.go:106.80,108.90 1 0
github.com/getkin/kin-openapi/openapi3filter/validation_error_encoder.go:108.90,113.3 1 0
github.com/getkin/kin-openapi/openapi3filter/validation_error_encoder.go:113.8,113.68 1 0
github.com/getkin/kin-openapi/openapi3filter/validation_error_encoder.go:113.68,118.3 1 0
github.com/getkin/kin-openapi/openapi3filter/validation_error_encoder.go:118.8,118.40 1 0
github.com/getkin/kin-openapi/openapi3filter/validation_error_encoder.go:118.40,120.89 1 0
github.com/getkin/kin-openapi/openapi3filter/validation_error_encoder.go:120.89,126.4 1 0
github.com/getkin/kin-openapi/openapi3filter/validation_error_encoder.go:131.3,132.18 2 0
github.com/getkin/kin-openapi/openapi3filter/validation_error_encoder.go:132.18,134.4 1 0
github.com/getkin/kin-openapi/openapi3filter/validation_error_encoder.go:135.3,138.4 1 0
github.com/getkin/kin-openapi/openapi3filter/validation_error_encoder.go:140.2,140.12 1 0
github.com/getkin/kin-openapi/openapi3filter/validation_error_encoder.go:143.91,147.66 2 0
github.com/getkin/kin-openapi/openapi3filter/validation_error_encoder.go:147.66,149.3 1 0
github.com/getkin/kin-openapi/openapi3filter/validation_error_encoder.go:152.2,152.24 1 0
github.com/getkin/kin-openapi/openapi3filter/validation_error_encoder.go:152.24,154.3 1 0
github.com/getkin/kin-openapi/openapi3filter/validation_error_encoder.go:154.8,154.33 1 0
github.com/getkin/kin-openapi/openapi3filter/validation_error_encoder.go:154.33,156.3 1 0
github.com/getkin/kin-openapi/openapi3filter/validation_error_encoder.go:159.2,159.24 1 0
github.com/getkin/kin-openapi/openapi3filter/validation_error_encoder.go:159.24,163.3 1 0
github.com/getkin/kin-openapi/openapi3filter/validation_error_encoder.go:163.8,163.54 1 0
github.com/getkin/kin-openapi/openapi3filter/validation_error_encoder.go:163.54,165.3 1 0
github.com/getkin/kin-openapi/openapi3filter/validation_error_encoder.go:168.2,168.36 1 0
github.com/getkin/kin-openapi/openapi3filter/validation_error_encoder.go:168.36,170.45 2 0
github.com/getkin/kin-openapi/openapi3filter/validation_error_encoder.go:170.45,172.4 1 0
github.com/getkin/kin-openapi/openapi3filter/validation_error_encoder.go:173.3,181.33 3 0
github.com/getkin/kin-openapi/openapi3filter/validation_error_encoder.go:181.33,187.4 2 0
github.com/getkin/kin-openapi/openapi3filter/validation_error_encoder.go:189.2,189.13 1 0
github.com/getkin/kin-openapi/openapi3filter/validation_error_encoder.go:192.49,194.2 1 0
github.com/getkin/kin-openapi/openapi3filter/validation_handler.go:18.74,18.88 1 0
github.com/getkin/kin-openapi/openapi3filter/validation_handler.go:30.42,33.16 3 1
github.com/getkin/kin-openapi/openapi3filter/validation_handler.go:33.16,35.3 1 0
github.com/getkin/kin-openapi/openapi3filter/validation_handler.go:36.2,36.53 1 1
github.com/getkin/kin-openapi/openapi3filter/validation_handler.go:36.53,38.3 1 0
github.com/getkin/kin-openapi/openapi3filter/validation_handler.go:39.2,39.61 1 1
github.com/getkin/kin-openapi/openapi3filter/validation_handler.go:39.61,41.3 1 0
github.com/getkin/kin-openapi/openapi3filter/validation_handler.go:44.2,44.22 1 1
github.com/getkin/kin-openapi/openapi3filter/validation_handler.go:44.22,46.3 1 1
github.com/getkin/kin-openapi/openapi3filter/validation_handler.go:48.2,48.27 1 1
github.com/getkin/kin-openapi/openapi3filter/validation_handler.go:48.27,50.3 1 1
github.com/getkin/kin-openapi/openapi3filter/validation_handler.go:52.2,52.12 1 1
github.com/getkin/kin-openapi/openapi3filter/validation_handler.go:55.79,56.40 1 1
github.com/getkin/kin-openapi/openapi3filter/validation_handler.go:56.40,58.3 1 1
github.com/getkin/kin-openapi/openapi3filter/validation_handler.go:60.2,60.27 1 0
github.com/getkin/kin-openapi/openapi3filter/validation_handler.go:64.72,65.71 1 0
github.com/getkin/kin-openapi/openapi3filter/validation_handler.go:65.71,66.41 1 0
github.com/getkin/kin-openapi/openapi3filter/validation_handler.go:66.41,68.4 1 0
github.com/getkin/kin-openapi/openapi3filter/validation_handler.go:70.3,70.23 1 0
github.com/getkin/kin-openapi/openapi3filter/validation_handler.go:74.91,75.45 1 1
github.com/getkin/kin-openapi/openapi3filter/validation_handler.go:75.45,78.3 2 1
github.com/getkin/kin-openapi/openapi3filter/validation_handler.go:79.2,79.14 1 0
github.com/getkin/kin-openapi/openapi3filter/validation_handler.go:82.68,85.16 2 1
github.com/getkin/kin-openapi/openapi3filter/validation_handler.go:85.16,87.3 1 0
github.com/getkin/kin-openapi/openapi3filter/validation_handler.go:89.2,100.76 3 1
github.com/getkin/kin-openapi/openapi3filter/validation_handler.go:100.76,102.3 1 1
github.com/getkin/kin-openapi/openapi3filter/validation_handler.go:104.2,104.12 1 0
github.com/getkin/kin-openapi/openapi3filter/validation_kit.go:64.79,66.47 2 1
github.com/getkin/kin-openapi/openapi3filter/validation_kit.go:66.47,67.73 1 0
github.com/getkin/kin-openapi/openapi3filter/validation_kit.go:67.73,69.4 1 0
github.com/getkin/kin-openapi/openapi3filter/validation_kit.go:71.2,72.40 2 1
github.com/getkin/kin-openapi/openapi3filter/validation_kit.go:72.40,73.45 1 0
github.com/getkin/kin-openapi/openapi3filter/validation_kit.go:73.45,74.29 1 0
github.com/getkin/kin-openapi/openapi3filter/validation_kit.go:74.29,76.5 1 0
github.com/getkin/kin-openapi/openapi3filter/validation_kit.go:79.2,80.37 2 1
github.com/getkin/kin-openapi/openapi3filter/validation_kit.go:80.37,82.3 1 0
github.com/getkin/kin-openapi/openapi3filter/validation_kit.go:83.2,84.22 2 1
github.com/getkin/kin-openapi/routers/types.go:42.37,42.56 1 0
github.com/getkin/kin-openapi/routers/legacy/router.go:25.107,26.28 1 0
github.com/getkin/kin-openapi/routers/legacy/router.go:26.28,28.35 1 0
github.com/getkin/kin-openapi/routers/legacy/router.go:28.35,29.12 1 0
github.com/getkin/kin-openapi/routers/legacy/router.go:31.3,32.17 2 0
github.com/getkin/kin-openapi/routers/legacy/router.go:32.17,34.4 1 0
github.com/getkin/kin-openapi/routers/legacy/router.go:36.2,36.28 1 0
github.com/getkin/kin-openapi/routers/legacy/router.go:36.28,38.34 1 0
github.com/getkin/kin-openapi/routers/legacy/router.go:38.34,39.12 1 0
github.com/getkin/kin-openapi/routers/legacy/router.go:41.3,42.17 2 0
github.com/getkin/kin-openapi/routers/legacy/router.go:42.17,44.4 1 0
github.com/getkin/kin-openapi/routers/legacy/router.go:46.2,48.3 1 0
github.com/getkin/kin-openapi/routers/legacy/router.go:61.92,62.68 1 1
github.com/getkin/kin-openapi/routers/legacy/router.go:62.68,64.3 1 0
github.com/getkin/kin-openapi/routers/legacy/router.go:65.2,67.46 3 1
github.com/getkin/kin-openapi/routers/legacy/router.go:67.46,68.56 1 1
github.com/getkin/kin-openapi/routers/legacy/router.go:68.56,76.24 2 1
github.com/getkin/kin-openapi/routers/legacy/router.go:76.24,78.5 1 0
github.com/getkin/kin-openapi/routers/legacy/router.go:81.2,81.20 1 1
github.com/getkin/kin-openapi/routers/legacy/router.go:85.60,87.18 2 0
github.com/getkin/kin-openapi/routers/legacy/router.go:87.18,89.3 1 0
github.com/getkin/kin-openapi/routers/legacy/router.go:90.2,92.16 3 0
github.com/getkin/kin-openapi/routers/legacy/router.go:92.16,94.3 1 0
github.com/getkin/kin-openapi/routers/legacy/router.go:95.2,95.56 1 0
github.com/getkin/kin-openapi/routers/legacy/router.go:98.48,100.17 2 1
github.com/getkin/kin-openapi/routers/legacy/router.go:100.17,103.3 2 1
github.com/getkin/kin-openapi/routers/legacy/router.go:104.2,104.13 1 1
github.com/getkin/kin-openapi/routers/legacy/router.go:108.95,117.23 7 1
github.com/getkin/kin-openapi/routers/legacy/router.go:117.23,119.3 1 1
github.com/getkin/kin-openapi/routers/legacy/router.go:119.8,122.20 3 0
github.com/getkin/kin-openapi/routers/legacy/router.go:122.20,126.4 1 0
github.com/getkin/kin-openapi/routers/legacy/router.go:127.3,129.17 3 0
github.com/getkin/kin-openapi/routers/legacy/router.go:129.17,131.4 1 0
github.com/getkin/kin-openapi/routers/legacy/router.go:132.3,132.37 1 0
github.com/getkin/kin-openapi/routers/legacy/router.go:132.37,135.4 2 0
github.com/getkin/kin-openapi/routers/legacy/router.go:139.2,142.17 4 1
github.com/getkin/kin-openapi/routers/legacy/router.go:142.17,144.3 1 1
github.com/getkin/kin-openapi/routers/legacy/router.go:145.2,145.18 1 1
github.com/getkin/kin-openapi/routers/legacy/router.go:145.18,147.22 2 0
github.com/getkin/kin-openapi/routers/legacy/router.go:147.22,149.4 1 0
github.com/getkin/kin-openapi/routers/legacy/router.go:150.3,150.43 1 0
github.com/getkin/kin-openapi/routers/legacy/router.go:150.43,152.4 1 0
github.com/getkin/kin-openapi/routers/legacy/router.go:155.2,155.23 1 1
github.com/getkin/kin-openapi/routers/legacy/router.go:155.23,157.3 1 1
github.com/getkin/kin-openapi/routers/legacy/router.go:158.2,159.36 2 1
github.com/getkin/kin-openapi/routers/legacy/router.go:159.36,162.3 2 0
github.com/getkin/kin-openapi/routers/legacy/router.go:163.2,163.31 1 1
github.com/getkin/kin-openapi/routers/legacy/pathpattern/node.go:34.59,39.44 3 0
github.com/getkin/kin-openapi/routers/legacy/pathpattern/node.go:39.44,40.22 1 0
github.com/getkin/kin-openapi/routers/legacy/pathpattern/node.go:41.12,44.15 3 0
github.com/getkin/kin-openapi/routers/legacy/pathpattern/node.go:45.12,46.21 1 0
github.com/getkin/kin-openapi/routers/legacy/pathpattern/node.go:46.21,50.5 3 0
github.com/getkin/kin-openapi/routers/legacy/pathpattern/node.go:53.2,54.20 2 0
github.com/getkin/kin-openapi/routers/legacy/pathpattern/node.go:63.42,67.2 3 0
github.com/getkin/kin-openapi/routers/legacy/pathpattern/node.go:69.73,70.46 1 0
github.com/getkin/kin-openapi/routers/legacy/pathpattern/node.go:70.46,75.3 4 0
github.com/getkin/kin-openapi/routers/legacy/pathpattern/node.go:76.2,77.23 2 0
github.com/getkin/kin-openapi/routers/legacy/pathpattern/node.go:77.23,79.35 2 0
github.com/getkin/kin-openapi/routers/legacy/pathpattern/node.go:79.35,85.4 5 0
github.com/getkin/kin-openapi/routers/legacy/pathpattern/node.go:118.36,120.2 1 0
github.com/getkin/kin-openapi/routers/legacy/pathpattern/node.go:122.38,123.21 1 0
github.com/getkin/kin-openapi/routers/legacy/pathpattern/node.go:124.26,125.24 1 0
github.com/getkin/kin-openapi/routers/legacy/pathpattern/node.go:126.26,127.15 1 0
github.com/getkin/kin-openapi/routers/legacy/pathpattern/node.go:128.28,129.16 1 0
github.com/getkin/kin-openapi/routers/legacy/pathpattern/node.go:130.10,131.38 1 0
github.com/getkin/kin-openapi/routers/legacy/pathpattern/node.go:139.37,140.46 1 0
github.com/getkin/kin-openapi/routers/legacy/pathpattern/node.go:140.46,142.3 1 0
github.com/getkin/kin-openapi/routers/legacy/pathpattern/node.go:144.2,144.42 1 0
github.com/getkin/kin-openapi/routers/legacy/pathpattern/node.go:147.76,149.16 2 0
github.com/getkin/kin-openapi/routers/legacy/pathpattern/node.go:149.16,150.13 1 0
github.com/getkin/kin-openapi/routers/legacy/pathpattern/node.go:152.2,152.20 1 0
github.com/getkin/kin-openapi/routers/legacy/pathpattern/node.go:155.78,157.16 2 1
github.com/getkin/kin-openapi/routers/legacy/pathpattern/node.go:157.16,159.3 1 0
github.com/getkin/kin-openapi/routers/legacy/pathpattern/node.go:160.2,161.12 2 1
github.com/getkin/kin-openapi/routers/legacy/pathpattern/node.go:164.83,165.20 1 1
github.com/getkin/kin-openapi/routers/legacy/pathpattern/node.go:165.20,167.3 1 1
github.com/getkin/kin-openapi/routers/legacy/pathpattern/node.go:168.2,168.35 1 1
github.com/getkin/kin-openapi/routers/legacy/pathpattern/node.go:168.35,170.3 1 0
github.com/getkin/kin-openapi/routers/legacy/pathpattern/node.go:171.2,174.6 3 1
github.com/getkin/kin-openapi/routers/legacy/pathpattern/node.go:174.6,176.26 1 1
github.com/getkin/kin-openapi/routers/legacy/pathpattern/node.go:176.26,181.4 2 1
github.com/getkin/kin-openapi/routers/legacy/pathpattern/node.go:183.3,185.40 3 1
github.com/getkin/kin-openapi/routers/legacy/pathpattern/node.go:185.40,189.4 3 1
github.com/getkin/kin-openapi/routers/legacy/pathpattern/node.go:189.9,191.13 2 1
github.com/getkin/kin-openapi/routers/legacy/pathpattern/node.go:191.13,193.5 1 1
github.com/getkin/kin-openapi/routers/legacy/pathpattern/node.go:194.4,194.13 1 1
github.com/getkin/kin-openapi/routers/legacy/pathpattern/node.go:194.13,199.5 3 1
github.com/getkin/kin-openapi/routers/legacy/pathpattern/node.go:199.10,199.34 1 0
github.com/getkin/kin-openapi/routers/legacy/pathpattern/node.go:199.34,205.14 3 0
github.com/getkin/kin-openapi/routers/legacy/pathpattern/node.go:205.14,207.6 1 0
github.com/getkin/kin-openapi/routers/legacy/pathpattern/node.go:208.5,211.30 3 0
github.com/getkin/kin-openapi/routers/legacy/pathpattern/node.go:211.30,214.16 2 0
github.com/getkin/kin-openapi/routers/legacy/pathpattern/node.go:214.16,218.7 3 0
github.com/getkin/kin-openapi/routers/legacy/pathpattern/node.go:220.5,220.69 1 0
github.com/getkin/kin-openapi/routers/legacy/pathpattern/node.go:220.69,221.46 1 0
github.com/getkin/kin-openapi/routers/legacy/pathpattern/node.go:221.46,223.7 1 0
github.com/getkin/kin-openapi/routers/legacy/pathpattern/node.go:225.5,225.56 1 0
github.com/getkin/kin-openapi/routers/legacy/pathpattern/node.go:230.3,230.49 1 1
github.com/getkin/kin-openapi/routers/legacy/pathpattern/node.go:230.49,231.37 1 0
github.com/getkin/kin-openapi/routers/legacy/pathpattern/node.go:231.37,233.18 2 0
github.com/getkin/kin-openapi/routers/legacy/pathpattern/node.go:238.3,238.38 1 1
github.com/getkin/kin-openapi/routers/legacy/pathpattern/node.go:238.38,240.18 2 0
github.com/getkin/kin-openapi/routers/legacy/pathpattern/node.go:240.18,242.5 1 0
github.com/getkin/kin-openapi/routers/legacy/pathpattern/node.go:243.4,243.26 1 0
github.com/getkin/kin-openapi/routers/legacy/pathpattern/node.go:247.3,252.16 6 1
github.com/getkin/kin-openapi/routers/legacy/pathpattern/node.go:256.63,257.35 1 1
github.com/getkin/kin-openapi/routers/legacy/pathpattern/node.go:257.35,259.3 1 0
github.com/getkin/kin-openapi/routers/legacy/pathpattern/node.go:260.2,261.57 2 1
github.com/getkin/kin-openapi/routers/legacy/pathpattern/node.go:264.99,266.53 1 1
github.com/getkin/kin-openapi/routers/legacy/pathpattern/node.go:266.53,268.3 1 1
github.com/getkin/kin-openapi/routers/legacy/pathpattern/node.go:271.2,271.46 1 1
github.com/getkin/kin-openapi/routers/legacy/pathpattern/node.go:271.46,274.22 3 1
github.com/getkin/kin-openapi/routers/legacy/pathpattern/node.go:275.27,277.45 2 1
github.com/getkin/kin-openapi/routers/legacy/pathpattern/node.go:277.45,280.5 2 1
github.com/getkin/kin-openapi/routers/legacy/pathpattern/node.go:280.10,280.52 1 0
github.com/getkin/kin-openapi/routers/legacy/pathpattern/node.go:280.52,282.5 1 0
github.com/getkin/kin-openapi/routers/legacy/pathpattern/node.go:283.27,285.13 2 0
github.com/getkin/kin-openapi/routers/legacy/pathpattern/node.go:285.13,287.5 1 0
github.com/getkin/kin-openapi/routers/legacy/pathpattern/node.go:288.4,290.87 3 0
github.com/getkin/kin-openapi/routers/legacy/pathpattern/node.go:291.29,293.58 2 0
github.com/getkin/kin-openapi/routers/legacy/pathpattern/node.go:294.25,296.13 2 0
github.com/getkin/kin-openapi/routers/legacy/pathpattern/node.go:296.13,298.5 1 0
github.com/getkin/kin-openapi/routers/legacy/pathpattern/node.go:299.4,301.38 3 0
github.com/getkin/kin-openapi/routers/legacy/pathpattern/node.go:301.38,303.25 2 0
github.com/getkin/kin-openapi/routers/legacy/pathpattern/node.go:303.25,305.6 1 0
github.com/getkin/kin-openapi/routers/legacy/pathpattern/node.go:306.5,308.88 3 0
github.com/getkin/kin-openapi/routers/legacy/pathpattern/node.go:311.3,311.51 1 1
github.com/getkin/kin-openapi/routers/legacy/pathpattern/node.go:311.51,314.4 1 1
github.com/getkin/kin-openapi/routers/legacy/pathpattern/node.go:318.2,318.17 1 0
