<?xml version="1.0" encoding="utf-8"?>
<testsuites><testsuite name="go test" tests="4" failures="0" errors="2" skipped="0"><testcase classname="harnesstest" name="Test_GHSA_r277_6w6q_xmqw_fix_pinning" time="0.000"></testcase><testcase classname="harnesstest" name="Test_GHSA_r277_6w6q_xmqw_exposure" time="0.000"></testcase><testcase classname="harnesstest" name="Test_GHSA_xhj3_7xw9_vr34_fix_pinning" time="0.000"><error message="did not compile: ./kin_openapi_cve_cve_2026_77354_test.go:24:27: undefined: openapi3filter.Route; ./kin_openapi_cve_cve_2026_77354_test.go:42:27: undefined: openapi3filter.Route">did not compile: ./kin_openapi_cve_cve_2026_77354_test.go:24:27: undefined: openapi3filter.Route; ./kin_openapi_cve_cve_2026_77354_test.go:42:27: undefined: openapi3filter.Route</error></testcase><testcase classname="harnesstest" name="Test_GHSA_xhj3_7xw9_vr34_exposure" time="0.000"><error message="did not compile: ./kin_openapi_cve_cve_2026_77354_test.go:24:27: undefined: openapi3filter.Route; ./kin_openapi_cve_cve_2026_77354_test.go:42:27: undefined: openapi3filter.Route">did not compile: ./kin_openapi_cve_cve_2026_77354_test.go:24:27: undefined: openapi3filter.Route; ./kin_openapi_cve_cve_2026_77354_test.go:42:27: undefined: openapi3filter.Route</error></testcase></testsuite></testsuites>
