{"meta": {"format": 3, "version": "7.16.1", "timestamp": "2026-09-14T00:00:32.859099", "branch_coverage": true, "show_contexts": false}, "files": {"venv/lib/python3.12/site-packages/jose/__init__.py": {"executed_lines": [1, 2, 3, 4, 7, 8, 9, 10], "summary": {"covered_lines": 8, "num_statements": 8, "percent_covered": 100.0, "percent_covered_display": "100", "missing_lines": 0, "excluded_lines": 0, "percent_statements_covered": 100.0, "percent_statements_covered_display": "100", "num_branches": 0, "num_partial_branches": 0, "covered_branches": 0, "missing_branches": 0, "percent_branches_covered": 100.0, "percent_branches_covered_display": "100"}, "missing_lines": [], "excluded_lines": [], "executed_branches": [], "missing_branches": [], "functions": {"": {"executed_lines": [1, 2, 3, 4, 7, 8, 9, 10], "summary": {"covered_lines": 8, "num_statements": 8, "percent_covered": 100.0, "percent_covered_display": "100", "missing_lines": 0, "excluded_lines": 0, "percent_statements_covered": 100.0, "percent_statements_covered_display": "100", "num_branches": 0, "num_partial_branches": 0, "covered_branches": 0, "missing_branches": 0, "percent_branches_covered": 100.0, "percent_branches_covered_display": "100"}, "missing_lines": [], "excluded_lines": [], "start_line": 1, "executed_branches": [], "missing_branches": []}}, "classes": {"": {"executed_lines": [1, 2, 3, 4, 7, 8, 9, 10], "summary": {"covered_lines": 8, "num_statements": 8, "percent_covered": 100.0, "percent_covered_display": "100", "missing_lines": 0, "excluded_lines": 0, "percent_statements_covered": 100.0, "percent_statements_covered_display": "100", "num_branches": 0, "num_partial_branches": 0, "covered_branches": 0, "missing_branches": 0, "percent_branches_covered": 100.0, "percent_branches_covered_display": "100"}, "missing_lines": [], "excluded_lines": [], "start_line": 1, "executed_branches": [], "missing_branches": []}}}, "venv/lib/python3.12/site-packages/jose/backends/__init__.py": {"executed_lines": [1, 2, 9, 10, 17, 18, 22, 23, 27, 28, 32], "summary": {"covered_lines": 11, "num_statements": 27, "percent_covered": 40.74074074074074, "percent_covered_display": "41", "missing_lines": 16, "excluded_lines": 0, "percent_statements_covered": 40.74074074074074, "percent_statements_covered_display": "41", "num_branches": 0, "num_partial_branches": 0, "covered_branches": 0, "missing_branches": 0, "percent_branches_covered": 100.0, "percent_branches_covered_display": "100"}, "missing_lines": [3, 4, 5, 6, 7, 11, 12, 13, 14, 15, 19, 20, 24, 25, 29, 30], "excluded_lines": [], "executed_branches": [], "missing_branches": [], "functions": {"": {"executed_lines": [1, 2, 9, 10, 17, 18, 22, 23, 27, 28, 32], "summary": {"covered_lines": 11, "num_statements": 27, "percent_covered": 40.74074074074074, "percent_covered_display": "41", "missing_lines": 16, "excluded_lines": 0, "percent_statements_covered": 40.74074074074074, "percent_statements_covered_display": "41", "num_branches": 0, "num_partial_branches": 0, "covered_branches": 0, "missing_branches": 0, "percent_branches_covered": 100.0, "percent_branches_covered_display": "100"}, "missing_lines": [3, 4, 5, 6, 7, 11, 12, 13, 14, 15, 19, 20, 24, 25, 29, 30], "excluded_lines": [], "start_line": 1, "executed_branches": [], "missing_branches": []}}, "classes": {"": {"executed_lines": [1, 2, 9, 10, 17, 18, 22, 23, 27, 28, 32], "summary": {"covered_lines": 11, "num_statements": 27, "percent_covered": 40.74074074074074, "percent_covered_display": "41", "missing_lines": 16, "excluded_lines": 0, "percent_statements_covered": 40.74074074074074, "percent_statements_covered_display": "41", "num_branches": 0, "num_partial_branches": 0, "covered_branches": 0, "missing_branches": 0, "percent_branches_covered": 100.0, "percent_branches_covered_display": "100"}, "missing_lines": [3, 4, 5, 6, 7, 11, 12, 13, 14, 15, 19, 20, 24, 25, 29, 30], "excluded_lines": [], "start_line": 1, "executed_branches": [], "missing_branches": []}}}, "venv/lib/python3.12/site-packages/jose/backends/_asn1.py": {"executed_lines": [], "summary": {"covered_lines": 0, "num_statements": 38, "percent_covered": 0.0, "percent_covered_display": "0", "missing_lines": 38, "excluded_lines": 0, "percent_statements_covered": 0.0, "percent_statements_covered_display": "0", "num_branches": 0, "num_partial_branches": 0, "covered_branches": 0, "missing_branches": 0, "percent_branches_covered": 100.0, "percent_branches_covered_display": "100"}, "missing_lines": [5, 6, 8, 11, 14, 19, 22, 29, 32, 37, 39, 41, 42, 43, 44, 46, 49, 51, 52, 54, 55, 56, 57, 59, 62, 64, 65, 67, 68, 69, 71, 74, 76, 78, 79, 80, 81, 83], "excluded_lines": [], "executed_branches": [], "missing_branches": [], "functions": {"rsa_private_key_pkcs8_to_pkcs1": {"executed_lines": [], "summary": {"covered_lines": 0, "num_statements": 6, "percent_covered": 0.0, "percent_covered_display": "0", "missing_lines": 6, "excluded_lines": 0, "percent_statements_covered": 0.0, "percent_statements_covered_display": "0", "num_branches": 0, "num_partial_branches": 0, "covered_branches": 0, "missing_branches": 0, "percent_branches_covered": 100.0, "percent_branches_covered_display": "100"}, "missing_lines": [39, 41, 42, 43, 44, 46], "excluded_lines": [], "start_line": 37, "executed_branches": [], "missing_branches": []}, "rsa_private_key_pkcs1_to_pkcs8": {"executed_lines": [], "summary": {"covered_lines": 0, "num_statements": 7, "percent_covered": 0.0, "percent_covered_display": "0", "missing_lines": 7, "excluded_lines": 0, "percent_statements_covered": 0.0, "percent_statements_covered_display": "0", "num_branches": 0, "num_partial_branches": 0, "covered_branches": 0, "missing_branches": 0, "percent_branches_covered": 100.0, "percent_branches_covered_display": "100"}, "missing_lines": [51, 52, 54, 55, 56, 57, 59], "excluded_lines": [], "start_line": 49, "executed_branches": [], "missing_branches": []}, "rsa_public_key_pkcs1_to_pkcs8": {"executed_lines": [], "summary": {"covered_lines": 0, "num_statements": 6, "percent_covered": 0.0, "percent_covered_display": "0", "missing_lines": 6, "excluded_lines": 0, "percent_statements_covered": 0.0, "percent_statements_covered_display": "0", "num_branches": 0, "num_partial_branches": 0, "covered_branches": 0, "missing_branches": 0, "percent_branches_covered": 100.0, "percent_branches_covered_display": "100"}, "missing_lines": [64, 65, 67, 68, 69, 71], "excluded_lines": [], "start_line": 62, "executed_branches": [], "missing_branches": []}, "rsa_public_key_pkcs8_to_pkcs1": {"executed_lines": [], "summary": {"covered_lines": 0, "num_statements": 6, "percent_covered": 0.0, "percent_covered_display": "0", "missing_lines": 6, "excluded_lines": 0, "percent_statements_covered": 0.0, "percent_statements_covered_display": "0", "num_branches": 0, "num_partial_branches": 0, "covered_branches": 0, "missing_branches": 0, "percent_branches_covered": 100.0, "percent_branches_covered_display": "100"}, "missing_lines": [76, 78, 79, 80, 81, 83], "excluded_lines": [], "start_line": 74, "executed_branches": [], "missing_branches": []}, "": {"executed_lines": [], "summary": {"covered_lines": 0, "num_statements": 13, "percent_covered": 0.0, "percent_covered_display": "0", "missing_lines": 13, "excluded_lines": 0, "percent_statements_covered": 0.0, "percent_statements_covered_display": "0", "num_branches": 0, "num_partial_branches": 0, "covered_branches": 0, "missing_branches": 0, "percent_branches_covered": 100.0, "percent_branches_covered_display": "100"}, "missing_lines": [5, 6, 8, 11, 14, 19, 22, 29, 32, 37, 49, 62, 74], "excluded_lines": [], "start_line": 1, "executed_branches": [], "missing_branches": []}}, "classes": {"RsaAlgorithmIdentifier": {"executed_lines": [], "summary": {"covered_lines": 0, "num_statements": 0, "percent_covered": 100.0, "percent_covered_display": "100", "missing_lines": 0, "excluded_lines": 0, "percent_statements_covered": 100.0, "percent_statements_covered_display": "100", "num_branches": 0, "num_partial_branches": 0, "covered_branches": 0, "missing_branches": 0, "percent_branches_covered": 100.0, "percent_branches_covered_display": "100"}, "missing_lines": [], "excluded_lines": [], "start_line": 11, "executed_branches": [], "missing_branches": []}, "PKCS8PrivateKey": {"executed_lines": [], "summary": {"covered_lines": 0, "num_statements": 0, "percent_covered": 100.0, "percent_covered_display": "100", "missing_lines": 0, "excluded_lines": 0, "percent_statements_covered": 100.0, "percent_statements_covered_display": "100", "num_branches": 0, "num_partial_branches": 0, "covered_branches": 0, "missing_branches": 0, "percent_branches_covered": 100.0, "percent_branches_covered_display": "100"}, "missing_lines": [], "excluded_lines": [], "start_line": 19, "executed_branches": [], "missing_branches": []}, "PublicKeyInfo": {"executed_lines": [], "summary": {"covered_lines": 0, "num_statements": 0, "percent_covered": 100.0, "percent_covered_display": "100", "missing_lines": 0, "excluded_lines": 0, "percent_statements_covered": 100.0, "percent_statements_covered_display": "100", "num_branches": 0, "num_partial_branches": 0, "covered_branches": 0, "missing_branches": 0, "percent_branches_covered": 100.0, "percent_branches_covered_display": "100"}, "missing_lines": [], "excluded_lines": [], "start_line": 29, "executed_branches": [], "missing_branches": []}, "": {"executed_lines": [], "summary": {"covered_lines": 0, "num_statements": 38, "percent_covered": 0.0, "percent_covered_display": "0", "missing_lines": 38, "excluded_lines": 0, "percent_statements_covered": 0.0, "percent_statements_covered_display": "0", "num_branches": 0, "num_partial_branches": 0, "covered_branches": 0, "missing_branches": 0, "percent_branches_covered": 100.0, "percent_branches_covered_display": "100"}, "missing_lines": [5, 6, 8, 11, 14, 19, 22, 29, 32, 37, 39, 41, 42, 43, 44, 46, 49, 51, 52, 54, 55, 56, 57, 59, 62, 64, 65, 67, 68, 69, 71, 74, 76, 78, 79, 80, 81, 83], "excluded_lines": [], "start_line": 1, "executed_branches": [], "missing_branches": []}}}, "venv/lib/python3.12/site-packages/jose/backends/base.py": {"executed_lines": [1, 4, 9, 12, 15, 18, 21, 24, 27, 40, 54, 66, 79, 80, 81, 82, 84, 85], "summary": {"covered_lines": 18, "num_statements": 28, "percent_covered": 64.28571428571429, "percent_covered_display": "64", "missing_lines": 10, "excluded_lines": 0, "percent_statements_covered": 64.28571428571429, "percent_statements_covered_display": "64", "num_branches": 0, "num_partial_branches": 0, "covered_branches": 0, "missing_branches": 0, "percent_branches_covered": 100.0, "percent_branches_covered_display": "100"}, "missing_lines": [10, 13, 16, 19, 22, 25, 38, 52, 64, 76], "excluded_lines": [], "executed_branches": [], "missing_branches": [], "functions": {"Key.__init__": {"executed_lines": [], "summary": {"covered_lines": 0, "num_statements": 1, "percent_covered": 0.0, "percent_covered_display": "0", "missing_lines": 1, "excluded_lines": 0, "percent_statements_covered": 0.0, "percent_statements_covered_display": "0", "num_branches": 0, "num_partial_branches": 0, "covered_branches": 0, "missing_branches": 0, "percent_branches_covered": 100.0, "percent_branches_covered_display": "100"}, "missing_lines": [10], "excluded_lines": [], "start_line": 9, "executed_branches": [], "missing_branches": []}, "Key.sign": {"executed_lines": [], "summary": {"covered_lines": 0, "num_statements": 1, "percent_covered": 0.0, "percent_covered_display": "0", "missing_lines": 1, "excluded_lines": 0, "percent_statements_covered": 0.0, "percent_statements_covered_display": "0", "num_branches": 0, "num_partial_branches": 0, "covered_branches": 0, "missing_branches": 0, "percent_branches_covered": 100.0, "percent_branches_covered_display": "100"}, "missing_lines": [13], "excluded_lines": [], "start_line": 12, "executed_branches": [], "missing_branches": []}, "Key.verify": {"executed_lines": [], "summary": {"covered_lines": 0, "num_statements": 1, "percent_covered": 0.0, "percent_covered_display": "0", "missing_lines": 1, "excluded_lines": 0, "percent_statements_covered": 0.0, "percent_statements_covered_display": "0", "num_branches": 0, "num_partial_branches": 0, "covered_branches": 0, "missing_branches": 0, "percent_branches_covered": 100.0, "percent_branches_covered_display": "100"}, "missing_lines": [16], "excluded_lines": [], "start_line": 15, "executed_branches": [], "missing_branches": []}, "Key.public_key": {"executed_lines": [], "summary": {"covered_lines": 0, "num_statements": 1, "percent_covered": 0.0, "percent_covered_display": "0", "missing_lines": 1, "excluded_lines": 0, "percent_statements_covered": 0.0, "percent_statements_covered_display": "0", "num_branches": 0, "num_partial_branches": 0, "covered_branches": 0, "missing_branches": 0, "percent_branches_covered": 100.0, "percent_branches_covered_display": "100"}, "missing_lines": [19], "excluded_lines": [], "start_line": 18, "executed_branches": [], "missing_branches": []}, "Key.to_pem": {"executed_lines": [], "summary": {"covered_lines": 0, "num_statements": 1, "percent_covered": 0.0, "percent_covered_display": "0", "missing_lines": 1, "excluded_lines": 0, "percent_statements_covered": 0.0, "percent_statements_covered_display": "0", "num_branches": 0, "num_partial_branches": 0, "covered_branches": 0, "missing_branches": 0, "percent_branches_covered": 100.0, "percent_branches_covered_display": "100"}, "missing_lines": [22], "excluded_lines": [], "start_line": 21, "executed_branches": [], "missing_branches": []}, "Key.to_dict": {"executed_lines": [], "summary": {"covered_lines": 0, "num_statements": 1, "percent_covered": 0.0, "percent_covered_display": "0", "missing_lines": 1, "excluded_lines": 0, "percent_statements_covered": 0.0, "percent_statements_covered_display": "0", "num_branches": 0, "num_partial_branches": 0, "covered_branches": 0, "missing_branches": 0, "percent_branches_covered": 100.0, "percent_branches_covered_display": "100"}, "missing_lines": [25], "excluded_lines": [], "start_line": 24, "executed_branches": [], "missing_branches": []}, "Key.encrypt": {"executed_lines": [], "summary": {"covered_lines": 0, "num_statements": 1, "percent_covered": 0.0, "percent_covered_display": "0", "missing_lines": 1, "excluded_lines": 0, "percent_statements_covered": 0.0, "percent_statements_covered_display": "0", "num_branches": 0, "num_partial_branches": 0, "covered_branches": 0, "missing_branches": 0, "percent_branches_covered": 100.0, "percent_branches_covered_display": "100"}, "missing_lines": [38], "excluded_lines": [], "start_line": 27, "executed_branches": [], "missing_branches": []}, "Key.decrypt": {"executed_lines": [], "summary": {"covered_lines": 0, "num_statements": 1, "percent_covered": 0.0, "percent_covered_display": "0", "missing_lines": 1, "excluded_lines": 0, "percent_statements_covered": 0.0, "percent_statements_covered_display": "0", "num_branches": 0, "num_partial_branches": 0, "covered_branches": 0, "missing_branches": 0, "percent_branches_covered": 100.0, "percent_branches_covered_display": "100"}, "missing_lines": [52], "excluded_lines": [], "start_line": 40, "executed_branches": [], "missing_branches": []}, "Key.wrap_key": {"executed_lines": [], "summary": {"covered_lines": 0, "num_statements": 1, "percent_covered": 0.0, "percent_covered_display": "0", "missing_lines": 1, "excluded_lines": 0, "percent_statements_covered": 0.0, "percent_statements_covered_display": "0", "num_branches": 0, "num_partial_branches": 0, "covered_branches": 0, "missing_branches": 0, "percent_branches_covered": 100.0, "percent_branches_covered_display": "100"}, "missing_lines": [64], "excluded_lines": [], "start_line": 54, "executed_branches": [], "missing_branches": []}, "Key.unwrap_key": {"executed_lines": [], "summary": {"covered_lines": 0, "num_statements": 1, "percent_covered": 0.0, "percent_covered_display": "0", "missing_lines": 1, "excluded_lines": 0, "percent_statements_covered": 0.0, "percent_statements_covered_display": "0", "num_branches": 0, "num_partial_branches": 0, "covered_branches": 0, "missing_branches": 0, "percent_branches_covered": 100.0, "percent_branches_covered_display": "100"}, "missing_lines": [76], "excluded_lines": [], "start_line": 66, "executed_branches": [], "missing_branches": []}, "DIRKey.__init__": {"executed_lines": [81, 82], "summary": {"covered_lines": 2, "num_statements": 2, "percent_covered": 100.0, "percent_covered_display": "100", "missing_lines": 0, "excluded_lines": 0, "percent_statements_covered": 100.0, "percent_statements_covered_display": "100", "num_branches": 0, "num_partial_branches": 0, "covered_branches": 0, "missing_branches": 0, "percent_branches_covered": 100.0, "percent_branches_covered_display": "100"}, "missing_lines": [], "excluded_lines": [], "start_line": 80, "executed_branches": [], "missing_branches": []}, "DIRKey.to_dict": {"executed_lines": [85], "summary": {"covered_lines": 1, "num_statements": 1, "percent_covered": 100.0, "percent_covered_display": "100", "missing_lines": 0, "excluded_lines": 0, "percent_statements_covered": 100.0, "percent_statements_covered_display": "100", "num_branches": 0, "num_partial_branches": 0, "covered_branches": 0, "missing_branches": 0, "percent_branches_covered": 100.0, "percent_branches_covered_display": "100"}, "missing_lines": [], "excluded_lines": [], "start_line": 84, "executed_branches": [], "missing_branches": []}, "": {"executed_lines": [1, 4, 9, 12, 15, 18, 21, 24, 27, 40, 54, 66, 79, 80, 84], "summary": {"covered_lines": 15, "num_statements": 15, "percent_covered": 100.0, "percent_covered_display": "100", "missing_lines": 0, "excluded_lines": 0, "percent_statements_covered": 100.0, "percent_statements_covered_display": "100", "num_branches": 0, "num_partial_branches": 0, "covered_branches": 0, "missing_branches": 0, "percent_branches_covered": 100.0, "percent_branches_covered_display": "100"}, "missing_lines": [], "excluded_lines": [], "start_line": 1, "executed_branches": [], "missing_branches": []}}, "classes": {"Key": {"executed_lines": [], "summary": {"covered_lines": 0, "num_statements": 10, "percent_covered": 0.0, "percent_covered_display": "0", "missing_lines": 10, "excluded_lines": 0, "percent_statements_covered": 0.0, "percent_statements_covered_display": "0", "num_branches": 0, "num_partial_branches": 0, "covered_branches": 0, "missing_branches": 0, "percent_branches_covered": 100.0, "percent_branches_covered_display": "100"}, "missing_lines": [10, 13, 16, 19, 22, 25, 38, 52, 64, 76], "excluded_lines": [], "start_line": 4, "executed_branches": [], "missing_branches": []}, "DIRKey": {"executed_lines": [81, 82, 85], "summary": {"covered_lines": 3, "num_statements": 3, "percent_covered": 100.0, "percent_covered_display": "100", "missing_lines": 0, "excluded_lines": 0, "percent_statements_covered": 100.0, "percent_statements_covered_display": "100", "num_branches": 0, "num_partial_branches": 0, "covered_branches": 0, "missing_branches": 0, "percent_branches_covered": 100.0, "percent_branches_covered_display": "100"}, "missing_lines": [], "excluded_lines": [], "start_line": 79, "executed_branches": [], "missing_branches": []}, "": {"executed_lines": [1, 4, 9, 12, 15, 18, 21, 24, 27, 40, 54, 66, 79, 80, 84], "summary": {"covered_lines": 15, "num_statements": 15, "percent_covered": 100.0, "percent_covered_display": "100", "missing_lines": 0, "excluded_lines": 0, "percent_statements_covered": 100.0, "percent_statements_covered_display": "100", "num_branches": 0, "num_partial_branches": 0, "covered_branches": 0, "missing_branches": 0, "percent_branches_covered": 100.0, "percent_branches_covered_display": "100"}, "missing_lines": [], "excluded_lines": [], "start_line": 1, "executed_branches": [], "missing_branches": []}}}, "venv/lib/python3.12/site-packages/jose/backends/cryptography_backend.py": {"executed_lines": [1, 2, 4, 5, 6, 7, 8, 9, 10, 11, 12, 13, 14, 15, 17, 18, 19, 20, 22, 25, 48, 49, 50, 51, 53, 54, 57, 62, 64, 66, 67, 68, 70, 74, 78, 81, 85, 86, 87, 88, 89, 90, 91, 98, 123, 128, 130, 132, 133, 134, 136, 148, 149, 154, 155, 157, 165, 168, 173, 186, 218, 219, 220, 221, 223, 224, 225, 227, 274, 315, 319, 326, 336, 339, 344, 366, 393, 401, 409, 410, 411, 412, 419, 420, 422, 424, 442, 443, 445, 448, 449, 451, 453, 455, 457, 459, 462, 464, 468, 490, 491, 492, 493, 494, 495, 496, 498, 499, 500, 501, 502, 503, 505, 506, 507, 508, 509, 510, 511, 514, 515, 517, 522, 531, 537, 539, 540, 542, 543, 545, 549, 552, 555, 562, 568, 570, 581, 588, 589, 590, 591, 592, 593, 595], "summary": {"covered_lines": 144, "num_statements": 367, "percent_covered": 35.60767590618337, "percent_covered_display": "36", "missing_lines": 223, "excluded_lines": 0, "percent_statements_covered": 39.237057220708444, "percent_statements_covered_display": "39", "num_branches": 102, "num_partial_branches": 19, "covered_branches": 23, "missing_branches": 79, "percent_branches_covered": 22.54901960784314, "percent_branches_covered_display": "23"}, "missing_lines": [39, 40, 42, 43, 44, 45, 55, 72, 75, 76, 79, 93, 94, 96, 99, 100, 102, 103, 105, 106, 107, 113, 115, 116, 117, 119, 121, 138, 139, 140, 142, 143, 144, 145, 146, 150, 158, 159, 160, 161, 162, 163, 166, 169, 170, 171, 174, 175, 178, 179, 184, 187, 188, 190, 192, 201, 203, 211, 212, 213, 215, 228, 229, 231, 236, 238, 244, 247, 248, 249, 251, 252, 253, 255, 256, 258, 259, 260, 261, 262, 264, 265, 266, 267, 268, 269, 270, 272, 275, 276, 278, 279, 280, 282, 283, 286, 288, 290, 292, 296, 298, 299, 300, 301, 302, 306, 307, 308, 309, 311, 313, 316, 317, 320, 321, 322, 323, 324, 327, 328, 330, 331, 332, 333, 334, 337, 340, 341, 342, 345, 346, 347, 348, 349, 351, 352, 353, 355, 356, 357, 358, 360, 362, 367, 368, 370, 372, 379, 380, 391, 394, 395, 396, 397, 399, 402, 403, 404, 405, 406, 444, 446, 452, 454, 456, 458, 460, 465, 466, 469, 470, 471, 472, 473, 474, 475, 476, 477, 479, 480, 481, 482, 483, 484, 485, 486, 487, 488, 497, 513, 518, 519, 520, 523, 524, 525, 526, 527, 528, 541, 546, 547, 550, 553, 563, 571, 572, 574, 575, 576, 577, 579, 582, 596, 597, 598, 599, 600, 601, 602, 603, 604, 605], "excluded_lines": [], "executed_branches": [[54, 57], [66, 67], [66, 70], [70, 74], [74, 78], [78, 81], [81, 85], [149, 154], [443, 445], [445, 448], [451, 453], [453, 455], [455, 457], [457, 459], [459, 462], [495, 496], [495, 505], [496, 498], [540, 542], [545, 549], [549, 552], [552, 555], [562, 568]], "missing_branches": [[39, 40], [39, 42], [54, 55], [70, 72], [74, 75], [78, 79], [81, 96], [99, 100], [99, 102], [102, 103], [102, 105], [115, 116], [115, 121], [139, 140], [139, 142], [149, 150], [169, 170], [169, 171], [174, 175], [174, 179], [187, 188], [187, 190], [211, 212], [211, 215], [228, 229], [228, 231], [247, 248], [247, 251], [251, 252], [251, 255], [255, 256], [255, 258], [258, 259], [258, 272], [260, 261], [260, 264], [275, 276], [275, 278], [282, 283], [282, 286], [290, 292], [290, 306], [292, 296], [292, 298], [327, 328], [327, 330], [340, 341], [340, 342], [345, 346], [345, 355], [346, 347], [346, 348], [348, 349], [348, 351], [355, 356], [355, 357], [357, 358], [357, 360], [367, 368], [367, 370], [379, 380], [379, 391], [443, 444], [445, 446], [451, 452], [453, 454], [455, 456], [457, 458], [459, 460], [473, 474], [473, 479], [496, 497], [540, 541], [545, 546], [549, 550], [552, 553], [562, 563], [571, 572], [571, 574]], "functions": {"get_random_bytes": {"executed_lines": [], "summary": {"covered_lines": 0, "num_statements": 6, "percent_covered": 0.0, "percent_covered_display": "0", "missing_lines": 6, "excluded_lines": 0, "percent_statements_covered": 0.0, "percent_statements_covered_display": "0", "num_branches": 2, "num_partial_branches": 0, "covered_branches": 0, "missing_branches": 2, "percent_branches_covered": 0.0, "percent_branches_covered_display": "0"}, "missing_lines": [39, 40, 42, 43, 44, 45], "excluded_lines": [], "start_line": 25, "executed_branches": [], "missing_branches": [[39, 40], [39, 42]]}, "CryptographyECKey.__init__": {"executed_lines": [54, 57, 62, 64, 66, 67, 68, 70, 74, 78, 81, 85, 86, 87, 88, 89, 90, 91], "summary": {"covered_lines": 18, "num_statements": 26, "percent_covered": 65.78947368421052, "percent_covered_display": "66", "missing_lines": 8, "excluded_lines": 0, "percent_statements_covered": 69.23076923076923, "percent_statements_covered_display": "69", "num_branches": 12, "num_partial_branches": 5, "covered_branches": 7, "missing_branches": 5, "percent_branches_covered": 58.333333333333336, "percent_branches_covered_display": "58"}, "missing_lines": [55, 72, 75, 76, 79, 93, 94, 96], "excluded_lines": [], "start_line": 53, "executed_branches": [[54, 57], [66, 67], [66, 70], [70, 74], [74, 78], [78, 81], [81, 85]], "missing_branches": [[54, 55], [70, 72], [74, 75], [78, 79], [81, 96]]}, "CryptographyECKey._process_jwk": {"executed_lines": [], "summary": {"covered_lines": 0, "num_statements": 13, "percent_covered": 0.0, "percent_covered_display": "0", "missing_lines": 13, "excluded_lines": 0, "percent_statements_covered": 0.0, "percent_statements_covered_display": "0", "num_branches": 6, "num_partial_branches": 0, "covered_branches": 0, "missing_branches": 6, "percent_branches_covered": 0.0, "percent_branches_covered_display": "0"}, "missing_lines": [99, 100, 102, 103, 105, 106, 107, 113, 115, 116, 117, 119, 121], "excluded_lines": [], "start_line": 98, "executed_branches": [], "missing_branches": [[99, 100], [99, 102], [102, 103], [102, 105], [115, 116], [115, 121]]}, "CryptographyECKey._sig_component_length": {"executed_lines": [128], "summary": {"covered_lines": 1, "num_statements": 1, "percent_covered": 100.0, "percent_covered_display": "100", "missing_lines": 0, "excluded_lines": 0, "percent_statements_covered": 100.0, "percent_statements_covered_display": "100", "num_branches": 0, "num_partial_branches": 0, "covered_branches": 0, "missing_branches": 0, "percent_branches_covered": 100.0, "percent_branches_covered_display": "100"}, "missing_lines": [], "excluded_lines": [], "start_line": 123, "executed_branches": [], "missing_branches": []}, "CryptographyECKey._der_to_raw": {"executed_lines": [132, 133, 134], "summary": {"covered_lines": 3, "num_statements": 3, "percent_covered": 100.0, "percent_covered_display": "100", "missing_lines": 0, "excluded_lines": 0, "percent_statements_covered": 100.0, "percent_statements_covered_display": "100", "num_branches": 0, "num_partial_branches": 0, "covered_branches": 0, "missing_branches": 0, "percent_branches_covered": 100.0, "percent_branches_covered_display": "100"}, "missing_lines": [], "excluded_lines": [], "start_line": 130, "executed_branches": [], "missing_branches": []}, "CryptographyECKey._raw_to_der": {"executed_lines": [], "summary": {"covered_lines": 0, "num_statements": 8, "percent_covered": 0.0, "percent_covered_display": "0", "missing_lines": 8, "excluded_lines": 0, "percent_statements_covered": 0.0, "percent_statements_covered_display": "0", "num_branches": 2, "num_partial_branches": 0, "covered_branches": 0, "missing_branches": 2, "percent_branches_covered": 0.0, "percent_branches_covered_display": "0"}, "missing_lines": [138, 139, 140, 142, 143, 144, 145, 146], "excluded_lines": [], "start_line": 136, "executed_branches": [], "missing_branches": [[139, 140], [139, 142]]}, "CryptographyECKey.sign": {"executed_lines": [149, 154, 155], "summary": {"covered_lines": 3, "num_statements": 4, "percent_covered": 66.66666666666667, "percent_covered_display": "67", "missing_lines": 1, "excluded_lines": 0, "percent_statements_covered": 75.0, "percent_statements_covered_display": "75", "num_branches": 2, "num_partial_branches": 1, "covered_branches": 1, "missing_branches": 1, "percent_branches_covered": 50.0, "percent_branches_covered_display": "50"}, "missing_lines": [150], "excluded_lines": [], "start_line": 148, "executed_branches": [[149, 154]], "missing_branches": [[149, 150]]}, "CryptographyECKey.verify": {"executed_lines": [], "summary": {"covered_lines": 0, "num_statements": 6, "percent_covered": 0.0, "percent_covered_display": "0", "missing_lines": 6, "excluded_lines": 0, "percent_statements_covered": 0.0, "percent_statements_covered_display": "0", "num_branches": 0, "num_partial_branches": 0, "covered_branches": 0, "missing_branches": 0, "percent_branches_covered": 100.0, "percent_branches_covered_display": "100"}, "missing_lines": [158, 159, 160, 161, 162, 163], "excluded_lines": [], "start_line": 157, "executed_branches": [], "missing_branches": []}, "CryptographyECKey.is_public": {"executed_lines": [], "summary": {"covered_lines": 0, "num_statements": 1, "percent_covered": 0.0, "percent_covered_display": "0", "missing_lines": 1, "excluded_lines": 0, "percent_statements_covered": 0.0, "percent_statements_covered_display": "0", "num_branches": 0, "num_partial_branches": 0, "covered_branches": 0, "missing_branches": 0, "percent_branches_covered": 100.0, "percent_branches_covered_display": "100"}, "missing_lines": [166], "excluded_lines": [], "start_line": 165, "executed_branches": [], "missing_branches": []}, "CryptographyECKey.public_key": {"executed_lines": [], "summary": {"covered_lines": 0, "num_statements": 3, "percent_covered": 0.0, "percent_covered_display": "0", "missing_lines": 3, "excluded_lines": 0, "percent_statements_covered": 0.0, "percent_statements_covered_display": "0", "num_branches": 2, "num_partial_branches": 0, "covered_branches": 0, "missing_branches": 2, "percent_branches_covered": 0.0, "percent_branches_covered_display": "0"}, "missing_lines": [169, 170, 171], "excluded_lines": [], "start_line": 168, "executed_branches": [], "missing_branches": [[169, 170], [169, 171]]}, "CryptographyECKey.to_pem": {"executed_lines": [], "summary": {"covered_lines": 0, "num_statements": 5, "percent_covered": 0.0, "percent_covered_display": "0", "missing_lines": 5, "excluded_lines": 0, "percent_statements_covered": 0.0, "percent_statements_covered_display": "0", "num_branches": 2, "num_partial_branches": 0, "covered_branches": 0, "missing_branches": 2, "percent_branches_covered": 0.0, "percent_branches_covered_display": "0"}, "missing_lines": [174, 175, 178, 179, 184], "excluded_lines": [], "start_line": 173, "executed_branches": [], "missing_branches": [[174, 175], [174, 179]]}, "CryptographyECKey.to_dict": {"executed_lines": [], "summary": {"covered_lines": 0, "num_statements": 10, "percent_covered": 0.0, "percent_covered_display": "0", "missing_lines": 10, "excluded_lines": 0, "percent_statements_covered": 0.0, "percent_statements_covered_display": "0", "num_branches": 4, "num_partial_branches": 0, "covered_branches": 0, "missing_branches": 4, "percent_branches_covered": 0.0, "percent_branches_covered_display": "0"}, "missing_lines": [187, 188, 190, 192, 201, 203, 211, 212, 213, 215], "excluded_lines": [], "start_line": 186, "executed_branches": [], "missing_branches": [[187, 188], [187, 190], [211, 212], [211, 215]]}, "CryptographyRSAKey.__init__": {"executed_lines": [], "summary": {"covered_lines": 0, "num_statements": 27, "percent_covered": 0.0, "percent_covered_display": "0", "missing_lines": 27, "excluded_lines": 0, "percent_statements_covered": 0.0, "percent_statements_covered_display": "0", "num_branches": 12, "num_partial_branches": 0, "covered_branches": 0, "missing_branches": 12, "percent_branches_covered": 0.0, "percent_branches_covered_display": "0"}, "missing_lines": [228, 229, 231, 236, 238, 244, 247, 248, 249, 251, 252, 253, 255, 256, 258, 259, 260, 261, 262, 264, 265, 266, 267, 268, 269, 270, 272], "excluded_lines": [], "start_line": 227, "executed_branches": [], "missing_branches": [[228, 229], [228, 231], [247, 248], [247, 251], [251, 252], [251, 255], [255, 256], [255, 258], [258, 259], [258, 272], [260, 261], [260, 264]]}, "CryptographyRSAKey._process_jwk": {"executed_lines": [], "summary": {"covered_lines": 0, "num_statements": 23, "percent_covered": 0.0, "percent_covered_display": "0", "missing_lines": 23, "excluded_lines": 0, "percent_statements_covered": 0.0, "percent_statements_covered_display": "0", "num_branches": 8, "num_partial_branches": 0, "covered_branches": 0, "missing_branches": 8, "percent_branches_covered": 0.0, "percent_branches_covered_display": "0"}, "missing_lines": [275, 276, 278, 279, 280, 282, 283, 286, 288, 290, 292, 296, 298, 299, 300, 301, 302, 306, 307, 308, 309, 311, 313], "excluded_lines": [], "start_line": 274, "executed_branches": [], "missing_branches": [[275, 276], [275, 278], [282, 283], [282, 286], [290, 292], [290, 306], [292, 296], [292, 298]]}, "CryptographyRSAKey._process_cert": {"executed_lines": [], "summary": {"covered_lines": 0, "num_statements": 2, "percent_covered": 0.0, "percent_covered_display": "0", "missing_lines": 2, "excluded_lines": 0, "percent_statements_covered": 0.0, "percent_statements_covered_display": "0", "num_branches": 0, "num_partial_branches": 0, "covered_branches": 0, "missing_branches": 0, "percent_branches_covered": 100.0, "percent_branches_covered_display": "100"}, "missing_lines": [316, 317], "excluded_lines": [], "start_line": 315, "executed_branches": [], "missing_branches": []}, "CryptographyRSAKey.sign": {"executed_lines": [], "summary": {"covered_lines": 0, "num_statements": 5, "percent_covered": 0.0, "percent_covered_display": "0", "missing_lines": 5, "excluded_lines": 0, "percent_statements_covered": 0.0, "percent_statements_covered_display": "0", "num_branches": 0, "num_partial_branches": 0, "covered_branches": 0, "missing_branches": 0, "percent_branches_covered": 100.0, "percent_branches_covered_display": "100"}, "missing_lines": [320, 321, 322, 323, 324], "excluded_lines": [], "start_line": 319, "executed_branches": [], "missing_branches": []}, "CryptographyRSAKey.verify": {"executed_lines": [], "summary": {"covered_lines": 0, "num_statements": 7, "percent_covered": 0.0, "percent_covered_display": "0", "missing_lines": 7, "excluded_lines": 0, "percent_statements_covered": 0.0, "percent_statements_covered_display": "0", "num_branches": 2, "num_partial_branches": 0, "covered_branches": 0, "missing_branches": 2, "percent_branches_covered": 0.0, "percent_branches_covered_display": "0"}, "missing_lines": [327, 328, 330, 331, 332, 333, 334], "excluded_lines": [], "start_line": 326, "executed_branches": [], "missing_branches": [[327, 328], [327, 330]]}, "CryptographyRSAKey.is_public": {"executed_lines": [], "summary": {"covered_lines": 0, "num_statements": 1, "percent_covered": 0.0, "percent_covered_display": "0", "missing_lines": 1, "excluded_lines": 0, "percent_statements_covered": 0.0, "percent_statements_covered_display": "0", "num_branches": 0, "num_partial_branches": 0, "covered_branches": 0, "missing_branches": 0, "percent_branches_covered": 100.0, "percent_branches_covered_display": "100"}, "missing_lines": [337], "excluded_lines": [], "start_line": 336, "executed_branches": [], "missing_branches": []}, "CryptographyRSAKey.public_key": {"executed_lines": [], "summary": {"covered_lines": 0, "num_statements": 3, "percent_covered": 0.0, "percent_covered_display": "0", "missing_lines": 3, "excluded_lines": 0, "percent_statements_covered": 0.0, "percent_statements_covered_display": "0", "num_branches": 2, "num_partial_branches": 0, "covered_branches": 0, "missing_branches": 2, "percent_branches_covered": 0.0, "percent_branches_covered_display": "0"}, "missing_lines": [340, 341, 342], "excluded_lines": [], "start_line": 339, "executed_branches": [], "missing_branches": [[340, 341], [340, 342]]}, "CryptographyRSAKey.to_pem": {"executed_lines": [], "summary": {"covered_lines": 0, "num_statements": 14, "percent_covered": 0.0, "percent_covered_display": "0", "missing_lines": 14, "excluded_lines": 0, "percent_statements_covered": 0.0, "percent_statements_covered_display": "0", "num_branches": 10, "num_partial_branches": 0, "covered_branches": 0, "missing_branches": 10, "percent_branches_covered": 0.0, "percent_branches_covered_display": "0"}, "missing_lines": [345, 346, 347, 348, 349, 351, 352, 353, 355, 356, 357, 358, 360, 362], "excluded_lines": [], "start_line": 344, "executed_branches": [], "missing_branches": [[345, 346], [345, 355], [346, 347], [346, 348], [348, 349], [348, 351], [355, 356], [355, 357], [357, 358], [357, 360]]}, "CryptographyRSAKey.to_dict": {"executed_lines": [], "summary": {"covered_lines": 0, "num_statements": 7, "percent_covered": 0.0, "percent_covered_display": "0", "missing_lines": 7, "excluded_lines": 0, "percent_statements_covered": 0.0, "percent_statements_covered_display": "0", "num_branches": 4, "num_partial_branches": 0, "covered_branches": 0, "missing_branches": 4, "percent_branches_covered": 0.0, "percent_branches_covered_display": "0"}, "missing_lines": [367, 368, 370, 372, 379, 380, 391], "excluded_lines": [], "start_line": 366, "executed_branches": [], "missing_branches": [[367, 368], [367, 370], [379, 380], [379, 391]]}, "CryptographyRSAKey.wrap_key": {"executed_lines": [], "summary": {"covered_lines": 0, "num_statements": 5, "percent_covered": 0.0, "percent_covered_display": "0", "missing_lines": 5, "excluded_lines": 0, "percent_statements_covered": 0.0, "percent_statements_covered_display": "0", "num_branches": 0, "num_partial_branches": 0, "covered_branches": 0, "missing_branches": 0, "percent_branches_covered": 100.0, "percent_branches_covered_display": "100"}, "missing_lines": [394, 395, 396, 397, 399], "excluded_lines": [], "start_line": 393, "executed_branches": [], "missing_branches": []}, "CryptographyRSAKey.unwrap_key": {"executed_lines": [], "summary": {"covered_lines": 0, "num_statements": 5, "percent_covered": 0.0, "percent_covered_display": "0", "missing_lines": 5, "excluded_lines": 0, "percent_statements_covered": 0.0, "percent_statements_covered_display": "0", "num_branches": 0, "num_partial_branches": 0, "covered_branches": 0, "missing_branches": 0, "percent_branches_covered": 100.0, "percent_branches_covered_display": "100"}, "missing_lines": [402, 403, 404, 405, 406], "excluded_lines": [], "start_line": 401, "executed_branches": [], "missing_branches": []}, "CryptographyAESKey.__init__": {"executed_lines": [443, 445, 448, 449, 451, 453, 455, 457, 459, 462], "summary": {"covered_lines": 10, "num_statements": 17, "percent_covered": 54.83870967741935, "percent_covered_display": "55", "missing_lines": 7, "excluded_lines": 0, "percent_statements_covered": 58.8235294117647, "percent_statements_covered_display": "59", "num_branches": 14, "num_partial_branches": 7, "covered_branches": 7, "missing_branches": 7, "percent_branches_covered": 50.0, "percent_branches_covered_display": "50"}, "missing_lines": [444, 446, 452, 454, 456, 458, 460], "excluded_lines": [], "start_line": 442, "executed_branches": [[443, 445], [445, 448], [451, 453], [453, 455], [455, 457], [457, 459], [459, 462]], "missing_branches": [[443, 444], [445, 446], [451, 452], [453, 454], [455, 456], [457, 458], [459, 460]]}, "CryptographyAESKey.to_dict": {"executed_lines": [], "summary": {"covered_lines": 0, "num_statements": 2, "percent_covered": 0.0, "percent_covered_display": "0", "missing_lines": 2, "excluded_lines": 0, "percent_statements_covered": 0.0, "percent_statements_covered_display": "0", "num_branches": 0, "num_partial_branches": 0, "covered_branches": 0, "missing_branches": 0, "percent_branches_covered": 100.0, "percent_branches_covered_display": "100"}, "missing_lines": [465, 466], "excluded_lines": [], "start_line": 464, "executed_branches": [], "missing_branches": []}, "CryptographyAESKey.encrypt": {"executed_lines": [], "summary": {"covered_lines": 0, "num_statements": 19, "percent_covered": 0.0, "percent_covered_display": "0", "missing_lines": 19, "excluded_lines": 0, "percent_statements_covered": 0.0, "percent_statements_covered_display": "0", "num_branches": 2, "num_partial_branches": 0, "covered_branches": 0, "missing_branches": 2, "percent_branches_covered": 0.0, "percent_branches_covered_display": "0"}, "missing_lines": [469, 470, 471, 472, 473, 474, 475, 476, 477, 479, 480, 481, 482, 483, 484, 485, 486, 487, 488], "excluded_lines": [], "start_line": 468, "executed_branches": [], "missing_branches": [[473, 474], [473, 479]]}, "CryptographyAESKey.decrypt": {"executed_lines": [491, 492, 493, 494, 495, 496, 498, 499, 500, 501, 502, 503, 505, 506, 507, 508, 509, 510, 511, 514, 515], "summary": {"covered_lines": 21, "num_statements": 23, "percent_covered": 88.88888888888889, "percent_covered_display": "89", "missing_lines": 2, "excluded_lines": 0, "percent_statements_covered": 91.30434782608695, "percent_statements_covered_display": "91", "num_branches": 4, "num_partial_branches": 1, "covered_branches": 3, "missing_branches": 1, "percent_branches_covered": 75.0, "percent_branches_covered_display": "75"}, "missing_lines": [497, 513], "excluded_lines": [], "start_line": 490, "executed_branches": [[495, 496], [495, 505], [496, 498]], "missing_branches": [[496, 497]]}, "CryptographyAESKey.wrap_key": {"executed_lines": [], "summary": {"covered_lines": 0, "num_statements": 3, "percent_covered": 0.0, "percent_covered_display": "0", "missing_lines": 3, "excluded_lines": 0, "percent_statements_covered": 0.0, "percent_statements_covered_display": "0", "num_branches": 0, "num_partial_branches": 0, "covered_branches": 0, "missing_branches": 0, "percent_branches_covered": 100.0, "percent_branches_covered_display": "100"}, "missing_lines": [518, 519, 520], "excluded_lines": [], "start_line": 517, "executed_branches": [], "missing_branches": []}, "CryptographyAESKey.unwrap_key": {"executed_lines": [], "summary": {"covered_lines": 0, "num_statements": 6, "percent_covered": 0.0, "percent_covered_display": "0", "missing_lines": 6, "excluded_lines": 0, "percent_statements_covered": 0.0, "percent_statements_covered_display": "0", "num_branches": 0, "num_partial_branches": 0, "covered_branches": 0, "missing_branches": 0, "percent_branches_covered": 100.0, "percent_branches_covered_display": "100"}, "missing_lines": [523, 524, 525, 526, 527, 528], "excluded_lines": [], "start_line": 522, "executed_branches": [], "missing_branches": []}, "CryptographyHMACKey.__init__": {"executed_lines": [540, 542, 543, 545, 549, 552, 555, 562, 568], "summary": {"covered_lines": 9, "num_statements": 15, "percent_covered": 56.0, "percent_covered_display": "56", "missing_lines": 6, "excluded_lines": 0, "percent_statements_covered": 60.0, "percent_statements_covered_display": "60", "num_branches": 10, "num_partial_branches": 5, "covered_branches": 5, "missing_branches": 5, "percent_branches_covered": 50.0, "percent_branches_covered_display": "50"}, "missing_lines": [541, 546, 547, 550, 553, 563], "excluded_lines": [], "start_line": 539, "executed_branches": [[540, 542], [545, 549], [549, 552], [552, 555], [562, 568]], "missing_branches": [[540, 541], [545, 546], [549, 550], [552, 553], [562, 563]]}, "CryptographyHMACKey._process_jwk": {"executed_lines": [], "summary": {"covered_lines": 0, "num_statements": 7, "percent_covered": 0.0, "percent_covered_display": "0", "missing_lines": 7, "excluded_lines": 0, "percent_statements_covered": 0.0, "percent_statements_covered_display": "0", "num_branches": 2, "num_partial_branches": 0, "covered_branches": 0, "missing_branches": 2, "percent_branches_covered": 0.0, "percent_branches_covered_display": "0"}, "missing_lines": [571, 572, 574, 575, 576, 577, 579], "excluded_lines": [], "start_line": 570, "executed_branches": [], "missing_branches": [[571, 572], [571, 574]]}, "CryptographyHMACKey.to_dict": {"executed_lines": [], "summary": {"covered_lines": 0, "num_statements": 1, "percent_covered": 0.0, "percent_covered_display": "0", "missing_lines": 1, "excluded_lines": 0, "percent_statements_covered": 0.0, "percent_statements_covered_display": "0", "num_branches": 0, "num_partial_branches": 0, "covered_branches": 0, "missing_branches": 0, "percent_branches_covered": 100.0, "percent_branches_covered_display": "100"}, "missing_lines": [582], "excluded_lines": [], "start_line": 581, "executed_branches": [], "missing_branches": []}, "CryptographyHMACKey.sign": {"executed_lines": [589, 590, 591, 592, 593], "summary": {"covered_lines": 5, "num_statements": 5, "percent_covered": 100.0, "percent_covered_display": "100", "missing_lines": 0, "excluded_lines": 0, "percent_statements_covered": 100.0, "percent_statements_covered_display": "100", "num_branches": 0, "num_partial_branches": 0, "covered_branches": 0, "missing_branches": 0, "percent_branches_covered": 100.0, "percent_branches_covered_display": "100"}, "missing_lines": [], "excluded_lines": [], "start_line": 588, "executed_branches": [], "missing_branches": []}, "CryptographyHMACKey.verify": {"executed_lines": [], "summary": {"covered_lines": 0, "num_statements": 10, "percent_covered": 0.0, "percent_covered_display": "0", "missing_lines": 10, "excluded_lines": 0, "percent_statements_covered": 0.0, "percent_statements_covered_display": "0", "num_branches": 0, "num_partial_branches": 0, "covered_branches": 0, "missing_branches": 0, "percent_branches_covered": 100.0, "percent_branches_covered_display": "100"}, "missing_lines": [596, 597, 598, 599, 600, 601, 602, 603, 604, 605], "excluded_lines": [], "start_line": 595, "executed_branches": [], "missing_branches": []}, "": {"executed_lines": [1, 2, 4, 5, 6, 7, 8, 9, 10, 11, 12, 13, 14, 15, 17, 18, 19, 20, 22, 25, 48, 49, 50, 51, 53, 98, 123, 130, 136, 148, 157, 165, 168, 173, 186, 218, 219, 220, 221, 223, 224, 225, 227, 274, 315, 319, 326, 336, 339, 344, 366, 393, 401, 409, 410, 411, 412, 419, 420, 422, 424, 442, 464, 468, 490, 517, 522, 531, 537, 539, 570, 581, 588, 595], "summary": {"covered_lines": 74, "num_statements": 74, "percent_covered": 100.0, "percent_covered_display": "100", "missing_lines": 0, "excluded_lines": 0, "percent_statements_covered": 100.0, "percent_statements_covered_display": "100", "num_branches": 0, "num_partial_branches": 0, "covered_branches": 0, "missing_branches": 0, "percent_branches_covered": 100.0, "percent_branches_covered_display": "100"}, "missing_lines": [], "excluded_lines": [], "start_line": 1, "executed_branches": [], "missing_branches": []}}, "classes": {"CryptographyECKey": {"executed_lines": [54, 57, 62, 64, 66, 67, 68, 70, 74, 78, 81, 85, 86, 87, 88, 89, 90, 91, 128, 132, 133, 134, 149, 154, 155], "summary": {"covered_lines": 25, "num_statements": 80, "percent_covered": 30.0, "percent_covered_display": "30", "missing_lines": 55, "excluded_lines": 0, "percent_statements_covered": 31.25, "percent_statements_covered_display": "31", "num_branches": 30, "num_partial_branches": 6, "covered_branches": 8, "missing_branches": 22, "percent_branches_covered": 26.666666666666668, "percent_branches_covered_display": "27"}, "missing_lines": [55, 72, 75, 76, 79, 93, 94, 96, 99, 100, 102, 103, 105, 106, 107, 113, 115, 116, 117, 119, 121, 138, 139, 140, 142, 143, 144, 145, 146, 150, 158, 159, 160, 161, 162, 163, 166, 169, 170, 171, 174, 175, 178, 179, 184, 187, 188, 190, 192, 201, 203, 211, 212, 213, 215], "excluded_lines": [], "start_line": 48, "executed_branches": [[54, 57], [66, 67], [66, 70], [70, 74], [74, 78], [78, 81], [81, 85], [149, 154]], "missing_branches": [[54, 55], [70, 72], [74, 75], [78, 79], [81, 96], [99, 100], [99, 102], [102, 103], [102, 105], [115, 116], [115, 121], [139, 140], [139, 142], [149, 150], [169, 170], [169, 171], [174, 175], [174, 179], [187, 188], [187, 190], [211, 212], [211, 215]]}, "CryptographyRSAKey": {"executed_lines": [], "summary": {"covered_lines": 0, "num_statements": 99, "percent_covered": 0.0, "percent_covered_display": "0", "missing_lines": 99, "excluded_lines": 0, "percent_statements_covered": 0.0, "percent_statements_covered_display": "0", "num_branches": 38, "num_partial_branches": 0, "covered_branches": 0, "missing_branches": 38, "percent_branches_covered": 0.0, "percent_branches_covered_display": "0"}, "missing_lines": [228, 229, 231, 236, 238, 244, 247, 248, 249, 251, 252, 253, 255, 256, 258, 259, 260, 261, 262, 264, 265, 266, 267, 268, 269, 270, 272, 275, 276, 278, 279, 280, 282, 283, 286, 288, 290, 292, 296, 298, 299, 300, 301, 302, 306, 307, 308, 309, 311, 313, 316, 317, 320, 321, 322, 323, 324, 327, 328, 330, 331, 332, 333, 334, 337, 340, 341, 342, 345, 346, 347, 348, 349, 351, 352, 353, 355, 356, 357, 358, 360, 362, 367, 368, 370, 372, 379, 380, 391, 394, 395, 396, 397, 399, 402, 403, 404, 405, 406], "excluded_lines": [], "start_line": 218, "executed_branches": [], "missing_branches": [[228, 229], [228, 231], [247, 248], [247, 251], [251, 252], [251, 255], [255, 256], [255, 258], [258, 259], [258, 272], [260, 261], [260, 264], [275, 276], [275, 278], [282, 283], [282, 286], [290, 292], [290, 306], [292, 296], [292, 298], [327, 328], [327, 330], [340, 341], [340, 342], [345, 346], [345, 355], [346, 347], [346, 348], [348, 349], [348, 351], [355, 356], [355, 357], [357, 358], [357, 360], [367, 368], [367, 370], [379, 380], [379, 391]]}, "CryptographyAESKey": {"executed_lines": [443, 445, 448, 449, 451, 453, 455, 457, 459, 462, 491, 492, 493, 494, 495, 496, 498, 499, 500, 501, 502, 503, 505, 506, 507, 508, 509, 510, 511, 514, 515], "summary": {"covered_lines": 31, "num_statements": 70, "percent_covered": 45.55555555555556, "percent_covered_display": "46", "missing_lines": 39, "excluded_lines": 0, "percent_statements_covered": 44.285714285714285, "percent_statements_covered_display": "44", "num_branches": 20, "num_partial_branches": 8, "covered_branches": 10, "missing_branches": 10, "percent_branches_covered": 50.0, "percent_branches_covered_display": "50"}, "missing_lines": [444, 446, 452, 454, 456, 458, 460, 465, 466, 469, 470, 471, 472, 473, 474, 475, 476, 477, 479, 480, 481, 482, 483, 484, 485, 486, 487, 488, 497, 513, 518, 519, 520, 523, 524, 525, 526, 527, 528], "excluded_lines": [], "start_line": 409, "executed_branches": [[443, 445], [445, 448], [451, 453], [453, 455], [455, 457], [457, 459], [459, 462], [495, 496], [495, 505], [496, 498]], "missing_branches": [[443, 444], [445, 446], [451, 452], [453, 454], [455, 456], [457, 458], [459, 460], [473, 474], [473, 479], [496, 497]]}, "CryptographyHMACKey": {"executed_lines": [540, 542, 543, 545, 549, 552, 555, 562, 568, 589, 590, 591, 592, 593], "summary": {"covered_lines": 14, "num_statements": 38, "percent_covered": 38.0, "percent_covered_display": "38", "missing_lines": 24, "excluded_lines": 0, "percent_statements_covered": 36.8421052631579, "percent_statements_covered_display": "37", "num_branches": 12, "num_partial_branches": 5, "covered_branches": 5, "missing_branches": 7, "percent_branches_covered": 41.666666666666664, "percent_branches_covered_display": "42"}, "missing_lines": [541, 546, 547, 550, 553, 563, 571, 572, 574, 575, 576, 577, 579, 582, 596, 597, 598, 599, 600, 601, 602, 603, 604, 605], "excluded_lines": [], "start_line": 531, "executed_branches": [[540, 542], [545, 549], [549, 552], [552, 555], [562, 568]], "missing_branches": [[540, 541], [545, 546], [549, 550], [552, 553], [562, 563], [571, 572], [571, 574]]}, "": {"executed_lines": [1, 2, 4, 5, 6, 7, 8, 9, 10, 11, 12, 13, 14, 15, 17, 18, 19, 20, 22, 25, 48, 49, 50, 51, 53, 98, 123, 130, 136, 148, 157, 165, 168, 173, 186, 218, 219, 220, 221, 223, 224, 225, 227, 274, 315, 319, 326, 336, 339, 344, 366, 393, 401, 409, 410, 411, 412, 419, 420, 422, 424, 442, 464, 468, 490, 517, 522, 531, 537, 539, 570, 581, 588, 595], "summary": {"covered_lines": 74, "num_statements": 80, "percent_covered": 90.2439024390244, "percent_covered_display": "90", "missing_lines": 6, "excluded_lines": 0, "percent_statements_covered": 92.5, "percent_statements_covered_display": "92", "num_branches": 2, "num_partial_branches": 0, "covered_branches": 0, "missing_branches": 2, "percent_branches_covered": 0.0, "percent_branches_covered_display": "0"}, "missing_lines": [39, 40, 42, 43, 44, 45], "excluded_lines": [], "start_line": 1, "executed_branches": [], "missing_branches": [[39, 40], [39, 42]]}}}, "venv/lib/python3.12/site-packages/jose/backends/ecdsa_backend.py": {"executed_lines": [], "summary": {"covered_lines": 0, "num_statements": 80, "percent_covered": 0.0, "percent_covered_display": "0", "missing_lines": 80, "excluded_lines": 0, "percent_statements_covered": 0.0, "percent_statements_covered_display": "0", "num_branches": 30, "num_partial_branches": 0, "covered_branches": 0, "missing_branches": 30, "percent_branches_covered": 0.0, "percent_branches_covered_display": "0"}, "missing_lines": [1, 3, 5, 6, 7, 8, 11, 21, 22, 23, 25, 30, 36, 37, 38, 40, 45, 47, 49, 50, 51, 53, 54, 55, 57, 58, 60, 64, 65, 66, 67, 68, 69, 71, 72, 74, 76, 77, 78, 80, 81, 83, 86, 87, 89, 90, 92, 93, 95, 96, 98, 99, 103, 104, 105, 108, 109, 111, 112, 114, 115, 116, 117, 119, 120, 122, 123, 124, 126, 127, 128, 129, 130, 131, 132, 137, 139, 147, 148, 150], "excluded_lines": [], "executed_branches": [], "missing_branches": [[37, 38], [37, 40], [49, 50], [49, 53], [53, 54], [53, 57], [57, 58], [57, 60], [60, 64], [60, 74], [77, 78], [77, 80], [80, 81], [80, 83], [83, 86], [83, 89], [92, 93], [92, 95], [115, 116], [115, 117], [123, 124], [123, 126], [128, 129], [128, 131], [129, 128], [129, 130], [131, 132], [131, 137], [147, 148], [147, 150]], "functions": {"ECDSAECKey.__init__": {"executed_lines": [], "summary": {"covered_lines": 0, "num_statements": 23, "percent_covered": 0.0, "percent_covered_display": "0", "missing_lines": 23, "excluded_lines": 0, "percent_statements_covered": 0.0, "percent_statements_covered_display": "0", "num_branches": 10, "num_partial_branches": 0, "covered_branches": 0, "missing_branches": 10, "percent_branches_covered": 0.0, "percent_branches_covered_display": "0"}, "missing_lines": [37, 38, 40, 45, 47, 49, 50, 51, 53, 54, 55, 57, 58, 60, 64, 65, 66, 67, 68, 69, 71, 72, 74], "excluded_lines": [], "start_line": 36, "executed_branches": [], "missing_branches": [[37, 38], [37, 40], [49, 50], [49, 53], [53, 54], [53, 57], [57, 58], [57, 60], [60, 64], [60, 74]]}, "ECDSAECKey._process_jwk": {"executed_lines": [], "summary": {"covered_lines": 0, "num_statements": 13, "percent_covered": 0.0, "percent_covered_display": "0", "missing_lines": 13, "excluded_lines": 0, "percent_statements_covered": 0.0, "percent_statements_covered_display": "0", "num_branches": 8, "num_partial_branches": 0, "covered_branches": 0, "missing_branches": 8, "percent_branches_covered": 0.0, "percent_branches_covered_display": "0"}, "missing_lines": [77, 78, 80, 81, 83, 86, 87, 89, 90, 92, 93, 95, 96], "excluded_lines": [], "start_line": 76, "executed_branches": [], "missing_branches": [[77, 78], [77, 80], [80, 81], [80, 83], [83, 86], [83, 89], [92, 93], [92, 95]]}, "ECDSAECKey.sign": {"executed_lines": [], "summary": {"covered_lines": 0, "num_statements": 1, "percent_covered": 0.0, "percent_covered_display": "0", "missing_lines": 1, "excluded_lines": 0, "percent_statements_covered": 0.0, "percent_statements_covered_display": "0", "num_branches": 0, "num_partial_branches": 0, "covered_branches": 0, "missing_branches": 0, "percent_branches_covered": 100.0, "percent_branches_covered_display": "100"}, "missing_lines": [99], "excluded_lines": [], "start_line": 98, "executed_branches": [], "missing_branches": []}, "ECDSAECKey.verify": {"executed_lines": [], "summary": {"covered_lines": 0, "num_statements": 4, "percent_covered": 0.0, "percent_covered_display": "0", "missing_lines": 4, "excluded_lines": 0, "percent_statements_covered": 0.0, "percent_statements_covered_display": "0", "num_branches": 0, "num_partial_branches": 0, "covered_branches": 0, "missing_branches": 0, "percent_branches_covered": 100.0, "percent_branches_covered_display": "100"}, "missing_lines": [104, 105, 108, 109], "excluded_lines": [], "start_line": 103, "executed_branches": [], "missing_branches": []}, "ECDSAECKey.is_public": {"executed_lines": [], "summary": {"covered_lines": 0, "num_statements": 1, "percent_covered": 0.0, "percent_covered_display": "0", "missing_lines": 1, "excluded_lines": 0, "percent_statements_covered": 0.0, "percent_statements_covered_display": "0", "num_branches": 0, "num_partial_branches": 0, "covered_branches": 0, "missing_branches": 0, "percent_branches_covered": 100.0, "percent_branches_covered_display": "100"}, "missing_lines": [112], "excluded_lines": [], "start_line": 111, "executed_branches": [], "missing_branches": []}, "ECDSAECKey.public_key": {"executed_lines": [], "summary": {"covered_lines": 0, "num_statements": 3, "percent_covered": 0.0, "percent_covered_display": "0", "missing_lines": 3, "excluded_lines": 0, "percent_statements_covered": 0.0, "percent_statements_covered_display": "0", "num_branches": 2, "num_partial_branches": 0, "covered_branches": 0, "missing_branches": 2, "percent_branches_covered": 0.0, "percent_branches_covered_display": "0"}, "missing_lines": [115, 116, 117], "excluded_lines": [], "start_line": 114, "executed_branches": [], "missing_branches": [[115, 116], [115, 117]]}, "ECDSAECKey.to_pem": {"executed_lines": [], "summary": {"covered_lines": 0, "num_statements": 1, "percent_covered": 0.0, "percent_covered_display": "0", "missing_lines": 1, "excluded_lines": 0, "percent_statements_covered": 0.0, "percent_statements_covered_display": "0", "num_branches": 0, "num_partial_branches": 0, "covered_branches": 0, "missing_branches": 0, "percent_branches_covered": 100.0, "percent_branches_covered_display": "100"}, "missing_lines": [120], "excluded_lines": [], "start_line": 119, "executed_branches": [], "missing_branches": []}, "ECDSAECKey.to_dict": {"executed_lines": [], "summary": {"covered_lines": 0, "num_statements": 14, "percent_covered": 0.0, "percent_covered_display": "0", "missing_lines": 14, "excluded_lines": 0, "percent_statements_covered": 0.0, "percent_statements_covered_display": "0", "num_branches": 10, "num_partial_branches": 0, "covered_branches": 0, "missing_branches": 10, "percent_branches_covered": 0.0, "percent_branches_covered_display": "0"}, "missing_lines": [123, 124, 126, 127, 128, 129, 130, 131, 132, 137, 139, 147, 148, 150], "excluded_lines": [], "start_line": 122, "executed_branches": [], "missing_branches": [[123, 124], [123, 126], [128, 129], [128, 131], [129, 128], [129, 130], [131, 132], [131, 137], [147, 148], [147, 150]]}, "": {"executed_lines": [], "summary": {"covered_lines": 0, "num_statements": 20, "percent_covered": 0.0, "percent_covered_display": "0", "missing_lines": 20, "excluded_lines": 0, "percent_statements_covered": 0.0, "percent_statements_covered_display": "0", "num_branches": 0, "num_partial_branches": 0, "covered_branches": 0, "missing_branches": 0, "percent_branches_covered": 100.0, "percent_branches_covered_display": "100"}, "missing_lines": [1, 3, 5, 6, 7, 8, 11, 21, 22, 23, 25, 30, 36, 76, 98, 103, 111, 114, 119, 122], "excluded_lines": [], "start_line": 1, "executed_branches": [], "missing_branches": []}}, "classes": {"ECDSAECKey": {"executed_lines": [], "summary": {"covered_lines": 0, "num_statements": 60, "percent_covered": 0.0, "percent_covered_display": "0", "missing_lines": 60, "excluded_lines": 0, "percent_statements_covered": 0.0, "percent_statements_covered_display": "0", "num_branches": 30, "num_partial_branches": 0, "covered_branches": 0, "missing_branches": 30, "percent_branches_covered": 0.0, "percent_branches_covered_display": "0"}, "missing_lines": [37, 38, 40, 45, 47, 49, 50, 51, 53, 54, 55, 57, 58, 60, 64, 65, 66, 67, 68, 69, 71, 72, 74, 77, 78, 80, 81, 83, 86, 87, 89, 90, 92, 93, 95, 96, 99, 104, 105, 108, 109, 112, 115, 116, 117, 120, 123, 124, 126, 127, 128, 129, 130, 131, 132, 137, 139, 147, 148, 150], "excluded_lines": [], "start_line": 11, "executed_branches": [], "missing_branches": [[37, 38], [37, 40], [49, 50], [49, 53], [53, 54], [53, 57], [57, 58], [57, 60], [60, 64], [60, 74], [77, 78], [77, 80], [80, 81], [80, 83], [83, 86], [83, 89], [92, 93], [92, 95], [115, 116], [115, 117], [123, 124], [123, 126], [128, 129], [128, 131], [129, 128], [129, 130], [131, 132], [131, 137], [147, 148], [147, 150]]}, "": {"executed_lines": [], "summary": {"covered_lines": 0, "num_statements": 20, "percent_covered": 0.0, "percent_covered_display": "0", "missing_lines": 20, "excluded_lines": 0, "percent_statements_covered": 0.0, "percent_statements_covered_display": "0", "num_branches": 0, "num_partial_branches": 0, "covered_branches": 0, "missing_branches": 0, "percent_branches_covered": 100.0, "percent_branches_covered_display": "100"}, "missing_lines": [1, 3, 5, 6, 7, 8, 11, 21, 22, 23, 25, 30, 36, 76, 98, 103, 111, 114, 119, 122], "excluded_lines": [], "start_line": 1, "executed_branches": [], "missing_branches": []}}}, "venv/lib/python3.12/site-packages/jose/backends/native.py": {"executed_lines": [], "summary": {"covered_lines": 0, "num_statements": 41, "percent_covered": 0.0, "percent_covered_display": "0", "missing_lines": 41, "excluded_lines": 0, "percent_statements_covered": 0.0, "percent_statements_covered_display": "0", "num_branches": 12, "num_partial_branches": 0, "covered_branches": 0, "missing_branches": 12, "percent_branches_covered": 0.0, "percent_branches_covered_display": "0"}, "missing_lines": [1, 2, 3, 5, 6, 7, 8, 11, 12, 15, 21, 23, 24, 25, 26, 27, 29, 30, 31, 33, 34, 36, 37, 39, 46, 47, 52, 54, 55, 56, 58, 59, 60, 61, 63, 65, 66, 68, 69, 71, 72], "excluded_lines": [], "executed_branches": [], "missing_branches": [[24, 25], [24, 26], [29, 30], [29, 33], [33, 34], [33, 36], [36, 37], [36, 39], [46, 47], [46, 52], [55, 56], [55, 58]], "functions": {"get_random_bytes": {"executed_lines": [], "summary": {"covered_lines": 0, "num_statements": 1, "percent_covered": 0.0, "percent_covered_display": "0", "missing_lines": 1, "excluded_lines": 0, "percent_statements_covered": 0.0, "percent_statements_covered_display": "0", "num_branches": 0, "num_partial_branches": 0, "covered_branches": 0, "missing_branches": 0, "percent_branches_covered": 100.0, "percent_branches_covered_display": "100"}, "missing_lines": [12], "excluded_lines": [], "start_line": 11, "executed_branches": [], "missing_branches": []}, "HMACKey.__init__": {"executed_lines": [], "summary": {"covered_lines": 0, "num_statements": 15, "percent_covered": 0.0, "percent_covered_display": "0", "missing_lines": 15, "excluded_lines": 0, "percent_statements_covered": 0.0, "percent_statements_covered_display": "0", "num_branches": 10, "num_partial_branches": 0, "covered_branches": 0, "missing_branches": 10, "percent_branches_covered": 0.0, "percent_branches_covered_display": "0"}, "missing_lines": [24, 25, 26, 27, 29, 30, 31, 33, 34, 36, 37, 39, 46, 47, 52], "excluded_lines": [], "start_line": 23, "executed_branches": [], "missing_branches": [[24, 25], [24, 26], [29, 30], [29, 33], [33, 34], [33, 36], [36, 37], [36, 39], [46, 47], [46, 52]]}, "HMACKey._process_jwk": {"executed_lines": [], "summary": {"covered_lines": 0, "num_statements": 7, "percent_covered": 0.0, "percent_covered_display": "0", "missing_lines": 7, "excluded_lines": 0, "percent_statements_covered": 0.0, "percent_statements_covered_display": "0", "num_branches": 2, "num_partial_branches": 0, "covered_branches": 0, "missing_branches": 2, "percent_branches_covered": 0.0, "percent_branches_covered_display": "0"}, "missing_lines": [55, 56, 58, 59, 60, 61, 63], "excluded_lines": [], "start_line": 54, "executed_branches": [], "missing_branches": [[55, 56], [55, 58]]}, "HMACKey.sign": {"executed_lines": [], "summary": {"covered_lines": 0, "num_statements": 1, "percent_covered": 0.0, "percent_covered_display": "0", "missing_lines": 1, "excluded_lines": 0, "percent_statements_covered": 0.0, "percent_statements_covered_display": "0", "num_branches": 0, "num_partial_branches": 0, "covered_branches": 0, "missing_branches": 0, "percent_branches_covered": 100.0, "percent_branches_covered_display": "100"}, "missing_lines": [66], "excluded_lines": [], "start_line": 65, "executed_branches": [], "missing_branches": []}, "HMACKey.verify": {"executed_lines": [], "summary": {"covered_lines": 0, "num_statements": 1, "percent_covered": 0.0, "percent_covered_display": "0", "missing_lines": 1, "excluded_lines": 0, "percent_statements_covered": 0.0, "percent_statements_covered_display": "0", "num_branches": 0, "num_partial_branches": 0, "covered_branches": 0, "missing_branches": 0, "percent_branches_covered": 100.0, "percent_branches_covered_display": "100"}, "missing_lines": [69], "excluded_lines": [], "start_line": 68, "executed_branches": [], "missing_branches": []}, "HMACKey.to_dict": {"executed_lines": [], "summary": {"covered_lines": 0, "num_statements": 1, "percent_covered": 0.0, "percent_covered_display": "0", "missing_lines": 1, "excluded_lines": 0, "percent_statements_covered": 0.0, "percent_statements_covered_display": "0", "num_branches": 0, "num_partial_branches": 0, "covered_branches": 0, "missing_branches": 0, "percent_branches_covered": 100.0, "percent_branches_covered_display": "100"}, "missing_lines": [72], "excluded_lines": [], "start_line": 71, "executed_branches": [], "missing_branches": []}, "": {"executed_lines": [], "summary": {"covered_lines": 0, "num_statements": 15, "percent_covered": 0.0, "percent_covered_display": "0", "missing_lines": 15, "excluded_lines": 0, "percent_statements_covered": 0.0, "percent_statements_covered_display": "0", "num_branches": 0, "num_partial_branches": 0, "covered_branches": 0, "missing_branches": 0, "percent_branches_covered": 100.0, "percent_branches_covered_display": "100"}, "missing_lines": [1, 2, 3, 5, 6, 7, 8, 11, 15, 21, 23, 54, 65, 68, 71], "excluded_lines": [], "start_line": 1, "executed_branches": [], "missing_branches": []}}, "classes": {"HMACKey": {"executed_lines": [], "summary": {"covered_lines": 0, "num_statements": 25, "percent_covered": 0.0, "percent_covered_display": "0", "missing_lines": 25, "excluded_lines": 0, "percent_statements_covered": 0.0, "percent_statements_covered_display": "0", "num_branches": 12, "num_partial_branches": 0, "covered_branches": 0, "missing_branches": 12, "percent_branches_covered": 0.0, "percent_branches_covered_display": "0"}, "missing_lines": [24, 25, 26, 27, 29, 30, 31, 33, 34, 36, 37, 39, 46, 47, 52, 55, 56, 58, 59, 60, 61, 63, 66, 69, 72], "excluded_lines": [], "start_line": 15, "executed_branches": [], "missing_branches": [[24, 25], [24, 26], [29, 30], [29, 33], [33, 34], [33, 36], [36, 37], [36, 39], [46, 47], [46, 52], [55, 56], [55, 58]]}, "": {"executed_lines": [], "summary": {"covered_lines": 0, "num_statements": 16, "percent_covered": 0.0, "percent_covered_display": "0", "missing_lines": 16, "excluded_lines": 0, "percent_statements_covered": 0.0, "percent_statements_covered_display": "0", "num_branches": 0, "num_partial_branches": 0, "covered_branches": 0, "missing_branches": 0, "percent_branches_covered": 100.0, "percent_branches_covered_display": "100"}, "missing_lines": [1, 2, 3, 5, 6, 7, 8, 11, 12, 15, 21, 23, 54, 65, 68, 71], "excluded_lines": [], "start_line": 1, "executed_branches": [], "missing_branches": []}}}, "venv/lib/python3.12/site-packages/jose/backends/rsa_backend.py": {"executed_lines": [], "summary": {"covered_lines": 0, "num_statements": 160, "percent_covered": 0.0, "percent_covered_display": "0", "missing_lines": 160, "excluded_lines": 0, "percent_statements_covered": 0.0, "percent_statements_covered_display": "0", "num_branches": 54, "num_partial_branches": 0, "covered_branches": 0, "missing_branches": 54, "percent_branches_covered": 0.0, "percent_branches_covered_display": "0"}, "missing_lines": [1, 2, 4, 5, 6, 7, 9, 14, 15, 16, 17, 19, 21, 30, 31, 38, 44, 45, 46, 52, 55, 61, 64, 65, 66, 72, 73, 74, 75, 77, 78, 80, 83, 84, 85, 86, 88, 89, 90, 92, 93, 94, 95, 98, 99, 100, 103, 114, 115, 117, 120, 121, 122, 123, 125, 126, 127, 129, 130, 132, 137, 139, 140, 141, 143, 144, 145, 147, 148, 150, 151, 152, 153, 154, 155, 156, 157, 158, 159, 160, 161, 162, 163, 164, 168, 169, 170, 171, 172, 173, 175, 176, 177, 179, 180, 182, 183, 185, 186, 188, 190, 194, 196, 197, 198, 200, 201, 203, 204, 206, 207, 208, 209, 210, 211, 212, 213, 215, 216, 218, 219, 220, 221, 223, 225, 226, 227, 228, 229, 230, 231, 233, 235, 236, 237, 238, 239, 240, 241, 243, 244, 246, 247, 248, 250, 252, 259, 260, 271, 273, 274, 275, 276, 277, 279, 280, 281, 282, 283, 284], "excluded_lines": [], "executed_branches": [], "missing_branches": [[44, 45], [44, 46], [65, 66], [65, 72], [74, 75], [74, 89], [77, 78], [77, 88], [80, 83], [80, 86], [89, 90], [89, 92], [114, 115], [114, 117], [126, 127], [126, 129], [129, 130], [129, 132], [139, 140], [139, 143], [143, 144], [143, 147], [147, 148], [147, 150], [150, 151], [150, 173], [176, 177], [176, 179], [182, 183], [182, 185], [188, 190], [188, 200], [190, 194], [190, 196], [207, 208], [207, 209], [219, 220], [219, 221], [225, 226], [225, 235], [227, 228], [227, 230], [230, 231], [230, 233], [235, 236], [235, 239], [239, 240], [239, 243], [247, 248], [247, 250], [259, 260], [259, 271], [274, 275], [274, 276]], "functions": {"_gcd": {"executed_lines": [], "summary": {"covered_lines": 0, "num_statements": 3, "percent_covered": 0.0, "percent_covered_display": "0", "missing_lines": 3, "excluded_lines": 0, "percent_statements_covered": 0.0, "percent_statements_covered_display": "0", "num_branches": 2, "num_partial_branches": 0, "covered_branches": 0, "missing_branches": 2, "percent_branches_covered": 0.0, "percent_branches_covered_display": "0"}, "missing_lines": [44, 45, 46], "excluded_lines": [], "start_line": 38, "executed_branches": [], "missing_branches": [[44, 45], [44, 46]]}, "_rsa_recover_prime_factors": {"executed_lines": [], "summary": {"covered_lines": 0, "num_statements": 22, "percent_covered": 0.0, "percent_covered_display": "0", "missing_lines": 22, "excluded_lines": 0, "percent_statements_covered": 0.0, "percent_statements_covered_display": "0", "num_branches": 10, "num_partial_branches": 0, "covered_branches": 0, "missing_branches": 10, "percent_branches_covered": 0.0, "percent_branches_covered_display": "0"}, "missing_lines": [61, 64, 65, 66, 72, 73, 74, 75, 77, 78, 80, 83, 84, 85, 86, 88, 89, 90, 92, 93, 94, 95], "excluded_lines": [], "start_line": 55, "executed_branches": [], "missing_branches": [[65, 66], [65, 72], [74, 75], [74, 89], [77, 78], [77, 88], [80, 83], [80, 86], [89, 90], [89, 92]]}, "pem_to_spki": {"executed_lines": [], "summary": {"covered_lines": 0, "num_statements": 2, "percent_covered": 0.0, "percent_covered_display": "0", "missing_lines": 2, "excluded_lines": 0, "percent_statements_covered": 0.0, "percent_statements_covered_display": "0", "num_branches": 0, "num_partial_branches": 0, "covered_branches": 0, "missing_branches": 0, "percent_branches_covered": 100.0, "percent_branches_covered_display": "100"}, "missing_lines": [99, 100], "excluded_lines": [], "start_line": 98, "executed_branches": [], "missing_branches": []}, "_legacy_private_key_pkcs8_to_pkcs1": {"executed_lines": [], "summary": {"covered_lines": 0, "num_statements": 3, "percent_covered": 0.0, "percent_covered_display": "0", "missing_lines": 3, "excluded_lines": 0, "percent_statements_covered": 0.0, "percent_statements_covered_display": "0", "num_branches": 2, "num_partial_branches": 0, "covered_branches": 0, "missing_branches": 2, "percent_branches_covered": 0.0, "percent_branches_covered_display": "0"}, "missing_lines": [114, 115, 117], "excluded_lines": [], "start_line": 103, "executed_branches": [], "missing_branches": [[114, 115], [114, 117]]}, "RSAKey.__init__": {"executed_lines": [], "summary": {"covered_lines": 0, "num_statements": 35, "percent_covered": 0.0, "percent_covered_display": "0", "missing_lines": 35, "excluded_lines": 0, "percent_statements_covered": 0.0, "percent_statements_covered_display": "0", "num_branches": 12, "num_partial_branches": 0, "covered_branches": 0, "missing_branches": 12, "percent_branches_covered": 0.0, "percent_branches_covered_display": "0"}, "missing_lines": [126, 127, 129, 130, 132, 137, 139, 140, 141, 143, 144, 145, 147, 148, 150, 151, 152, 153, 154, 155, 156, 157, 158, 159, 160, 161, 162, 163, 164, 168, 169, 170, 171, 172, 173], "excluded_lines": [], "start_line": 125, "executed_branches": [], "missing_branches": [[126, 127], [126, 129], [129, 130], [129, 132], [139, 140], [139, 143], [143, 144], [143, 147], [147, 148], [147, 150], [150, 151], [150, 173]]}, "RSAKey._process_jwk": {"executed_lines": [], "summary": {"covered_lines": 0, "num_statements": 16, "percent_covered": 0.0, "percent_covered_display": "0", "missing_lines": 16, "excluded_lines": 0, "percent_statements_covered": 0.0, "percent_statements_covered_display": "0", "num_branches": 8, "num_partial_branches": 0, "covered_branches": 0, "missing_branches": 8, "percent_branches_covered": 0.0, "percent_branches_covered_display": "0"}, "missing_lines": [176, 177, 179, 180, 182, 183, 185, 186, 188, 190, 194, 196, 197, 198, 200, 201], "excluded_lines": [], "start_line": 175, "executed_branches": [], "missing_branches": [[176, 177], [176, 179], [182, 183], [182, 185], [188, 190], [188, 200], [190, 194], [190, 196]]}, "RSAKey.sign": {"executed_lines": [], "summary": {"covered_lines": 0, "num_statements": 1, "percent_covered": 0.0, "percent_covered_display": "0", "missing_lines": 1, "excluded_lines": 0, "percent_statements_covered": 0.0, "percent_statements_covered_display": "0", "num_branches": 0, "num_partial_branches": 0, "covered_branches": 0, "missing_branches": 0, "percent_branches_covered": 100.0, "percent_branches_covered_display": "100"}, "missing_lines": [204], "excluded_lines": [], "start_line": 203, "executed_branches": [], "missing_branches": []}, "RSAKey.verify": {"executed_lines": [], "summary": {"covered_lines": 0, "num_statements": 7, "percent_covered": 0.0, "percent_covered_display": "0", "missing_lines": 7, "excluded_lines": 0, "percent_statements_covered": 0.0, "percent_statements_covered_display": "0", "num_branches": 2, "num_partial_branches": 0, "covered_branches": 0, "missing_branches": 2, "percent_branches_covered": 0.0, "percent_branches_covered_display": "0"}, "missing_lines": [207, 208, 209, 210, 211, 212, 213], "excluded_lines": [], "start_line": 206, "executed_branches": [], "missing_branches": [[207, 208], [207, 209]]}, "RSAKey.is_public": {"executed_lines": [], "summary": {"covered_lines": 0, "num_statements": 1, "percent_covered": 0.0, "percent_covered_display": "0", "missing_lines": 1, "excluded_lines": 0, "percent_statements_covered": 0.0, "percent_statements_covered_display": "0", "num_branches": 0, "num_partial_branches": 0, "covered_branches": 0, "missing_branches": 0, "percent_branches_covered": 100.0, "percent_branches_covered_display": "100"}, "missing_lines": [216], "excluded_lines": [], "start_line": 215, "executed_branches": [], "missing_branches": []}, "RSAKey.public_key": {"executed_lines": [], "summary": {"covered_lines": 0, "num_statements": 3, "percent_covered": 0.0, "percent_covered_display": "0", "missing_lines": 3, "excluded_lines": 0, "percent_statements_covered": 0.0, "percent_statements_covered_display": "0", "num_branches": 2, "num_partial_branches": 0, "covered_branches": 0, "missing_branches": 2, "percent_branches_covered": 0.0, "percent_branches_covered_display": "0"}, "missing_lines": [219, 220, 221], "excluded_lines": [], "start_line": 218, "executed_branches": [], "missing_branches": [[219, 220], [219, 221]]}, "RSAKey.to_pem": {"executed_lines": [], "summary": {"covered_lines": 0, "num_statements": 17, "percent_covered": 0.0, "percent_covered_display": "0", "missing_lines": 17, "excluded_lines": 0, "percent_statements_covered": 0.0, "percent_statements_covered_display": "0", "num_branches": 10, "num_partial_branches": 0, "covered_branches": 0, "missing_branches": 10, "percent_branches_covered": 0.0, "percent_branches_covered_display": "0"}, "missing_lines": [225, 226, 227, 228, 229, 230, 231, 233, 235, 236, 237, 238, 239, 240, 241, 243, 244], "excluded_lines": [], "start_line": 223, "executed_branches": [], "missing_branches": [[225, 226], [225, 235], [227, 228], [227, 230], [230, 231], [230, 233], [235, 236], [235, 239], [239, 240], [239, 243]]}, "RSAKey.to_dict": {"executed_lines": [], "summary": {"covered_lines": 0, "num_statements": 7, "percent_covered": 0.0, "percent_covered_display": "0", "missing_lines": 7, "excluded_lines": 0, "percent_statements_covered": 0.0, "percent_statements_covered_display": "0", "num_branches": 4, "num_partial_branches": 0, "covered_branches": 0, "missing_branches": 4, "percent_branches_covered": 0.0, "percent_branches_covered_display": "0"}, "missing_lines": [247, 248, 250, 252, 259, 260, 271], "excluded_lines": [], "start_line": 246, "executed_branches": [], "missing_branches": [[247, 248], [247, 250], [259, 260], [259, 271]]}, "RSAKey.wrap_key": {"executed_lines": [], "summary": {"covered_lines": 0, "num_statements": 4, "percent_covered": 0.0, "percent_covered_display": "0", "missing_lines": 4, "excluded_lines": 0, "percent_statements_covered": 0.0, "percent_statements_covered_display": "0", "num_branches": 2, "num_partial_branches": 0, "covered_branches": 0, "missing_branches": 2, "percent_branches_covered": 0.0, "percent_branches_covered_display": "0"}, "missing_lines": [274, 275, 276, 277], "excluded_lines": [], "start_line": 273, "executed_branches": [], "missing_branches": [[274, 275], [274, 276]]}, "RSAKey.unwrap_key": {"executed_lines": [], "summary": {"covered_lines": 0, "num_statements": 5, "percent_covered": 0.0, "percent_covered_display": "0", "missing_lines": 5, "excluded_lines": 0, "percent_statements_covered": 0.0, "percent_statements_covered_display": "0", "num_branches": 0, "num_partial_branches": 0, "covered_branches": 0, "missing_branches": 0, "percent_branches_covered": 100.0, "percent_branches_covered_display": "100"}, "missing_lines": [280, 281, 282, 283, 284], "excluded_lines": [], "start_line": 279, "executed_branches": [], "missing_branches": []}, "": {"executed_lines": [], "summary": {"covered_lines": 0, "num_statements": 34, "percent_covered": 0.0, "percent_covered_display": "0", "missing_lines": 34, "excluded_lines": 0, "percent_statements_covered": 0.0, "percent_statements_covered_display": "0", "num_branches": 0, "num_partial_branches": 0, "covered_branches": 0, "missing_branches": 0, "percent_branches_covered": 100.0, "percent_branches_covered_display": "100"}, "missing_lines": [1, 2, 4, 5, 6, 7, 9, 14, 15, 16, 17, 19, 21, 30, 31, 38, 52, 55, 98, 103, 120, 121, 122, 123, 125, 175, 203, 206, 215, 218, 223, 246, 273, 279], "excluded_lines": [], "start_line": 1, "executed_branches": [], "missing_branches": []}}, "classes": {"RSAKey": {"executed_lines": [], "summary": {"covered_lines": 0, "num_statements": 96, "percent_covered": 0.0, "percent_covered_display": "0", "missing_lines": 96, "excluded_lines": 0, "percent_statements_covered": 0.0, "percent_statements_covered_display": "0", "num_branches": 40, "num_partial_branches": 0, "covered_branches": 0, "missing_branches": 40, "percent_branches_covered": 0.0, "percent_branches_covered_display": "0"}, "missing_lines": [126, 127, 129, 130, 132, 137, 139, 140, 141, 143, 144, 145, 147, 148, 150, 151, 152, 153, 154, 155, 156, 157, 158, 159, 160, 161, 162, 163, 164, 168, 169, 170, 171, 172, 173, 176, 177, 179, 180, 182, 183, 185, 186, 188, 190, 194, 196, 197, 198, 200, 201, 204, 207, 208, 209, 210, 211, 212, 213, 216, 219, 220, 221, 225, 226, 227, 228, 229, 230, 231, 233, 235, 236, 237, 238, 239, 240, 241, 243, 244, 247, 248, 250, 252, 259, 260, 271, 274, 275, 276, 277, 280, 281, 282, 283, 284], "excluded_lines": [], "start_line": 120, "executed_branches": [], "missing_branches": [[126, 127], [126, 129], [129, 130], [129, 132], [139, 140], [139, 143], [143, 144], [143, 147], [147, 148], [147, 150], [150, 151], [150, 173], [176, 177], [176, 179], [182, 183], [182, 185], [188, 190], [188, 200], [190, 194], [190, 196], [207, 208], [207, 209], [219, 220], [219, 221], [225, 226], [225, 235], [227, 228], [227, 230], [230, 231], [230, 233], [235, 236], [235, 239], [239, 240], [239, 243], [247, 248], [247, 250], [259, 260], [259, 271], [274, 275], [274, 276]]}, "": {"executed_lines": [], "summary": {"covered_lines": 0, "num_statements": 64, "percent_cov
[...]
66666667, "percent_statements_covered_display": "67", "num_branches": 6, "num_partial_branches": 2, "covered_branches": 4, "missing_branches": 2, "percent_branches_covered": 66.66666666666667, "percent_branches_covered_display": "67"}, "missing_lines": [48, 51], "excluded_lines": [], "start_line": 13, "executed_branches": [[44, 47], [44, 50], [47, 44], [50, 53]], "missing_branches": [[47, 48], [50, 51]]}, "decode": {"executed_lines": [115, 136, 139, 141, 142, 143], "summary": {"covered_lines": 6, "num_statements": 17, "percent_covered": 33.333333333333336, "percent_covered_display": "33", "missing_lines": 11, "excluded_lines": 0, "percent_statements_covered": 35.294117647058826, "percent_statements_covered_display": "35", "num_branches": 4, "num_partial_branches": 1, "covered_branches": 1, "missing_branches": 3, "percent_branches_covered": 25.0, "percent_branches_covered_display": "25"}, "missing_lines": [137, 144, 147, 149, 150, 151, 152, 154, 155, 157, 167], "excluded_lines": [], "start_line": 56, "executed_branches": [[136, 139]], "missing_branches": [[136, 137], [154, 155], [154, 157]]}, "get_unverified_header": {"executed_lines": [], "summary": {"covered_lines": 0, "num_statements": 5, "percent_covered": 0.0, "percent_covered_display": "0", "missing_lines": 5, "excluded_lines": 0, "percent_statements_covered": 0.0, "percent_statements_covered_display": "0", "num_branches": 0, "num_partial_branches": 0, "covered_branches": 0, "missing_branches": 0, "percent_branches_covered": 100.0, "percent_branches_covered_display": "100"}, "missing_lines": [182, 183, 184, 185, 187], "excluded_lines": [], "start_line": 170, "executed_branches": [], "missing_branches": []}, "get_unverified_headers": {"executed_lines": [], "summary": {"covered_lines": 0, "num_statements": 1, "percent_covered": 0.0, "percent_covered_display": "0", "missing_lines": 1, "excluded_lines": 0, "percent_statements_covered": 0.0, "percent_statements_covered_display": "0", "num_branches": 0, "num_partial_branches": 0, "covered_branches": 0, "missing_branches": 0, "percent_branches_covered": 100.0, "percent_branches_covered_display": "100"}, "missing_lines": [205], "excluded_lines": [], "start_line": 190, "executed_branches": [], "missing_branches": []}, "get_unverified_claims": {"executed_lines": [], "summary": {"covered_lines": 0, "num_statements": 11, "percent_covered": 0.0, "percent_covered_display": "0", "missing_lines": 11, "excluded_lines": 0, "percent_statements_covered": 0.0, "percent_statements_covered_display": "0", "num_branches": 2, "num_partial_branches": 0, "covered_branches": 0, "missing_branches": 2, "percent_branches_covered": 0.0, "percent_branches_covered_display": "0"}, "missing_lines": [220, 221, 222, 223, 225, 226, 227, 228, 230, 231, 233], "excluded_lines": [], "start_line": 208, "executed_branches": [], "missing_branches": [[230, 231], [230, 233]]}, "_validate_iat": {"executed_lines": [], "summary": {"covered_lines": 0, "num_statements": 6, "percent_covered": 0.0, "percent_covered_display": "0", "missing_lines": 6, "excluded_lines": 0, "percent_statements_covered": 0.0, "percent_statements_covered_display": "0", "num_branches": 2, "num_partial_branches": 0, "covered_branches": 0, "missing_branches": 2, "percent_branches_covered": 0.0, "percent_branches_covered_display": "0"}, "missing_lines": [248, 249, 251, 252, 253, 254], "excluded_lines": [], "start_line": 236, "executed_branches": [], "missing_branches": [[248, 249], [248, 251]]}, "_validate_nbf": {"executed_lines": [], "summary": {"covered_lines": 0, "num_statements": 9, "percent_covered": 0.0, "percent_covered_display": "0", "missing_lines": 9, "excluded_lines": 0, "percent_statements_covered": 0.0, "percent_statements_covered_display": "0", "num_branches": 4, "num_partial_branches": 0, "covered_branches": 0, "missing_branches": 4, "percent_branches_covered": 0.0, "percent_branches_covered_display": "0"}, "missing_lines": [273, 274, 276, 277, 278, 279, 281, 283, 284], "excluded_lines": [], "start_line": 257, "executed_branches": [], "missing_branches": [[273, 274], [273, 276], [283, -257], [283, 284]]}, "_validate_exp": {"executed_lines": [], "summary": {"covered_lines": 0, "num_statements": 9, "percent_covered": 0.0, "percent_covered_display": "0", "missing_lines": 9, "excluded_lines": 0, "percent_statements_covered": 0.0, "percent_statements_covered_display": "0", "num_branches": 4, "num_partial_branches": 0, "covered_branches": 0, "missing_branches": 4, "percent_branches_covered": 0.0, "percent_branches_covered_display": "0"}, "missing_lines": [303, 304, 306, 307, 308, 309, 311, 313, 314], "excluded_lines": [], "start_line": 287, "executed_branches": [], "missing_branches": [[303, 304], [303, 306], [313, -287], [313, 314]]}, "_validate_aud": {"executed_lines": [], "summary": {"covered_lines": 0, "num_statements": 11, "percent_covered": 0.0, "percent_covered_display": "0", "missing_lines": 11, "excluded_lines": 0, "percent_statements_covered": 0.0, "percent_statements_covered_display": "0", "num_branches": 10, "num_partial_branches": 0, "covered_branches": 0, "missing_branches": 10, "percent_branches_covered": 0.0, "percent_branches_covered_display": "0"}, "missing_lines": [337, 340, 342, 343, 344, 345, 346, 347, 348, 349, 350], "excluded_lines": [], "start_line": 317, "executed_branches": [], "missing_branches": [[337, 340], [337, 342], [343, 344], [343, 345], [345, 346], [345, 347], [347, 348], [347, 349], [349, -317], [349, 350]]}, "_validate_iss": {"executed_lines": [], "summary": {"covered_lines": 0, "num_statements": 5, "percent_covered": 0.0, "percent_covered_display": "0", "missing_lines": 5, "excluded_lines": 0, "percent_statements_covered": 0.0, "percent_statements_covered_display": "0", "num_branches": 6, "num_partial_branches": 0, "covered_branches": 0, "missing_branches": 6, "percent_branches_covered": 0.0, "percent_branches_covered_display": "0"}, "missing_lines": [367, 368, 369, 370, 371], "excluded_lines": [], "start_line": 353, "executed_branches": [], "missing_branches": [[367, -353], [367, 368], [368, 369], [368, 370], [370, -353], [370, 371]]}, "_validate_sub": {"executed_lines": [], "summary": {"covered_lines": 0, "num_statements": 7, "percent_covered": 0.0, "percent_covered_display": "0", "missing_lines": 7, "excluded_lines": 0, "percent_statements_covered": 0.0, "percent_statements_covered_display": "0", "num_branches": 8, "num_partial_branches": 0, "covered_branches": 0, "missing_branches": 8, "percent_branches_covered": 0.0, "percent_branches_covered_display": "0"}, "missing_lines": [390, 391, 393, 394, 396, 397, 398], "excluded_lines": [], "start_line": 374, "executed_branches": [], "missing_branches": [[390, 391], [390, 393], [393, 394], [393, 396], [396, -374], [396, 397], [397, -374], [397, 398]]}, "_validate_jti": {"executed_lines": [], "summary": {"covered_lines": 0, "num_statements": 4, "percent_covered": 0.0, "percent_covered_display": "0", "missing_lines": 4, "excluded_lines": 0, "percent_statements_covered": 0.0, "percent_statements_covered_display": "0", "num_branches": 4, "num_partial_branches": 0, "covered_branches": 0, "missing_branches": 4, "percent_branches_covered": 0.0, "percent_branches_covered_display": "0"}, "missing_lines": [416, 417, 419, 420], "excluded_lines": [], "start_line": 401, "executed_branches": [], "missing_branches": [[416, 417], [416, 419], [419, -401], [419, 420]]}, "_validate_at_hash": {"executed_lines": [], "summary": {"covered_lines": 0, "num_statements": 12, "percent_covered": 0.0, "percent_covered_display": "0", "missing_lines": 12, "excluded_lines": 0, "percent_statements_covered": 0.0, "percent_statements_covered_display": "0", "num_branches": 6, "num_partial_branches": 0, "covered_branches": 0, "missing_branches": 6, "percent_branches_covered": 0.0, "percent_branches_covered_display": "0"}, "missing_lines": [441, 442, 444, 445, 446, 448, 449, 450, 451, 452, 454, 455], "excluded_lines": [], "start_line": 423, "executed_branches": [], "missing_branches": [[441, 442], [441, 444], [444, 445], [444, 448], [454, -423], [454, 455]]}, "_validate_claims": {"executed_lines": [], "summary": {"covered_lines": 0, "num_statements": 26, "percent_covered": 0.0, "percent_covered_display": "0", "missing_lines": 26, "excluded_lines": 0, "percent_statements_covered": 0.0, "percent_statements_covered_display": "0", "num_branches": 24, "num_partial_branches": 0, "covered_branches": 0, "missing_branches": 24, "percent_branches_covered": 0.0, "percent_branches_covered_display": "0"}, "missing_lines": [460, 462, 463, 464, 465, 466, 467, 469, 471, 472, 474, 475, 477, 478, 480, 481, 483, 484, 486, 487, 489, 490, 492, 493, 495, 496], "excluded_lines": [], "start_line": 458, "executed_branches": [], "missing_branches": [[462, 463], [462, 464], [465, 466], [465, 471], [466, 467], [466, 469], [471, 472], [471, 474], [474, 475], [474, 477], [477, 478], [477, 480], [480, 481], [480, 483], [483, 484], [483, 486], [486, 487], [486, 489], [489, 490], [489, 492], [492, 493], [492, 495], [495, -458], [495, 496]]}, "": {"executed_lines": [1, 2, 3, 4, 6, 8, 9, 10, 13, 56, 170, 190, 208, 236, 257, 287, 317, 353, 374, 401, 423, 458], "summary": {"covered_lines": 22, "num_statements": 22, "percent_covered": 100.0, "percent_covered_display": "100", "missing_lines": 0, "excluded_lines": 0, "percent_statements_covered": 100.0, "percent_statements_covered_display": "100", "num_branches": 0, "num_partial_branches": 0, "covered_branches": 0, "missing_branches": 0, "percent_branches_covered": 100.0, "percent_branches_covered_display": "100"}, "missing_lines": [], "excluded_lines": [], "start_line": 1, "executed_branches": [], "missing_branches": []}}, "classes": {"": {"executed_lines": [1, 2, 3, 4, 6, 8, 9, 10, 13, 44, 47, 50, 53, 56, 115, 136, 139, 141, 142, 143, 170, 190, 208, 236, 257, 287, 317, 353, 374, 401, 423, 458], "summary": {"covered_lines": 32, "num_statements": 151, "percent_covered": 16.017316017316016, "percent_covered_display": "16", "missing_lines": 119, "excluded_lines": 0, "percent_statements_covered": 21.192052980132452, "percent_statements_covered_display": "21", "num_branches": 80, "num_partial_branches": 3, "covered_branches": 5, "missing_branches": 75, "percent_branches_covered": 6.25, "percent_branches_covered_display": "6"}, "missing_lines": [48, 51, 137, 144, 147, 149, 150, 151, 152, 154, 155, 157, 167, 182, 183, 184, 185, 187, 205, 220, 221, 222, 223, 225, 226, 227, 228, 230, 231, 233, 248, 249, 251, 252, 253, 254, 273, 274, 276, 277, 278, 279, 281, 283, 284, 303, 304, 306, 307, 308, 309, 311, 313, 314, 337, 340, 342, 343, 344, 345, 346, 347, 348, 349, 350, 367, 368, 369, 370, 371, 390, 391, 393, 394, 396, 397, 398, 416, 417, 419, 420, 441, 442, 444, 445, 446, 448, 449, 450, 451, 452, 454, 455, 460, 462, 463, 464, 465, 466, 467, 469, 471, 472, 474, 475, 477, 478, 480, 481, 483, 484, 486, 487, 489, 490, 492, 493, 495, 496], "excluded_lines": [], "start_line": 1, "executed_branches": [[44, 47], [44, 50], [47, 44], [50, 53], [136, 139]], "missing_branches": [[47, 48], [50, 51], [136, 137], [154, 155], [154, 157], [230, 231], [230, 233], [248, 249], [248, 251], [273, 274], [273, 276], [283, -257], [283, 284], [303, 304], [303, 306], [313, -287], [313, 314], [337, 340], [337, 342], [343, 344], [343, 345], [345, 346], [345, 347], [347, 348], [347, 349], [349, -317], [349, 350], [367, -353], [367, 368], [368, 369], [368, 370], [370, -353], [370, 371], [390, 391], [390, 393], [393, 394], [393, 396], [396, -374], [396, 397], [397, -374], [397, 398], [416, 417], [416, 419], [419, -401], [419, 420], [441, 442], [441, 444], [444, 445], [444, 448], [454, -423], [454, 455], [462, 463], [462, 464], [465, 466], [465, 471], [466, 467], [466, 469], [471, 472], [471, 474], [474, 475], [474, 477], [477, 478], [477, 480], [480, 481], [480, 483], [483, 484], [483, 486], [486, 487], [486, 489], [489, 490], [489, 492], [492, 493], [492, 495], [495, -458], [495, 496]]}}}, "venv/lib/python3.12/site-packages/jose/utils.py": {"executed_lines": [1, 2, 6, 7, 9, 26, 30, 34, 43, 66, 73, 75, 76, 78, 81, 88, 91, 101, 104, 105, 106, 107], "summary": {"covered_lines": 22, "num_statements": 45, "percent_covered": 49.09090909090909, "percent_covered_display": "49", "missing_lines": 23, "excluded_lines": 0, "percent_statements_covered": 48.888888888888886, "percent_statements_covered_display": "49", "num_branches": 10, "num_partial_branches": 1, "covered_branches": 5, "missing_branches": 5, "percent_branches_covered": 50.0, "percent_branches_covered_display": "50"}, "missing_lines": [10, 13, 14, 16, 17, 18, 19, 21, 22, 23, 27, 31, 35, 36, 39, 40, 59, 60, 61, 62, 63, 98, 108], "excluded_lines": [], "executed_branches": [[75, 76], [75, 78], [104, 105], [104, 106], [106, 107]], "missing_branches": [[18, 19], [18, 21], [35, 36], [35, 39], [106, 108]], "functions": {"long_to_bytes": {"executed_lines": [], "summary": {"covered_lines": 0, "num_statements": 1, "percent_covered": 0.0, "percent_covered_display": "0", "missing_lines": 1, "excluded_lines": 0, "percent_statements_covered": 0.0, "percent_statements_covered_display": "0", "num_branches": 0, "num_partial_branches": 0, "covered_branches": 0, "missing_branches": 0, "percent_branches_covered": 100.0, "percent_branches_covered_display": "100"}, "missing_lines": [10], "excluded_lines": [], "start_line": 9, "executed_branches": [], "missing_branches": []}, "long_to_base64": {"executed_lines": [], "summary": {"covered_lines": 0, "num_statements": 1, "percent_covered": 0.0, "percent_covered_display": "0", "missing_lines": 1, "excluded_lines": 0, "percent_statements_covered": 0.0, "percent_statements_covered_display": "0", "num_branches": 0, "num_partial_branches": 0, "covered_branches": 0, "missing_branches": 0, "percent_branches_covered": 100.0, "percent_branches_covered_display": "100"}, "missing_lines": [27], "excluded_lines": [], "start_line": 26, "executed_branches": [], "missing_branches": []}, "int_arr_to_long": {"executed_lines": [], "summary": {"covered_lines": 0, "num_statements": 1, "percent_covered": 0.0, "percent_covered_display": "0", "missing_lines": 1, "excluded_lines": 0, "percent_statements_covered": 0.0, "percent_statements_covered_display": "0", "num_branches": 0, "num_partial_branches": 0, "covered_branches": 0, "missing_branches": 0, "percent_branches_covered": 100.0, "percent_branches_covered_display": "100"}, "missing_lines": [31], "excluded_lines": [], "start_line": 30, "executed_branches": [], "missing_branches": []}, "base64_to_long": {"executed_lines": [], "summary": {"covered_lines": 0, "num_statements": 4, "percent_covered": 0.0, "percent_covered_display": "0", "missing_lines": 4, "excluded_lines": 0, "percent_statements_covered": 0.0, "percent_statements_covered_display": "0", "num_branches": 2, "num_partial_branches": 0, "covered_branches": 0, "missing_branches": 2, "percent_branches_covered": 0.0, "percent_branches_covered_display": "0"}, "missing_lines": [35, 36, 39, 40], "excluded_lines": [], "start_line": 34, "executed_branches": [], "missing_branches": [[35, 36], [35, 39]]}, "calculate_at_hash": {"executed_lines": [], "summary": {"covered_lines": 0, "num_statements": 5, "percent_covered": 0.0, "percent_covered_display": "0", "missing_lines": 5, "excluded_lines": 0, "percent_statements_covered": 0.0, "percent_statements_covered_display": "0", "num_branches": 0, "num_partial_branches": 0, "covered_branches": 0, "missing_branches": 0, "percent_branches_covered": 100.0, "percent_branches_covered_display": "100"}, "missing_lines": [59, 60, 61, 62, 63], "excluded_lines": [], "start_line": 43, "executed_branches": [], "missing_branches": []}, "base64url_decode": {"executed_lines": [73, 75, 76, 78], "summary": {"covered_lines": 4, "num_statements": 4, "percent_covered": 100.0, "percent_covered_display": "100", "missing_lines": 0, "excluded_lines": 0, "percent_statements_covered": 100.0, "percent_statements_covered_display": "100", "num_branches": 2, "num_partial_branches": 0, "covered_branches": 2, "missing_branches": 0, "percent_branches_covered": 100.0, "percent_branches_covered_display": "100"}, "missing_lines": [], "excluded_lines": [], "start_line": 66, "executed_branches": [[75, 76], [75, 78]], "missing_branches": []}, "base64url_encode": {"executed_lines": [88], "summary": {"covered_lines": 1, "num_statements": 1, "percent_covered": 100.0, "percent_covered_display": "100", "missing_lines": 0, "excluded_lines": 0, "percent_statements_covered": 100.0, "percent_statements_covered_display": "100", "num_branches": 0, "num_partial_branches": 0, "covered_branches": 0, "missing_branches": 0, "percent_branches_covered": 100.0, "percent_branches_covered_display": "100"}, "missing_lines": [], "excluded_lines": [], "start_line": 81, "executed_branches": [], "missing_branches": []}, "timedelta_total_seconds": {"executed_lines": [], "summary": {"covered_lines": 0, "num_statements": 1, "percent_covered": 0.0, "percent_covered_display": "0", "missing_lines": 1, "excluded_lines": 0, "percent_statements_covered": 0.0, "percent_statements_covered_display": "0", "num_branches": 0, "num_partial_branches": 0, "covered_branches": 0, "missing_branches": 0, "percent_branches_covered": 100.0, "percent_branches_covered_display": "100"}, "missing_lines": [98], "excluded_lines": [], "start_line": 91, "executed_branches": [], "missing_branches": []}, "ensure_binary": {"executed_lines": [104, 105, 106, 107], "summary": {"covered_lines": 4, "num_statements": 5, "percent_covered": 77.77777777777777, "percent_covered_display": "78", "missing_lines": 1, "excluded_lines": 0, "percent_statements_covered": 80.0, "percent_statements_covered_display": "80", "num_branches": 4, "num_partial_branches": 1, "covered_branches": 3, "missing_branches": 1, "percent_branches_covered": 75.0, "percent_branches_covered_display": "75"}, "missing_lines": [108], "excluded_lines": [], "start_line": 101, "executed_branches": [[104, 105], [104, 106], [106, 107]], "missing_branches": [[106, 108]]}, "": {"executed_lines": [1, 2, 6, 7, 9, 26, 30, 34, 43, 66, 81, 91, 101], "summary": {"covered_lines": 13, "num_statements": 22, "percent_covered": 54.166666666666664, "percent_covered_display": "54", "missing_lines": 9, "excluded_lines": 0, "percent_statements_covered": 59.09090909090909, "percent_statements_covered_display": "59", "num_branches": 2, "num_partial_branches": 0, "covered_branches": 0, "missing_branches": 2, "percent_branches_covered": 0.0, "percent_branches_covered_display": "0"}, "missing_lines": [13, 14, 16, 17, 18, 19, 21, 22, 23], "excluded_lines": [], "start_line": 1, "executed_branches": [], "missing_branches": [[18, 19], [18, 21]]}}, "classes": {"": {"executed_lines": [1, 2, 6, 7, 9, 26, 30, 34, 43, 66, 73, 75, 76, 78, 81, 88, 91, 101, 104, 105, 106, 107], "summary": {"covered_lines": 22, "num_statements": 45, "percent_covered": 49.09090909090909, "percent_covered_display": "49", "missing_lines": 23, "excluded_lines": 0, "percent_statements_covered": 48.888888888888886, "percent_statements_covered_display": "49", "num_branches": 10, "num_partial_branches": 1, "covered_branches": 5, "missing_branches": 5, "percent_branches_covered": 50.0, "percent_branches_covered_display": "50"}, "missing_lines": [10, 13, 14, 16, 17, 18, 19, 21, 22, 23, 27, 31, 35, 36, 39, 40, 59, 60, 61, 62, 63, 98, 108], "excluded_lines": [], "start_line": 1, "executed_branches": [[75, 76], [75, 78], [104, 105], [104, 106], [106, 107]], "missing_branches": [[18, 19], [18, 21], [35, 36], [35, 39], [106, 108]]}}}}, "totals": {"covered_lines": 524, "num_statements": 1418, "percent_covered": 32.417582417582416, "percent_covered_display": "32", "missing_lines": 894, "excluded_lines": 0, "percent_statements_covered": 36.95345557122708, "percent_statements_covered_display": "37", "num_branches": 402, "num_partial_branches": 50, "covered_branches": 66, "missing_branches": 336, "percent_branches_covered": 16.417910447761194, "percent_branches_covered_display": "16"}}